{"type":"step_started","step_name":"implement","timestamp":"2026-03-09T22:18:20.572111002Z"}
{"type":"log","step_name":"implement","message":"All tests pass.","timestamp":"2026-03-09T22:19:34.199102971Z"}
{"type":"log","step_name":"implement","timestamp":"2026-03-09T22:19:34.199135813Z"}
{"type":"log","step_name":"implement","message":"Summary of changes:","timestamp":"2026-03-09T22:19:34.199139901Z"}
{"type":"log","step_name":"implement","message":"- **`internal/dsl/token.go`**: Added `TokenInt` token type and its `\"INT\"` string representation","timestamp":"2026-03-09T22:19:34.199147215Z"}
{"type":"log","step_name":"implement","message":"- **`internal/dsl/lexer.go`**: Added `isDigit()` helper, `readInt()` method, and digit detection in the `default` branch of `NextToken()` (before ident check)","timestamp":"2026-03-09T22:19:34.199164247Z"}
{"type":"log","step_name":"implement","message":"- **`internal/dsl/lexer_test.go`**: Added three test functions: standalone int (`42`), ints in brackets (`[0]`, `[42]`), and mixed expression (`output[0].id`)","timestamp":"2026-03-09T22:19:34.199173384Z"}
{"type":"log","step_name":"implement","timestamp":"2026-03-09T22:19:34.199177923Z"}
{"type":"log","step_name":"implement","message":"CLOCHE_RESULT:success","timestamp":"2026-03-09T22:19:34.591374872Z"}
{"type":"step_completed","step_name":"implement","result":"success","timestamp":"2026-03-09T22:19:34.592518324Z"}
{"type":"step_started","step_name":"test","timestamp":"2026-03-09T22:19:34.592535185Z"}
{"type":"step_completed","step_name":"test","result":"success","timestamp":"2026-03-09T22:19:34.964574629Z"}
{"type":"step_started","step_name":"update-docs","timestamp":"2026-03-09T22:19:34.964598935Z"}
{"type":"log","step_name":"update-docs","message":"The documentation doesn't describe individual token types — the `docs/workflows.md` covers the DSL syntax at a user level, and the design doc `2026-03-09-wire-output-mapping-design.md` already mentions `TokenInt` as a planned addition. The source code changes (adding `TokenInt`, `readInt`, `isDigit`, and corresponding tests) are implementation details that don't require documentation updates.","timestamp":"2026-03-09T22:19:58.288335173Z"}
{"type":"log","step_name":"update-docs","timestamp":"2026-03-09T22:19:58.288387933Z"}
{"type":"log","step_name":"update-docs","message":"No documentation changes are needed — the existing docs either already anticipate this change (the design doc) or don't cover lexer internals (the workflow syntax docs).","timestamp":"2026-03-09T22:19:58.288392412Z"}
{"type":"log","step_name":"update-docs","timestamp":"2026-03-09T22:19:58.288400317Z"}
{"type":"log","step_name":"update-docs","message":"CLOCHE_RESULT:success","timestamp":"2026-03-09T22:19:58.548801864Z"}
{"type":"step_completed","step_name":"update-docs","result":"success","timestamp":"2026-03-09T22:19:58.564569321Z"}
{"type":"run_completed","result":"succeeded","timestamp":"2026-03-09T22:19:58.564639714Z"}
