{"type":"step_started","step_name":"implement","timestamp":"2026-03-09T01:10:42.258555978Z"}
{"type":"log","step_name":"implement","message":"The fix is complete. Here's what was changed:","timestamp":"2026-03-09T01:12:49.771952978Z"}
{"type":"log","step_name":"implement","timestamp":"2026-03-09T01:12:49.772026287Z"}
{"type":"log","step_name":"implement","message":"**Backend** (`internal/adapters/web/handler.go`):","timestamp":"2026-03-09T01:12:49.772032338Z"}
{"type":"log","step_name":"implement","message":"- Added a `Content` field to the `promptFile` struct","timestamp":"2026-03-09T01:12:49.772042277Z"}
{"type":"log","step_name":"implement","message":"- Read the actual file contents with `os.ReadFile` for each prompt file","timestamp":"2026-03-09T01:12:49.772052606Z"}
{"type":"log","step_name":"implement","message":"- Include the content in the JSON response","timestamp":"2026-03-09T01:12:49.772062776Z"}
{"type":"log","step_name":"implement","timestamp":"2026-03-09T01:12:49.772072283Z"}
{"type":"log","step_name":"implement","message":"**Frontend** (`internal/adapters/web/templates/project_detail.html`):","timestamp":"2026-03-09T01:12:49.772077063Z"}
{"type":"log","step_name":"implement","message":"- Changed the `\u003cdetails\u003e` expansion to render the file content in a `\u003cpre\u003e` block instead of iterating over git commit history","timestamp":"2026-03-09T01:12:49.77208651Z"}
{"type":"log","step_name":"implement","message":"- Content is HTML-escaped to prevent XSS","timestamp":"2026-03-09T01:12:49.77209694Z"}
{"type":"log","step_name":"implement","timestamp":"2026-03-09T01:12:49.77210723Z"}
{"type":"log","step_name":"implement","message":"The `toggleDiff` function and the prompt-diff endpoint are still available but no longer used by the prompts expansion. The git history data is still returned by the API (preserving backward compatibility) but is no longer rendered in the UI.","timestamp":"2026-03-09T01:12:49.772112189Z"}
{"type":"log","step_name":"implement","timestamp":"2026-03-09T01:12:49.772130774Z"}
{"type":"log","step_name":"implement","message":"CLOCHE_RESULT:success","timestamp":"2026-03-09T01:12:50.035286351Z"}
{"type":"step_completed","step_name":"implement","result":"success","timestamp":"2026-03-09T01:12:50.040540653Z"}
{"type":"step_started","step_name":"test","timestamp":"2026-03-09T01:12:50.040571421Z"}
{"type":"step_completed","step_name":"test","result":"success","timestamp":"2026-03-09T01:13:04.875976078Z"}
{"type":"step_started","step_name":"update-docs","timestamp":"2026-03-09T01:13:04.876015161Z"}
{"type":"log","step_name":"update-docs","message":"The fix is correct and verified:","timestamp":"2026-03-09T01:15:43.556636924Z"}
{"type":"log","step_name":"update-docs","timestamp":"2026-03-09T01:15:43.556668835Z"}
{"type":"log","step_name":"update-docs","message":"1. **Backend** (`handler.go`): Added `Content string` field to `promptFile` struct, reads file content via `os.ReadFile`, and includes it in the API response alongside the existing `History` field.","timestamp":"2026-03-09T01:15:43.556673113Z"}
{"type":"log","step_name":"update-docs","timestamp":"2026-03-09T01:15:43.556679034Z"}
{"type":"log","step_name":"update-docs","message":"2. **Frontend** (`project_detail.html`): Changed the `\u003cdetails\u003e` expansion to render `pf.content` in a `\u003cpre\u003e` block instead of iterating over `pf.history` commit entries.","timestamp":"2026-03-09T01:15:43.556682541Z"}
{"type":"log","step_name":"update-docs","timestamp":"2026-03-09T01:15:43.556686688Z"}
{"type":"log","step_name":"update-docs","message":"The bug was that the original implementation only served git commit history for prompt files and the template rendered that history as the expansion content. The fix adds actual file content reading and displays it instead.","timestamp":"2026-03-09T01:15:43.556689885Z"}
{"type":"log","step_name":"update-docs","timestamp":"2026-03-09T01:15:43.556694103Z"}
{"type":"log","step_name":"update-docs","message":"CLOCHE_RESULT:success","timestamp":"2026-03-09T01:15:43.802432339Z"}
{"type":"step_completed","step_name":"update-docs","result":"success","timestamp":"2026-03-09T01:15:43.804070816Z"}
{"type":"run_completed","result":"succeeded","timestamp":"2026-03-09T01:15:43.804134958Z"}
