{"type":"run_title","message":"Task: V2: ID format — colon-delimited attempt:workflow:step","timestamp":"2026-03-18T22:00:43.071435485Z"}
{"type":"step_started","step_name":"implement","timestamp":"2026-03-18T22:00:43.071746103Z"}
{"type":"log","step_name":"implement","message":"--- Tool: Agent('Find all code related to run ID generation, parsing, and ...') ---","timestamp":"2026-03-18T22:01:08.582334528Z"}
{"type":"log","step_name":"implement","message":"--- Tool: Glob('internal/domain/**/*.go') ---","timestamp":"2026-03-18T22:01:08.606019054Z"}
{"type":"log","step_name":"implement","message":"--- Tool: Glob('**/*.go') ---","timestamp":"2026-03-18T22:01:10.022897683Z"}
{"type":"log","step_name":"implement","message":"--- Tool: Grep('RunID|runID|run_id') ---","timestamp":"2026-03-18T22:01:10.466471333Z"}
{"type":"log","step_name":"implement","message":"--- Tool: Grep('generateID|NewID|ParseID|GenerateID') ---","timestamp":"2026-03-18T22:01:10.946840562Z"}
{"type":"log","step_name":"implement","message":"--- Tool: Grep('adjective|noun|word.*list|generate.*name|human.*readable') ---","timestamp":"2026-03-18T22:01:11.351160807Z"}
{"type":"log","step_name":"implement","message":"--- Tool: Glob('**/*word*') ---","timestamp":"2026-03-18T22:01:11.583593393Z"}
{"type":"log","step_name":"implement","message":"--- Tool: Glob('**/*adjective*') ---","timestamp":"2026-03-18T22:01:11.723141975Z"}
{"type":"log","step_name":"implement","message":"--- Tool: Glob('**/*noun*') ---","timestamp":"2026-03-18T22:01:11.917625418Z"}
{"type":"log","step_name":"implement","message":"--- Tool: Glob('**/*id*') ---","timestamp":"2026-03-18T22:01:11.990125176Z"}
{"type":"log","step_name":"implement","message":"--- Tool: Read('/workspace/internal/domain/namegen.go') ---","timestamp":"2026-03-18T22:01:14.769990435Z"}
{"type":"log","step_name":"implement","message":"--- Tool: Read('/workspace/internal/domain/run.go') ---","timestamp":"2026-03-18T22:01:15.228521259Z"}
{"type":"log","step_name":"implement","message":"--- Tool: Read('/workspace/internal/domain/attempt.go') ---","timestamp":"2026-03-18T22:01:15.665829629Z"}
{"type":"log","step_name":"implement","message":"--- Tool: Read('/workspace/internal/domain/task.go') ---","timestamp":"2026-03-18T22:01:16.101321568Z"}
{"type":"log","step_name":"implement","message":"--- Tool: Read('/workspace/internal/domain/namegen_test.go') ---","timestamp":"2026-03-18T22:01:16.115154296Z"}
{"type":"log","step_name":"implement","message":"--- Tool: Read('/workspace/internal/domain/run_test.go') ---","timestamp":"2026-03-18T22:01:16.459088474Z"}
{"type":"log","step_name":"implement","message":"Now let me find all usages of `GenerateRunID` and places where run IDs are constructed/destructured.","timestamp":"2026-03-18T22:01:21.159872142Z"}
{"type":"log","step_name":"implement","message":"--- Tool: Grep('GenerateRunID') ---","timestamp":"2026-03-18T22:01:21.624780283Z"}
{"type":"log","step_name":"implement","message":"--- Tool: Grep('RunID|run.ID|r\\.ID') ---","timestamp":"2026-03-18T22:01:23.021208198Z"}
{"type":"log","step_name":"implement","message":"--- Tool: Grep('ParseRunID|parseRunID|ParseID') ---","timestamp":"2026-03-18T22:01:23.250750832Z"}
{"type":"step_completed","step_name":"implement","result":"success","timestamp":"2026-03-18T22:01:26.344009313Z"}
{"type":"step_started","step_name":"test","timestamp":"2026-03-18T22:01:26.348317993Z"}
{"type":"log","step_name":"test","message":"go: downloading google.golang.org/grpc v1.79.1","timestamp":"2026-03-18T22:01:26.442212941Z"}
{"type":"log","step_name":"test","message":"go: downloading github.com/stretchr/testify v1.11.1","timestamp":"2026-03-18T22:01:26.44239707Z"}
{"type":"log","step_name":"test","message":"go: downloading github.com/BurntSushi/toml v1.6.0","timestamp":"2026-03-18T22:01:26.442507058Z"}
{"type":"log","step_name":"test","message":"go: downloading google.golang.org/protobuf v1.36.11","timestamp":"2026-03-18T22:01:26.442716535Z"}
{"type":"log","step_name":"test","message":"go: downloading modernc.org/sqlite v1.46.1","timestamp":"2026-03-18T22:01:26.4578739Z"}
{"type":"log","step_name":"test","message":"go: downloading github.com/davecgh/go-spew v1.1.1","timestamp":"2026-03-18T22:01:31.86465089Z"}
{"type":"log","step_name":"test","message":"go: downloading github.com/pmezard/go-difflib v1.0.0","timestamp":"2026-03-18T22:01:31.864674615Z"}
{"type":"log","step_name":"test","message":"go: downloading gopkg.in/yaml.v3 v3.0.1","timestamp":"2026-03-18T22:01:31.864678833Z"}
{"type":"log","step_name":"test","message":"go: downloading golang.org/x/net v0.48.0","timestamp":"2026-03-18T22:01:32.37670872Z"}
{"type":"log","step_name":"test","message":"go: downloading golang.org/x/sys v0.39.0","timestamp":"2026-03-18T22:01:32.376740661Z"}
{"type":"log","step_name":"test","message":"go: downloading google.golang.org/genproto/googleapis/rpc v0.0.0-20251202230838-ff82c1b0f217","timestamp":"2026-03-18T22:01:32.376776388Z"}
{"type":"log","step_name":"test","message":"go: downloading golang.org/x/text v0.32.0","timestamp":"2026-03-18T22:01:32.731362913Z"}
{"type":"log","step_name":"test","message":"go: downloading modernc.org/libc v1.67.6","timestamp":"2026-03-18T22:01:39.957410613Z"}
{"type":"log","step_name":"test","message":"go: downloading github.com/dustin/go-humanize v1.0.1","timestamp":"2026-03-18T22:01:41.730549762Z"}
{"type":"log","step_name":"test","message":"go: downloading modernc.org/memory v1.11.0","timestamp":"2026-03-18T22:01:41.730593615Z"}
{"type":"log","step_name":"test","message":"go: downloading github.com/google/uuid v1.6.0","timestamp":"2026-03-18T22:01:41.730598154Z"}
{"type":"log","step_name":"test","message":"go: downloading modernc.org/mathutil v1.7.1","timestamp":"2026-03-18T22:01:41.730604716Z"}
{"type":"log","step_name":"test","message":"go: downloading golang.org/x/exp v0.0.0-20251023183803-a4bb9ffd2546","timestamp":"2026-03-18T22:01:41.730608583Z"}
{"type":"log","step_name":"test","message":"go: downloading github.com/remyoudompheng/bigfft v0.0.0-20230129092748-24d4a6f8daec","timestamp":"2026-03-18T22:01:41.772026497Z"}
{"type":"log","step_name":"test","message":"?   \tgithub.com/cloche-dev/cloche/api/clochepb\t[no test files]","timestamp":"2026-03-18T22:01:52.044999551Z"}
{"type":"log","step_name":"test","message":"ok  \tgithub.com/cloche-dev/cloche/cmd/cloche\t10.044s","timestamp":"2026-03-18T22:02:02.815385054Z"}
{"type":"log","step_name":"test","message":"?   \tgithub.com/cloche-dev/cloche/cmd/cloche-agent\t[no test files]","timestamp":"2026-03-18T22:02:02.815415351Z"}
{"type":"log","step_name":"test","message":"?   \tgithub.com/cloche-dev/cloche/cmd/cloched\t[no test files]","timestamp":"2026-03-18T22:02:02.815418347Z"}
{"type":"log","step_name":"test","message":"ok  \tgithub.com/cloche-dev/cloche/internal/adapters/agents/generic\t0.019s","timestamp":"2026-03-18T22:02:02.815420872Z"}
{"type":"log","step_name":"test","message":"ok  \tgithub.com/cloche-dev/cloche/internal/adapters/agents/prompt\t0.197s","timestamp":"2026-03-18T22:02:02.815423487Z"}
{"type":"log","step_name":"test","message":"ok  \tgithub.com/cloche-dev/cloche/internal/adapters/docker\t0.005s","timestamp":"2026-03-18T22:02:02.815425981Z"}
{"type":"log","step_name":"test","message":"ok  \tgithub.com/cloche-dev/cloche/internal/adapters/grpc\t4.894s","timestamp":"2026-03-18T22:02:07.377397282Z"}
{"type":"log","step_name":"test","message":"ok  \tgithub.com/cloche-dev/cloche/internal/adapters/local\t0.007s","timestamp":"2026-03-18T22:02:07.377423492Z"}
{"type":"log","step_name":"test","message":"ok  \tgithub.com/cloche-dev/cloche/internal/adapters/sqlite\t1.061s","timestamp":"2026-03-18T22:02:07.377428652Z"}
{"type":"log","step_name":"test","message":"ok  \tgithub.com/cloche-dev/cloche/internal/adapters/web\t0.834s","timestamp":"2026-03-18T22:02:07.37743298Z"}
{"type":"log","step_name":"test","message":"ok  \tgithub.com/cloche-dev/cloche/internal/agent\t0.897s","timestamp":"2026-03-18T22:02:07.377437048Z"}
{"type":"log","step_name":"test","message":"ok  \tgithub.com/cloche-dev/cloche/internal/config\t0.009s","timestamp":"2026-03-18T22:02:07.377441115Z"}
{"type":"log","step_name":"test","message":"ok  \tgithub.com/cloche-dev/cloche/internal/domain\t0.005s","timestamp":"2026-03-18T22:02:07.377445103Z"}
{"type":"log","step_name":"test","message":"ok  \tgithub.com/cloche-dev/cloche/internal/dsl\t0.005s","timestamp":"2026-03-18T22:02:07.377449251Z"}
{"type":"log","step_name":"test","message":"ok  \tgithub.com/cloche-dev/cloche/internal/engine\t0.209s","timestamp":"2026-03-18T22:02:07.377457466Z"}
{"type":"log","step_name":"test","message":"ok  \tgithub.com/cloche-dev/cloche/internal/evolution\t9.526s","timestamp":"2026-03-18T22:02:12.167353061Z"}
{"type":"log","step_name":"test","message":"ok  \tgithub.com/cloche-dev/cloche/internal/host\t17.500s","timestamp":"2026-03-18T22:02:20.140471979Z"}
{"type":"log","step_name":"test","message":"ok  \tgithub.com/cloche-dev/cloche/internal/logstream\t0.314s","timestamp":"2026-03-18T22:02:20.140492257Z"}
{"type":"log","step_name":"test","message":"?   \tgithub.com/cloche-dev/cloche/internal/ports\t[no test files]","timestamp":"2026-03-18T22:02:20.140494492Z"}
{"type":"log","step_name":"test","message":"ok  \tgithub.com/cloche-dev/cloche/internal/protocol\t0.007s","timestamp":"2026-03-18T22:02:20.140496445Z"}
{"type":"log","step_name":"test","message":"ok  \tgithub.com/cloche-dev/cloche/internal/runcontext\t0.041s","timestamp":"2026-03-18T22:02:20.140498249Z"}
{"type":"log","step_name":"test","message":"ok  \tgithub.com/cloche-dev/cloche/internal/version\t0.005s","timestamp":"2026-03-18T22:02:20.140500102Z"}
{"type":"log","step_name":"test","message":"ok  \tgithub.com/cloche-dev/cloche/test/integration\t0.274s","timestamp":"2026-03-18T22:02:20.140503879Z"}
{"type":"step_completed","step_name":"test","result":"success","timestamp":"2026-03-18T22:02:20.39270766Z"}
{"type":"step_started","step_name":"update-docs","timestamp":"2026-03-18T22:02:20.395793392Z"}
{"type":"log","step_name":"update-docs","message":"--- Tool: Agent('Find all code related to the new colon-delimited run ID f...') ---","timestamp":"2026-03-18T22:02:44.094732869Z"}
{"type":"log","step_name":"update-docs","message":"--- Tool: Agent('Find all documentation files in this repo - look in docs/...') ---","timestamp":"2026-03-18T22:02:46.364533737Z"}
{"type":"log","step_name":"update-docs","message":"--- Tool: Glob('**/*.go') ---","timestamp":"2026-03-18T22:02:48.641805751Z"}
{"type":"log","step_name":"update-docs","message":"--- Tool: Grep('attempt.*workflow.*step|colon|delimiter') ---","timestamp":"2026-03-18T22:02:49.297310934Z"}
{"type":"log","step_name":"update-docs","message":"--- Tool: Grep('ParseRunID|NewRunID|GenerateRunID') ---","timestamp":"2026-03-18T22:02:49.554726069Z"}
{"type":"log","step_name":"update-docs","message":"--- Tool: Grep('attempt.*:.*workflow|workflow.*:.*step') ---","timestamp":"2026-03-18T22:02:49.85608854Z"}
{"type":"log","step_name":"update-docs","message":"--- Tool: Glob('docs/**/*.md') ---","timestamp":"2026-03-18T22:02:51.719919295Z"}
{"type":"log","step_name":"update-docs","message":"--- Tool: Glob('*.md') ---","timestamp":"2026-03-18T22:02:51.913069575Z"}
{"type":"log","step_name":"update-docs","message":"--- Tool: Glob('.cloche/**/*.md') ---","timestamp":"2026-03-18T22:02:51.926228649Z"}
{"type":"log","step_name":"update-docs","message":"--- Tool: Grep('develop-proud-nest|develop-swift-jade|[a-z0-9]{4}:[a-z]+:...') ---","timestamp":"2026-03-18T22:03:00.13781655Z"}
{"type":"log","step_name":"update-docs","message":"--- Tool: Grep('RunID|NewRunID|ParseRunID|GenerateID|AttemptID|colonDelim') ---","timestamp":"2026-03-18T22:03:00.848497762Z"}
{"type":"log","step_name":"update-docs","message":"--- Tool: Glob('docs/**/*.md') ---","timestamp":"2026-03-18T22:03:01.170265376Z"}
{"type":"log","step_name":"update-docs","message":"--- Tool: Grep('develop-proud-nest|develop-swift-jade|run.id|run ID|runID...') ---","timestamp":"2026-03-18T22:03:05.522107603Z"}
{"type":"log","step_name":"update-docs","message":"--- Tool: Read('/workspace/internal/domain/run.go') ---","timestamp":"2026-03-18T22:03:05.981854974Z"}
{"type":"log","step_name":"update-docs","message":"--- Tool: Read('/workspace/internal/domain/namegen.go') ---","timestamp":"2026-03-18T22:03:06.280382891Z"}
{"type":"log","step_name":"update-docs","message":"--- Tool: Read('/workspace/internal/domain/attempt.go') ---","timestamp":"2026-03-18T22:03:13.781192587Z"}
{"type":"log","step_name":"update-docs","message":"--- Tool: Grep('attempt.*ID|AttemptID|GenerateAttempt|colon|attempt:workflow') ---","timestamp":"2026-03-18T22:03:14.83698952Z"}
{"type":"step_completed","step_name":"update-docs","result":"success","timestamp":"2026-03-18T22:03:17.915133362Z"}
{"type":"run_completed","result":"succeeded","timestamp":"2026-03-18T22:03:17.922579168Z"}
