{"type":"step_started","step_name":"implement","timestamp":"2026-03-09T15:24:38.013336508Z"}
{"type":"log","step_name":"implement","message":"All tests pass. Here's a summary of the changes:","timestamp":"2026-03-09T15:28:33.282213159Z"}
{"type":"log","step_name":"implement","timestamp":"2026-03-09T15:28:33.282289503Z"}
{"type":"log","step_name":"implement","message":"**Routes added:**","timestamp":"2026-03-09T15:28:33.282293Z"}
{"type":"log","step_name":"implement","message":"- `GET /projects/{name}/runs` — HTML page showing runs filtered by project","timestamp":"2026-03-09T15:28:33.28229864Z"}
{"type":"log","step_name":"implement","message":"- `GET /api/projects/{name}/runs` — JSON API for project-filtered runs","timestamp":"2026-03-09T15:28:33.282304752Z"}
{"type":"log","step_name":"implement","timestamp":"2026-03-09T15:28:33.282328076Z"}
{"type":"log","step_name":"implement","message":"**Backwards compatibility:**","timestamp":"2026-03-09T15:28:33.282331472Z"}
{"type":"log","step_name":"implement","message":"- `GET /runs?project=\u003cdir\u003e` now 301 redirects to `/projects/\u003clabel\u003e/runs`","timestamp":"2026-03-09T15:28:33.282337424Z"}
{"type":"log","step_name":"implement","message":"- `GET /runs` (no filter) still works for viewing all runs","timestamp":"2026-03-09T15:28:33.28234627Z"}
{"type":"log","step_name":"implement","message":"- `GET /api/runs` still works (with optional `?project=` query param)","timestamp":"2026-03-09T15:28:33.282352222Z"}
{"type":"log","step_name":"implement","timestamp":"2026-03-09T15:28:33.282358423Z"}
{"type":"log","step_name":"implement","message":"**Templates updated:**","timestamp":"2026-03-09T15:28:33.282361479Z"}
{"type":"log","step_name":"implement","message":"- `projects.html` — \"View Runs\" link now points to `/projects/\u003clabel\u003e/runs`","timestamp":"2026-03-09T15:28:33.282365467Z"}
{"type":"log","step_name":"implement","message":"- `project_detail.html` — \"View all runs\" link now points to `/projects/\u003clabel\u003e/runs`","timestamp":"2026-03-09T15:28:33.282371458Z"}
{"type":"log","step_name":"implement","message":"- `runs.html` — dropdown filter navigates to `/projects/\u003clabel\u003e/runs`, polling uses `/api/projects/\u003clabel\u003e/runs`","timestamp":"2026-03-09T15:28:33.282378822Z"}
{"type":"log","step_name":"implement","timestamp":"2026-03-09T15:28:33.282384513Z"}
{"type":"log","step_name":"implement","message":"**Tests updated** to use the new URL paths.","timestamp":"2026-03-09T15:28:33.282393319Z"}
{"type":"log","step_name":"implement","timestamp":"2026-03-09T15:28:33.282398559Z"}
{"type":"log","step_name":"implement","message":"CLOCHE_RESULT:success","timestamp":"2026-03-09T15:28:33.561721614Z"}
{"type":"step_completed","step_name":"implement","result":"success","timestamp":"2026-03-09T15:28:33.570063234Z"}
{"type":"step_started","step_name":"test","timestamp":"2026-03-09T15:28:33.570116695Z"}
{"type":"step_completed","step_name":"test","result":"success","timestamp":"2026-03-09T15:28:34.042626255Z"}
{"type":"step_started","step_name":"update-docs","timestamp":"2026-03-09T15:28:34.042654127Z"}
{"type":"log","step_name":"update-docs","message":"The migration is already complete in the main workspace:","timestamp":"2026-03-09T15:29:39.11460046Z"}
{"type":"log","step_name":"update-docs","timestamp":"2026-03-09T15:29:39.114624576Z"}
{"type":"log","step_name":"update-docs","message":"1. **Templates** - `runs.html` (line 55) and `projects.html` (line 27) already use `/projects/\u003clabel\u003e/runs` paths","timestamp":"2026-03-09T15:29:39.114628002Z"}
{"type":"log","step_name":"update-docs","message":"2. **Routes** - Both HTML (`/projects/{name}/runs`) and API (`/api/projects/{name}/runs`) routes exist","timestamp":"2026-03-09T15:29:39.114631799Z"}
{"type":"log","step_name":"update-docs","message":"3. **Redirect** - Old `/runs?project=` URLs redirect 301 to the new path","timestamp":"2026-03-09T15:29:39.114635747Z"}
{"type":"log","step_name":"update-docs","message":"4. **Tests** - Updated to test the redirect behavior and the new path-based routes","timestamp":"2026-03-09T15:29:39.114639313Z"}
{"type":"log","step_name":"update-docs","message":"5. **API** - `/api/runs?project=` still works for backwards compatibility, and `/api/projects/{name}/runs` is the new endpoint","timestamp":"2026-03-09T15:29:39.1146427Z"}
{"type":"log","step_name":"update-docs","timestamp":"2026-03-09T15:29:39.114646357Z"}
{"type":"log","step_name":"update-docs","message":"The only remaining reference to `runs?project=` in the main codebase is the test at `handler_test.go:286` which correctly verifies that the old URL redirects to the new one — that's expected behavior.","timestamp":"2026-03-09T15:29:39.114649032Z"}
{"type":"log","step_name":"update-docs","timestamp":"2026-03-09T15:29:39.114656897Z"}
{"type":"log","step_name":"update-docs","message":"Everything is already in place. No changes needed.","timestamp":"2026-03-09T15:29:39.114659642Z"}
{"type":"log","step_name":"update-docs","timestamp":"2026-03-09T15:29:39.114663168Z"}
{"type":"log","step_name":"update-docs","message":"CLOCHE_RESULT:success","timestamp":"2026-03-09T15:29:39.464571953Z"}
{"type":"step_completed","step_name":"update-docs","result":"success","timestamp":"2026-03-09T15:29:39.46699469Z"}
{"type":"run_completed","result":"succeeded","timestamp":"2026-03-09T15:29:39.467082526Z"}
