{"type":"step_started","step_name":"implement","timestamp":"2026-03-08T04:14:24.423253418Z"}
{"type":"log","step_name":"implement","message":"All tests pass. Here's a summary of the three fixes:","timestamp":"2026-03-08T04:18:10.401289782Z"}
{"type":"log","step_name":"implement","timestamp":"2026-03-08T04:18:10.401349756Z"}
{"type":"log","step_name":"implement","message":"**Root cause**: The DSL parser stores prompt values with a `file(\"...\")` wrapper (e.g. `file(\".cloche/prompts/implement.md\")`), but the step content API handler was using the raw value as a file path. Additionally, the handler checked for `command`/`script` config keys, but the DSL uses `run`.","timestamp":"2026-03-08T04:18:10.401354435Z"}
{"type":"log","step_name":"implement","timestamp":"2026-03-08T04:18:10.401370445Z"}
{"type":"log","step_name":"implement","message":"**Changes:**","timestamp":"2026-03-08T04:18:10.401374022Z"}
{"type":"log","step_name":"implement","timestamp":"2026-03-08T04:18:10.401377328Z"}
{"type":"log","step_name":"implement","message":"1. **`handler.go:1177-1184`** — Extract file path from `file(\"...\")` wrapper before reading prompt files","timestamp":"2026-03-08T04:18:10.401380504Z"}
{"type":"log","step_name":"implement","message":"2. **`handler.go:1186-1189`** — Check `run` config key (matching the DSL) instead of `command`","timestamp":"2026-03-08T04:18:10.4013888Z"}
{"type":"log","step_name":"implement","message":"3. **`handler.go:1190-1198`** — Also apply `extractFileRef` to `script` config values","timestamp":"2026-03-08T04:18:10.401398077Z"}
{"type":"log","step_name":"implement","message":"4. **`handler.go:1204-1213`** — Added `extractFileRef()` helper to parse the `file(\"...\")` DSL syntax","timestamp":"2026-03-08T04:18:10.401402776Z"}
{"type":"log","step_name":"implement","message":"5. **`project_detail.html:263`** — Added `run` to the config key filter so script step commands display in the drawer","timestamp":"2026-03-08T04:18:10.401417905Z"}
{"type":"log","step_name":"implement","timestamp":"2026-03-08T04:18:10.401429216Z"}
{"type":"log","step_name":"implement","message":"CLOCHE_RESULT:success","timestamp":"2026-03-08T04:18:10.665882583Z"}
{"type":"step_completed","step_name":"implement","result":"success","timestamp":"2026-03-08T04:18:10.671868001Z"}
{"type":"step_started","step_name":"test","timestamp":"2026-03-08T04:18:10.671911033Z"}
{"type":"step_completed","step_name":"test","result":"success","timestamp":"2026-03-08T04:18:11.058108404Z"}
{"type":"step_started","step_name":"update-docs","timestamp":"2026-03-08T04:18:11.058131378Z"}
{"type":"log","step_name":"update-docs","message":"All tests pass. Here's a summary of the fixes:","timestamp":"2026-03-08T04:28:16.329796188Z"}
{"type":"log","step_name":"update-docs","timestamp":"2026-03-08T04:28:16.329833499Z"}
{"type":"log","step_name":"update-docs","message":"**Root cause**: Two bugs in `handleAPIStepContent`:","timestamp":"2026-03-08T04:28:16.329837797Z"}
{"type":"log","step_name":"update-docs","message":"1. The `prompt` config value (e.g., `file(\".cloche/prompts/implement.md\")`) was passed directly to `os.ReadFile` without stripping the `file(\"...\")` DSL wrapper, so the path was always invalid.","timestamp":"2026-03-08T04:28:16.329841634Z"}
{"type":"log","step_name":"update-docs","message":"2. The handler checked `step.Config[\"command\"]` instead of `step.Config[\"run\"]`, so script step content was never returned (the DSL stores it under `\"run\"`).","timestamp":"2026-03-08T04:28:16.329851563Z"}
{"type":"log","step_name":"update-docs","timestamp":"2026-03-08T04:28:16.329859438Z"}
{"type":"log","step_name":"update-docs","message":"**Fixes applied** (`handler.go`):","timestamp":"2026-03-08T04:28:16.329863014Z"}
{"type":"log","step_name":"update-docs","message":"- Added `extractFileRef()` to strip the `file(\"...\")` wrapper and extract the actual path","timestamp":"2026-03-08T04:28:16.329870408Z"}
{"type":"log","step_name":"update-docs","message":"- Changed `step.Config[\"command\"]` to `step.Config[\"run\"]`","timestamp":"2026-03-08T04:28:16.329877852Z"}
{"type":"log","step_name":"update-docs","message":"- Applied `extractFileRef` to `script` config values too","timestamp":"2026-03-08T04:28:16.329886268Z"}
{"type":"log","step_name":"update-docs","message":"- Added fallback for inline prompts (not wrapped in `file(...)`)","timestamp":"2026-03-08T04:28:16.329891769Z"}
{"type":"log","step_name":"update-docs","timestamp":"2026-03-08T04:28:16.329901227Z"}
{"type":"log","step_name":"update-docs","message":"**Fixes applied** (`project_detail.html`):","timestamp":"2026-03-08T04:28:16.329910334Z"}
{"type":"log","step_name":"update-docs","message":"- Added `'run'` to the config key display filter in the step drawer","timestamp":"2026-03-08T04:28:16.329914762Z"}
{"type":"log","step_name":"update-docs","timestamp":"2026-03-08T04:28:16.3299243Z"}
{"type":"log","step_name":"update-docs","message":"**Tests added**: `TestExtractFileRef`, `TestAPIStepContent_AgentStep` (file-referenced prompt + inline run command), `TestAPIStepContent_InlinePrompt`.","timestamp":"2026-03-08T04:28:16.329927927Z"}
{"type":"log","step_name":"update-docs","timestamp":"2026-03-08T04:28:16.329932436Z"}
{"type":"log","step_name":"update-docs","message":"CLOCHE_RESULT:success","timestamp":"2026-03-08T04:28:16.609277779Z"}
{"type":"step_completed","step_name":"update-docs","result":"success","timestamp":"2026-03-08T04:28:16.616853452Z"}
{"type":"run_completed","result":"succeeded","timestamp":"2026-03-08T04:28:16.61694749Z"}
