{"type":"step_started","step_name":"implement","timestamp":"2026-03-09T01:15:54.716836377Z"}
{"type":"log","step_name":"implement","message":"All clean. Here's a summary of what was changed:","timestamp":"2026-03-09T01:19:43.49859752Z"}
{"type":"log","step_name":"implement","timestamp":"2026-03-09T01:19:43.498645841Z"}
{"type":"log","step_name":"implement","message":"**Routes added** (`handler.go`):","timestamp":"2026-03-09T01:19:43.49865033Z"}
{"type":"log","step_name":"implement","message":"- `GET /projects/{name}/runs` → `handleProjectRuns` (HTML page showing runs filtered by project)","timestamp":"2026-03-09T01:19:43.498654177Z"}
{"type":"log","step_name":"implement","message":"- `GET /api/projects/{name}/runs` → `handleAPIProjectRuns` (JSON API returning runs for a project)","timestamp":"2026-03-09T01:19:43.498667111Z"}
{"type":"log","step_name":"implement","timestamp":"2026-03-09T01:19:43.498675687Z"}
{"type":"log","step_name":"implement","message":"**Templates updated**:","timestamp":"2026-03-09T01:19:43.498680116Z"}
{"type":"log","step_name":"implement","message":"- `project_detail.html`: Link changed from `/runs?project={{.Dir}}` to `/projects/{{.Label}}/runs`","timestamp":"2026-03-09T01:19:43.498698591Z"}
{"type":"log","step_name":"implement","message":"- `projects.html`: Link changed from `/runs?project={{.Dir}}` to `/projects/{{.Label}}/runs`","timestamp":"2026-03-09T01:19:43.498709672Z"}
{"type":"log","step_name":"implement","message":"- `runs.html`: Dropdown filter and polling now use `/projects/\u003clabel\u003e/runs` and `/api/projects/\u003clabel\u003e/runs` respectively","timestamp":"2026-03-09T01:19:43.498718709Z"}
{"type":"log","step_name":"implement","timestamp":"2026-03-09T01:19:43.498728427Z"}
{"type":"log","step_name":"implement","message":"**Tests updated**:","timestamp":"2026-03-09T01:19:43.498732805Z"}
{"type":"log","step_name":"implement","message":"- `TestRunsList_ProjectFilter`: Now tests `GET /projects/alpha/runs`","timestamp":"2026-03-09T01:19:43.498737224Z"}
{"type":"log","step_name":"implement","message":"- `TestAPIRuns_ProjectFilter`: Now tests `GET /api/projects/alpha/runs`","timestamp":"2026-03-09T01:19:43.498746131Z"}
{"type":"log","step_name":"implement","timestamp":"2026-03-09T01:19:43.498766539Z"}
{"type":"log","step_name":"implement","message":"The old `/runs` and `/api/runs` routes still work for unfiltered listing (and still accept `?project=` for backward compatibility).","timestamp":"2026-03-09T01:19:43.498771408Z"}
{"type":"log","step_name":"implement","timestamp":"2026-03-09T01:19:43.49878271Z"}
{"type":"log","step_name":"implement","message":"CLOCHE_RESULT:success","timestamp":"2026-03-09T01:19:43.885177806Z"}
{"type":"step_completed","step_name":"implement","result":"success","timestamp":"2026-03-09T01:19:43.890728556Z"}
{"type":"step_started","step_name":"test","timestamp":"2026-03-09T01:19:43.890773972Z"}
{"type":"step_completed","step_name":"test","result":"success","timestamp":"2026-03-09T01:19:54.441838261Z"}
{"type":"step_started","step_name":"update-docs","timestamp":"2026-03-09T01:19:54.44189056Z"}
{"type":"log","step_name":"update-docs","message":"That's the only factual discrepancy between the CLI source and the docs. The URL change from `runs?project=...` to `projects/\u003cproject\u003e/runs` is already implemented in the code (handler, templates, and tests all use the new pattern), and the docs don't reference web dashboard URL structures, so no docs update is needed for that.","timestamp":"2026-03-09T01:21:12.567418217Z"}
{"type":"log","step_name":"update-docs","timestamp":"2026-03-09T01:21:12.56746183Z"}
{"type":"log","step_name":"update-docs","message":"Summary of changes:","timestamp":"2026-03-09T01:21:12.567465917Z"}
{"type":"log","step_name":"update-docs","message":"- Fixed `--image` → `--base-image` flag name in the `cloche init` CLI reference","timestamp":"2026-03-09T01:21:12.567469655Z"}
{"type":"log","step_name":"update-docs","message":"- Fixed default image `ubuntu:24.04` → `cloche-base:latest` to match the code","timestamp":"2026-03-09T01:21:12.567474023Z"}
{"type":"log","step_name":"update-docs","timestamp":"2026-03-09T01:21:12.56747775Z"}
{"type":"log","step_name":"update-docs","message":"CLOCHE_RESULT:success","timestamp":"2026-03-09T01:21:12.808308776Z"}
{"type":"step_completed","step_name":"update-docs","result":"success","timestamp":"2026-03-09T01:21:12.8113378Z"}
{"type":"run_completed","result":"succeeded","timestamp":"2026-03-09T01:21:12.811412862Z"}
