{"type":"run_title","message":"Task: V2: Orchestration loop — attempt creation and tracking","timestamp":"2026-03-18T18:16:48.963761062Z"}
{"type":"step_started","step_name":"implement","timestamp":"2026-03-18T18:16:48.96468634Z"}
{"type":"log","step_name":"implement","message":"--- Tool: Agent('Thoroughly explore the codebase to understand:","timestamp":"2026-03-18T18:17:20.501018868Z"}
{"type":"log","step_name":"implement","timestamp":"2026-03-18T18:17:20.501048304Z"}
{"type":"log","step_name":"implement","message":"1. The do...') ---","timestamp":"2026-03-18T18:17:20.501051139Z"}
{"type":"log","step_name":"implement","message":"--- Tool: Bash('find /workspace -type f -name \"*.go\" | head -20') ---","timestamp":"2026-03-18T18:17:22.388668874Z"}
{"type":"log","step_name":"implement","message":"--- Tool: Agent('Explore the codebase thoroughly. I need to understand:","timestamp":"2026-03-18T18:17:27.392320247Z"}
{"type":"log","step_name":"implement","timestamp":"2026-03-18T18:17:27.392338531Z"}
{"type":"log","step_name":"implement","message":"1...') ---","timestamp":"2026-03-18T18:17:27.392342759Z"}
{"type":"log","step_name":"implement","message":"--- Tool: Bash('find /workspace -type f -name \"*.go\" -o -name \"*.md\" | gr...') ---","timestamp":"2026-03-18T18:17:29.282099491Z"}
{"type":"log","step_name":"implement","message":"Let me explore the codebase step by step.","timestamp":"2026-03-18T18:17:31.156924283Z"}
{"type":"log","step_name":"implement","message":"--- Tool: Bash('find /workspace/internal/domain -type f -name \"*.go\" | sort') ---","timestamp":"2026-03-18T18:17:32.093660637Z"}
{"type":"log","step_name":"implement","message":"--- Tool: Bash('find /workspace/internal/host -type f -name \"*.go\" | sort') ---","timestamp":"2026-03-18T18:17:32.925477652Z"}
{"type":"log","step_name":"implement","message":"--- Tool: Bash('find /workspace/internal/ports -type f -name \"*.go\" | sort') ---","timestamp":"2026-03-18T18:17:33.369368823Z"}
{"type":"log","step_name":"implement","message":"--- Tool: Bash('find /workspace/cmd/cloche -type f -name \"*.go\" | sort') ---","timestamp":"2026-03-18T18:17:33.532385326Z"}
{"type":"log","step_name":"implement","message":"--- Tool: Read('/workspace/internal/domain/run.go') ---","timestamp":"2026-03-18T18:17:35.591815718Z"}
{"type":"log","step_name":"implement","message":"--- Tool: Read('/workspace/internal/host/loop.go') ---","timestamp":"2026-03-18T18:17:36.03851188Z"}
{"type":"log","step_name":"implement","message":"--- Tool: Read('/workspace/internal/host/task.go') ---","timestamp":"2026-03-18T18:17:36.486842211Z"}
{"type":"log","step_name":"implement","message":"--- Tool: Read('/workspace/internal/ports/store.go') ---","timestamp":"2026-03-18T18:17:36.547843604Z"}
{"type":"step_completed","step_name":"implement","result":"success","timestamp":"2026-03-18T18:17:38.80537374Z"}
{"type":"step_started","step_name":"test","timestamp":"2026-03-18T18:17:38.95221384Z"}
{"type":"log","step_name":"test","message":"go: downloading google.golang.org/grpc v1.79.1","timestamp":"2026-03-18T18:17:44.61955016Z"}
{"type":"log","step_name":"test","message":"go: downloading github.com/stretchr/testify v1.11.1","timestamp":"2026-03-18T18:17:44.620284628Z"}
{"type":"log","step_name":"test","message":"go: downloading github.com/BurntSushi/toml v1.6.0","timestamp":"2026-03-18T18:17:44.951511923Z"}
{"type":"log","step_name":"test","message":"go: downloading modernc.org/sqlite v1.46.1","timestamp":"2026-03-18T18:17:45.146319062Z"}
{"type":"log","step_name":"test","message":"go: downloading google.golang.org/protobuf v1.36.11","timestamp":"2026-03-18T18:17:45.374274732Z"}
{"type":"log","step_name":"test","message":"go: downloading github.com/davecgh/go-spew v1.1.1","timestamp":"2026-03-18T18:17:50.763854829Z"}
{"type":"log","step_name":"test","message":"go: downloading github.com/pmezard/go-difflib v1.0.0","timestamp":"2026-03-18T18:17:50.772319878Z"}
{"type":"log","step_name":"test","message":"go: downloading golang.org/x/net v0.48.0","timestamp":"2026-03-18T18:17:50.842795208Z"}
{"type":"log","step_name":"test","message":"go: downloading google.golang.org/genproto/googleapis/rpc v0.0.0-20251202230838-ff82c1b0f217","timestamp":"2026-03-18T18:17:50.852878275Z"}
{"type":"log","step_name":"test","message":"go: downloading gopkg.in/yaml.v3 v3.0.1","timestamp":"2026-03-18T18:17:50.891893925Z"}
{"type":"log","step_name":"test","message":"go: downloading golang.org/x/sys v0.39.0","timestamp":"2026-03-18T18:17:50.912433375Z"}
{"type":"log","step_name":"test","message":"go: downloading golang.org/x/text v0.32.0","timestamp":"2026-03-18T18:17:51.430759431Z"}
{"type":"log","step_name":"test","message":"go: downloading modernc.org/libc v1.67.6","timestamp":"2026-03-18T18:17:58.492047583Z"}
{"type":"log","step_name":"test","message":"go: downloading github.com/google/uuid v1.6.0","timestamp":"2026-03-18T18:18:00.487193024Z"}
{"type":"log","step_name":"test","message":"go: downloading golang.org/x/exp v0.0.0-20251023183803-a4bb9ffd2546","timestamp":"2026-03-18T18:18:00.487236917Z"}
{"type":"log","step_name":"test","message":"go: downloading modernc.org/memory v1.11.0","timestamp":"2026-03-18T18:18:00.487246064Z"}
{"type":"log","step_name":"test","message":"go: downloading github.com/dustin/go-humanize v1.0.1","timestamp":"2026-03-18T18:18:00.487253979Z"}
{"type":"log","step_name":"test","message":"go: downloading modernc.org/mathutil v1.7.1","timestamp":"2026-03-18T18:18:00.487340773Z"}
{"type":"log","step_name":"test","message":"go: downloading github.com/remyoudompheng/bigfft v0.0.0-20230129092748-24d4a6f8daec","timestamp":"2026-03-18T18:18:00.668722879Z"}
{"type":"log","step_name":"test","message":"?   \tgithub.com/cloche-dev/cloche/api/clochepb\t[no test files]","timestamp":"2026-03-18T18:18:14.619041506Z"}
{"type":"log","step_name":"test","message":"ok  \tgithub.com/cloche-dev/cloche/cmd/cloche\t10.058s","timestamp":"2026-03-18T18:18:25.403733242Z"}
{"type":"log","step_name":"test","message":"?   \tgithub.com/cloche-dev/cloche/cmd/cloche-agent\t[no test files]","timestamp":"2026-03-18T18:18:25.403761275Z"}
{"type":"log","step_name":"test","message":"?   \tgithub.com/cloche-dev/cloche/cmd/cloched\t[no test files]","timestamp":"2026-03-18T18:18:25.403765904Z"}
{"type":"log","step_name":"test","message":"ok  \tgithub.com/cloche-dev/cloche/internal/adapters/agents/generic\t0.019s","timestamp":"2026-03-18T18:18:25.403769912Z"}
{"type":"log","step_name":"test","message":"ok  \tgithub.com/cloche-dev/cloche/internal/adapters/agents/prompt\t0.060s","timestamp":"2026-03-18T18:18:25.403773919Z"}
{"type":"log","step_name":"test","message":"ok  \tgithub.com/cloche-dev/cloche/internal/adapters/docker\t0.005s","timestamp":"2026-03-18T18:18:25.403780271Z"}
{"type":"log","step_name":"test","message":"ok  \tgithub.com/cloche-dev/cloche/internal/adapters/grpc\t5.231s","timestamp":"2026-03-18T18:18:28.128715776Z"}
{"type":"log","step_name":"test","message":"ok  \tgithub.com/cloche-dev/cloche/internal/adapters/local\t0.006s","timestamp":"2026-03-18T18:18:28.128740272Z"}
{"type":"log","step_name":"test","message":"ok  \tgithub.com/cloche-dev/cloche/internal/adapters/sqlite\t8.395s","timestamp":"2026-03-18T18:18:31.268114673Z"}
{"type":"log","step_name":"test","message":"ok  \tgithub.com/cloche-dev/cloche/internal/adapters/web\t0.975s","timestamp":"2026-03-18T18:18:31.268137255Z"}
{"type":"error","message":"workflow cancelled: context canceled","timestamp":"2026-03-18T18:18:31.860644353Z"}
{"type":"run_completed","result":"failed","timestamp":"2026-03-18T18:18:31.860683768Z"}
error: workflow cancelled: context canceled
