{"type":"step_started","step_name":"implement","timestamp":"2026-03-09T15:31:33.40168353Z"}
{"type":"log","step_name":"implement","message":"Everything compiles. Here's a summary of the changes:","timestamp":"2026-03-09T15:33:40.793447278Z"}
{"type":"log","step_name":"implement","timestamp":"2026-03-09T15:33:40.793492854Z"}
{"type":"log","step_name":"implement","message":"**Route added:** `GET /projects/{name}/runs` — serves the runs list filtered by the named project.","timestamp":"2026-03-09T15:33:40.793497493Z"}
{"type":"log","step_name":"implement","timestamp":"2026-03-09T15:33:40.793505308Z"}
{"type":"log","step_name":"implement","message":"**Changes:**","timestamp":"2026-03-09T15:33:40.793508744Z"}
{"type":"log","step_name":"implement","message":"- `handler.go`: Refactored `handleRunsList` into `renderRunsList` helper; added `handleProjectRuns` that resolves label → dir and delegates to the shared renderer. New route registered before the `projects/{name}` catch-all.","timestamp":"2026-03-09T15:33:40.793515758Z"}
{"type":"log","step_name":"implement","message":"- `projects.html`: \"View Runs\" link changed from `/runs?project={{.Dir}}` to `/projects/{{.Label}}/runs`","timestamp":"2026-03-09T15:33:40.793530626Z"}
{"type":"log","step_name":"implement","message":"- `project_detail.html`: \"View all runs\" link changed similarly","timestamp":"2026-03-09T15:33:40.79353795Z"}
{"type":"log","step_name":"implement","message":"- `runs.html`: JS `filterByProject` now navigates to `/projects/\u003clabel\u003e/runs` using a label lookup map","timestamp":"2026-03-09T15:33:40.793549001Z"}
{"type":"log","step_name":"implement","message":"- `handler_test.go`: Extended `TestRunsList_ProjectFilter` to test the new URL; added `TestProjectRuns_NotFound`","timestamp":"2026-03-09T15:33:40.793557106Z"}
{"type":"log","step_name":"implement","timestamp":"2026-03-09T15:33:40.7935644Z"}
{"type":"log","step_name":"implement","message":"The old `/runs?project=...` URL still works as a fallback.","timestamp":"2026-03-09T15:33:40.793567836Z"}
{"type":"log","step_name":"implement","timestamp":"2026-03-09T15:33:40.793578777Z"}
{"type":"log","step_name":"implement","message":"CLOCHE_RESULT:success","timestamp":"2026-03-09T15:33:41.055774466Z"}
{"type":"step_completed","step_name":"implement","result":"success","timestamp":"2026-03-09T15:33:41.060244656Z"}
{"type":"step_started","step_name":"test","timestamp":"2026-03-09T15:33:41.060289972Z"}
{"type":"step_completed","step_name":"test","result":"success","timestamp":"2026-03-09T15:33:51.702582277Z"}
{"type":"step_started","step_name":"update-docs","timestamp":"2026-03-09T15:33:51.702613736Z"}
{"type":"log","step_name":"update-docs","message":"All tests pass. The URL change is already implemented:","timestamp":"2026-03-09T15:34:40.101690497Z"}
{"type":"log","step_name":"update-docs","timestamp":"2026-03-09T15:34:40.101733589Z"}
{"type":"log","step_name":"update-docs","message":"1. **Route**: `GET /projects/{name}/runs` registered at handler.go:142","timestamp":"2026-03-09T15:34:40.101738217Z"}
{"type":"log","step_name":"update-docs","message":"2. **Handler**: `handleProjectRuns` at handler.go:253-264 resolves the label to a project directory and renders the runs list","timestamp":"2026-03-09T15:34:40.101746213Z"}
{"type":"log","step_name":"update-docs","message":"3. **Templates**: Both `projects.html` and `project_detail.html` link to `/projects/{{.Label}}/runs`","timestamp":"2026-03-09T15:34:40.101754027Z"}
{"type":"log","step_name":"update-docs","message":"4. **JS navigation**: The `filterByProject` function in `runs.html` navigates to `/projects/\u003clabel\u003e/runs`","timestamp":"2026-03-09T15:34:40.101761632Z"}
{"type":"log","step_name":"update-docs","message":"5. **Tests**: `TestRunsList_ProjectFilter` and `TestProjectRuns_NotFound` both pass","timestamp":"2026-03-09T15:34:40.101766401Z"}
{"type":"log","step_name":"update-docs","timestamp":"2026-03-09T15:34:40.101770749Z"}
{"type":"log","step_name":"update-docs","message":"The legacy `GET /runs?project=` still works as a fallback, which is fine for backwards compatibility.","timestamp":"2026-03-09T15:34:40.101775127Z"}
{"type":"log","step_name":"update-docs","timestamp":"2026-03-09T15:34:40.101780207Z"}
{"type":"log","step_name":"update-docs","message":"CLOCHE_RESULT:success","timestamp":"2026-03-09T15:34:40.420775856Z"}
{"type":"step_completed","step_name":"update-docs","result":"success","timestamp":"2026-03-09T15:34:40.436434579Z"}
{"type":"run_completed","result":"succeeded","timestamp":"2026-03-09T15:34:40.436504862Z"}
