{"type":"step_started","step_name":"implement","timestamp":"2026-03-06T20:47:44.731148326Z"}
{"type":"log","step_name":"implement","message":"All tasks complete. Here's a summary of changes made:","timestamp":"2026-03-06T20:50:37.085729346Z"}
{"type":"log","step_name":"implement","timestamp":"2026-03-06T20:50:37.085777286Z"}
{"type":"log","step_name":"implement","message":"### `docs/INSTALL.md`","timestamp":"2026-03-06T20:50:37.085781675Z"}
{"type":"log","step_name":"implement","message":"- **Pre-built Release Binaries**: Marked as \"(Planned)\" with a note that binaries are not yet available. Removed reference to `docker pull ghcr.io/...` since no pre-built images exist yet.","timestamp":"2026-03-06T20:50:37.085788748Z"}
{"type":"log","step_name":"implement","message":"- **Homebrew**: Marked as \"(Planned)\" with a note that the tap is not yet published. Changed language from present to future tense.","timestamp":"2026-03-06T20:50:37.085804828Z"}
{"type":"log","step_name":"implement","message":"- **Docker-Only Usage**: Marked as \"(Planned)\" with a note that `Dockerfile.daemon` does not exist yet. Removed the `docker build -f Dockerfile.daemon` command that would fail. Kept the `docker run` example as illustration of future usage.","timestamp":"2026-03-06T20:50:37.085808946Z"}
{"type":"log","step_name":"implement","message":"- **Verification section**: Removed `docker pull` alternative from the `make docker-build` comment since pre-built images aren't available.","timestamp":"2026-03-06T20:50:37.085816651Z"}
{"type":"log","step_name":"implement","timestamp":"2026-03-06T20:50:37.085824586Z"}
{"type":"log","step_name":"implement","message":"### `README.md`","timestamp":"2026-03-06T20:50:37.085828092Z"}
{"type":"log","step_name":"implement","message":"- Added an **Installation** section linking to `docs/INSTALL.md`.","timestamp":"2026-03-06T20:50:37.085831459Z"}
{"type":"log","step_name":"implement","timestamp":"2026-03-06T20:50:37.085839073Z"}
{"type":"log","step_name":"implement","message":"### Verified accurate (no changes needed)","timestamp":"2026-03-06T20:50:37.08584285Z"}
{"type":"log","step_name":"implement","message":"- Go version requirement (1.25+) matches `go.mod` (1.25.3)","timestamp":"2026-03-06T20:50:37.085850114Z"}
{"type":"log","step_name":"implement","message":"- `make install` and `make docker-build` targets match `Makefile`","timestamp":"2026-03-06T20:50:37.085853831Z"}
{"type":"log","step_name":"implement","message":"- Docker image name `cloche-agent:latest` matches `Dockerfile` and `Makefile`","timestamp":"2026-03-06T20:50:37.085861165Z"}
{"type":"log","step_name":"implement","message":"- CLI commands (`cloche --help`, `cloche list`) confirmed in `cmd/cloche/main.go`","timestamp":"2026-03-06T20:50:37.085868469Z"}
{"type":"log","step_name":"implement","message":"- GitHub module path `github.com/cloche-dev/cloche` consistent throughout","timestamp":"2026-03-06T20:50:37.085876544Z"}
{"type":"log","step_name":"implement","message":"- Cross-reference links to `USAGE.md` and `workflows.md` use correct relative paths (both files exist in `docs/`)","timestamp":"2026-03-06T20:50:37.085884499Z"}
{"type":"log","step_name":"implement","message":"- `make build` and `make test-short` both pass","timestamp":"2026-03-06T20:50:37.085892504Z"}
{"type":"log","step_name":"implement","timestamp":"2026-03-06T20:50:37.085900249Z"}
{"type":"log","step_name":"implement","message":"CLOCHE_RESULT:success","timestamp":"2026-03-06T20:50:37.333741871Z"}
{"type":"step_completed","step_name":"implement","result":"success","timestamp":"2026-03-06T20:50:37.335081874Z"}
{"type":"step_started","step_name":"test","timestamp":"2026-03-06T20:50:37.335100018Z"}
{"type":"step_completed","step_name":"test","result":"success","timestamp":"2026-03-06T20:50:48.624744494Z"}
{"type":"step_started","step_name":"update-docs","timestamp":"2026-03-06T20:50:48.624771675Z"}
{"type":"log","step_name":"update-docs","message":"Prompt is too long","timestamp":"2026-03-06T20:50:51.663502848Z"}
{"type":"step_completed","step_name":"update-docs","result":"fail","timestamp":"2026-03-06T20:50:51.664050613Z"}
{"type":"run_completed","result":"succeeded","timestamp":"2026-03-06T20:50:51.66411781Z"}
