{"type":"run_title","message":"Task: GEPA: Curator refactor — extract Curate()","timestamp":"2026-03-17T14:07:20.054717239Z"}
{"type":"step_started","step_name":"implement","timestamp":"2026-03-17T14:07:20.054868655Z"}
{"type":"log","step_name":"implement","timestamp":"2026-03-17T14:07:27.032870981Z"}
{"type":"log","step_name":"implement","timestamp":"2026-03-17T14:07:27.032889405Z"}
{"type":"log","step_name":"implement","message":"Let me start by reading the current curator code and tests.","timestamp":"2026-03-17T14:07:27.032894184Z"}
{"type":"log","step_name":"implement","message":"--- Tool: Read('/workspace/internal/evolution/curator.go') ---","timestamp":"2026-03-17T14:07:27.037686408Z"}
{"type":"log","step_name":"implement","message":"--- Tool: Read('/workspace/internal/evolution/curator_test.go') ---","timestamp":"2026-03-17T14:07:27.313655184Z"}
{"type":"log","step_name":"implement","message":"--- Tool: Glob('internal/evolution/*test*') ---","timestamp":"2026-03-17T14:07:31.78958254Z"}
{"type":"log","step_name":"implement","message":"--- Tool: Grep('Curator|curator\\.Apply|curator\\.Curate') ---","timestamp":"2026-03-17T14:07:36.799718874Z"}
{"type":"log","step_name":"implement","message":"--- Tool: Read('/workspace/internal/evolution/corruption_test.go') ---","timestamp":"2026-03-17T14:07:42.200787926Z"}
{"type":"log","step_name":"implement","message":"--- Tool: Grep('Curator|curator') ---","timestamp":"2026-03-17T14:07:42.760776147Z"}
{"type":"log","step_name":"implement","message":"--- Tool: Grep('Curator|curator') ---","timestamp":"2026-03-17T14:07:43.20745589Z"}
{"type":"log","step_name":"implement","message":"Now I understand the structure. Let me implement the refactoring.","timestamp":"2026-03-17T14:08:14.19366624Z"}
{"type":"log","step_name":"implement","message":"--- Tool: Read('/workspace/internal/evolution/evolution_test.go') ---","timestamp":"2026-03-17T14:08:14.347968077Z"}
{"type":"log","step_name":"implement","message":"Now I have a clear picture. Let me also check the `TestCuratorSkipsWhenLessonAlreadyPresent` test.","timestamp":"2026-03-17T14:08:19.367973525Z"}
{"type":"log","step_name":"implement","message":"--- Tool: Read('/workspace/internal/evolution/evolution_test.go') ---","timestamp":"2026-03-17T14:08:19.58967754Z"}
{"type":"log","step_name":"implement","message":"Now I have everything I need. Let me implement the refactoring.","timestamp":"2026-03-17T14:08:24.719700423Z"}
{"type":"log","step_name":"implement","message":"--- Tool: Edit('/workspace/internal/evolution/curator.go') ---","timestamp":"2026-03-17T14:08:51.769387222Z"}
{"type":"log","step_name":"implement","message":"Now let me run the tests to verify backward compatibility.","timestamp":"2026-03-17T14:08:56.174717521Z"}
{"type":"log","step_name":"implement","message":"--- Tool: Bash('go test ./internal/evolution/ -v -count=1 2\u003e\u00261 | tail -80') ---","timestamp":"2026-03-17T14:08:56.940628074Z"}
{"type":"log","step_name":"implement","message":"All evolution tests pass. Now let me run the full test suite.","timestamp":"2026-03-17T14:09:18.857730565Z"}
{"type":"log","step_name":"implement","message":"--- Tool: Bash('go test ./... 2\u003e\u00261 | tail -40') ---","timestamp":"2026-03-17T14:09:18.974948902Z"}
{"type":"log","step_name":"implement","message":"All tests pass. The refactoring is complete:","timestamp":"2026-03-17T14:10:10.334148893Z"}
{"type":"log","step_name":"implement","timestamp":"2026-03-17T14:10:10.334167358Z"}
{"type":"log","step_name":"implement","message":"- **`Curate(ctx, projectDir, lesson) (string, error)`** — extracted core curation logic that returns updated prompt content as a string. Contains all corruption safeguards: conversational guard, code-fence stripping, and sanity check. Returns `(\"\", nil)` when lesson is already present, `(\"\", ErrSanityCheckFailed)` when sanity check fails.","timestamp":"2026-03-17T14:10:10.334169652Z"}
{"type":"log","step_name":"implement","timestamp":"2026-03-17T14:10:10.334178199Z"}
{"type":"log","step_name":"implement","message":"- **`Apply()`** — now calls `Curate()`, then handles disk I/O (snapshots, file writing, rollback reporting). Fully backward compatible — same signature, same return behavior.","timestamp":"2026-03-17T14:10:10.334180743Z"}
{"type":"log","step_name":"implement","timestamp":"2026-03-17T14:10:10.334183599Z"}
{"type":"log","step_name":"implement","message":"CLOCHE_RESULT:success","timestamp":"2026-03-17T14:10:10.334185603Z"}
{"type":"log","step_name":"implement","message":"All tests pass. The refactoring is complete:","timestamp":"2026-03-17T14:10:10.386624746Z"}
{"type":"log","step_name":"implement","timestamp":"2026-03-17T14:10:10.386642139Z"}
{"type":"log","step_name":"implement","message":"- **`Curate(ctx, projectDir, lesson) (string, error)`** — extracted core curation logic that returns updated prompt content as a string. Contains all corruption safeguards: conversational guard, code-fence stripping, and sanity check. Returns `(\"\", nil)` when lesson is already present, `(\"\", ErrSanityCheckFailed)` when sanity check fails.","timestamp":"2026-03-17T14:10:10.386645175Z"}
{"type":"log","step_name":"implement","timestamp":"2026-03-17T14:10:10.386649223Z"}
{"type":"log","step_name":"implement","message":"- **`Apply()`** — now calls `Curate()`, then handles disk I/O (snapshots, file writing, rollback reporting). Fully backward compatible — same signature, same return behavior.","timestamp":"2026-03-17T14:10:10.386651858Z"}
{"type":"log","step_name":"implement","timestamp":"2026-03-17T14:10:10.386654833Z"}
{"type":"log","step_name":"implement","message":"CLOCHE_RESULT:success","timestamp":"2026-03-17T14:10:10.599807426Z"}
{"type":"step_completed","step_name":"implement","result":"success","timestamp":"2026-03-17T14:10:10.61001983Z"}
{"type":"step_started","step_name":"test","timestamp":"2026-03-17T14:10:10.613147199Z"}
{"type":"log","step_name":"test","message":"?   \tgithub.com/cloche-dev/cloche/api/clochepb\t[no test files]","timestamp":"2026-03-17T14:10:10.919353027Z"}
{"type":"log","step_name":"test","message":"ok  \tgithub.com/cloche-dev/cloche/cmd/cloche\t10.041s","timestamp":"2026-03-17T14:10:21.246787479Z"}
{"type":"log","step_name":"test","message":"?   \tgithub.com/cloche-dev/cloche/cmd/cloche-agent\t[no test files]","timestamp":"2026-03-17T14:10:21.246823377Z"}
{"type":"log","step_name":"test","message":"?   \tgithub.com/cloche-dev/cloche/cmd/cloched\t[no test files]","timestamp":"2026-03-17T14:10:21.246826883Z"}
{"type":"log","step_name":"test","message":"ok  \tgithub.com/cloche-dev/cloche/internal/adapters/agents/generic\t(cached)","timestamp":"2026-03-17T14:10:21.246832825Z"}
{"type":"log","step_name":"test","message":"ok  \tgithub.com/cloche-dev/cloche/internal/adapters/agents/prompt\t(cached)","timestamp":"2026-03-17T14:10:21.24683548Z"}
{"type":"log","step_name":"test","message":"ok  \tgithub.com/cloche-dev/cloche/internal/adapters/docker\t(cached)","timestamp":"2026-03-17T14:10:21.246839808Z"}
{"type":"log","step_name":"test","message":"ok  \tgithub.com/cloche-dev/cloche/internal/adapters/grpc\t(cached)","timestamp":"2026-03-17T14:10:21.24684614Z"}
{"type":"log","step_name":"test","message":"ok  \tgithub.com/cloche-dev/cloche/internal/adapters/local\t(cached)","timestamp":"2026-03-17T14:10:21.246848745Z"}
{"type":"log","step_name":"test","message":"ok  \tgithub.com/cloche-dev/cloche/internal/adapters/sqlite\t(cached)","timestamp":"2026-03-17T14:10:21.246851229Z"}
{"type":"log","step_name":"test","message":"ok  \tgithub.com/cloche-dev/cloche/internal/adapters/web\t(cached)","timestamp":"2026-03-17T14:10:21.246853714Z"}
{"type":"log","step_name":"test","message":"ok  \tgithub.com/cloche-dev/cloche/internal/agent\t(cached)","timestamp":"2026-03-17T14:10:21.246856239Z"}
{"type":"log","step_name":"test","message":"ok  \tgithub.com/cloche-dev/cloche/internal/config\t(cached)","timestamp":"2026-03-17T14:10:21.246858553Z"}
{"type":"log","step_name":"test","message":"ok  \tgithub.com/cloche-dev/cloche/internal/domain\t(cached)","timestamp":"2026-03-17T14:10:21.246861168Z"}
{"type":"log","step_name":"test","message":"ok  \tgithub.com/cloche-dev/cloche/internal/dsl\t(cached)","timestamp":"2026-03-17T14:10:21.246863593Z"}
{"type":"log","step_name":"test","message":"ok  \tgithub.com/cloche-dev/cloche/internal/engine\t(cached)","timestamp":"2026-03-17T14:10:21.246865987Z"}
{"type":"log","step_name":"test","message":"ok  \tgithub.com/cloche-dev/cloche/internal/evolution\t(cached)","timestamp":"2026-03-17T14:10:21.24687289Z"}
{"type":"log","step_name":"test","message":"ok  \tgithub.com/cloche-dev/cloche/internal/host\t(cached)","timestamp":"2026-03-17T14:10:21.246875555Z"}
{"type":"log","step_name":"test","message":"ok  \tgithub.com/cloche-dev/cloche/internal/logstream\t(cached)","timestamp":"2026-03-17T14:10:21.246880164Z"}
{"type":"log","step_name":"test","message":"?   \tgithub.com/cloche-dev/cloche/internal/ports\t[no test files]","timestamp":"2026-03-17T14:10:21.246883971Z"}
{"type":"log","step_name":"test","message":"ok  \tgithub.com/cloche-dev/cloche/internal/protocol\t(cached)","timestamp":"2026-03-17T14:10:21.246886526Z"}
{"type":"log","step_name":"test","message":"ok  \tgithub.com/cloche-dev/cloche/internal/runcontext\t(cached)","timestamp":"2026-03-17T14:10:21.246889051Z"}
{"type":"log","step_name":"test","message":"ok  \tgithub.com/cloche-dev/cloche/internal/version\t(cached)","timestamp":"2026-03-17T14:10:21.246891325Z"}
{"type":"log","step_name":"test","message":"ok  \tgithub.com/cloche-dev/cloche/test/integration\t(cached)","timestamp":"2026-03-17T14:10:21.246894491Z"}
{"type":"step_completed","step_name":"test","result":"success","timestamp":"2026-03-17T14:10:21.293351613Z"}
{"type":"step_started","step_name":"update-docs","timestamp":"2026-03-17T14:10:21.296601674Z"}
{"type":"log","step_name":"update-docs","message":"--- Tool: Read('/workspace/internal/evolution/curator.go') ---","timestamp":"2026-03-17T14:10:29.381499632Z"}
{"type":"log","step_name":"update-docs","message":"--- Tool: Bash('git diff internal/evolution/curator.go | head -200') ---","timestamp":"2026-03-17T14:10:29.821309919Z"}
{"type":"log","step_name":"update-docs","message":"Now let me check if any documentation references the curator API.","timestamp":"2026-03-17T14:10:34.843178497Z"}
{"type":"log","step_name":"update-docs","message":"--- Tool: Grep('Curator|curator\\.go|\\.Apply|\\.Curate') ---","timestamp":"2026-03-17T14:10:35.26054964Z"}
{"type":"log","step_name":"update-docs","message":"--- Tool: Grep('Curator|curator|\\.Apply|\\.Curate') ---","timestamp":"2026-03-17T14:10:39.600104507Z"}
{"type":"log","step_name":"update-docs","message":"The change is a pure internal refactor: extracting `Curate()` from `Apply()` in `curator.go`. The documentation references are in historical design/implementation plan documents (`docs/plans/2026-02-24-self-evolution-*.md`) that describe what was planned and built. `Apply()` still exists with the same signature and behavior, so those docs remain accurate.","timestamp":"2026-03-17T14:10:51.773877189Z"}
{"type":"log","step_name":"update-docs","timestamp":"2026-03-17T14:10:51.773901395Z"}
{"type":"log","step_name":"update-docs","message":"No documentation updates are needed — the refactor is backward-compatible and doesn't change any externally documented behavior.","timestamp":"2026-03-17T14:10:51.773905853Z"}
{"type":"log","step_name":"update-docs","timestamp":"2026-03-17T14:10:51.773910362Z"}
{"type":"log","step_name":"update-docs","message":"CLOCHE_RESULT:success","timestamp":"2026-03-17T14:10:51.773913848Z"}
{"type":"log","step_name":"update-docs","message":"The change is a pure internal refactor: extracting `Curate()` from `Apply()` in `curator.go`. The documentation references are in historical design/implementation plan documents (`docs/plans/2026-02-24-self-evolution-*.md`) that describe what was planned and built. `Apply()` still exists with the same signature and behavior, so those docs remain accurate.","timestamp":"2026-03-17T14:10:52.023689431Z"}
{"type":"log","step_name":"update-docs","timestamp":"2026-03-17T14:10:52.023706252Z"}
{"type":"log","step_name":"update-docs","message":"No documentation updates are needed — the refactor is backward-compatible and doesn't change any externally documented behavior.","timestamp":"2026-03-17T14:10:52.023708657Z"}
{"type":"log","step_name":"update-docs","timestamp":"2026-03-17T14:10:52.023711282Z"}
{"type":"log","step_name":"update-docs","message":"CLOCHE_RESULT:success","timestamp":"2026-03-17T14:10:52.27092218Z"}
{"type":"step_completed","step_name":"update-docs","result":"success","timestamp":"2026-03-17T14:10:52.276438993Z"}
{"type":"run_completed","result":"succeeded","timestamp":"2026-03-17T14:10:52.283288013Z"}
