{"type":"run_title","message":"In internal/version/VERSION, add a comment line above the version number that says \"# Cloche syst...","timestamp":"2026-03-17T17:34:56.630916646Z"}
{"type":"step_started","step_name":"implement","timestamp":"2026-03-17T17:34:56.631463842Z"}
{"type":"log","step_name":"implement","message":"--- Tool: Read('/workspace/internal/version/VERSION') ---","timestamp":"2026-03-17T17:35:02.685649589Z"}
{"type":"log","step_name":"implement","message":"--- Tool: Edit('/workspace/internal/version/VERSION') ---","timestamp":"2026-03-17T17:35:06.04263636Z"}
{"type":"log","step_name":"implement","message":"Now let me check how the VERSION file is read to make sure the comment won't break anything.","timestamp":"2026-03-17T17:35:09.78452218Z"}
{"type":"log","step_name":"implement","message":"--- Tool: Grep('VERSION') ---","timestamp":"2026-03-17T17:35:10.338487411Z"}
{"type":"log","step_name":"implement","message":"--- Tool: Read('/workspace/internal/version/version.go') ---","timestamp":"2026-03-17T17:35:14.136155057Z"}
{"type":"log","step_name":"implement","message":"The `Version()` function just does `TrimSpace` on the embedded file — it doesn't strip comment lines. Adding a comment will make `Version()` return `# Cloche system version\\n1.15.6` (trimmed), which will break things. I need to update the version parsing to handle comments.","timestamp":"2026-03-17T17:35:19.106055945Z"}
{"type":"log","step_name":"implement","message":"--- Tool: Edit('/workspace/internal/version/version.go') ---","timestamp":"2026-03-17T17:35:20.979343001Z"}
{"type":"log","step_name":"implement","message":"--- Tool: Bash('go test ./... 2\u003e\u00261') ---","timestamp":"2026-03-17T17:35:24.52368683Z"}
{"type":"log","step_name":"implement","message":"All tests pass.","timestamp":"2026-03-17T17:36:10.673649132Z"}
{"type":"log","step_name":"implement","timestamp":"2026-03-17T17:36:10.673664882Z"}
{"type":"log","step_name":"implement","message":"CLOCHE_RESULT:success","timestamp":"2026-03-17T17:36:10.673667026Z"}
{"type":"log","step_name":"implement","message":"All tests pass.","timestamp":"2026-03-17T17:36:10.708650018Z"}
{"type":"log","step_name":"implement","timestamp":"2026-03-17T17:36:10.708671018Z"}
{"type":"log","step_name":"implement","message":"CLOCHE_RESULT:success","timestamp":"2026-03-17T17:36:11.212180599Z"}
{"type":"step_completed","step_name":"implement","result":"success","timestamp":"2026-03-17T17:36:11.230535374Z"}
{"type":"step_started","step_name":"test","timestamp":"2026-03-17T17:36:11.233815453Z"}
{"type":"log","step_name":"test","message":"?   \tgithub.com/cloche-dev/cloche/api/clochepb\t[no test files]","timestamp":"2026-03-17T17:36:11.565076742Z"}
{"type":"log","step_name":"test","message":"ok  \tgithub.com/cloche-dev/cloche/cmd/cloche\t10.042s","timestamp":"2026-03-17T17:36:21.940681304Z"}
{"type":"log","step_name":"test","message":"?   \tgithub.com/cloche-dev/cloche/cmd/cloche-agent\t[no test files]","timestamp":"2026-03-17T17:36:21.940724425Z"}
{"type":"log","step_name":"test","message":"?   \tgithub.com/cloche-dev/cloche/cmd/cloched\t[no test files]","timestamp":"2026-03-17T17:36:21.940729305Z"}
{"type":"log","step_name":"test","message":"ok  \tgithub.com/cloche-dev/cloche/internal/adapters/agents/generic\t(cached)","timestamp":"2026-03-17T17:36:21.940738262Z"}
{"type":"log","step_name":"test","message":"ok  \tgithub.com/cloche-dev/cloche/internal/adapters/agents/prompt\t(cached)","timestamp":"2026-03-17T17:36:21.940742009Z"}
{"type":"log","step_name":"test","message":"ok  \tgithub.com/cloche-dev/cloche/internal/adapters/docker\t(cached)","timestamp":"2026-03-17T17:36:21.940748501Z"}
{"type":"log","step_name":"test","message":"ok  \tgithub.com/cloche-dev/cloche/internal/adapters/grpc\t(cached)","timestamp":"2026-03-17T17:36:21.94075852Z"}
{"type":"log","step_name":"test","message":"ok  \tgithub.com/cloche-dev/cloche/internal/adapters/local\t(cached)","timestamp":"2026-03-17T17:36:21.940763579Z"}
{"type":"log","step_name":"test","message":"ok  \tgithub.com/cloche-dev/cloche/internal/adapters/sqlite\t(cached)","timestamp":"2026-03-17T17:36:21.940768429Z"}
{"type":"log","step_name":"test","message":"ok  \tgithub.com/cloche-dev/cloche/internal/adapters/web\t(cached)","timestamp":"2026-03-17T17:36:21.940773178Z"}
{"type":"log","step_name":"test","message":"ok  \tgithub.com/cloche-dev/cloche/internal/agent\t(cached)","timestamp":"2026-03-17T17:36:21.940777927Z"}
{"type":"log","step_name":"test","message":"ok  \tgithub.com/cloche-dev/cloche/internal/config\t(cached)","timestamp":"2026-03-17T17:36:21.940782375Z"}
{"type":"log","step_name":"test","message":"ok  \tgithub.com/cloche-dev/cloche/internal/domain\t(cached)","timestamp":"2026-03-17T17:36:21.940786914Z"}
{"type":"log","step_name":"test","message":"ok  \tgithub.com/cloche-dev/cloche/internal/dsl\t(cached)","timestamp":"2026-03-17T17:36:21.940791242Z"}
{"type":"log","step_name":"test","message":"ok  \tgithub.com/cloche-dev/cloche/internal/engine\t(cached)","timestamp":"2026-03-17T17:36:21.94079576Z"}
{"type":"log","step_name":"test","message":"ok  \tgithub.com/cloche-dev/cloche/internal/evolution\t(cached)","timestamp":"2026-03-17T17:36:21.940806641Z"}
{"type":"log","step_name":"test","message":"ok  \tgithub.com/cloche-dev/cloche/internal/host\t(cached)","timestamp":"2026-03-17T17:36:21.940813173Z"}
{"type":"log","step_name":"test","message":"ok  \tgithub.com/cloche-dev/cloche/internal/logstream\t(cached)","timestamp":"2026-03-17T17:36:21.940817532Z"}
{"type":"log","step_name":"test","message":"?   \tgithub.com/cloche-dev/cloche/internal/ports\t[no test files]","timestamp":"2026-03-17T17:36:21.94082213Z"}
{"type":"log","step_name":"test","message":"ok  \tgithub.com/cloche-dev/cloche/internal/protocol\t(cached)","timestamp":"2026-03-17T17:36:21.940826849Z"}
{"type":"log","step_name":"test","message":"ok  \tgithub.com/cloche-dev/cloche/internal/runcontext\t(cached)","timestamp":"2026-03-17T17:36:21.940831398Z"}
{"type":"log","step_name":"test","message":"ok  \tgithub.com/cloche-dev/cloche/internal/version\t(cached)","timestamp":"2026-03-17T17:36:21.940836077Z"}
{"type":"log","step_name":"test","message":"ok  \tgithub.com/cloche-dev/cloche/test/integration\t(cached)","timestamp":"2026-03-17T17:36:21.940840796Z"}
{"type":"step_completed","step_name":"test","result":"success","timestamp":"2026-03-17T17:36:21.989590357Z"}
{"type":"step_started","step_name":"update-docs","timestamp":"2026-03-17T17:36:21.993503174Z"}
{"type":"log","step_name":"update-docs","message":"--- Tool: Read('/workspace/internal/version/VERSION') ---","timestamp":"2026-03-17T17:36:26.216044303Z"}
{"type":"log","step_name":"update-docs","message":"The comment line `# Cloche system version` already exists in `internal/version/VERSION`. No changes needed.","timestamp":"2026-03-17T17:36:28.409159326Z"}
{"type":"log","step_name":"update-docs","timestamp":"2026-03-17T17:36:28.409179554Z"}
{"type":"log","step_name":"update-docs","message":"CLOCHE_RESULT:success","timestamp":"2026-03-17T17:36:28.409183371Z"}
{"type":"log","step_name":"update-docs","message":"The comment line `# Cloche system version` already exists in `internal/version/VERSION`. No changes needed.","timestamp":"2026-03-17T17:36:28.458573786Z"}
{"type":"log","step_name":"update-docs","timestamp":"2026-03-17T17:36:28.458594665Z"}
{"type":"log","step_name":"update-docs","message":"CLOCHE_RESULT:success","timestamp":"2026-03-17T17:36:28.719671917Z"}
{"type":"step_completed","step_name":"update-docs","result":"success","timestamp":"2026-03-17T17:36:28.739163283Z"}
{"type":"run_completed","result":"succeeded","timestamp":"2026-03-17T17:36:28.747658574Z"}
