[
  {
    "id": "cloche-kr0",
    "title": "Web UI logs don't match CLI logs — shows wrong content",
    "description": "Web UI logs do not match CLI logs. Example: develop-crisp-hare's 'implement' step shows success, but the web UI log output shows a 'limit reached' error that didn't actually happen. The CLI logs show the correct implementation output. The web UI is likely serving stale/wrong log data or mixing up log sources.",
    "status": "open",
    "priority": 0,
    "issue_type": "bug",
    "owner": "lucas@perfectlunacy.com",
    "created_at": "2026-03-10T17:03:32.542262403-07:00",
    "created_by": "lucas",
    "updated_at": "2026-03-10T17:03:32.542262403-07:00",
    "labels": [
      "logs",
      "ui"
    ],
    "dependency_count": 0,
    "dependent_count": 0
  }
]
