{"type":"step_started","step_name":"implement","timestamp":"2026-03-08T04:09:34.265459708Z"}
{"type":"log","step_name":"implement","message":"All tests pass. Here's a summary of the changes:","timestamp":"2026-03-08T04:13:30.413878509Z"}
{"type":"log","step_name":"implement","timestamp":"2026-03-08T04:13:30.413917342Z"}
{"type":"log","step_name":"implement","message":"**Routes added:**","timestamp":"2026-03-08T04:13:30.413920298Z"}
{"type":"log","step_name":"implement","message":"- `GET /projects/{name}/runs` — HTML page showing runs filtered by project","timestamp":"2026-03-08T04:13:30.413922672Z"}
{"type":"log","step_name":"implement","message":"- `GET /api/projects/{name}/runs` — JSON API returning runs for a project","timestamp":"2026-03-08T04:13:30.413925177Z"}
{"type":"log","step_name":"implement","timestamp":"2026-03-08T04:13:30.413930878Z"}
{"type":"log","step_name":"implement","message":"**Handlers:**","timestamp":"2026-03-08T04:13:30.413933192Z"}
{"type":"log","step_name":"implement","message":"- `handleProjectRunsList` — resolves project label from URL path, lists runs for that project","timestamp":"2026-03-08T04:13:30.413935406Z"}
{"type":"log","step_name":"implement","message":"- `handleAPIProjectRuns` — same for JSON API","timestamp":"2026-03-08T04:13:30.413940566Z"}
{"type":"log","step_name":"implement","message":"- `handleRunsList` / `handleAPIRuns` — simplified to only list all runs (removed `?project=` query param)","timestamp":"2026-03-08T04:13:30.413945676Z"}
{"type":"log","step_name":"implement","timestamp":"2026-03-08T04:13:30.413950806Z"}
{"type":"log","step_name":"implement","message":"**Templates updated:**","timestamp":"2026-03-08T04:13:30.41395304Z"}
{"type":"log","step_name":"implement","message":"- `runs.html` — dropdown now navigates to `/projects/\u003clabel\u003e/runs`, polling uses `/api/projects/\u003clabel\u003e/runs`","timestamp":"2026-03-08T04:13:30.413955254Z"}
{"type":"log","step_name":"implement","message":"- `projects.html` — \"View Runs\" link changed from `/runs?project=\u003cdir\u003e` to `/projects/\u003clabel\u003e/runs`","timestamp":"2026-03-08T04:13:30.413960544Z"}
{"type":"log","step_name":"implement","message":"- `project_detail.html` — \"View all runs\" link changed similarly","timestamp":"2026-03-08T04:13:30.413965824Z"}
{"type":"log","step_name":"implement","timestamp":"2026-03-08T04:13:30.413968389Z"}
{"type":"log","step_name":"implement","message":"**Tests updated:**","timestamp":"2026-03-08T04:13:30.413970543Z"}
{"type":"log","step_name":"implement","message":"- `TestRunsList_ProjectFilter` — uses `GET /projects/alpha/runs` instead of `GET /runs?project=...`","timestamp":"2026-03-08T04:13:30.413975552Z"}
{"type":"log","step_name":"implement","message":"- `TestAPIRuns_ProjectFilter` — uses `GET /api/projects/alpha/runs` instead of `GET /api/runs?project=...`","timestamp":"2026-03-08T04:13:30.413980702Z"}
{"type":"log","step_name":"implement","timestamp":"2026-03-08T04:13:30.413985882Z"}
{"type":"log","step_name":"implement","message":"CLOCHE_RESULT:success","timestamp":"2026-03-08T04:13:30.676708759Z"}
{"type":"step_completed","step_name":"implement","result":"success","timestamp":"2026-03-08T04:13:30.681334499Z"}
{"type":"step_started","step_name":"test","timestamp":"2026-03-08T04:13:30.681356511Z"}
{"type":"step_completed","step_name":"test","result":"success","timestamp":"2026-03-08T04:13:31.082054361Z"}
{"type":"step_started","step_name":"update-docs","timestamp":"2026-03-08T04:13:31.082098835Z"}
{"type":"log","step_name":"update-docs","message":"All 22 tests pass. The URL structure has already been migrated from `runs?project=...` to `projects/\u003cproject\u003e/runs`:","timestamp":"2026-03-08T04:14:16.060894073Z"}
{"type":"log","step_name":"update-docs","timestamp":"2026-03-08T04:14:16.06091366Z"}
{"type":"log","step_name":"update-docs","message":"- **Route**: `GET /projects/{name}/runs` handles project-filtered runs (handler.go:142)","timestamp":"2026-03-08T04:14:16.060918529Z"}
{"type":"log","step_name":"update-docs","message":"- **JS navigation**: `filterByProject()` navigates to `/projects/\u003clabel\u003e/runs` (runs.html:56)","timestamp":"2026-03-08T04:14:16.060923198Z"}
{"type":"log","step_name":"update-docs","message":"- **Templates**: links use `/projects/{{.Label}}/runs` (projects.html:27, project_detail.html:8)","timestamp":"2026-03-08T04:14:16.060927787Z"}
{"type":"log","step_name":"update-docs","message":"- **API**: `GET /api/projects/{name}/runs` serves filtered JSON (handler.go:145)","timestamp":"2026-03-08T04:14:16.060932385Z"}
{"type":"log","step_name":"update-docs","message":"- **Tests**: `TestRunsList_ProjectFilter` and `TestAPIRuns_ProjectFilter` verify the new URL pattern","timestamp":"2026-03-08T04:14:16.060936794Z"}
{"type":"log","step_name":"update-docs","timestamp":"2026-03-08T04:14:16.060943927Z"}
{"type":"log","step_name":"update-docs","message":"No `runs?project=` query parameter handling exists in the current code.","timestamp":"2026-03-08T04:14:16.060948155Z"}
{"type":"log","step_name":"update-docs","timestamp":"2026-03-08T04:14:16.060952383Z"}
{"type":"log","step_name":"update-docs","message":"CLOCHE_RESULT:success","timestamp":"2026-03-08T04:14:16.464340204Z"}
{"type":"step_completed","step_name":"update-docs","result":"success","timestamp":"2026-03-08T04:14:16.466846724Z"}
{"type":"run_completed","result":"succeeded","timestamp":"2026-03-08T04:14:16.466968505Z"}
