{"type":"step_started","step_name":"implement","timestamp":"2026-03-09T01:16:00.145036706Z"}
{"type":"log","step_name":"implement","message":"Build succeeds and all tests pass.","timestamp":"2026-03-09T01:17:15.954288111Z"}
{"type":"log","step_name":"implement","timestamp":"2026-03-09T01:17:15.954338957Z"}
{"type":"log","step_name":"implement","message":"**Summary of changes:**","timestamp":"2026-03-09T01:17:15.954343306Z"}
{"type":"log","step_name":"implement","timestamp":"2026-03-09T01:17:15.954354357Z"}
{"type":"log","step_name":"implement","message":"1. **`handler.go`**: Added `Content` field to `promptFile` struct and populated it by reading the actual file contents from disk.","timestamp":"2026-03-09T01:17:15.954357903Z"}
{"type":"log","step_name":"implement","timestamp":"2026-03-09T01:17:15.954365307Z"}
{"type":"log","step_name":"implement","message":"2. **`project_detail.html`**: Changed the `\u003cdetails\u003e` expansion to render `pf.content` in a `\u003cpre\u003e` block instead of iterating over `pf.history` (git commits).","timestamp":"2026-03-09T01:17:15.954368864Z"}
{"type":"log","step_name":"implement","timestamp":"2026-03-09T01:17:15.954382289Z"}
{"type":"log","step_name":"implement","message":"CLOCHE_RESULT:success","timestamp":"2026-03-09T01:17:16.27515465Z"}
{"type":"step_completed","step_name":"implement","result":"success","timestamp":"2026-03-09T01:17:16.277813093Z"}
{"type":"step_started","step_name":"test","timestamp":"2026-03-09T01:17:16.27784313Z"}
{"type":"step_completed","step_name":"test","result":"success","timestamp":"2026-03-09T01:17:26.75945317Z"}
{"type":"step_started","step_name":"update-docs","timestamp":"2026-03-09T01:17:26.759482866Z"}
{"type":"log","step_name":"update-docs","message":"The fix is complete and correct:","timestamp":"2026-03-09T01:20:34.024638181Z"}
{"type":"log","step_name":"update-docs","timestamp":"2026-03-09T01:20:34.024682174Z"}
{"type":"log","step_name":"update-docs","message":"1. **handler.go**: Added `Content` field to `promptFile` struct (line 978) and reads actual file content via `os.ReadFile` (lines 1016-1019), now included in the API response alongside the git history.","timestamp":"2026-03-09T01:20:34.024686542Z"}
{"type":"log","step_name":"update-docs","timestamp":"2026-03-09T01:20:34.02469067Z"}
{"type":"log","step_name":"update-docs","message":"2. **project_detail.html**: The `\u003cdetails\u003e` expansion now renders `pf.content` in a `\u003cpre\u003e` block instead of iterating `pf.history` to show git commits.","timestamp":"2026-03-09T01:20:34.024693976Z"}
{"type":"log","step_name":"update-docs","timestamp":"2026-03-09T01:20:34.024698685Z"}
{"type":"log","step_name":"update-docs","message":"The indentation issue has been fixed, code builds cleanly, and all tests pass.","timestamp":"2026-03-09T01:20:34.024702121Z"}
{"type":"log","step_name":"update-docs","timestamp":"2026-03-09T01:20:34.02470646Z"}
{"type":"log","step_name":"update-docs","message":"CLOCHE_RESULT:success","timestamp":"2026-03-09T01:20:34.306972184Z"}
{"type":"step_completed","step_name":"update-docs","result":"success","timestamp":"2026-03-09T01:20:34.309365187Z"}
{"type":"run_completed","result":"succeeded","timestamp":"2026-03-09T01:20:34.309437122Z"}
