{"type":"run_title","message":"Task: V2: gRPC API — task-oriented RPCs","timestamp":"2026-03-18T19:04:34.879491907Z"}
{"type":"step_started","step_name":"implement","timestamp":"2026-03-18T19:04:34.879717293Z"}
{"type":"log","step_name":"implement","message":"--- Tool: Agent('Explore the gRPC-related code in this project thoroughly....') ---","timestamp":"2026-03-18T19:04:59.944198013Z"}
{"type":"log","step_name":"implement","message":"--- Tool: Glob('**/*.proto') ---","timestamp":"2026-03-18T19:05:01.343439174Z"}
{"type":"log","step_name":"implement","message":"--- Tool: Glob('**/grpc/**') ---","timestamp":"2026-03-18T19:05:01.543303683Z"}
{"type":"log","step_name":"implement","message":"--- Tool: Glob('**/ports/**') ---","timestamp":"2026-03-18T19:05:01.562266676Z"}
{"type":"log","step_name":"implement","message":"--- Tool: Glob('**/domain/**') ---","timestamp":"2026-03-18T19:05:01.775495098Z"}
{"type":"log","step_name":"implement","message":"--- Tool: Bash('find /workspace -type f -name \"*.go\" | grep -E \"(grpc|rpc...') ---","timestamp":"2026-03-18T19:05:01.936915312Z"}
{"type":"log","step_name":"implement","message":"--- Tool: Glob('**/*.proto') ---","timestamp":"2026-03-18T19:05:04.825839444Z"}
{"type":"log","step_name":"implement","message":"--- Tool: Glob('internal/adapters/grpc/**/*.go') ---","timestamp":"2026-03-18T19:05:05.224447652Z"}
{"type":"log","step_name":"implement","message":"--- Tool: Glob('internal/domain/**/*.go') ---","timestamp":"2026-03-18T19:05:05.558669945Z"}
{"type":"log","step_name":"implement","message":"--- Tool: Glob('internal/ports/**/*.go') ---","timestamp":"2026-03-18T19:05:05.591843081Z"}
{"type":"log","step_name":"implement","message":"--- Tool: Read('/workspace/api/proto/cloche/v1/cloche.proto') ---","timestamp":"2026-03-18T19:05:08.605062786Z"}
{"type":"log","step_name":"implement","message":"--- Tool: Read('/workspace/internal/adapters/grpc/server.go') ---","timestamp":"2026-03-18T19:05:09.091021469Z"}
{"type":"log","step_name":"implement","message":"--- Tool: Read('/workspace/internal/domain/task.go') ---","timestamp":"2026-03-18T19:05:09.557195505Z"}
{"type":"log","step_name":"implement","message":"--- Tool: Read('/workspace/internal/domain/attempt.go') ---","timestamp":"2026-03-18T19:05:09.976097842Z"}
{"type":"log","step_name":"implement","message":"--- Tool: Read('/workspace/internal/domain/run.go') ---","timestamp":"2026-03-18T19:05:09.987724099Z"}
{"type":"log","step_name":"implement","message":"--- Tool: Read('/workspace/internal/ports/store.go') ---","timestamp":"2026-03-18T19:05:10.320240496Z"}
{"type":"step_completed","step_name":"implement","result":"success","timestamp":"2026-03-18T19:05:13.531920932Z"}
{"type":"step_started","step_name":"test","timestamp":"2026-03-18T19:05:13.54163314Z"}
{"type":"log","step_name":"test","message":"go: downloading google.golang.org/grpc v1.79.1","timestamp":"2026-03-18T19:05:13.679969748Z"}
{"type":"log","step_name":"test","message":"go: downloading google.golang.org/protobuf v1.36.11","timestamp":"2026-03-18T19:05:13.680114472Z"}
{"type":"log","step_name":"test","message":"go: downloading github.com/stretchr/testify v1.11.1","timestamp":"2026-03-18T19:05:13.680465235Z"}
{"type":"log","step_name":"test","message":"go: downloading github.com/BurntSushi/toml v1.6.0","timestamp":"2026-03-18T19:05:13.690247295Z"}
{"type":"log","step_name":"test","message":"go: downloading modernc.org/sqlite v1.46.1","timestamp":"2026-03-18T19:05:13.693014809Z"}
{"type":"log","step_name":"test","message":"go: downloading gopkg.in/yaml.v3 v3.0.1","timestamp":"2026-03-18T19:05:18.852016194Z"}
{"type":"log","step_name":"test","message":"go: downloading github.com/davecgh/go-spew v1.1.1","timestamp":"2026-03-18T19:05:18.852047723Z"}
{"type":"log","step_name":"test","message":"go: downloading github.com/pmezard/go-difflib v1.0.0","timestamp":"2026-03-18T19:05:18.852056781Z"}
{"type":"log","step_name":"test","message":"go: downloading golang.org/x/sys v0.39.0","timestamp":"2026-03-18T19:05:19.361001483Z"}
{"type":"log","step_name":"test","message":"go: downloading golang.org/x/net v0.48.0","timestamp":"2026-03-18T19:05:19.361090731Z"}
{"type":"log","step_name":"test","message":"go: downloading google.golang.org/genproto/googleapis/rpc v0.0.0-20251202230838-ff82c1b0f217","timestamp":"2026-03-18T19:05:19.361461683Z"}
{"type":"log","step_name":"test","message":"go: downloading golang.org/x/text v0.32.0","timestamp":"2026-03-18T19:05:19.697385242Z"}
{"type":"log","step_name":"test","message":"go: downloading modernc.org/libc v1.67.6","timestamp":"2026-03-18T19:05:26.595463623Z"}
{"type":"log","step_name":"test","message":"go: downloading modernc.org/memory v1.11.0","timestamp":"2026-03-18T19:05:28.422455427Z"}
{"type":"log","step_name":"test","message":"go: downloading github.com/dustin/go-humanize v1.0.1","timestamp":"2026-03-18T19:05:28.422486045Z"}
{"type":"log","step_name":"test","message":"go: downloading golang.org/x/exp v0.0.0-20251023183803-a4bb9ffd2546","timestamp":"2026-03-18T19:05:28.422509238Z"}
{"type":"log","step_name":"test","message":"go: downloading modernc.org/mathutil v1.7.1","timestamp":"2026-03-18T19:05:28.422513567Z"}
{"type":"log","step_name":"test","message":"go: downloading github.com/google/uuid v1.6.0","timestamp":"2026-03-18T19:05:28.422517223Z"}
{"type":"log","step_name":"test","message":"go: downloading github.com/remyoudompheng/bigfft v0.0.0-20230129092748-24d4a6f8daec","timestamp":"2026-03-18T19:05:28.474712924Z"}
{"type":"log","step_name":"test","message":"?   \tgithub.com/cloche-dev/cloche/api/clochepb\t[no test files]","timestamp":"2026-03-18T19:05:38.466427973Z"}
{"type":"log","step_name":"test","message":"ok  \tgithub.com/cloche-dev/cloche/cmd/cloche\t10.039s","timestamp":"2026-03-18T19:05:49.167965176Z"}
{"type":"log","step_name":"test","message":"?   \tgithub.com/cloche-dev/cloche/cmd/cloche-agent\t[no test files]","timestamp":"2026-03-18T19:05:49.16798825Z"}
{"type":"log","step_name":"test","message":"?   \tgithub.com/cloche-dev/cloche/cmd/cloched\t[no test files]","timestamp":"2026-03-18T19:05:49.167992668Z"}
{"type":"log","step_name":"test","message":"ok  \tgithub.com/cloche-dev/cloche/internal/adapters/agents/generic\t0.018s","timestamp":"2026-03-18T19:05:49.167996445Z"}
{"type":"log","step_name":"test","message":"ok  \tgithub.com/cloche-dev/cloche/internal/adapters/agents/prompt\t0.036s","timestamp":"2026-03-18T19:05:49.168000102Z"}
{"type":"log","step_name":"test","message":"ok  \tgithub.com/cloche-dev/cloche/internal/adapters/docker\t0.005s","timestamp":"2026-03-18T19:05:49.168005853Z"}
{"type":"log","step_name":"test","message":"ok  \tgithub.com/cloche-dev/cloche/internal/adapters/grpc\t4.845s","timestamp":"2026-03-18T19:05:51.932054509Z"}
{"type":"log","step_name":"test","message":"ok  \tgithub.com/cloche-dev/cloche/internal/adapters/local\t0.007s","timestamp":"2026-03-18T19:05:51.932082893Z"}
{"type":"log","step_name":"test","message":"ok  \tgithub.com/cloche-dev/cloche/internal/adapters/sqlite\t0.465s","timestamp":"2026-03-18T19:05:51.932087822Z"}
{"type":"log","step_name":"test","message":"ok  \tgithub.com/cloche-dev/cloche/internal/adapters/web\t0.791s","timestamp":"2026-03-18T19:05:51.93209186Z"}
{"type":"log","step_name":"test","message":"ok  \tgithub.com/cloche-dev/cloche/internal/agent\t0.449s","timestamp":"2026-03-18T19:05:51.932095707Z"}
{"type":"log","step_name":"test","message":"ok  \tgithub.com/cloche-dev/cloche/internal/config\t0.010s","timestamp":"2026-03-18T19:05:51.932102209Z"}
{"type":"log","step_name":"test","message":"ok  \tgithub.com/cloche-dev/cloche/internal/domain\t0.005s","timestamp":"2026-03-18T19:05:51.932106117Z"}
{"type":"log","step_name":"test","message":"ok  \tgithub.com/cloche-dev/cloche/internal/dsl\t0.005s","timestamp":"2026-03-18T19:05:51.932109834Z"}
{"type":"log","step_name":"test","message":"ok  \tgithub.com/cloche-dev/cloche/internal/engine\t0.205s","timestamp":"2026-03-18T19:05:51.932113441Z"}
{"type":"log","step_name":"test","message":"ok  \tgithub.com/cloche-dev/cloche/internal/evolution\t9.100s","timestamp":"2026-03-18T19:05:56.306949211Z"}
{"type":"log","step_name":"test","message":"ok  \tgithub.com/cloche-dev/cloche/internal/host\t18.969s","timestamp":"2026-03-18T19:06:06.177114528Z"}
{"type":"log","step_name":"test","message":"ok  \tgithub.com/cloche-dev/cloche/internal/logstream\t0.068s","timestamp":"2026-03-18T19:06:06.177137372Z"}
{"type":"log","step_name":"test","message":"?   \tgithub.com/cloche-dev/cloche/internal/ports\t[no test files]","timestamp":"2026-03-18T19:06:06.177139686Z"}
{"type":"log","step_name":"test","message":"ok  \tgithub.com/cloche-dev/cloche/internal/protocol\t0.003s","timestamp":"2026-03-18T19:06:06.17714166Z"}
{"type":"log","step_name":"test","message":"ok  \tgithub.com/cloche-dev/cloche/internal/runcontext\t0.006s","timestamp":"2026-03-18T19:06:06.177143844Z"}
{"type":"log","step_name":"test","message":"ok  \tgithub.com/cloche-dev/cloche/internal/version\t0.002s","timestamp":"2026-03-18T19:06:06.177147431Z"}
{"type":"log","step_name":"test","message":"ok  \tgithub.com/cloche-dev/cloche/test/integration\t0.048s","timestamp":"2026-03-18T19:06:06.177149364Z"}
{"type":"step_completed","step_name":"test","result":"success","timestamp":"2026-03-18T19:06:06.377185255Z"}
{"type":"step_started","step_name":"update-docs","timestamp":"2026-03-18T19:06:06.382928076Z"}
{"type":"log","step_name":"update-docs","message":"--- Tool: Agent('Find and read the gRPC proto definitions and any document...') ---","timestamp":"2026-03-18T19:06:27.966991017Z"}
{"type":"log","step_name":"update-docs","message":"--- Tool: Glob('docs/**/*.md') ---","timestamp":"2026-03-18T19:06:28.357221142Z"}
{"type":"log","step_name":"update-docs","message":"--- Tool: Glob('**/*.proto') ---","timestamp":"2026-03-18T19:06:32.792830149Z"}
{"type":"log","step_name":"update-docs","message":"--- Tool: Glob('docs/**') ---","timestamp":"2026-03-18T19:06:32.802328832Z"}
{"type":"log","step_name":"update-docs","message":"--- Tool: Bash('find /workspace/cmd/cloche -type f -name \"*.go\" | head -20') ---","timestamp":"2026-03-18T19:06:33.02433009Z"}
{"type":"log","step_name":"update-docs","message":"--- Tool: Glob('**/*.proto') ---","timestamp":"2026-03-18T19:06:36.940975352Z"}
{"type":"log","step_name":"update-docs","message":"--- Tool: Read('/workspace/docs/USAGE.md') ---","timestamp":"2026-03-18T19:06:37.437647056Z"}
{"type":"log","step_name":"update-docs","message":"--- Tool: Read('/workspace/docs/plans/2026-03-18-task-oriented-apis-desig...') ---","timestamp":"2026-03-18T19:06:37.665221574Z"}
{"type":"log","step_name":"update-docs","message":"--- Tool: Read('/workspace/api/proto/cloche/v1/cloche.proto') ---","timestamp":"2026-03-18T19:06:45.000734226Z"}
{"type":"log","step_name":"update-docs","message":"--- Tool: Grep('ListTasks|GetTask|GetAttempt|RunWorkflow|task_id|attempt_id') ---","timestamp":"2026-03-18T19:06:45.89185045Z"}
{"type":"log","step_name":"update-docs","message":"Let me check the actual implementation to see what's been changed.","timestamp":"2026-03-18T19:06:51.699928905Z"}
{"type":"log","step_name":"update-docs","message":"--- Tool: Read('/workspace/internal/adapters/grpc/server.go') ---","timestamp":"2026-03-18T19:06:52.219464454Z"}
{"type":"log","step_name":"update-docs","message":"--- Tool: Grep('func.*ListTasks|func.*GetTask|func.*GetAttempt|func.*RunW...') ---","timestamp":"2026-03-18T19:06:53.252262979Z"}
{"type":"step_completed","step_name":"update-docs","result":"success","timestamp":"2026-03-18T19:06:55.199435063Z"}
{"type":"run_completed","result":"succeeded","timestamp":"2026-03-18T19:06:55.208508436Z"}
