{"type":"step_started","step_name":"implement","timestamp":"2026-03-09T23:44:34.386034037Z"}
{"type":"log","step_name":"implement","message":"All tests pass.","timestamp":"2026-03-09T23:47:17.245281405Z"}
{"type":"log","step_name":"implement","timestamp":"2026-03-09T23:47:17.245325849Z"}
{"type":"log","step_name":"implement","message":"## Summary","timestamp":"2026-03-09T23:47:17.245330188Z"}
{"type":"log","step_name":"implement","timestamp":"2026-03-09T23:47:17.245333965Z"}
{"type":"log","step_name":"implement","message":"The problem was in `run_detail.html` — the `poll()` function (which runs every 2 seconds for active runs) replaced the entire steps table body via `tbody.innerHTML = html`, destroying all accordion state.","timestamp":"2026-03-09T23:47:17.245337311Z"}
{"type":"log","step_name":"implement","timestamp":"2026-03-09T23:47:17.245358151Z"}
{"type":"log","step_name":"implement","message":"**Fix in `internal/adapters/web/templates/run_detail.html`:**","timestamp":"2026-03-09T23:47:17.245361587Z"}
{"type":"log","step_name":"implement","timestamp":"2026-03-09T23:47:17.245372658Z"}
{"type":"log","step_name":"implement","message":"1. **Before DOM rebuild**: Capture which accordion output rows are visible (`openAccordions`) and their loaded content (`loadedOutputs`)","timestamp":"2026-03-09T23:47:17.245376265Z"}
{"type":"log","step_name":"implement","message":"2. **During rebuild**: Set `display` style based on saved state (open accordions stay open)","timestamp":"2026-03-09T23:47:17.245383759Z"}
{"type":"log","step_name":"implement","message":"3. **After rebuild**: Restore cached output text to avoid re-fetching already-loaded content. For accordions that were open but still loading, re-trigger the fetch.","timestamp":"2026-03-09T23:47:17.245391233Z"}
{"type":"log","step_name":"implement","timestamp":"2026-03-09T23:47:17.245398998Z"}
{"type":"log","step_name":"implement","message":"The SSE log viewer (`appendLogLine`) was already fine — it appends incrementally without re-rendering. The scroll position preservation for the main log viewer was also already implemented. The issue was solely in the polling-based steps table update.","timestamp":"2026-03-09T23:47:17.245404508Z"}
{"type":"log","step_name":"implement","timestamp":"2026-03-09T23:47:17.245412223Z"}
{"type":"log","step_name":"implement","message":"CLOCHE_RESULT:success","timestamp":"2026-03-09T23:47:17.484461107Z"}
{"type":"step_completed","step_name":"implement","result":"success","timestamp":"2026-03-09T23:47:17.487433906Z"}
{"type":"step_started","step_name":"test","timestamp":"2026-03-09T23:47:17.487461438Z"}
{"type":"step_completed","step_name":"test","result":"success","timestamp":"2026-03-09T23:47:17.872244439Z"}
{"type":"step_started","step_name":"update-docs","timestamp":"2026-03-09T23:47:17.872273764Z"}
{"type":"log","step_name":"update-docs","message":"The documentation references SSE and the run detail page at a high level (design docs), but doesn't document specific accordion behavior or state preservation. The changes here are a UI implementation detail (JavaScript accordion state preservation during SSE updates) that doesn't contradict any existing documentation.","timestamp":"2026-03-09T23:47:48.875148645Z"}
{"type":"log","step_name":"update-docs","timestamp":"2026-03-09T23:47:48.875192729Z"}
{"type":"log","step_name":"update-docs","message":"No documentation updates are needed — the existing docs describe SSE log streaming at an appropriate level of abstraction, and the accordion state preservation is an internal implementation detail not documented in any current doc.","timestamp":"2026-03-09T23:47:48.875197668Z"}
{"type":"log","step_name":"update-docs","timestamp":"2026-03-09T23:47:48.875202678Z"}
{"type":"log","step_name":"update-docs","message":"CLOCHE_RESULT:success","timestamp":"2026-03-09T23:47:49.179623569Z"}
{"type":"step_completed","step_name":"update-docs","result":"success","timestamp":"2026-03-09T23:47:49.180987768Z"}
{"type":"run_completed","result":"succeeded","timestamp":"2026-03-09T23:47:49.18105225Z"}
