{"type":"step_started","step_name":"implement","timestamp":"2026-03-09T15:12:20.921178595Z"}
{"type":"log","step_name":"implement","message":"The fix:","timestamp":"2026-03-09T15:13:54.521378197Z"}
{"type":"log","step_name":"implement","timestamp":"2026-03-09T15:13:54.521403335Z"}
{"type":"log","step_name":"implement","message":"1. **Backend** (`handler.go`): Added a `content` field to the prompt file API response that reads the actual file contents from disk.","timestamp":"2026-03-09T15:13:54.521405649Z"}
{"type":"log","step_name":"implement","message":"2. **Frontend** (`project_detail.html`): Changed the `\u003cdetails\u003e` expansion to render the file content in a `\u003cpre\u003e` block instead of listing git commit history entries.","timestamp":"2026-03-09T15:13:54.521415047Z"}
{"type":"log","step_name":"implement","message":"3. Removed the now-unused `toggleDiff` function.","timestamp":"2026-03-09T15:13:54.52142202Z"}
{"type":"log","step_name":"implement","timestamp":"2026-03-09T15:13:54.521424134Z"}
{"type":"log","step_name":"implement","message":"CLOCHE_RESULT:success","timestamp":"2026-03-09T15:13:54.78989068Z"}
{"type":"step_completed","step_name":"implement","result":"success","timestamp":"2026-03-09T15:13:54.79207631Z"}
{"type":"step_started","step_name":"test","timestamp":"2026-03-09T15:13:54.792097329Z"}
{"type":"step_completed","step_name":"test","result":"success","timestamp":"2026-03-09T15:14:11.874828132Z"}
{"type":"step_started","step_name":"update-docs","timestamp":"2026-03-09T15:14:11.874850374Z"}
{"type":"log","step_name":"update-docs","message":"Build and tests pass. The fix addresses two parts:","timestamp":"2026-03-09T15:16:18.03551597Z"}
{"type":"log","step_name":"update-docs","timestamp":"2026-03-09T15:16:18.035566997Z"}
{"type":"log","step_name":"update-docs","message":"1. **Backend** (`handler.go`): The `promptFile` struct was missing the `Content` field. It only had `Path` and `History`. Now it includes `Content string` and reads the actual file contents via `os.ReadFile`.","timestamp":"2026-03-09T15:16:18.035572477Z"}
{"type":"log","step_name":"update-docs","timestamp":"2026-03-09T15:16:18.035580061Z"}
{"type":"log","step_name":"update-docs","message":"2. **Frontend** (`project_detail.html`): The expansion was rendering `pf.history` (git commit list). Now it renders `pf.content` (actual file contents) in a `\u003cpre\u003e` block.","timestamp":"2026-03-09T15:16:18.03558455Z"}
{"type":"log","step_name":"update-docs","timestamp":"2026-03-09T15:16:18.035590561Z"}
{"type":"log","step_name":"update-docs","message":"CLOCHE_RESULT:success","timestamp":"2026-03-09T15:16:18.632618046Z"}
{"type":"step_completed","step_name":"update-docs","result":"success","timestamp":"2026-03-09T15:16:18.648599482Z"}
{"type":"run_completed","result":"succeeded","timestamp":"2026-03-09T15:16:18.64868332Z"}
