All tests pass and `go vet` is clean. Here's a summary of the changes:

## Summary

### Problem
Container images could become stale if the project Dockerfile (`.cloche/Dockerfile`) changed after the last build, causing workflow runs to use outdated images.

### Solution
Added automatic staleness detection and rebuild in the daemon's `RunWorkflow` handler. Before launching a container, the daemon now:

1. Reads `.cloche/Dockerfile` and computes its SHA-256 hash
2. Compares against the stored hash from the last successful build
3. If different (or no stored hash), runs `docker build` to rebuild the image
4. Stores the new hash for future comparisons

### Files Modified

| File | Change |
|------|--------|
| `internal/ports/container.go` | Added `BuildImage(ctx, image, dockerfilePath, contextDir)` to `ContainerRuntime` interface |
| `internal/ports/store.go` | Added `BuildHashStore` interface with `GetBuildHash`/`SaveBuildHash` |
| `internal/adapters/docker/runtime.go` | Implemented `BuildImage` using `docker build -t <image> -f <dockerfile> <context>` |
| `internal/adapters/local/runtime.go` | Implemented `BuildImage` as no-op |
| `internal/adapters/sqlite/store.go` | Added `build_hashes` table (migration), implemented `GetBuildHash`/`SaveBuildHash` with upsert |
| `internal/adapters/grpc/server.go` | Added `ensureImage()` method called from `RunWorkflow`, `buildHashes` field, `SetBuildHashes()` setter |
| `cmd/cloched/main.go` | Wired `BuildHashStore` into server via `SetBuildHashes(store)` |

### Tests Added

- **`TestStore_BuildHash`** — SQLite store: save, retrieve, upsert, and cross-project isolation
- **`TestServer_EnsureImage_RebuildOnNewDockerfile`** — First build triggers rebuild (no stored hash)
- **`TestServer_EnsureImage_SkipWhenUpToDate`** — No rebuild when hash matches
- **`TestServer_EnsureImage_RebuildOnChange`** — Rebuild triggered when Dockerfile content changes, hash updated
- **`TestServer_EnsureImage_NoDockerfile`** — No rebuild when no `.cloche/Dockerfile` exists

CLOCHE_RESULT:success
