{"type":"step_started","step_name":"implement","timestamp":"2026-03-08T03:56:46.299742554Z"}
{"type":"log","step_name":"implement","message":"All good. Here's a summary of the fix:","timestamp":"2026-03-08T03:59:21.877771399Z"}
{"type":"log","step_name":"implement","timestamp":"2026-03-08T03:59:21.877807427Z"}
{"type":"log","step_name":"implement","message":"**Root cause:** The DSL parser stores prompt/script values in their raw syntax form, e.g. `file(\".cloche/prompts/implement.md\")`. The `handleAPIStepContent` handler was using this raw value directly as a file path, so `os.ReadFile` was looking for a file literally named `file(\".cloche/prompts/implement.md\")` — which doesn't exist.","timestamp":"2026-03-08T03:59:21.877810523Z"}
{"type":"log","step_name":"implement","timestamp":"2026-03-08T03:59:21.877836231Z"}
{"type":"log","step_name":"implement","message":"**Fix (two parts):**","timestamp":"2026-03-08T03:59:21.877838996Z"}
{"type":"log","step_name":"implement","timestamp":"2026-03-08T03:59:21.877844597Z"}
{"type":"log","step_name":"implement","message":"1. **`handleAPIStepContent`** (`handler.go:1177`): Extract the actual path from `file(\"...\")` wrapper before reading the file, for both `prompt` and `script` config values.","timestamp":"2026-03-08T03:59:21.877846951Z"}
{"type":"log","step_name":"implement","timestamp":"2026-03-08T03:59:21.877852542Z"}
{"type":"log","step_name":"implement","message":"2. **`handleAPIWorkflows`** (`handler.go:1104`): Strip the `file(\"...\")` wrapper from config values sent to the frontend, so the drawer metadata shows clean paths like `.cloche/prompts/implement.md` instead of `file(\".cloche/prompts/implement.md\")`.","timestamp":"2026-03-08T03:59:21.877854826Z"}
{"type":"log","step_name":"implement","timestamp":"2026-03-08T03:59:21.877857852Z"}
{"type":"log","step_name":"implement","message":"CLOCHE_RESULT:success","timestamp":"2026-03-08T03:59:22.210395766Z"}
{"type":"step_completed","step_name":"implement","result":"success","timestamp":"2026-03-08T03:59:22.212942559Z"}
{"type":"step_started","step_name":"test","timestamp":"2026-03-08T03:59:22.212965652Z"}
{"type":"step_completed","step_name":"test","result":"success","timestamp":"2026-03-08T03:59:39.067182113Z"}
{"type":"step_started","step_name":"update-docs","timestamp":"2026-03-08T03:59:39.067206459Z"}
{"type":"log","step_name":"update-docs","message":"All tests pass. Here's a summary of the two bugs fixed in `handleAPIStepContent`:","timestamp":"2026-03-08T04:02:56.181665514Z"}
{"type":"log","step_name":"update-docs","timestamp":"2026-03-08T04:02:56.181694509Z"}
{"type":"log","step_name":"update-docs","message":"1. **Wrong config keys for script steps**: The handler was looking for `step.Config[\"command\"]` and `step.Config[\"script\"]`, but the DSL uses `\"run\"` as the config key. Script steps like `run = \"go test ./...\"` would never match, returning 404 instead of showing the command content.","timestamp":"2026-03-08T04:02:56.181697364Z"}
{"type":"log","step_name":"update-docs","timestamp":"2026-03-08T04:02:56.181702894Z"}
{"type":"log","step_name":"update-docs","message":"2. **Missing fallback for inline prompt text**: When a prompt value wasn't a file reference (or the file read failed), the handler fell through to the 404 error instead of writing the prompt text as inline content.","timestamp":"2026-03-08T04:02:56.181705249Z"}
{"type":"log","step_name":"update-docs","timestamp":"2026-03-08T04:02:56.181708495Z"}
{"type":"log","step_name":"update-docs","message":"CLOCHE_RESULT:success","timestamp":"2026-03-08T04:02:56.531359637Z"}
{"type":"step_completed","step_name":"update-docs","result":"success","timestamp":"2026-03-08T04:02:56.547907092Z"}
{"type":"run_completed","result":"succeeded","timestamp":"2026-03-08T04:02:56.547966574Z"}
