{"type":"step_started","step_name":"implement","timestamp":"2026-03-08T04:13:02.903754374Z"}
{"type":"log","step_name":"implement","message":"The fix is complete. Here's what was changed:","timestamp":"2026-03-08T04:15:05.121102458Z"}
{"type":"log","step_name":"implement","timestamp":"2026-03-08T04:15:05.121148726Z"}
{"type":"log","step_name":"implement","message":"**Backend** (`internal/adapters/web/handler.go`):","timestamp":"2026-03-08T04:15:05.121154697Z"}
{"type":"log","step_name":"implement","message":"- Added new route `GET /api/projects/{name}/info/prompt-content`","timestamp":"2026-03-08T04:15:05.121159496Z"}
{"type":"log","step_name":"implement","message":"- Added `handleAPIPromptContent` handler that reads and returns the actual file content of a prompt file, with path sanitization to prevent directory traversal","timestamp":"2026-03-08T04:15:05.121169285Z"}
{"type":"log","step_name":"implement","timestamp":"2026-03-08T04:15:05.121179334Z"}
{"type":"log","step_name":"implement","message":"**Frontend** (`internal/adapters/web/templates/project_detail.html`):","timestamp":"2026-03-08T04:15:05.121184113Z"}
{"type":"log","step_name":"implement","message":"- Expanding a prompt file's `\u003cdetails\u003e` now loads and displays the **file content** via the new endpoint","timestamp":"2026-03-08T04:15:05.12119833Z"}
{"type":"log","step_name":"implement","message":"- Git history is moved into a nested `\u003cdetails\u003e` labeled \"Git History (N commits)\" — still accessible but no longer the primary content","timestamp":"2026-03-08T04:15:05.121204071Z"}
{"type":"log","step_name":"implement","message":"- Content is lazy-loaded on first expand and cached (won't re-fetch on subsequent toggles)","timestamp":"2026-03-08T04:15:05.121209711Z"}
{"type":"log","step_name":"implement","timestamp":"2026-03-08T04:15:05.121214841Z"}
{"type":"log","step_name":"implement","message":"CLOCHE_RESULT:success","timestamp":"2026-03-08T04:15:05.378976295Z"}
{"type":"step_completed","step_name":"implement","result":"success","timestamp":"2026-03-08T04:15:05.383632121Z"}
{"type":"step_started","step_name":"test","timestamp":"2026-03-08T04:15:05.383652319Z"}
{"type":"step_completed","step_name":"test","result":"success","timestamp":"2026-03-08T04:15:20.102709185Z"}
{"type":"step_started","step_name":"update-docs","timestamp":"2026-03-08T04:15:20.102735545Z"}
{"type":"log","step_name":"update-docs","message":"The fix compiles and tests pass. The changes in the working tree correctly address the bug:","timestamp":"2026-03-08T04:19:16.585634Z"}
{"type":"log","step_name":"update-docs","timestamp":"2026-03-08T04:19:16.585683353Z"}
{"type":"log","step_name":"update-docs","message":"1. **Template (`project_detail.html`)**: Added a `prompt-content-area` div that lazy-loads actual file content when a prompt file `\u003cdetails\u003e` is expanded. Git history is now wrapped in its own nested `\u003cdetails\u003e` element so it's collapsed by default instead of being the first thing shown.","timestamp":"2026-03-08T04:19:16.585688803Z"}
{"type":"log","step_name":"update-docs","timestamp":"2026-03-08T04:19:16.585699754Z"}
{"type":"log","step_name":"update-docs","message":"2. **Handler (`handler.go`)**: Added the `handleAPIPromptContent` endpoint and its route registration to serve prompt file contents from disk.","timestamp":"2026-03-08T04:19:16.585704082Z"}
{"type":"log","step_name":"update-docs","timestamp":"2026-03-08T04:19:16.585709643Z"}
{"type":"log","step_name":"update-docs","message":"CLOCHE_RESULT:success","timestamp":"2026-03-08T04:19:16.898703598Z"}
{"type":"step_completed","step_name":"update-docs","result":"success","timestamp":"2026-03-08T04:19:16.901162478Z"}
{"type":"run_completed","result":"succeeded","timestamp":"2026-03-08T04:19:16.901252819Z"}
