{"type":"run_title","message":"Task: Remove old 'cloche orchestrate' command","timestamp":"2026-03-10T15:51:40.930291661Z"}
{"type":"step_started","step_name":"implement","timestamp":"2026-03-10T15:51:40.930484356Z"}
{"type":"log","step_name":"implement","message":"All changes are complete. Here's a summary of what was removed/changed:","timestamp":"2026-03-10T15:55:37.285430101Z"}
{"type":"log","step_name":"implement","timestamp":"2026-03-10T15:55:37.285468123Z"}
{"type":"log","step_name":"implement","message":"**Removed:**","timestamp":"2026-03-10T15:55:37.285470718Z"}
{"type":"log","step_name":"implement","message":"- `cloche orchestrate` CLI command and `cmdOrchestrate` function from `cmd/cloche/main.go`","timestamp":"2026-03-10T15:55:37.285472882Z"}
{"type":"log","step_name":"implement","message":"- `Orchestrate` RPC from proto definition (`api/proto/cloche/v1/cloche.proto`)","timestamp":"2026-03-10T15:55:37.28547738Z"}
{"type":"log","step_name":"implement","message":"- `OrchestrateRequest`/`OrchestrateResponse` messages from proto","timestamp":"2026-03-10T15:55:37.285482069Z"}
{"type":"log","step_name":"implement","message":"- `Orchestrate` server handler from `internal/adapters/grpc/server.go`","timestamp":"2026-03-10T15:55:37.285486648Z"}
{"type":"log","step_name":"implement","message":"- All Orchestrate-related code from generated `cloche_grpc.pb.go`","timestamp":"2026-03-10T15:55:37.285494012Z"}
{"type":"log","step_name":"implement","message":"- `cmd/cloche/orchestrate_test.go` test file","timestamp":"2026-03-10T15:55:37.28549852Z"}
{"type":"log","step_name":"implement","message":"- 3 server-side Orchestrate tests from `server_test.go`","timestamp":"2026-03-10T15:55:37.285503059Z"}
{"type":"log","step_name":"implement","message":"- `cloche orchestrate` section from `docs/USAGE.md`","timestamp":"2026-03-10T15:55:37.285508329Z"}
{"type":"log","step_name":"implement","message":"- Usage text reference to `orchestrate` command","timestamp":"2026-03-10T15:55:37.285513258Z"}
{"type":"log","step_name":"implement","timestamp":"2026-03-10T15:55:37.285518298Z"}
{"type":"log","step_name":"implement","message":"**Updated:**","timestamp":"2026-03-10T15:55:37.285520872Z"}
{"type":"log","step_name":"implement","message":"- Comment in `internal/host/loop.go` referencing \"external orchestrate calls\"","timestamp":"2026-03-10T15:55:37.285526373Z"}
{"type":"log","step_name":"implement","message":"- Design doc reference from `cloche orchestrate` to `cloche loop`","timestamp":"2026-03-10T15:55:37.285532524Z"}
{"type":"log","step_name":"implement","timestamp":"2026-03-10T15:55:37.285537784Z"}
{"type":"log","step_name":"implement","message":"CLOCHE_RESULT:success","timestamp":"2026-03-10T15:55:37.828948976Z"}
{"type":"step_completed","step_name":"implement","result":"success","timestamp":"2026-03-10T15:55:37.856937485Z"}
{"type":"step_started","step_name":"test","timestamp":"2026-03-10T15:55:37.860413081Z"}
{"type":"log","step_name":"test","message":"?   \tgithub.com/cloche-dev/cloche/api/clochepb\t[no test files]","timestamp":"2026-03-10T15:55:38.100478363Z"}
{"type":"log","step_name":"test","message":"ok  \tgithub.com/cloche-dev/cloche/cmd/cloche\t(cached)","timestamp":"2026-03-10T15:55:38.148355775Z"}
{"type":"log","step_name":"test","message":"?   \tgithub.com/cloche-dev/cloche/cmd/cloche-agent\t[no test files]","timestamp":"2026-03-10T15:55:38.148387816Z"}
{"type":"log","step_name":"test","message":"?   \tgithub.com/cloche-dev/cloche/cmd/cloched\t[no test files]","timestamp":"2026-03-10T15:55:38.183548856Z"}
{"type":"log","step_name":"test","message":"ok  \tgithub.com/cloche-dev/cloche/internal/adapters/agents/generic\t(cached)","timestamp":"2026-03-10T15:55:38.183809179Z"}
{"type":"log","step_name":"test","message":"ok  \tgithub.com/cloche-dev/cloche/internal/adapters/agents/prompt\t(cached)","timestamp":"2026-03-10T15:55:38.183817274Z"}
{"type":"log","step_name":"test","message":"ok  \tgithub.com/cloche-dev/cloche/internal/adapters/docker\t(cached)","timestamp":"2026-03-10T15:55:38.183821702Z"}
{"type":"log","step_name":"test","message":"ok  \tgithub.com/cloche-dev/cloche/internal/adapters/grpc\t(cached)","timestamp":"2026-03-10T15:55:38.184887098Z"}
{"type":"log","step_name":"test","message":"ok  \tgithub.com/cloche-dev/cloche/internal/adapters/local\t(cached)","timestamp":"2026-03-10T15:55:38.184906435Z"}
{"type":"log","step_name":"test","message":"ok  \tgithub.com/cloche-dev/cloche/internal/adapters/sqlite\t(cached)","timestamp":"2026-03-10T15:55:38.184911464Z"}
{"type":"log","step_name":"test","message":"ok  \tgithub.com/cloche-dev/cloche/internal/adapters/web\t(cached)","timestamp":"2026-03-10T15:55:38.185004881Z"}
{"type":"log","step_name":"test","message":"ok  \tgithub.com/cloche-dev/cloche/internal/agent\t(cached)","timestamp":"2026-03-10T15:55:38.185027664Z"}
{"type":"log","step_name":"test","message":"ok  \tgithub.com/cloche-dev/cloche/internal/config\t(cached)","timestamp":"2026-03-10T15:55:38.185287466Z"}
{"type":"log","step_name":"test","message":"ok  \tgithub.com/cloche-dev/cloche/internal/domain\t(cached)","timestamp":"2026-03-10T15:55:38.185294569Z"}
{"type":"log","step_name":"test","message":"ok  \tgithub.com/cloche-dev/cloche/internal/dsl\t(cached)","timestamp":"2026-03-10T15:55:38.185298527Z"}
{"type":"log","step_name":"test","message":"ok  \tgithub.com/cloche-dev/cloche/internal/engine\t(cached)","timestamp":"2026-03-10T15:55:38.185301202Z"}
{"type":"log","step_name":"test","message":"ok  \tgithub.com/cloche-dev/cloche/internal/evolution\t(cached)","timestamp":"2026-03-10T15:55:38.185307764Z"}
{"type":"log","step_name":"test","message":"ok  \tgithub.com/cloche-dev/cloche/internal/host\t(cached)","timestamp":"2026-03-10T15:55:38.220785343Z"}
{"type":"log","step_name":"test","message":"ok  \tgithub.com/cloche-dev/cloche/internal/logstream\t(cached)","timestamp":"2026-03-10T15:55:38.220874532Z"}
{"type":"log","step_name":"test","message":"?   \tgithub.com/cloche-dev/cloche/internal/ports\t[no test files]","timestamp":"2026-03-10T15:55:38.220880513Z"}
{"type":"log","step_name":"test","message":"ok  \tgithub.com/cloche-dev/cloche/internal/protocol\t(cached)","timestamp":"2026-03-10T15:55:38.220885132Z"}
{"type":"log","step_name":"test","message":"ok  \tgithub.com/cloche-dev/cloche/test/integration\t(cached)","timestamp":"2026-03-10T15:55:38.220888509Z"}
{"type":"step_completed","step_name":"test","result":"success","timestamp":"2026-03-10T15:55:38.265592035Z"}
{"type":"step_started","step_name":"update-docs","timestamp":"2026-03-10T15:55:38.268679226Z"}
{"type":"log","step_name":"update-docs","message":"The documentation has already been updated:","timestamp":"2026-03-10T15:55:54.642213427Z"}
{"type":"log","step_name":"update-docs","message":"- `docs/USAGE.md`: The `cloche orchestrate` section was removed","timestamp":"2026-03-10T15:55:54.642266367Z"}
{"type":"log","step_name":"update-docs","message":"- `docs/plans/2026-03-03-next-features-design.md`: Reference changed from `cloche orchestrate` to `cloche loop`","timestamp":"2026-03-10T15:55:54.642275584Z"}
{"type":"log","step_name":"update-docs","timestamp":"2026-03-10T15:55:54.64228392Z"}
{"type":"log","step_name":"update-docs","message":"No remaining `cloche orchestrate` CLI command references exist in the docs. The documentation correctly reflects the removal.","timestamp":"2026-03-10T15:55:54.642287847Z"}
{"type":"log","step_name":"update-docs","timestamp":"2026-03-10T15:55:54.642295953Z"}
{"type":"log","step_name":"update-docs","message":"CLOCHE_RESULT:success","timestamp":"2026-03-10T15:55:54.9817554Z"}
{"type":"step_completed","step_name":"update-docs","result":"success","timestamp":"2026-03-10T15:55:54.999828797Z"}
{"type":"run_completed","result":"succeeded","timestamp":"2026-03-10T15:55:55.005832197Z"}
