{"type":"run_title","message":"Task: V2: Web UI — task/attempt grouping and drill-down","timestamp":"2026-03-18T18:18:02.778512681Z"}
{"type":"step_started","step_name":"implement","timestamp":"2026-03-18T18:18:02.780651744Z"}
{"type":"log","step_name":"implement","message":"--- Tool: Agent('Thoroughly explore the web UI implementation in this proj...') ---","timestamp":"2026-03-18T18:18:28.527178604Z"}
{"type":"log","step_name":"implement","message":"--- Tool: Glob('**/*.html') ---","timestamp":"2026-03-18T18:18:29.725422473Z"}
{"type":"log","step_name":"implement","message":"--- Tool: Glob('**/*.tmpl') ---","timestamp":"2026-03-18T18:18:29.93313652Z"}
{"type":"log","step_name":"implement","message":"--- Tool: Glob('**/*.js') ---","timestamp":"2026-03-18T18:18:29.943105622Z"}
{"type":"log","step_name":"implement","message":"--- Tool: Glob('**/*.css') ---","timestamp":"2026-03-18T18:18:30.149051847Z"}
{"type":"log","step_name":"implement","message":"--- Tool: Bash('find /workspace -type d -name \"web\" -o -name \"http\" -o -n...') ---","timestamp":"2026-03-18T18:18:30.384991931Z"}
{"type":"log","step_name":"implement","message":"--- Tool: Agent('Explore the web UI implementation in this project very th...') ---","timestamp":"2026-03-18T18:18:36.025142196Z"}
{"type":"log","step_name":"implement","message":"--- Tool: Glob('**/*.go') ---","timestamp":"2026-03-18T18:18:44.08212805Z"}
{"type":"log","step_name":"implement","message":"--- Tool: Bash('find /workspace -type f \\( -name \"*.html\" -o -name \"*.js\"...') ---","timestamp":"2026-03-18T18:18:45.467118643Z"}
{"type":"log","step_name":"implement","message":"--- Tool: Grep('http\\.Handle|router|mux|Handler|GET|POST') ---","timestamp":"2026-03-18T18:18:45.958667509Z"}
{"type":"log","step_name":"implement","message":"--- Tool: Bash('find /workspace -type d -name \"web\" -o -name \"ui\" -o -nam...') ---","timestamp":"2026-03-18T18:18:46.80330744Z"}
{"type":"log","step_name":"implement","message":"--- Tool: Glob('**/*.html') ---","timestamp":"2026-03-18T18:18:52.967136057Z"}
{"type":"log","step_name":"implement","message":"--- Tool: Glob('**/web*.go') ---","timestamp":"2026-03-18T18:18:53.475675176Z"}
{"type":"log","step_name":"implement","message":"--- Tool: Glob('**/http*.go') ---","timestamp":"2026-03-18T18:18:53.852887653Z"}
{"type":"log","step_name":"implement","message":"--- Tool: Grep('SSE|ServerSentEvent|text/event-stream') ---","timestamp":"2026-03-18T18:18:54.141684631Z"}
{"type":"log","step_name":"implement","message":"--- Tool: Read('/workspace/internal/adapters/web/handler.go') ---","timestamp":"2026-03-18T18:18:57.310868117Z"}
{"type":"log","step_name":"implement","message":"--- Tool: Read('/workspace/internal/adapters/web/handler_test.go') ---","timestamp":"2026-03-18T18:18:57.398737584Z"}
{"type":"log","step_name":"implement","message":"--- Tool: Read('/workspace/internal/adapters/web/handler_stream_test.go') ---","timestamp":"2026-03-18T18:18:57.484519405Z"}
{"type":"log","step_name":"implement","message":"Let me read the handler and templates more carefully.","timestamp":"2026-03-18T18:19:09.262963925Z"}
{"type":"log","step_name":"implement","message":"--- Tool: Read('/workspace/internal/adapters/web/handler.go') ---","timestamp":"2026-03-18T18:19:10.2396947Z"}
{"type":"log","step_name":"implement","message":"--- Tool: Read('/workspace/internal/adapters/web/templates/layout.html') ---","timestamp":"2026-03-18T18:19:10.255058779Z"}
{"type":"log","step_name":"implement","message":"--- Tool: Read('/workspace/internal/adapters/web/templates/runs.html') ---","timestamp":"2026-03-18T18:19:10.754707347Z"}
{"type":"log","step_name":"implement","message":"--- Tool: Read('/workspace/internal/adapters/web/templates/run_detail.html') ---","timestamp":"2026-03-18T18:19:11.262383308Z"}
{"type":"log","step_name":"implement","message":"--- Tool: Read('/workspace/internal/adapters/web/templates/projects.html') ---","timestamp":"2026-03-18T18:19:11.709006636Z"}
{"type":"log","step_name":"implement","message":"--- Tool: Read('/workspace/internal/adapters/web/templates/project_detail...') ---","timestamp":"2026-03-18T18:19:11.932327683Z"}
{"type":"step_completed","step_name":"implement","result":"success","timestamp":"2026-03-18T18:19:16.321201839Z"}
{"type":"step_started","step_name":"test","timestamp":"2026-03-18T18:19:16.400477454Z"}
{"type":"log","step_name":"test","message":"go: downloading github.com/stretchr/testify v1.11.1","timestamp":"2026-03-18T18:19:20.173502361Z"}
{"type":"log","step_name":"test","message":"go: downloading google.golang.org/grpc v1.79.1","timestamp":"2026-03-18T18:19:20.173553928Z"}
{"type":"log","step_name":"test","message":"go: downloading github.com/BurntSushi/toml v1.6.0","timestamp":"2026-03-18T18:19:20.473307217Z"}
{"type":"log","step_name":"test","message":"go: downloading google.golang.org/protobuf v1.36.11","timestamp":"2026-03-18T18:19:20.543012593Z"}
{"type":"log","step_name":"test","message":"go: downloading modernc.org/sqlite v1.46.1","timestamp":"2026-03-18T18:19:20.544525623Z"}
{"type":"log","step_name":"test","message":"go: downloading gopkg.in/yaml.v3 v3.0.1","timestamp":"2026-03-18T18:19:25.363254076Z"}
{"type":"log","step_name":"test","message":"go: downloading github.com/pmezard/go-difflib v1.0.0","timestamp":"2026-03-18T18:19:25.363632682Z"}
{"type":"log","step_name":"test","message":"go: downloading github.com/davecgh/go-spew v1.1.1","timestamp":"2026-03-18T18:19:25.363647059Z"}
{"type":"log","step_name":"test","message":"go: downloading golang.org/x/net v0.48.0","timestamp":"2026-03-18T18:19:25.820194306Z"}
{"type":"log","step_name":"test","message":"go: downloading golang.org/x/sys v0.39.0","timestamp":"2026-03-18T18:19:25.821040375Z"}
{"type":"log","step_name":"test","message":"go: downloading google.golang.org/genproto/googleapis/rpc v0.0.0-20251202230838-ff82c1b0f217","timestamp":"2026-03-18T18:19:25.821210477Z"}
{"type":"log","step_name":"test","message":"go: downloading golang.org/x/text v0.32.0","timestamp":"2026-03-18T18:19:26.158390504Z"}
{"type":"error","message":"workflow cancelled: context canceled","timestamp":"2026-03-18T18:19:29.651023657Z"}
{"type":"run_completed","result":"failed","timestamp":"2026-03-18T18:19:29.651077509Z"}
error: workflow cancelled: context canceled
