[
  {
    "id": "cloche-4en",
    "title": "Document host workflows: list-tasks, main, finalize",
    "description": "Add documentation to the setup instructions covering the three required/special host workflows: list-tasks, main, and finalize. Explain their roles, when they run, and how to configure them.",
    "status": "open",
    "priority": 2,
    "issue_type": "task",
    "owner": "lucas@perfectlunacy.com",
    "created_at": "2026-03-13T07:28:58.582812556-07:00",
    "created_by": "lucas",
    "updated_at": "2026-03-13T07:28:58.582812556-07:00",
    "labels": [
      "cloche",
      "docs"
    ],
    "dependency_count": 0,
    "dependent_count": 0
  }
]
