{"type":"step_started","step_name":"implement","timestamp":"2026-03-09T22:34:17.168609069Z"}
{"type":"log","step_name":"implement","message":"Everything compiles and all tests pass. Here's a summary of what was done:","timestamp":"2026-03-09T22:36:07.39820503Z"}
{"type":"log","step_name":"implement","timestamp":"2026-03-09T22:36:07.398283519Z"}
{"type":"log","step_name":"implement","message":"**Types added to `internal/domain/workflow.go`:**","timestamp":"2026-03-09T22:36:07.398287887Z"}
{"type":"log","step_name":"implement","message":"- `SegmentKind` enum (`SegmentField`, `SegmentIndex`)","timestamp":"2026-03-09T22:36:07.398291554Z"}
{"type":"log","step_name":"implement","message":"- `PathSegment` struct with `Kind`, `Field`, and `Index` fields","timestamp":"2026-03-09T22:36:07.398298998Z"}
{"type":"log","step_name":"implement","message":"- `OutputPath` struct with `Segments` slice","timestamp":"2026-03-09T22:36:07.398307073Z"}
{"type":"log","step_name":"implement","message":"- `OutputMapping` struct with `EnvVar` and `Path` fields","timestamp":"2026-03-09T22:36:07.398319116Z"}
{"type":"log","step_name":"implement","message":"- `OutputMap []OutputMapping` field added to `Wire` struct","timestamp":"2026-03-09T22:36:07.39832663Z"}
{"type":"log","step_name":"implement","message":"- `OutputPath.Evaluate(raw []byte) (string, error)` method","timestamp":"2026-03-09T22:36:07.398334044Z"}
{"type":"log","step_name":"implement","timestamp":"2026-03-09T22:36:07.398341629Z"}
{"type":"log","step_name":"implement","message":"**Tests added in `internal/domain/output_path_test.go`** (18 tests):","timestamp":"2026-03-09T22:36:07.398345155Z"}
{"type":"log","step_name":"implement","message":"- Bare output (no segments), whitespace preservation","timestamp":"2026-03-09T22:36:07.398352479Z"}
{"type":"log","step_name":"implement","message":"- Single field access, single array index","timestamp":"2026-03-09T22:36:07.398373178Z"}
{"type":"log","step_name":"implement","message":"- Nested field access (a.b.c)","timestamp":"2026-03-09T22:36:07.398382456Z"}
{"type":"log","step_name":"implement","message":"- Mixed access patterns (a[0].b, a.b[0], [0].items[1].name)","timestamp":"2026-03-09T22:36:07.398387175Z"}
{"type":"log","step_name":"implement","message":"- Result serialization: string, number, boolean, object, array, null","timestamp":"2026-03-09T22:36:07.398396102Z"}
{"type":"log","step_name":"implement","message":"- Error cases: non-JSON with segments, missing field, out-of-range index, field on array, index on object","timestamp":"2026-03-09T22:36:07.398401121Z"}
{"type":"log","step_name":"implement","timestamp":"2026-03-09T22:36:07.39841087Z"}
{"type":"log","step_name":"implement","message":"CLOCHE_RESULT:success","timestamp":"2026-03-09T22:36:07.597570279Z"}
{"type":"step_completed","step_name":"implement","result":"success","timestamp":"2026-03-09T22:36:07.60016813Z"}
{"type":"step_started","step_name":"test","timestamp":"2026-03-09T22:36:07.600195812Z"}
{"type":"step_completed","step_name":"test","result":"success","timestamp":"2026-03-09T22:36:21.006857067Z"}
{"type":"step_started","step_name":"update-docs","timestamp":"2026-03-09T22:36:21.006884399Z"}
{"type":"log","step_name":"update-docs","message":"No documentation changes are needed. The only docs that describe these domain types are:","timestamp":"2026-03-09T22:36:50.084035771Z"}
{"type":"log","step_name":"update-docs","timestamp":"2026-03-09T22:36:50.08409883Z"}
{"type":"log","step_name":"update-docs","message":"1. **`docs/plans/2026-03-09-wire-output-mapping-design.md`** — Already accurately describes the `OutputMapping`, `OutputPath`, `PathSegment` types and the `Wire.OutputMap` field. The source code matches the design doc exactly.","timestamp":"2026-03-09T22:36:50.084103198Z"}
{"type":"log","step_name":"update-docs","timestamp":"2026-03-09T22:36:50.0841994Z"}
{"type":"log","step_name":"update-docs","message":"2. **`docs/workflows.md`** — Describes DSL syntax and concepts. Since the parser hasn't been updated yet (separate task cloche-n3u), the DSL syntax docs should not be updated until the parser actually supports the `[ KEY = EXPR ]` syntax.","timestamp":"2026-03-09T22:36:50.084203157Z"}
{"type":"log","step_name":"update-docs","timestamp":"2026-03-09T22:36:50.084207305Z"}
{"type":"log","step_name":"update-docs","message":"3. **`docs/plans/2026-02-20-cloche-system-design.md`** — Doesn't mention Wire or output mapping types.","timestamp":"2026-03-09T22:36:50.084210731Z"}
{"type":"log","step_name":"update-docs","timestamp":"2026-03-09T22:36:50.084218256Z"}
{"type":"log","step_name":"update-docs","message":"The implementation matches the design doc, and no user-facing documentation needs updating until the parser and executor tasks are complete.","timestamp":"2026-03-09T22:36:50.084244185Z"}
{"type":"log","step_name":"update-docs","timestamp":"2026-03-09T22:36:50.084251869Z"}
{"type":"log","step_name":"update-docs","message":"CLOCHE_RESULT:success","timestamp":"2026-03-09T22:36:50.35203895Z"}
{"type":"step_completed","step_name":"update-docs","result":"success","timestamp":"2026-03-09T22:36:50.353419189Z"}
{"type":"run_completed","result":"succeeded","timestamp":"2026-03-09T22:36:50.35348311Z"}
