[
  {
    "id": "cloche-8j1",
    "title": "Update examples/ .cloche configs to match current implementation",
    "description": "Check all examples/ projects' .cloche folders and bring their config and workflows up to snuff with the current implementation. Ensure workflow DSL, prompts, Dockerfiles, and overrides all reflect the latest conventions.",
    "status": "open",
    "priority": 2,
    "issue_type": "chore",
    "owner": "lucas@perfectlunacy.com",
    "created_at": "2026-03-13T07:29:04.616748965-07:00",
    "created_by": "lucas",
    "updated_at": "2026-03-13T07:29:04.616748965-07:00",
    "labels": [
      "cloche",
      "examples"
    ],
    "dependency_count": 0,
    "dependent_count": 0
  }
]
