{"type":"run_title","message":"Task: Show task-level aggregate status in run grouping header","timestamp":"2026-03-13T17:17:44.463308008Z"}
{"type":"step_started","step_name":"implement","timestamp":"2026-03-13T17:17:44.463500943Z"}
{"type":"log","step_name":"implement","timestamp":"2026-03-13T17:17:49.928176129Z"}
{"type":"log","step_name":"implement","timestamp":"2026-03-13T17:17:49.928209923Z"}
{"type":"log","step_name":"implement","message":"Looking at this task, I need to understand the current run grouping UI and how status is displayed. Let me explore the codebase.","timestamp":"2026-03-13T17:17:49.928215193Z"}
{"type":"log","step_name":"implement","message":"--- Tool: Agent('I need to understand the run grouping/sorting feature and...') ---","timestamp":"2026-03-13T17:17:54.570017012Z"}
{"type":"log","step_name":"implement","message":"--- Tool: Bash('find /workspace -type f -name \"*.go\" | grep -E \"(run|temp...') ---","timestamp":"2026-03-13T17:17:56.00296194Z"}
{"type":"log","step_name":"implement","message":"--- Tool: Bash('find /workspace -type f \\( -name \"*.html\" -o -name \"*.tmp...') ---","timestamp":"2026-03-13T17:17:57.383083491Z"}
{"type":"log","step_name":"implement","message":"--- Tool: Grep('group|sort') ---","timestamp":"2026-03-13T17:17:59.210942707Z"}
{"type":"log","step_name":"implement","message":"--- Tool: Bash('ls -la /workspace/internal/adapters/web/') ---","timestamp":"2026-03-13T17:18:00.32664752Z"}
{"type":"log","step_name":"implement","message":"--- Tool: Read('/workspace/internal/adapters/web/templates/runs.html') ---","timestamp":"2026-03-13T17:18:01.578915726Z"}
{"type":"log","step_name":"implement","message":"--- Tool: Read('/workspace/internal/domain/run.go') ---","timestamp":"2026-03-13T17:18:01.780651315Z"}
{"type":"log","step_name":"implement","message":"--- Tool: Grep('GroupedRuns|RunGroup|group.*run|sort') ---","timestamp":"2026-03-13T17:18:02.288521573Z"}
{"type":"log","step_name":"implement","message":"--- Tool: Read('/workspace/internal/adapters/web/handler.go') ---","timestamp":"2026-03-13T17:18:03.881583639Z"}
{"type":"log","step_name":"implement","message":"--- Tool: Read('/workspace/internal/adapters/web/handler.go') ---","timestamp":"2026-03-13T17:18:05.470865519Z"}
{"type":"log","step_name":"implement","message":"--- Tool: Grep('type apiRun struct') ---","timestamp":"2026-03-13T17:18:06.007757564Z"}
{"type":"log","step_name":"implement","message":"--- Tool: Bash('find /workspace/internal/adapters/web/static -type f \\( -...') ---","timestamp":"2026-03-13T17:18:07.456395899Z"}
{"type":"log","step_name":"implement","message":"--- Tool: Read('/workspace/internal/adapters/web/static/style.css') ---","timestamp":"2026-03-13T17:18:08.424842778Z"}
{"type":"log","step_name":"implement","message":"--- Tool: Read('/workspace/internal/adapters/web/handler.go') ---","timestamp":"2026-03-13T17:18:10.308873209Z"}
{"type":"log","step_name":"implement","message":"--- Tool: Read('/workspace/internal/adapters/web/handler.go') ---","timestamp":"2026-03-13T17:18:11.700790902Z"}
{"type":"log","step_name":"implement","message":"--- Tool: Bash('grep -n \"formatRunTiming\\|formatTime\\|formatDuration\" /wo...') ---","timestamp":"2026-03-13T17:18:13.068013294Z"}
{"type":"log","step_name":"implement","message":"--- Tool: Read('/workspace/internal/adapters/web/handler.go') ---","timestamp":"2026-03-13T17:18:14.141464424Z"}
{"type":"log","step_name":"implement","message":"--- Tool: Bash('git log --oneline ed31df6..ed31df6 --format=\"%H %s\" | hea...') ---","timestamp":"2026-03-13T17:18:15.429464388Z"}
{"type":"log","step_name":"implement","message":"--- Tool: Bash('git show ed31df6 --stat') ---","timestamp":"2026-03-13T17:18:16.334829821Z"}
{"type":"log","step_name":"implement","message":"--- Tool: Bash('grep -n \"groupAndSortRuns\\|apiGroupedEntry\" /workspace/in...') ---","timestamp":"2026-03-13T17:18:17.691830907Z"}
{"type":"log","step_name":"implement","message":"--- Tool: Read('/workspace/internal/adapters/web/handler_test.go') ---","timestamp":"2026-03-13T17:18:18.967446347Z"}
{"type":"log","step_name":"implement","message":"--- Tool: Bash('grep -n \"task.*group\\|group.*task\\|parentMap\\|TaskHeader\"...') ---","timestamp":"2026-03-13T17:18:20.484997508Z"}
{"type":"log","step_name":"implement","message":"--- Tool: Read('/workspace/internal/adapters/web/handler_test.go') ---","timestamp":"2026-03-13T17:18:22.019055675Z"}
{"type":"log","step_name":"implement","message":"--- Tool: Bash('find /workspace -name \"*.go\" -path \"*/adapters/*\" | grep ...') ---","timestamp":"2026-03-13T17:18:26.09830553Z"}
{"type":"log","step_name":"implement","message":"--- Tool: Bash('grep -n \"task_id\\|TaskID\" /workspace/internal/adapters/sq...') ---","timestamp":"2026-03-13T17:18:27.731579732Z"}
{"type":"log","step_name":"implement","message":"--- Tool: Read('/workspace/internal/adapters/web/templates/layout.html') ---","timestamp":"2026-03-13T17:18:29.269737916Z"}
{"type":"log","step_name":"implement","message":"--- Tool: Bash('grep -n \"group\\|task\" /workspace/internal/adapters/web/te...') ---","timestamp":"2026-03-13T17:18:30.886636358Z"}
{"type":"log","step_name":"implement","message":"--- Tool: Bash('grep -n \"HealthResult\\|CalculateHealth\" /workspace/intern...') ---","timestamp":"2026-03-13T17:18:32.244958851Z"}
{"type":"log","step_name":"implement","message":"Now let me read the key files to understand the exact current implementation.","timestamp":"2026-03-13T17:18:52.08728606Z"}
{"type":"log","step_name":"implement","message":"--- Tool: Read('/workspace/internal/adapters/web/handler.go') ---","timestamp":"2026-03-13T17:18:53.071128946Z"}
{"type":"log","step_name":"implement","message":"--- Tool: Read('/workspace/internal/adapters/web/templates/runs.html') ---","timestamp":"2026-03-13T17:18:53.516531931Z"}
{"type":"log","step_name":"implement","message":"--- Tool: Read('/workspace/internal/domain/run.go') ---","timestamp":"2026-03-13T17:18:53.66514098Z"}
{"type":"log","step_name":"implement","message":"Now let me look at the existing tests for `groupAndSortRuns`.","timestamp":"2026-03-13T17:18:59.836400901Z"}
{"type":"log","step_name":"implement","message":"--- Tool: Read('/workspace/internal/adapters/web/handler_test.go') ---","timestamp":"2026-03-13T17:19:00.604694028Z"}
{"type":"log","step_name":"implement","message":"--- Tool: Read('/workspace/internal/adapters/web/static/style.css') ---","timestamp":"2026-03-13T17:19:01.452429389Z"}
{"type":"log","step_name":"implement","message":"Now I have a clear picture. Let me also check the `stateColor` function for badge CSS class mapping.","timestamp":"2026-03-13T17:19:04.950627482Z"}
{"type":"log","step_name":"implement","message":"--- Tool: Grep('stateColor') ---","timestamp":"2026-03-13T17:19:05.689692683Z"}
{"type":"log","step_name":"implement","message":"--- Tool: Read('/workspace/internal/adapters/web/handler.go') ---","timestamp":"2026-03-13T17:19:08.175509229Z"}
{"type":"log","step_name":"implement","message":"Now I have everything I need. Here's my plan:","timestamp":"2026-03-13T17:19:12.247436484Z"}
{"type":"log","step_name":"implement","timestamp":"2026-03-13T17:19:12.247454137Z"}
{"type":"log","step_name":"implement","message":"1. Add `TaskStatus` field to `apiGroupedEntry`","timestamp":"2026-03-13T17:19:12.247456372Z"}
{"type":"log","step_name":"implement","message":"2. Add a function to compute aggregate status from runs in a task group","timestamp":"2026-03-13T17:19:12.247460209Z"}
{"type":"log","step_name":"implement","message":"3. Set `TaskStatus` on task header entries in `groupAndSortRuns`","timestamp":"2026-03-13T17:19:12.247464387Z"}
{"type":"log","step_name":"implement","message":"4. Update the HTML template to show the badge in the task header row","timestamp":"2026-03-13T17:19:12.247466351Z"}
{"type":"log","step_name":"implement","message":"5. Update the JS polling code to show the badge","timestamp":"2026-03-13T17:19:12.247468404Z"}
{"type":"log","step_name":"implement","message":"6. Add tests","timestamp":"2026-03-13T17:19:12.247470218Z"}
{"type":"log","step_name":"implement","timestamp":"2026-03-13T17:19:12.247472162Z"}
{"type":"log","step_name":"implement","message":"Let me implement this.","timestamp":"2026-03-13T17:19:12.247473805Z"}
{"type":"log","step_name":"implement","message":"--- Tool: Edit('/workspace/internal/adapters/web/handler.go') ---","timestamp":"2026-03-13T17:19:14.616859754Z"}
{"type":"log","step_name":"implement","message":"Now add the `taskAggregateStatus` function and update `groupAndSortRuns` to compute aggregate status.","timestamp":"2026-03-13T17:19:16.889705358Z"}
{"type":"log","step_name":"implement","message":"--- Tool: Edit('/workspace/internal/adapters/web/handler.go') ---","timestamp":"2026-03-13T17:19:21.916943355Z"}
{"type":"log","step_name":"implement","message":"Now update the task header emission to include the aggregate status.","timestamp":"2026-03-13T17:19:24.307875786Z"}
{"type":"log","step_name":"implement","message":"--- Tool: Edit('/workspace/internal/adapters/web/handler.go') ---","timestamp":"2026-03-13T17:19:25.922136944Z"}
{"type":"log","step_name":"implement","message":"Now update the HTML template to show the status badge in the task header.","timestamp":"2026-03-13T17:19:27.978962694Z"}
{"type":"log","step_name":"implement","message":"--- Tool: Edit('/workspace/internal/adapters/web/templates/runs.html') ---","timestamp":"2026-03-13T17:19:29.741303672Z"}
{"type":"log","step_name":"implement","message":"Now update the JS polling code to include the badge.","timestamp":"2026-03-13T17:19:32.15778214Z"}
{"type":"log","step_name":"implement","message":"--- Tool: Edit('/workspace/internal/adapters/web/templates/runs.html') ---","timestamp":"2026-03-13T17:19:34.329834091Z"}
{"type":"log","step_name":"implement","message":"Now let me add tests. Let me look at the test structure for the existing groupAndSortRuns test.","timestamp":"2026-03-13T17:19:36.975264965Z"}
{"type":"log","step_name":"implement","message":"--- Tool: Grep('TestRunsList_TaskGrouping') ---","timestamp":"2026-03-13T17:19:37.879463374Z"}
{"type":"log","step_name":"implement","message":"--- Tool: Read('/workspace/internal/adapters/web/handler_test.go') ---","timestamp":"2026-03-13T17:19:40.384740809Z"}
{"type":"log","step_name":"implement","message":"Now I'll add a unit test for `taskAggregateStatus` and an integration test for the task status in the API response. Let me add them after the existing task grouping test.","timestamp":"2026-03-13T17:19:43.548717436Z"}
{"type":"log","step_name":"implement","message":"--- Tool: Read('/workspace/internal/adapters/web/handler_test.go') ---","timestamp":"2026-03-13T17:19:43.848309861Z"}
{"type":"log","step_name":"implement","message":"--- Tool: Edit('/workspace/internal/adapters/web/handler_test.go') ---","timestamp":"2026-03-13T17:19:58.676137453Z"}
{"type":"log","step_name":"implement","message":"Let me check if `fmt` is imported in the test file.","timestamp":"2026-03-13T17:20:01.457946553Z"}
{"type":"log","step_name":"implement","message":"--- Tool: Read('/workspace/internal/adapters/web/handler_test.go') ---","timestamp":"2026-03-13T17:20:01.785201686Z"}
{"type":"log","step_name":"implement","message":"Good, `fmt` is already imported. Now let's run the tests.","timestamp":"2026-03-13T17:20:03.994992847Z"}
{"type":"log","step_name":"implement","message":"--- Tool: Bash('go test ./... 2\u003e\u00261') ---","timestamp":"2026-03-13T17:20:04.831475824Z"}
{"type":"log","step_name":"implement","message":"All tests pass. Here's a summary of the changes:","timestamp":"2026-03-13T17:20:52.699680594Z"}
{"type":"log","step_name":"implement","timestamp":"2026-03-13T17:20:52.699709709Z"}
{"type":"log","step_name":"implement","message":"**`internal/adapters/web/handler.go`:**","timestamp":"2026-03-13T17:20:52.699712514Z"}
{"type":"log","step_name":"implement","message":"- Added `TaskStatus` field to `apiGroupedEntry` struct (JSON: `task_status`)","timestamp":"2026-03-13T17:20:52.6997155Z"}
{"type":"log","step_name":"implement","message":"- Added `taskAggregateStatus()` function that computes aggregate status across runs in a task group. Priority order: succeeded \u003c cancelled \u003c pending \u003c running \u003c failed","timestamp":"2026-03-13T17:20:52.699718586Z"}
{"type":"log","step_name":"implement","message":"- Set `TaskStatus` on task header entries in `groupAndSortRuns()`","timestamp":"2026-03-13T17:20:52.699722403Z"}
{"type":"log","step_name":"implement","timestamp":"2026-03-13T17:20:52.699728945Z"}
{"type":"log","step_name":"implement","message":"**`internal/adapters/web/templates/runs.html`:**","timestamp":"2026-03-13T17:20:52.69973149Z"}
{"type":"log","step_name":"implement","message":"- Updated server-rendered task header to show `\u003cspan class=\"badge badge-{status}\"\u003e{status}\u003c/span\u003e`","timestamp":"2026-03-13T17:20:52.699734296Z"}
{"type":"log","step_name":"implement","message":"- Updated JS polling code to render the same badge from the `task_status` JSON field","timestamp":"2026-03-13T17:20:52.699740798Z"}
{"type":"log","step_name":"implement","timestamp":"2026-03-13T17:20:52.699744234Z"}
{"type":"log","step_name":"implement","message":"**`internal/adapters/web/handler_test.go`:**","timestamp":"2026-03-13T17:20:52.699746589Z"}
{"type":"log","step_name":"implement","message":"- Added `TestTaskAggregateStatus` — table-driven unit test covering all priority combinations (11 cases)","timestamp":"2026-03-13T17:20:52.699749755Z"}
{"type":"log","step_name":"implement","message":"- Added `TestRunsList_TaskGroupingStatus` — integration test verifying the API returns correct aggregate status (running when mixed succeeded+running, failed when a failed run is added)","timestamp":"2026-03-13T17:20:52.69976345Z"}
{"type":"log","step_name":"implement","timestamp":"2026-03-13T17:20:52.699766657Z"}
{"type":"log","step_name":"implement","message":"CLOCHE_RESULT:success","timestamp":"2026-03-13T17:20:52.699768791Z"}
{"type":"log","step_name":"implement","message":"All tests pass. Here's a summary of the changes:","timestamp":"2026-03-13T17:20:52.727723081Z"}
{"type":"log","step_name":"implement","timestamp":"2026-03-13T17:20:52.727756373Z"}
{"type":"log","step_name":"implement","message":"**`internal/adapters/web/handler.go`:**","timestamp":"2026-03-13T17:20:52.727762435Z"}
{"type":"log","step_name":"implement","message":"- Added `TaskStatus` field to `apiGroupedEntry` struct (JSON: `task_status`)","timestamp":"2026-03-13T17:20:52.72776509Z"}
{"type":"log","step_name":"implement","message":"- Added `taskAggregateStatus()` function that computes aggregate status across runs in a task group. Priority order: succeeded \u003c cancelled \u003c pending \u003c running \u003c failed","timestamp":"2026-03-13T17:20:52.727767785Z"}
{"type":"log","step_name":"implement","message":"- Set `TaskStatus` on task header entries in `groupAndSortRuns()`","timestamp":"2026-03-13T17:20:52.727773425Z"}
{"type":"log","step_name":"implement","timestamp":"2026-03-13T17:20:52.7277761Z"}
{"type":"log","step_name":"implement","message":"**`internal/adapters/web/templates/runs.html`:**","timestamp":"2026-03-13T17:20:52.727778415Z"}
{"type":"log","step_name":"implement","message":"- Updated server-rendered task header to show `\u003cspan class=\"badge badge-{status}\"\u003e{status}\u003c/span\u003e`","timestamp":"2026-03-13T17:20:52.72778121Z"}
{"type":"log","step_name":"implement","message":"- Updated JS polling code to render the same badge from the `task_status` JSON field","timestamp":"2026-03-13T17:20:52.727784136Z"}
{"type":"log","step_name":"implement","timestamp":"2026-03-13T17:20:52.727786831Z"}
{"type":"log","step_name":"implement","message":"**`internal/adapters/web/handler_test.go`:**","timestamp":"2026-03-13T17:20:52.727788925Z"}
{"type":"log","step_name":"implement","message":"- Added `TestTaskAggregateStatus` — table-driven unit test covering all priority combinations (11 cases)","timestamp":"2026-03-13T17:20:52.727791499Z"}
{"type":"log","step_name":"implement","message":"- Added `TestRunsList_TaskGroupingStatus` — integration test verifying the API returns correct aggregate status (running when mixed succeeded+running, failed when a failed run is added)","timestamp":"2026-03-13T17:20:52.727794215Z"}
{"type":"log","step_name":"implement","timestamp":"2026-03-13T17:20:52.72779699Z"}
{"type":"log","step_name":"implement","message":"CLOCHE_RESULT:success","timestamp":"2026-03-13T17:20:53.057579595Z"}
{"type":"step_completed","step_name":"implement","result":"success","timestamp":"2026-03-13T17:20:53.086573786Z"}
{"type":"step_started","step_name":"test","timestamp":"2026-03-13T17:20:53.09250729Z"}
{"type":"log","step_name":"test","message":"?   \tgithub.com/cloche-dev/cloche/api/clochepb\t[no test files]","timestamp":"2026-03-13T17:20:53.463533015Z"}
{"type":"log","step_name":"test","message":"ok  \tgithub.com/cloche-dev/cloche/cmd/cloche\t0.036s","timestamp":"2026-03-13T17:20:53.807853054Z"}
{"type":"log","step_name":"test","message":"?   \tgithub.com/cloche-dev/cloche/cmd/cloche-agent\t[no test files]","timestamp":"2026-03-13T17:20:53.807882399Z"}
{"type":"log","step_name":"test","message":"?   \tgithub.com/cloche-dev/cloche/cmd/cloched\t[no test files]","timestamp":"2026-03-13T17:20:53.807885355Z"}
{"type":"log","step_name":"test","message":"ok  \tgithub.com/cloche-dev/cloche/internal/adapters/agents/generic\t(cached)","timestamp":"2026-03-13T17:20:53.807888791Z"}
{"type":"log","step_name":"test","message":"ok  \tgithub.com/cloche-dev/cloche/internal/adapters/agents/prompt\t(cached)","timestamp":"2026-03-13T17:20:53.807890845Z"}
{"type":"log","step_name":"test","message":"ok  \tgithub.com/cloche-dev/cloche/internal/adapters/docker\t(cached)","timestamp":"2026-03-13T17:20:53.807893059Z"}
{"type":"log","step_name":"test","message":"ok  \tgithub.com/cloche-dev/cloche/internal/adapters/grpc\t(cached)","timestamp":"2026-03-13T17:20:53.81582486Z"}
{"type":"log","step_name":"test","message":"ok  \tgithub.com/cloche-dev/cloche/internal/adapters/local\t(cached)","timestamp":"2026-03-13T17:20:53.815855257Z"}
{"type":"log","step_name":"test","message":"ok  \tgithub.com/cloche-dev/cloche/internal/adapters/sqlite\t(cached)","timestamp":"2026-03-13T17:20:53.816286811Z"}
{"type":"log","step_name":"test","message":"ok  \tgithub.com/cloche-dev/cloche/internal/adapters/web\t(cached)","timestamp":"2026-03-13T17:20:53.816293834Z"}
{"type":"log","step_name":"test","message":"ok  \tgithub.com/cloche-dev/cloche/internal/agent\t(cached)","timestamp":"2026-03-13T17:20:53.816296138Z"}
{"type":"log","step_name":"test","message":"ok  \tgithub.com/cloche-dev/cloche/internal/config\t(cached)","timestamp":"2026-03-13T17:20:53.816298162Z"}
{"type":"log","step_name":"test","message":"ok  \tgithub.com/cloche-dev/cloche/internal/domain\t(cached)","timestamp":"2026-03-13T17:20:53.816300126Z"}
{"type":"log","step_name":"test","message":"ok  \tgithub.com/cloche-dev/cloche/internal/dsl\t(cached)","timestamp":"2026-03-13T17:20:53.816302029Z"}
{"type":"log","step_name":"test","message":"ok  \tgithub.com/cloche-dev/cloche/internal/engine\t(cached)","timestamp":"2026-03-13T17:20:53.816303963Z"}
{"type":"log","step_name":"test","message":"ok  \tgithub.com/cloche-dev/cloche/internal/evolution\t(cached)","timestamp":"2026-03-13T17:20:53.816369967Z"}
{"type":"log","step_name":"test","message":"ok  \tgithub.com/cloche-dev/cloche/internal/host\t(cached)","timestamp":"2026-03-13T17:20:53.830915023Z"}
{"type":"log","step_name":"test","message":"ok  \tgithub.com/cloche-dev/cloche/internal/logstream\t(cached)","timestamp":"2026-03-13T17:20:53.831012627Z"}
{"type":"log","step_name":"test","message":"?   \tgithub.com/cloche-dev/cloche/internal/ports\t[no test files]","timestamp":"2026-03-13T17:20:53.831023648Z"}
{"type":"log","step_name":"test","message":"ok  \tgithub.com/cloche-dev/cloche/internal/protocol\t(cached)","timestamp":"2026-03-13T17:20:53.831046661Z"}
{"type":"log","step_name":"test","message":"ok  \tgithub.com/cloche-dev/cloche/internal/runcontext\t(cached)","timestamp":"2026-03-13T17:20:53.831065456Z"}
{"type":"log","step_name":"test","message":"ok  \tgithub.com/cloche-dev/cloche/test/integration\t(cached)","timestamp":"2026-03-13T17:20:53.831345114Z"}
{"type":"step_completed","step_name":"test","result":"success","timestamp":"2026-03-13T17:20:53.878081866Z"}
{"type":"step_started","step_name":"update-docs","timestamp":"2026-03-13T17:20:53.880769763Z"}
{"type":"log","step_name":"update-docs","message":"Let me examine the current source code changes and relevant documentation.","timestamp":"2026-03-13T17:20:59.7698774Z"}
{"type":"log","step_name":"update-docs","message":"--- Tool: Bash('git diff HEAD internal/adapters/web/handler.go') ---","timestamp":"2026-03-13T17:21:00.648310621Z"}
{"type":"log","step_name":"update-docs","message":"--- Tool: Bash('git diff internal/adapters/web/handler_test.go') ---","timestamp":"2026-03-13T17:21:01.420090764Z"}
{"type":"log","step_name":"update-docs","message":"--- Tool: Bash('git diff internal/adapters/web/templates/runs.html') ---","timestamp":"2026-03-13T17:21:01.585843156Z"}
{"type":"log","step_name":"update-docs","message":"Now let me check the relevant documentation files.","timestamp":"2026-03-13T17:21:06.741320707Z"}
{"type":"log","step_name":"update-docs","message":"--- Tool: Glob('docs/**/*.md') ---","timestamp":"2026-03-13T17:21:06.747105872Z"}
{"type":"log","step_name":"update-docs","message":"--- Tool: Grep('task.*group|task.*header|runs.*page|web.*ui|dashboard') ---","timestamp":"2026-03-13T17:21:08.25524062Z"}
{"type":"log","step_name":"update-docs","message":"--- Tool: Grep('task.*group|task.*header|task.*status|aggregate|TaskStatu...') ---","timestamp":"2026-03-13T17:21:12.675778962Z"}
{"type":"log","step_name":"update-docs","message":"--- Tool: Grep('runs.*page|/runs|web.*dashboard|task.*group') ---","timestamp":"2026-03-13T17:21:13.998422643Z"}
{"type":"log","step_name":"update-docs","message":"--- Tool: Grep('task.*group|grouped|runs page|/runs') ---","timestamp":"2026-03-13T17:21:16.88602776Z"}
{"type":"log","step_name":"update-docs","message":"--- Tool: Read('/workspace/docs/plans/2026-03-06-project-pages-design.md') ---","timestamp":"2026-03-13T17:21:20.110078616Z"}
{"type":"log","step_name":"update-docs","message":"The \"Runs page changes\" section in the project-pages design doc describes task grouping but doesn't mention the aggregate status badge. Let me update it.","timestamp":"2026-03-13T17:21:23.189622782Z"}
{"type":"log","step_name":"update-docs","message":"--- Tool: Edit('/workspace/docs/plans/2026-03-06-project-pages-design.md') ---","timestamp":"2026-03-13T17:21:25.289172671Z"}
{"type":"log","step_name":"update-docs","message":"--- Tool: Read('/workspace/docs/plans/2026-03-06-project-pages-design.md') ---","timestamp":"2026-03-13T17:21:30.169338163Z"}
{"type":"log","step_name":"update-docs","message":"The only documentation that mentioned task grouping on the Runs page was the project-pages design doc. I've updated it to reflect the new aggregate status badge and the `task_status` field in the API response.","timestamp":"2026-03-13T17:21:34.637886168Z"}
{"type":"log","step_name":"update-docs","timestamp":"2026-03-13T17:21:34.637925482Z"}
{"type":"log","step_name":"update-docs","message":"No other docs needed changes — USAGE.md and the system design doc don't describe the web UI's task grouping behavior.","timestamp":"2026-03-13T17:21:34.637930972Z"}
{"type":"log","step_name":"update-docs","timestamp":"2026-03-13T17:21:34.637936723Z"}
{"type":"log","step_name":"update-docs","message":"CLOCHE_RESULT:success","timestamp":"2026-03-13T17:21:34.637940931Z"}
{"type":"log","step_name":"update-docs","message":"The only documentation that mentioned task grouping on the Runs page was the project-pages design doc. I've updated it to reflect the new aggregate status badge and the `task_status` field in the API response.","timestamp":"2026-03-13T17:21:34.665499324Z"}
{"type":"log","step_name":"update-docs","timestamp":"2026-03-13T17:21:34.665520033Z"}
{"type":"log","step_name":"update-docs","message":"No other docs needed changes — USAGE.md and the system design doc don't describe the web UI's task grouping behavior.","timestamp":"2026-03-13T17:21:34.66552388Z"}
{"type":"log","step_name":"update-docs","timestamp":"2026-03-13T17:21:34.665528629Z"}
{"type":"log","step_name":"update-docs","message":"CLOCHE_RESULT:success","timestamp":"2026-03-13T17:21:34.963167926Z"}
{"type":"step_completed","step_name":"update-docs","result":"success","timestamp":"2026-03-13T17:21:34.98190063Z"}
{"type":"run_completed","result":"succeeded","timestamp":"2026-03-13T17:21:34.988232096Z"}
