{"type":"run_title","message":"Task: V2: CLI — task-oriented list, status, logs","timestamp":"2026-03-18T19:13:10.598151159Z"}
{"type":"step_started","step_name":"implement","timestamp":"2026-03-18T19:13:10.598467477Z"}
{"type":"log","step_name":"implement","message":"--- Tool: Agent('Explore the codebase thoroughly to understand:","timestamp":"2026-03-18T19:13:41.936774039Z"}
{"type":"log","step_name":"implement","timestamp":"2026-03-18T19:13:41.936795129Z"}
{"type":"log","step_name":"implement","message":"1. The cu...') ---","timestamp":"2026-03-18T19:13:41.936799938Z"}
{"type":"log","step_name":"implement","message":"--- Tool: Glob('cmd/cloche/**/*.go') ---","timestamp":"2026-03-18T19:13:46.318971381Z"}
{"type":"log","step_name":"implement","message":"--- Tool: Glob('internal/domain/**/*.go') ---","timestamp":"2026-03-18T19:13:46.530134471Z"}
{"type":"log","step_name":"implement","message":"--- Tool: Glob('internal/ports/**/*.go') ---","timestamp":"2026-03-18T19:13:46.544929752Z"}
{"type":"log","step_name":"implement","message":"--- Tool: Glob('**/*.proto') ---","timestamp":"2026-03-18T19:13:46.736496415Z"}
{"type":"log","step_name":"implement","message":"--- Tool: Bash('find /workspace -type f -name \"*.go\" | grep -E \"(cmd|inte...') ---","timestamp":"2026-03-18T19:13:47.117508225Z"}
{"type":"log","step_name":"implement","message":"--- Tool: Agent('Read all files in cmd/cloche/ directory. List all files f...') ---","timestamp":"2026-03-18T19:13:54.11780831Z"}
{"type":"log","step_name":"implement","message":"--- Tool: Agent('Read all files in internal/domain/ and internal/ports/ di...') ---","timestamp":"2026-03-18T19:13:55.460841596Z"}
{"type":"log","step_name":"implement","message":"--- Tool: Glob('cmd/cloche/**/*') ---","timestamp":"2026-03-18T19:13:57.434790086Z"}
{"type":"log","step_name":"implement","message":"--- Tool: Agent('Find and read all .proto files in the project. Also read ...') ---","timestamp":"2026-03-18T19:13:57.454458811Z"}
{"type":"log","step_name":"implement","message":"--- Tool: Glob('**/*.proto') ---","timestamp":"2026-03-18T19:13:58.422408842Z"}
{"type":"log","step_name":"implement","message":"--- Tool: Glob('internal/adapters/**/*.go') ---","timestamp":"2026-03-18T19:13:58.542337222Z"}
{"type":"log","step_name":"implement","message":"--- Tool: Glob('internal/domain/**') ---","timestamp":"2026-03-18T19:13:59.781632084Z"}
{"type":"log","step_name":"implement","message":"--- Tool: Glob('internal/ports/**') ---","timestamp":"2026-03-18T19:13:59.821712508Z"}
{"type":"log","step_name":"implement","message":"--- Tool: Glob('cmd/cloche/**/*.go') ---","timestamp":"2026-03-18T19:14:02.716728916Z"}
{"type":"log","step_name":"implement","message":"--- Tool: Glob('internal/domain/**/*.go') ---","timestamp":"2026-03-18T19:14:03.313077015Z"}
{"type":"log","step_name":"implement","message":"--- Tool: Glob('internal/ports/**/*.go') ---","timestamp":"2026-03-18T19:14:03.568248752Z"}
{"type":"log","step_name":"implement","message":"--- Tool: Glob('**/*.proto') ---","timestamp":"2026-03-18T19:14:03.579177501Z"}
{"type":"log","step_name":"implement","message":"--- Tool: Read('/workspace/cmd/cloche/main.go') ---","timestamp":"2026-03-18T19:14:07.031496816Z"}
{"type":"log","step_name":"implement","message":"--- Tool: Read('/workspace/internal/domain/task.go') ---","timestamp":"2026-03-18T19:14:07.448393406Z"}
{"type":"log","step_name":"implement","message":"--- Tool: Read('/workspace/internal/domain/attempt.go') ---","timestamp":"2026-03-18T19:14:07.885946328Z"}
{"type":"log","step_name":"implement","message":"--- Tool: Read('/workspace/internal/domain/run.go') ---","timestamp":"2026-03-18T19:14:07.898013508Z"}
{"type":"log","step_name":"implement","message":"--- Tool: Read('/workspace/internal/ports/store.go') ---","timestamp":"2026-03-18T19:14:08.362021573Z"}
{"type":"log","step_name":"implement","message":"--- Tool: Read('/workspace/api/proto/cloche/v1/cloche.proto') ---","timestamp":"2026-03-18T19:14:08.675856505Z"}
{"type":"step_completed","step_name":"implement","result":"success","timestamp":"2026-03-18T19:14:11.792945613Z"}
{"type":"step_started","step_name":"test","timestamp":"2026-03-18T19:14:11.797811433Z"}
{"type":"log","step_name":"test","message":"go: downloading google.golang.org/grpc v1.79.1","timestamp":"2026-03-18T19:14:11.88504968Z"}
{"type":"log","step_name":"test","message":"go: downloading google.golang.org/protobuf v1.36.11","timestamp":"2026-03-18T19:14:11.885337684Z"}
{"type":"log","step_name":"test","message":"go: downloading github.com/stretchr/testify v1.11.1","timestamp":"2026-03-18T19:14:11.885716039Z"}
{"type":"log","step_name":"test","message":"go: downloading github.com/BurntSushi/toml v1.6.0","timestamp":"2026-03-18T19:14:11.895314446Z"}
{"type":"log","step_name":"test","message":"go: downloading modernc.org/sqlite v1.46.1","timestamp":"2026-03-18T19:14:11.899535398Z"}
{"type":"log","step_name":"test","message":"go: downloading github.com/davecgh/go-spew v1.1.1","timestamp":"2026-03-18T19:14:17.314049149Z"}
{"type":"log","step_name":"test","message":"go: downloading github.com/pmezard/go-difflib v1.0.0","timestamp":"2026-03-18T19:14:17.314132967Z"}
{"type":"log","step_name":"test","message":"go: downloading gopkg.in/yaml.v3 v3.0.1","timestamp":"2026-03-18T19:14:17.314164707Z"}
{"type":"log","step_name":"test","message":"go: downloading golang.org/x/sys v0.39.0","timestamp":"2026-03-18T19:14:17.780571869Z"}
{"type":"log","step_name":"test","message":"go: downloading google.golang.org/genproto/googleapis/rpc v0.0.0-20251202230838-ff82c1b0f217","timestamp":"2026-03-18T19:14:17.780598429Z"}
{"type":"log","step_name":"test","message":"go: downloading golang.org/x/net v0.48.0","timestamp":"2026-03-18T19:14:17.780705442Z"}
{"type":"log","step_name":"test","message":"go: downloading golang.org/x/text v0.32.0","timestamp":"2026-03-18T19:14:18.131987788Z"}
{"type":"log","step_name":"test","message":"go: downloading modernc.org/libc v1.67.6","timestamp":"2026-03-18T19:14:25.307538582Z"}
{"type":"log","step_name":"test","message":"go: downloading github.com/google/uuid v1.6.0","timestamp":"2026-03-18T19:14:27.41249148Z"}
{"type":"log","step_name":"test","message":"go: downloading golang.org/x/exp v0.0.0-20251023183803-a4bb9ffd2546","timestamp":"2026-03-18T19:14:27.412521888Z"}
{"type":"log","step_name":"test","message":"go: downloading github.com/dustin/go-humanize v1.0.1","timestamp":"2026-03-18T19:14:27.412527658Z"}
{"type":"log","step_name":"test","message":"go: downloading modernc.org/mathutil v1.7.1","timestamp":"2026-03-18T19:14:27.412532337Z"}
{"type":"log","step_name":"test","message":"go: downloading modernc.org/memory v1.11.0","timestamp":"2026-03-18T19:14:27.412539631Z"}
{"type":"log","step_name":"test","message":"go: downloading github.com/remyoudompheng/bigfft v0.0.0-20230129092748-24d4a6f8daec","timestamp":"2026-03-18T19:14:27.469720155Z"}
{"type":"log","step_name":"test","message":"?   \tgithub.com/cloche-dev/cloche/api/clochepb\t[no test files]","timestamp":"2026-03-18T19:14:37.52398626Z"}
{"type":"log","step_name":"test","message":"ok  \tgithub.com/cloche-dev/cloche/cmd/cloche\t10.051s","timestamp":"2026-03-18T19:14:48.244652725Z"}
{"type":"log","step_name":"test","message":"?   \tgithub.com/cloche-dev/cloche/cmd/cloche-agent\t[no test files]","timestamp":"2026-03-18T19:14:48.244678133Z"}
{"type":"log","step_name":"test","message":"?   \tgithub.com/cloche-dev/cloche/cmd/cloched\t[no test files]","timestamp":"2026-03-18T19:14:48.244682722Z"}
{"type":"log","step_name":"test","message":"ok  \tgithub.com/cloche-dev/cloche/internal/adapters/agents/generic\t0.019s","timestamp":"2026-03-18T19:14:48.244686449Z"}
{"type":"log","step_name":"test","message":"ok  \tgithub.com/cloche-dev/cloche/internal/adapters/agents/prompt\t0.039s","timestamp":"2026-03-18T19:14:48.244690146Z"}
{"type":"log","step_name":"test","message":"ok  \tgithub.com/cloche-dev/cloche/internal/adapters/docker\t0.005s","timestamp":"2026-03-18T19:14:48.244693813Z"}
{"type":"log","step_name":"test","message":"ok  \tgithub.com/cloche-dev/cloche/internal/adapters/grpc\t4.830s","timestamp":"2026-03-18T19:14:50.835447186Z"}
{"type":"log","step_name":"test","message":"ok  \tgithub.com/cloche-dev/cloche/internal/adapters/local\t0.007s","timestamp":"2026-03-18T19:14:50.835469248Z"}
{"type":"log","step_name":"test","message":"ok  \tgithub.com/cloche-dev/cloche/internal/adapters/sqlite\t0.454s","timestamp":"2026-03-18T19:14:50.835472524Z"}
{"type":"log","step_name":"test","message":"ok  \tgithub.com/cloche-dev/cloche/internal/adapters/web\t0.825s","timestamp":"2026-03-18T19:14:50.835474508Z"}
{"type":"log","step_name":"test","message":"ok  \tgithub.com/cloche-dev/cloche/internal/agent\t0.412s","timestamp":"2026-03-18T19:14:50.835477804Z"}
{"type":"log","step_name":"test","message":"ok  \tgithub.com/cloche-dev/cloche/internal/config\t0.015s","timestamp":"2026-03-18T19:14:50.835479658Z"}
{"type":"log","step_name":"test","message":"ok  \tgithub.com/cloche-dev/cloche/internal/domain\t0.005s","timestamp":"2026-03-18T19:14:50.835481601Z"}
{"type":"log","step_name":"test","message":"ok  \tgithub.com/cloche-dev/cloche/internal/dsl\t0.009s","timestamp":"2026-03-18T19:14:50.835483505Z"}
{"type":"log","step_name":"test","message":"ok  \tgithub.com/cloche-dev/cloche/internal/engine\t0.205s","timestamp":"2026-03-18T19:14:50.835485669Z"}
{"type":"log","step_name":"test","message":"ok  \tgithub.com/cloche-dev/cloche/internal/evolution\t9.110s","timestamp":"2026-03-18T19:14:55.217247927Z"}
{"type":"log","step_name":"test","message":"ok  \tgithub.com/cloche-dev/cloche/internal/host\t17.455s","timestamp":"2026-03-18T19:15:03.581485681Z"}
{"type":"log","step_name":"test","message":"ok  \tgithub.com/cloche-dev/cloche/internal/logstream\t0.058s","timestamp":"2026-03-18T19:15:03.581503695Z"}
{"type":"log","step_name":"test","message":"?   \tgithub.com/cloche-dev/cloche/internal/ports\t[no test files]","timestamp":"2026-03-18T19:15:03.58150599Z"}
{"type":"log","step_name":"test","message":"ok  \tgithub.com/cloche-dev/cloche/internal/protocol\t0.003s","timestamp":"2026-03-18T19:15:03.581509737Z"}
{"type":"log","step_name":"test","message":"ok  \tgithub.com/cloche-dev/cloche/internal/runcontext\t0.006s","timestamp":"2026-03-18T19:15:03.581511771Z"}
{"type":"log","step_name":"test","message":"ok  \tgithub.com/cloche-dev/cloche/internal/version\t0.002s","timestamp":"2026-03-18T19:15:03.581513764Z"}
{"type":"log","step_name":"test","message":"ok  \tgithub.com/cloche-dev/cloche/test/integration\t0.051s","timestamp":"2026-03-18T19:15:03.581515738Z"}
{"type":"step_completed","step_name":"test","result":"success","timestamp":"2026-03-18T19:15:03.757804919Z"}
{"type":"step_started","step_name":"update-docs","timestamp":"2026-03-18T19:15:03.760765691Z"}
{"type":"log","step_name":"update-docs","message":"--- Tool: Agent('Find and read all CLI command source files for cloche (li...') ---","timestamp":"2026-03-18T19:15:25.179333163Z"}
{"type":"log","step_name":"update-docs","message":"--- Tool: Agent('Find and read all documentation files in this project tha...') ---","timestamp":"2026-03-18T19:15:27.325536104Z"}
{"type":"log","step_name":"update-docs","message":"--- Tool: Bash('find /workspace/cmd/cloche -type f -name \"*.go\" | head -20') ---","timestamp":"2026-03-18T19:15:29.484275451Z"}
{"type":"log","step_name":"update-docs","message":"--- Tool: Glob('docs/**/*.md') ---","timestamp":"2026-03-18T19:15:32.309436863Z"}
{"type":"log","step_name":"update-docs","message":"--- Tool: Glob('*.md') ---","timestamp":"2026-03-18T19:15:32.676029718Z"}
{"type":"log","step_name":"update-docs","message":"--- Tool: Bash('find /workspace -name \"*.md\" -type f | head -20') ---","timestamp":"2026-03-18T19:15:33.216383446Z"}
{"type":"log","step_name":"update-docs","message":"--- Tool: Glob('cmd/cloche/**/*.go') ---","timestamp":"2026-03-18T19:15:39.01077422Z"}
{"type":"log","step_name":"update-docs","message":"--- Tool: Glob('docs/**/*.md') ---","timestamp":"2026-03-18T19:15:39.159471282Z"}
{"type":"log","step_name":"update-docs","message":"--- Tool: Read('/workspace/docs/USAGE.md') ---","timestamp":"2026-03-18T19:15:41.964324912Z"}
{"type":"log","step_name":"update-docs","message":"--- Tool: Read('/workspace/cmd/cloche/main.go') ---","timestamp":"2026-03-18T19:15:42.166400474Z"}
{"type":"log","step_name":"update-docs","message":"--- Tool: Read('/workspace/cmd/cloche/help.go') ---","timestamp":"2026-03-18T19:16:05.03589977Z"}
{"type":"log","step_name":"update-docs","message":"--- Tool: Glob('docs/plans/2026-03-18-task-oriented-apis-design.md') ---","timestamp":"2026-03-18T19:16:05.352398507Z"}
{"type":"log","step_name":"update-docs","message":"Let me verify there aren't any recent source changes related to the task-oriented APIs.","timestamp":"2026-03-18T19:16:15.883617228Z"}
{"type":"log","step_name":"update-docs","message":"--- Tool: Bash('git diff main --name-only') ---","timestamp":"2026-03-18T19:16:16.229546148Z"}
{"type":"step_completed","step_name":"update-docs","result":"success","timestamp":"2026-03-18T19:16:18.10282123Z"}
{"type":"run_completed","result":"succeeded","timestamp":"2026-03-18T19:16:18.109724901Z"}
