{"type":"run_title","message":"Task: V2: Log file layout — task/attempt hierarchy","timestamp":"2026-03-18T22:00:37.888172073Z"}
{"type":"step_started","step_name":"implement","timestamp":"2026-03-18T22:00:37.88836569Z"}
{"type":"log","step_name":"implement","message":"--- Tool: Agent('I need to understand the current log file layout and how ...') ---","timestamp":"2026-03-18T22:01:03.365409029Z"}
{"type":"log","step_name":"implement","message":"--- Tool: Glob('**/*logstream*') ---","timestamp":"2026-03-18T22:01:04.642683844Z"}
{"type":"log","step_name":"implement","message":"--- Tool: Glob('**/internal/logstream/**') ---","timestamp":"2026-03-18T22:01:04.652385248Z"}
{"type":"log","step_name":"implement","message":"--- Tool: Glob('**/internal/domain/**') ---","timestamp":"2026-03-18T22:01:04.861688779Z"}
{"type":"log","step_name":"implement","message":"--- Tool: Glob('**/internal/adapters/grpc/**') ---","timestamp":"2026-03-18T22:01:05.110353358Z"}
{"type":"log","step_name":"implement","message":"--- Tool: Glob('**/*runner*.go') ---","timestamp":"2026-03-18T22:01:05.149866454Z"}
{"type":"log","step_name":"implement","message":"--- Tool: Agent('Find all files related to log writing/reading in this pro...') ---","timestamp":"2026-03-18T22:01:10.900046608Z"}
{"type":"log","step_name":"implement","message":"--- Tool: Glob('**/logstream/**') ---","timestamp":"2026-03-18T22:01:17.149057356Z"}
{"type":"log","step_name":"implement","message":"--- Tool: Glob('**/*logstream*') ---","timestamp":"2026-03-18T22:01:17.283223439Z"}
{"type":"log","step_name":"implement","message":"--- Tool: Glob('**/webui/**') ---","timestamp":"2026-03-18T22:01:17.475849548Z"}
{"type":"log","step_name":"implement","message":"--- Tool: Glob('**/web/**') ---","timestamp":"2026-03-18T22:01:17.495358255Z"}
{"type":"log","step_name":"implement","message":"--- Tool: Glob('**/ui/**') ---","timestamp":"2026-03-18T22:01:17.728525553Z"}
{"type":"log","step_name":"implement","message":"--- Tool: Glob('**/*v2*migration*') ---","timestamp":"2026-03-18T22:01:17.942064387Z"}
{"type":"log","step_name":"implement","message":"--- Tool: Glob('**/*migration*v2*') ---","timestamp":"2026-03-18T22:01:17.984325914Z"}
{"type":"log","step_name":"implement","message":"Let me explore the codebase more directly.","timestamp":"2026-03-18T22:01:20.915638171Z"}
{"type":"log","step_name":"implement","message":"--- Tool: Glob('**/logstream/**/*.go') ---","timestamp":"2026-03-18T22:01:21.631671614Z"}
{"type":"log","step_name":"implement","message":"--- Tool: Glob('internal/agent/runner.go') ---","timestamp":"2026-03-18T22:01:21.659962582Z"}
{"type":"log","step_name":"implement","message":"--- Tool: Glob('internal/adapters/grpc/server.go') ---","timestamp":"2026-03-18T22:01:21.795113817Z"}
{"type":"log","step_name":"implement","message":"--- Tool: Grep('\\.cloche/logs') ---","timestamp":"2026-03-18T22:01:22.234833304Z"}
{"type":"log","step_name":"implement","message":"--- Tool: Glob('**/webui/**/*.go') ---","timestamp":"2026-03-18T22:01:22.691052628Z"}
{"type":"log","step_name":"implement","message":"--- Tool: Glob('**/web/**/*.go') ---","timestamp":"2026-03-18T22:01:22.918615855Z"}
{"type":"log","step_name":"implement","message":"--- Tool: Read('/workspace/internal/logstream/logstream.go') ---","timestamp":"2026-03-18T22:01:25.978121872Z"}
{"type":"log","step_name":"implement","message":"--- Tool: Read('/workspace/internal/agent/runner.go') ---","timestamp":"2026-03-18T22:01:26.374100329Z"}
{"type":"log","step_name":"implement","message":"--- Tool: Read('/workspace/internal/adapters/grpc/server.go') ---","timestamp":"2026-03-18T22:01:26.845218205Z"}
{"type":"log","step_name":"implement","message":"--- Tool: Read('/workspace/internal/adapters/web/handler.go') ---","timestamp":"2026-03-18T22:01:27.279634024Z"}
{"type":"log","step_name":"implement","message":"--- Tool: Read('/workspace/internal/adapters/sqlite/migrate_v2.go') ---","timestamp":"2026-03-18T22:01:28.46294147Z"}
{"type":"log","step_name":"implement","message":"--- Tool: Read('/workspace/internal/logstream/logstream_test.go') ---","timestamp":"2026-03-18T22:01:28.489462806Z"}
{"type":"step_completed","step_name":"implement","result":"success","timestamp":"2026-03-18T22:01:36.372213722Z"}
{"type":"step_started","step_name":"test","timestamp":"2026-03-18T22:01:36.375222299Z"}
{"type":"log","step_name":"test","message":"go: downloading github.com/stretchr/testify v1.11.1","timestamp":"2026-03-18T22:01:36.465048948Z"}
{"type":"log","step_name":"test","message":"go: downloading google.golang.org/grpc v1.79.1","timestamp":"2026-03-18T22:01:36.465075839Z"}
{"type":"log","step_name":"test","message":"go: downloading github.com/BurntSushi/toml v1.6.0","timestamp":"2026-03-18T22:01:36.465642111Z"}
{"type":"log","step_name":"test","message":"go: downloading google.golang.org/protobuf v1.36.11","timestamp":"2026-03-18T22:01:36.471496889Z"}
{"type":"log","step_name":"test","message":"go: downloading modernc.org/sqlite v1.46.1","timestamp":"2026-03-18T22:01:36.474044754Z"}
{"type":"log","step_name":"test","message":"go: downloading github.com/davecgh/go-spew v1.1.1","timestamp":"2026-03-18T22:01:41.632808949Z"}
{"type":"log","step_name":"test","message":"go: downloading gopkg.in/yaml.v3 v3.0.1","timestamp":"2026-03-18T22:01:41.632836061Z"}
{"type":"log","step_name":"test","message":"go: downloading github.com/pmezard/go-difflib v1.0.0","timestamp":"2026-03-18T22:01:41.632840459Z"}
{"type":"log","step_name":"test","message":"go: downloading golang.org/x/sys v0.39.0","timestamp":"2026-03-18T22:01:42.123675387Z"}
{"type":"log","step_name":"test","message":"go: downloading google.golang.org/genproto/googleapis/rpc v0.0.0-20251202230838-ff82c1b0f217","timestamp":"2026-03-18T22:01:42.123718008Z"}
{"type":"log","step_name":"test","message":"go: downloading golang.org/x/net v0.48.0","timestamp":"2026-03-18T22:01:42.123723999Z"}
{"type":"log","step_name":"test","message":"go: downloading golang.org/x/text v0.32.0","timestamp":"2026-03-18T22:01:42.398708619Z"}
{"type":"log","step_name":"test","message":"go: downloading modernc.org/libc v1.67.6","timestamp":"2026-03-18T22:01:49.585641763Z"}
{"type":"log","step_name":"test","message":"go: downloading github.com/dustin/go-humanize v1.0.1","timestamp":"2026-03-18T22:01:51.416178295Z"}
{"type":"log","step_name":"test","message":"go: downloading modernc.org/memory v1.11.0","timestamp":"2026-03-18T22:01:51.416209815Z"}
{"type":"log","step_name":"test","message":"go: downloading github.com/google/uuid v1.6.0","timestamp":"2026-03-18T22:01:51.41621756Z"}
{"type":"log","step_name":"test","message":"go: downloading golang.org/x/exp v0.0.0-20251023183803-a4bb9ffd2546","timestamp":"2026-03-18T22:01:51.416222008Z"}
{"type":"log","step_name":"test","message":"go: downloading modernc.org/mathutil v1.7.1","timestamp":"2026-03-18T22:01:51.416242747Z"}
{"type":"log","step_name":"test","message":"go: downloading github.com/remyoudompheng/bigfft v0.0.0-20230129092748-24d4a6f8daec","timestamp":"2026-03-18T22:01:51.456859982Z"}
{"type":"log","step_name":"test","message":"?   \tgithub.com/cloche-dev/cloche/api/clochepb\t[no test files]","timestamp":"2026-03-18T22:02:02.45293151Z"}
{"type":"log","step_name":"test","message":"ok  \tgithub.com/cloche-dev/cloche/cmd/cloche\t10.041s","timestamp":"2026-03-18T22:02:13.262709727Z"}
{"type":"log","step_name":"test","message":"?   \tgithub.com/cloche-dev/cloche/cmd/cloche-agent\t[no test files]","timestamp":"2026-03-18T22:02:13.262734133Z"}
{"type":"log","step_name":"test","message":"?   \tgithub.com/cloche-dev/cloche/cmd/cloched\t[no test files]","timestamp":"2026-03-18T22:02:13.262738331Z"}
{"type":"log","step_name":"test","message":"ok  \tgithub.com/cloche-dev/cloche/internal/adapters/agents/generic\t0.021s","timestamp":"2026-03-18T22:02:13.262742198Z"}
{"type":"log","step_name":"test","message":"ok  \tgithub.com/cloche-dev/cloche/internal/adapters/agents/prompt\t0.041s","timestamp":"2026-03-18T22:02:13.262745705Z"}
{"type":"log","step_name":"test","message":"ok  \tgithub.com/cloche-dev/cloche/internal/adapters/docker\t0.006s","timestamp":"2026-03-18T22:02:13.262749392Z"}
{"type":"log","step_name":"test","message":"ok  \tgithub.com/cloche-dev/cloche/internal/adapters/grpc\t5.088s","timestamp":"2026-03-18T22:02:15.887069317Z"}
{"type":"log","step_name":"test","message":"ok  \tgithub.com/cloche-dev/cloche/internal/adapters/local\t0.006s","timestamp":"2026-03-18T22:02:15.887095837Z"}
{"type":"log","step_name":"test","message":"ok  \tgithub.com/cloche-dev/cloche/internal/adapters/sqlite\t1.250s","timestamp":"2026-03-18T22:02:15.887100656Z"}
{"type":"log","step_name":"test","message":"ok  \tgithub.com/cloche-dev/cloche/internal/adapters/web\t1.046s","timestamp":"2026-03-18T22:02:15.887104684Z"}
{"type":"log","step_name":"test","message":"ok  \tgithub.com/cloche-dev/cloche/internal/agent\t1.132s","timestamp":"2026-03-18T22:02:15.887108431Z"}
{"type":"log","step_name":"test","message":"ok  \tgithub.com/cloche-dev/cloche/internal/config\t0.195s","timestamp":"2026-03-18T22:02:15.887115935Z"}
{"type":"log","step_name":"test","message":"ok  \tgithub.com/cloche-dev/cloche/internal/domain\t0.004s","timestamp":"2026-03-18T22:02:15.887120764Z"}
{"type":"log","step_name":"test","message":"ok  \tgithub.com/cloche-dev/cloche/internal/dsl\t0.187s","timestamp":"2026-03-18T22:02:15.887125764Z"}
{"type":"log","step_name":"test","message":"ok  \tgithub.com/cloche-dev/cloche/internal/engine\t0.238s","timestamp":"2026-03-18T22:02:15.887130613Z"}
{"type":"log","step_name":"test","message":"ok  \tgithub.com/cloche-dev/cloche/internal/evolution\t9.813s","timestamp":"2026-03-18T22:02:20.717490607Z"}
{"type":"log","step_name":"test","message":"ok  \tgithub.com/cloche-dev/cloche/internal/host\t17.672s","timestamp":"2026-03-18T22:02:28.580277361Z"}
{"type":"log","step_name":"test","message":"ok  \tgithub.com/cloche-dev/cloche/internal/logstream\t0.767s","timestamp":"2026-03-18T22:02:28.580299483Z"}
{"type":"log","step_name":"test","message":"?   \tgithub.com/cloche-dev/cloche/internal/ports\t[no test files]","timestamp":"2026-03-18T22:02:28.580301938Z"}
{"type":"log","step_name":"test","message":"ok  \tgithub.com/cloche-dev/cloche/internal/protocol\t0.003s","timestamp":"2026-03-18T22:02:28.580304052Z"}
{"type":"log","step_name":"test","message":"ok  \tgithub.com/cloche-dev/cloche/internal/runcontext\t0.055s","timestamp":"2026-03-18T22:02:28.580308099Z"}
{"type":"log","step_name":"test","message":"ok  \tgithub.com/cloche-dev/cloche/internal/version\t0.002s","timestamp":"2026-03-18T22:02:28.580310053Z"}
{"type":"log","step_name":"test","message":"ok  \tgithub.com/cloche-dev/cloche/test/integration\t0.390s","timestamp":"2026-03-18T22:02:28.580311957Z"}
{"type":"step_completed","step_name":"test","result":"success","timestamp":"2026-03-18T22:02:28.748549712Z"}
{"type":"step_started","step_name":"update-docs","timestamp":"2026-03-18T22:02:28.751587233Z"}
{"type":"log","step_name":"update-docs","message":"--- Tool: Agent('Search the codebase thoroughly for the v2 log file layout...') ---","timestamp":"2026-03-18T22:02:51.595706483Z"}
{"type":"log","step_name":"update-docs","message":"--- Tool: Agent('Find and read all documentation files in the repository t...') ---","timestamp":"2026-03-18T22:02:54.726249339Z"}
{"type":"log","step_name":"update-docs","message":"--- Tool: Glob('**/*.go') ---","timestamp":"2026-03-18T22:02:55.71293914Z"}
{"type":"log","step_name":"update-docs","message":"--- Tool: Grep('logstream') ---","timestamp":"2026-03-18T22:02:56.114199764Z"}
{"type":"log","step_name":"update-docs","message":"--- Tool: Glob('**/*.md') ---","timestamp":"2026-03-18T22:02:56.169706352Z"}
{"type":"log","step_name":"update-docs","message":"--- Tool: Grep('logstream') ---","timestamp":"2026-03-18T22:02:56.535667013Z"}
{"type":"log","step_name":"update-docs","message":"--- Tool: Bash('find /workspace -type d -name docs -o -type d -name \".clo...') ---","timestamp":"2026-03-18T22:02:56.596589024Z"}
{"type":"log","step_name":"update-docs","message":"--- Tool: Bash('find /workspace -name \"workflows.md\" -o -name \"*.md\" | he...') ---","timestamp":"2026-03-18T22:02:56.821609618Z"}
{"type":"log","step_name":"update-docs","message":"--- Tool: Grep('logstream') ---","timestamp":"2026-03-18T22:02:59.38753479Z"}
{"type":"log","step_name":"update-docs","message":"--- Tool: Grep('\\.cloche/logs') ---","timestamp":"2026-03-18T22:02:59.399321946Z"}
{"type":"log","step_name":"update-docs","message":"--- Tool: Glob('docs/**/*.md') ---","timestamp":"2026-03-18T22:02:59.71219877Z"}
{"type":"log","step_name":"update-docs","message":"--- Tool: Read('/workspace/internal/logstream/logstream.go') ---","timestamp":"2026-03-18T22:03:03.028018257Z"}
{"type":"log","step_name":"update-docs","message":"--- Tool: Read('/workspace/internal/adapters/sqlite/migrate_v2.go') ---","timestamp":"2026-03-18T22:03:03.473477131Z"}
{"type":"log","step_name":"update-docs","message":"--- Tool: Grep('logs/|logDir|logPath|LogPath|log_path') ---","timestamp":"2026-03-18T22:03:04.953129796Z"}
{"type":"log","step_name":"update-docs","message":"Now let me check the relevant documentation files for log file references.","timestamp":"2026-03-18T22:03:12.972808816Z"}
{"type":"log","step_name":"update-docs","message":"--- Tool: Grep('\\.cloche.*log|output.*log|log.*layout|log.*path') ---","timestamp":"2026-03-18T22:03:14.001477104Z"}
{"type":"log","step_name":"update-docs","message":"--- Tool: Grep('\\.cloche.*output|run-id|\u003crun-id\u003e|log file') ---","timestamp":"2026-03-18T22:03:14.778410039Z"}
{"type":"step_completed","step_name":"update-docs","result":"success","timestamp":"2026-03-18T22:03:17.92898749Z"}
{"type":"run_completed","result":"succeeded","timestamp":"2026-03-18T22:03:17.935186345Z"}
