{"type":"run_title","message":"Task: Suppress empty run history when list-tasks finds no work","timestamp":"2026-03-12T15:39:39.377781706Z"}
{"type":"step_started","step_name":"implement","timestamp":"2026-03-12T15:39:39.378004478Z"}
{"type":"log","step_name":"implement","message":"--- Tool: Agent('I need to understand how the host orchestration loop work...') ---","timestamp":"2026-03-12T15:39:50.285401131Z"}
{"type":"log","step_name":"implement","message":"--- Tool: Bash('find /workspace -type f -name \"*.go\" | head -30') ---","timestamp":"2026-03-12T15:39:51.469685678Z"}
{"type":"log","step_name":"implement","message":"--- Tool: Bash('ls -la /workspace/internal/') ---","timestamp":"2026-03-12T15:39:52.814768306Z"}
{"type":"log","step_name":"implement","message":"--- Tool: Glob('internal/host/*.go') ---","timestamp":"2026-03-12T15:39:54.060314381Z"}
{"type":"log","step_name":"implement","message":"--- Tool: Glob('internal/ports/*.go') ---","timestamp":"2026-03-12T15:39:55.148202924Z"}
{"type":"log","step_name":"implement","message":"--- Tool: Glob('internal/domain/*.go') ---","timestamp":"2026-03-12T15:39:55.939951069Z"}
{"type":"log","step_name":"implement","message":"--- Tool: Read('/workspace/internal/domain/run.go') ---","timestamp":"2026-03-12T15:39:57.000061853Z"}
{"type":"log","step_name":"implement","message":"--- Tool: Read('/workspace/internal/ports/store.go') ---","timestamp":"2026-03-12T15:39:57.209061353Z"}
{"type":"log","step_name":"implement","message":"--- Tool: Read('/workspace/internal/host/loop.go') ---","timestamp":"2026-03-12T15:39:57.376194206Z"}
{"type":"log","step_name":"implement","message":"--- Tool: Read('/workspace/internal/host/executor.go') ---","timestamp":"2026-03-12T15:39:58.751603333Z"}
{"type":"log","step_name":"implement","message":"--- Tool: Read('/workspace/internal/host/task.go') ---","timestamp":"2026-03-12T15:39:58.828610253Z"}
{"type":"log","step_name":"implement","message":"--- Tool: Read('/workspace/internal/host/runner.go') ---","timestamp":"2026-03-12T15:40:02.743189219Z"}
{"type":"log","step_name":"implement","message":"--- Tool: Read('/workspace/internal/adapters/sqlite/store.go') ---","timestamp":"2026-03-12T15:40:02.830064333Z"}
{"type":"log","step_name":"implement","message":"--- Tool: Bash('find /workspace/cmd -type f -name \"*.go\" | head -20') ---","timestamp":"2026-03-12T15:40:04.57619163Z"}
{"type":"log","step_name":"implement","message":"--- Tool: Read('/workspace/cmd/cloched/main.go') ---","timestamp":"2026-03-12T15:40:05.613081012Z"}
{"type":"log","step_name":"implement","message":"--- Tool: Bash('grep -r \"pickTaskFromPhase\\|mainFn\\|CreateRun\" /workspace...') ---","timestamp":"2026-03-12T15:40:07.683345929Z"}
{"type":"log","step_name":"implement","message":"--- Tool: Read('/workspace/internal/host/loop_test.go') ---","timestamp":"2026-03-12T15:40:09.2755364Z"}
{"type":"log","step_name":"implement","message":"--- Tool: Read('/workspace/internal/host/loop_test.go') ---","timestamp":"2026-03-12T15:40:12.214622243Z"}
{"type":"log","step_name":"implement","message":"--- Tool: Bash('find /workspace/internal/adapters -name \"*.go\" | grep -E ...') ---","timestamp":"2026-03-12T15:40:14.865594631Z"}
{"type":"log","step_name":"implement","message":"--- Tool: Read('/workspace/internal/adapters/grpc/server.go') ---","timestamp":"2026-03-12T15:40:16.268704466Z"}
{"type":"log","step_name":"implement","message":"--- Tool: Bash('grep -n \"Orchestrate\\|func (s \\*ClocheServer)\" /workspace...') ---","timestamp":"2026-03-12T15:40:18.597927819Z"}
{"type":"log","step_name":"implement","message":"--- Tool: Read('/workspace/internal/adapters/grpc/server.go') ---","timestamp":"2026-03-12T15:40:20.753101246Z"}
{"type":"log","step_name":"implement","message":"--- Tool: Bash('grep -r \"hidden\\|skip\" /workspace/internal --include=\"*.g...') ---","timestamp":"2026-03-12T15:40:22.720316441Z"}
{"type":"log","step_name":"implement","message":"--- Tool: Bash('grep -r \"const\\|Status\\|State\" /workspace/internal/domain...') ---","timestamp":"2026-03-12T15:40:24.316188271Z"}
{"type":"log","step_name":"implement","message":"--- Tool: Read('/workspace/internal/domain/workflow.go') ---","timestamp":"2026-03-12T15:40:25.893206Z"}
{"type":"log","step_name":"implement","message":"--- Tool: Read('/workspace/internal/domain/run_test.go') ---","timestamp":"2026-03-12T15:40:27.930296685Z"}
{"type":"log","step_name":"implement","message":"--- Tool: Read('/workspace/internal/host/loop.go') ---","timestamp":"2026-03-12T15:40:55.933179512Z"}
{"type":"log","step_name":"implement","message":"--- Tool: Read('/workspace/internal/host/runner.go') ---","timestamp":"2026-03-12T15:40:56.071196324Z"}
{"type":"log","step_name":"implement","message":"--- Tool: Read('/workspace/internal/adapters/grpc/server.go') ---","timestamp":"2026-03-12T15:41:09.398523065Z"}
{"type":"log","step_name":"implement","message":"--- Tool: Read('/workspace/internal/domain/run.go') ---","timestamp":"2026-03-12T15:41:09.561475871Z"}
{"type":"log","step_name":"implement","message":"Now let me look at existing tests and the `GenerateRunID` function.","timestamp":"2026-03-12T15:41:42.494904929Z"}
{"type":"log","step_name":"implement","message":"--- Tool: Glob('internal/host/*_test.go') ---","timestamp":"2026-03-12T15:41:42.980849472Z"}
{"type":"log","step_name":"implement","message":"--- Tool: Glob('internal/adapters/grpc/*_test.go') ---","timestamp":"2026-03-12T15:41:43.310609612Z"}
{"type":"log","step_name":"implement","message":"--- Tool: Grep('func GenerateRunID') ---","timestamp":"2026-03-12T15:41:43.326663386Z"}
{"type":"log","step_name":"implement","message":"--- Tool: Read('/workspace/internal/host/loop_test.go') ---","timestamp":"2026-03-12T15:41:51.411410863Z"}
{"type":"log","step_name":"implement","message":"Let me find the fakeStore and understand the test infrastructure.","timestamp":"2026-03-12T15:41:57.738538459Z"}
{"type":"log","step_name":"implement","message":"--- Tool: Grep('type fakeStore struct') ---","timestamp":"2026-03-12T15:41:58.581486076Z"}
{"type":"log","step_name":"implement","message":"--- Tool: Grep('ListChildRuns') ---","timestamp":"2026-03-12T15:42:05.442113962Z"}
{"type":"log","step_name":"implement","message":"--- Tool: Read('/workspace/internal/adapters/grpc/server_test.go') ---","timestamp":"2026-03-12T15:43:00.607211063Z"}
{"type":"log","step_name":"implement","message":"--- Tool: Grep('func Test.*Runner') ---","timestamp":"2026-03-12T15:43:23.780054013Z"}
{"type":"log","step_name":"implement","message":"--- Tool: Read('/workspace/internal/host/executor_test.go') ---","timestamp":"2026-03-12T15:43:33.763112293Z"}
{"type":"log","step_name":"implement","message":"--- Tool: Read('/workspace/internal/host/task.go') ---","timestamp":"2026-03-12T15:44:05.087639225Z"}
{"type":"log","step_name":"implement","message":"Now I have a clear understanding. The issue: `createPhaseLoop` in `server.go` always creates a run record for list-tasks via `runner.RunNamed()`, even when no tasks are found. I'll add a helper function in the `host` package and use it in the server.","timestamp":"2026-03-12T15:44:14.240174804Z"}
{"type":"log","step_name":"implement","message":"--- Tool: Edit('/workspace/internal/host/runner.go') ---","timestamp":"2026-03-12T15:44:17.965518998Z"}
{"type":"log","step_name":"implement","message":"Now update `server.go` to use the new helper function.","timestamp":"2026-03-12T15:44:25.025648737Z"}
{"type":"log","step_name":"implement","message":"--- Tool: Edit('/workspace/internal/adapters/grpc/server.go') ---","timestamp":"2026-03-12T15:44:27.741652217Z"}
{"type":"log","step_name":"implement","message":"Now let me write the test. I'll add it to `executor_test.go` since that's where the Runner tests live.","timestamp":"2026-03-12T15:44:35.981064278Z"}
{"type":"log","step_name":"implement","message":"--- Tool: Read('/workspace/internal/host/executor_test.go') ---","timestamp":"2026-03-12T15:44:36.287325675Z"}
{"type":"log","step_name":"implement","message":"Now let me see the end of the file to add the test.","timestamp":"2026-03-12T15:44:43.045987703Z"}
{"type":"log","step_name":"implement","message":"--- Tool: Read('/workspace/internal/host/executor_test.go') ---","timestamp":"2026-03-12T15:44:43.544850817Z"}
{"type":"log","step_name":"implement","message":"--- Tool: Read('/workspace/internal/host/executor_test.go') ---","timestamp":"2026-03-12T15:44:49.538981979Z"}
{"type":"log","step_name":"implement","message":"Now I'll add tests for `RunListTasksWorkflow`. I'll add them at the end of the file.","timestamp":"2026-03-12T15:44:56.25044612Z"}
{"type":"log","step_name":"implement","message":"--- Tool: Edit('/workspace/internal/host/executor_test.go') ---","timestamp":"2026-03-12T15:45:04.706674326Z"}
{"type":"log","step_name":"implement","message":"Now let me verify the import for `fmt` isn't needed in the updated `server.go` (since we removed the `fmt.Errorf` call from the closure) and check the runner.go imports.","timestamp":"2026-03-12T15:45:15.701186495Z"}
{"type":"log","step_name":"implement","message":"--- Tool: Grep('fmt\\.Errorf|fmt\\.Sprintf|fmt\\.Printf|fmt\\.Fprintf') ---","timestamp":"2026-03-12T15:45:17.057594774Z"}
{"type":"log","step_name":"implement","message":"--- Tool: Read('/workspace/internal/host/runner.go') ---","timestamp":"2026-03-12T15:45:17.517528497Z"}
{"type":"log","step_name":"implement","message":"Good - `fmt` is already imported in `runner.go`, and `server.go` has plenty of other `fmt` uses. Let me run the tests.","timestamp":"2026-03-12T15:45:26.307413907Z"}
{"type":"log","step_name":"implement","message":"--- Tool: Bash('go test ./internal/host/ -run \"TestRunListTasksWorkflow\" ...') ---","timestamp":"2026-03-12T15:45:27.094096159Z"}
{"type":"log","step_name":"implement","message":"Both tests pass. Now let me run the full test suite.","timestamp":"2026-03-12T15:45:48.192087318Z"}
{"type":"log","step_name":"implement","message":"--- Tool: Bash('go test ./... 2\u003e\u00261') ---","timestamp":"2026-03-12T15:45:48.924634627Z"}
{"type":"log","step_name":"implement","message":"All tests pass. Let me verify the final state of the changes.","timestamp":"2026-03-12T15:46:28.056282805Z"}
{"type":"log","step_name":"implement","message":"--- Tool: Read('/workspace/internal/host/runner.go') ---","timestamp":"2026-03-12T15:46:28.474527711Z"}
{"type":"log","step_name":"implement","message":"The implementation is complete. Here's a summary of the changes:","timestamp":"2026-03-12T15:46:39.110555394Z"}
{"type":"log","step_name":"implement","timestamp":"2026-03-12T15:46:39.11061149Z"}
{"type":"log","step_name":"implement","message":"**Problem:** The list-tasks workflow phase always created a run record via `Runner.RunNamed()`, even when no tasks were found. This cluttered the run history with empty list-tasks entries.","timestamp":"2026-03-12T15:46:39.110616088Z"}
{"type":"log","step_name":"implement","timestamp":"2026-03-12T15:46:39.110620817Z"}
{"type":"log","step_name":"implement","message":"**Solution:**","timestamp":"2026-03-12T15:46:39.110628261Z"}
{"type":"log","step_name":"implement","timestamp":"2026-03-12T15:46:39.110632389Z"}
{"type":"log","step_name":"implement","message":"1. **`internal/host/runner.go`** — Added `RunListTasksWorkflow()` helper that wraps running the list-tasks workflow. After a successful run with zero tasks returned, it deletes the run record from the store via `DeleteRun`.","timestamp":"2026-03-12T15:46:39.110636016Z"}
{"type":"log","step_name":"implement","timestamp":"2026-03-12T15:46:39.110640434Z"}
{"type":"log","step_name":"implement","message":"2. **`internal/adapters/grpc/server.go`** — Updated `createPhaseLoop`'s `listTasksFn` closure to use the new `RunListTasksWorkflow()` instead of manually calling `RunNamed` + `ReadListTasksOutput`.","timestamp":"2026-03-12T15:46:39.110643941Z"}
{"type":"log","step_name":"implement","timestamp":"2026-03-12T15:46:39.110648229Z"}
{"type":"log","step_name":"implement","message":"3. **`internal/host/executor_test.go`** — Added two tests:","timestamp":"2026-03-12T15:46:39.110651806Z"}
{"type":"log","step_name":"implement","message":"   - `TestRunListTasksWorkflow_EmptyResult_DeletesRun` — verifies the run record is deleted when list-tasks returns no tasks","timestamp":"2026-03-12T15:46:39.110655834Z"}
{"type":"log","step_name":"implement","message":"   - `TestRunListTasksWorkflow_WithTasks_KeepsRun` — verifies the run record is preserved when tasks are found","timestamp":"2026-03-12T15:46:39.110659991Z"}
{"type":"log","step_name":"implement","timestamp":"2026-03-12T15:46:39.11066429Z"}
{"type":"log","step_name":"implement","message":"CLOCHE_RESULT:success","timestamp":"2026-03-12T15:46:39.110667896Z"}
{"type":"log","step_name":"implement","message":"The implementation is complete. Here's a summary of the changes:","timestamp":"2026-03-12T15:46:39.136948038Z"}
{"type":"log","step_name":"implement","timestamp":"2026-03-12T15:46:39.136984497Z"}
{"type":"log","step_name":"implement","message":"**Problem:** The list-tasks workflow phase always created a run record via `Runner.RunNamed()`, even when no tasks were found. This cluttered the run history with empty list-tasks entries.","timestamp":"2026-03-12T15:46:39.136991039Z"}
{"type":"log","step_name":"implement","timestamp":"2026-03-12T15:46:39.136997532Z"}
{"type":"log","step_name":"implement","message":"**Solution:**","timestamp":"2026-03-12T15:46:39.137002751Z"}
{"type":"log","step_name":"implement","timestamp":"2026-03-12T15:46:39.137027899Z"}
{"type":"log","step_name":"implement","message":"1. **`internal/host/runner.go`** — Added `RunListTasksWorkflow()` helper that wraps running the list-tasks workflow. After a successful run with zero tasks returned, it deletes the run record from the store via `DeleteRun`.","timestamp":"2026-03-12T15:46:39.137035263Z"}
{"type":"log","step_name":"implement","timestamp":"2026-03-12T15:46:39.137041785Z"}
{"type":"log","step_name":"implement","message":"2. **`internal/adapters/grpc/server.go`** — Updated `createPhaseLoop`'s `listTasksFn` closure to use the new `RunListTasksWorkflow()` instead of manually calling `RunNamed` + `ReadListTasksOutput`.","timestamp":"2026-03-12T15:46:39.137047085Z"}
{"type":"log","step_name":"implement","timestamp":"2026-03-12T15:46:39.137053297Z"}
{"type":"log","step_name":"implement","message":"3. **`internal/host/executor_test.go`** — Added two tests:","timestamp":"2026-03-12T15:46:39.137058457Z"}
{"type":"log","step_name":"implement","message":"   - `TestRunListTasksWorkflow_EmptyResult_DeletesRun` — verifies the run record is deleted when list-tasks returns no tasks","timestamp":"2026-03-12T15:46:39.137064268Z"}
{"type":"log","step_name":"implement","message":"   - `TestRunListTasksWorkflow_WithTasks_KeepsRun` — verifies the run record is preserved when tasks are found","timestamp":"2026-03-12T15:46:39.137070219Z"}
{"type":"log","step_name":"implement","timestamp":"2026-03-12T15:46:39.13707601Z"}
{"type":"log","step_name":"implement","message":"CLOCHE_RESULT:success","timestamp":"2026-03-12T15:46:39.450377262Z"}
{"type":"step_completed","step_name":"implement","result":"success","timestamp":"2026-03-12T15:46:39.515957694Z"}
{"type":"step_started","step_name":"test","timestamp":"2026-03-12T15:46:39.523934954Z"}
{"type":"log","step_name":"test","message":"?   \tgithub.com/cloche-dev/cloche/api/clochepb\t[no test files]","timestamp":"2026-03-12T15:46:39.915708003Z"}
{"type":"log","step_name":"test","message":"ok  \tgithub.com/cloche-dev/cloche/cmd/cloche\t(cached)","timestamp":"2026-03-12T15:46:39.958855151Z"}
{"type":"log","step_name":"test","message":"?   \tgithub.com/cloche-dev/cloche/cmd/cloche-agent\t[no test files]","timestamp":"2026-03-12T15:46:39.958891129Z"}
{"type":"log","step_name":"test","message":"?   \tgithub.com/cloche-dev/cloche/cmd/cloched\t[no test files]","timestamp":"2026-03-12T15:46:39.995932486Z"}
{"type":"log","step_name":"test","message":"ok  \tgithub.com/cloche-dev/cloche/internal/adapters/agents/generic\t(cached)","timestamp":"2026-03-12T15:46:39.99610905Z"}
{"type":"log","step_name":"test","message":"ok  \tgithub.com/cloche-dev/cloche/internal/adapters/agents/prompt\t(cached)","timestamp":"2026-03-12T15:46:39.996241972Z"}
{"type":"log","step_name":"test","message":"ok  \tgithub.com/cloche-dev/cloche/internal/adapters/docker\t(cached)","timestamp":"2026-03-12T15:46:39.996264805Z"}
{"type":"log","step_name":"test","message":"ok  \tgithub.com/cloche-dev/cloche/internal/adapters/grpc\t(cached)","timestamp":"2026-03-12T15:46:40.004013462Z"}
{"type":"log","step_name":"test","message":"ok  \tgithub.com/cloche-dev/cloche/internal/adapters/local\t(cached)","timestamp":"2026-03-12T15:46:40.004037708Z"}
{"type":"log","step_name":"test","message":"ok  \tgithub.com/cloche-dev/cloche/internal/adapters/sqlite\t(cached)","timestamp":"2026-03-12T15:46:40.004040523Z"}
{"type":"log","step_name":"test","message":"ok  \tgithub.com/cloche-dev/cloche/internal/adapters/web\t(cached)","timestamp":"2026-03-12T15:46:40.00404377Z"}
{"type":"log","step_name":"test","message":"ok  \tgithub.com/cloche-dev/cloche/internal/agent\t(cached)","timestamp":"2026-03-12T15:46:40.004046495Z"}
{"type":"log","step_name":"test","message":"ok  \tgithub.com/cloche-dev/cloche/internal/config\t(cached)","timestamp":"2026-03-12T15:46:40.00412835Z"}
{"type":"log","step_name":"test","message":"ok  \tgithub.com/cloche-dev/cloche/internal/domain\t(cached)","timestamp":"2026-03-12T15:46:40.00413375Z"}
{"type":"log","step_name":"test","message":"ok  \tgithub.com/cloche-dev/cloche/internal/dsl\t(cached)","timestamp":"2026-03-12T15:46:40.004137878Z"}
{"type":"log","step_name":"test","message":"ok  \tgithub.com/cloche-dev/cloche/internal/engine\t(cached)","timestamp":"2026-03-12T15:46:40.004142015Z"}
{"type":"log","step_name":"test","message":"ok  \tgithub.com/cloche-dev/cloche/internal/evolution\t(cached)","timestamp":"2026-03-12T15:46:40.004150952Z"}
{"type":"log","step_name":"test","message":"ok  \tgithub.com/cloche-dev/cloche/internal/host\t(cached)","timestamp":"2026-03-12T15:46:40.052543211Z"}
{"type":"log","step_name":"test","message":"ok  \tgithub.com/cloche-dev/cloche/internal/logstream\t(cached)","timestamp":"2026-03-12T15:46:40.052585391Z"}
{"type":"log","step_name":"test","message":"?   \tgithub.com/cloche-dev/cloche/internal/ports\t[no test files]","timestamp":"2026-03-12T15:46:40.052588317Z"}
{"type":"log","step_name":"test","message":"ok  \tgithub.com/cloche-dev/cloche/internal/protocol\t(cached)","timestamp":"2026-03-12T15:46:40.052602894Z"}
{"type":"log","step_name":"test","message":"ok  \tgithub.com/cloche-dev/cloche/internal/runcontext\t(cached)","timestamp":"2026-03-12T15:46:40.052666254Z"}
{"type":"log","step_name":"test","message":"ok  \tgithub.com/cloche-dev/cloche/test/integration\t(cached)","timestamp":"2026-03-12T15:46:40.052694377Z"}
{"type":"step_completed","step_name":"test","result":"success","timestamp":"2026-03-12T15:46:40.086347896Z"}
{"type":"step_started","step_name":"update-docs","timestamp":"2026-03-12T15:46:40.091511985Z"}
{"type":"log","step_name":"update-docs","message":"Let me examine the source code changes and existing documentation.","timestamp":"2026-03-12T15:46:52.962009645Z"}
{"type":"log","step_name":"update-docs","message":"--- Tool: Bash('git diff HEAD -- internal/adapters/grpc/server.go interna...') ---","timestamp":"2026-03-12T15:46:54.354071514Z"}
{"type":"log","step_name":"update-docs","message":"--- Tool: Glob('docs/**/*.md') ---","timestamp":"2026-03-12T15:46:54.437025831Z"}
{"type":"log","step_name":"update-docs","message":"Let me check the relevant documentation files for any mention of list-tasks, run history, or phase loop behavior.","timestamp":"2026-03-12T15:47:01.69096264Z"}
{"type":"log","step_name":"update-docs","message":"--- Tool: Grep('list-tasks|run history|phase.?loop|RunListTasks|empty.*task') ---","timestamp":"2026-03-12T15:47:02.818867767Z"}
{"type":"log","step_name":"update-docs","message":"--- Tool: Read('/workspace/docs/workflows.md') ---","timestamp":"2026-03-12T15:47:12.804848019Z"}
{"type":"log","step_name":"update-docs","message":"--- Tool: Read('/workspace/docs/USAGE.md') ---","timestamp":"2026-03-12T15:47:13.296124462Z"}
{"type":"log","step_name":"update-docs","message":"--- Tool: Grep('run record|DeleteRun|empty.*list|no.*tasks|skip.*run|hidd...') ---","timestamp":"2026-03-12T15:47:33.245987153Z"}
{"type":"log","step_name":"update-docs","message":"The existing documentation doesn't describe run record lifecycle or what happens when list-tasks returns empty results. The change is an internal optimization — deleting empty list-tasks run records from the store — that doesn't contradict any current documentation.","timestamp":"2026-03-12T15:47:41.486854675Z"}
{"type":"log","step_name":"update-docs","timestamp":"2026-03-12T15:47:41.48688389Z"}
{"type":"log","step_name":"update-docs","message":"No documentation changes are needed.","timestamp":"2026-03-12T15:47:41.48688941Z"}
{"type":"log","step_name":"update-docs","timestamp":"2026-03-12T15:47:41.48689471Z"}
{"type":"log","step_name":"update-docs","message":"CLOCHE_RESULT:success","timestamp":"2026-03-12T15:47:41.486899359Z"}
{"type":"log","step_name":"update-docs","message":"The existing documentation doesn't describe run record lifecycle or what happens when list-tasks returns empty results. The change is an internal optimization — deleting empty list-tasks run records from the store — that doesn't contradict any current documentation.","timestamp":"2026-03-12T15:47:41.606529308Z"}
{"type":"log","step_name":"update-docs","timestamp":"2026-03-12T15:47:41.606552182Z"}
{"type":"log","step_name":"update-docs","message":"No documentation changes are needed.","timestamp":"2026-03-12T15:47:41.606556129Z"}
{"type":"log","step_name":"update-docs","timestamp":"2026-03-12T15:47:41.606585535Z"}
{"type":"log","step_name":"update-docs","message":"CLOCHE_RESULT:success","timestamp":"2026-03-12T15:47:42.15106608Z"}
{"type":"step_completed","step_name":"update-docs","result":"success","timestamp":"2026-03-12T15:47:42.173355051Z"}
{"type":"run_completed","result":"succeeded","timestamp":"2026-03-12T15:47:42.181890838Z"}
