[
  {
    "id": "cloche-x3z",
    "title": "Suppress empty run history when list-tasks finds no work",
    "description": "When the list-tasks workflow phase exits cleanly but returns no tasks, the orchestration loop still creates a run entry that clutters the run history. Skip creating a run record (or mark it as skipped/hidden) when list-tasks returns an empty result, so the history only contains runs where actual work was attempted.",
    "status": "open",
    "priority": 2,
    "issue_type": "task",
    "owner": "lucas@perfectlunacy.com",
    "created_at": "2026-03-12T08:00:45.398495271-07:00",
    "created_by": "lucas",
    "updated_at": "2026-03-12T08:27:15.899744021-07:00",
    "labels": [
      "daemon",
      "orchestration"
    ],
    "dependency_count": 0,
    "dependent_count": 0
  }
]
