{"type":"run_title","message":"Task: V2: Log file layout — task/attempt hierarchy","timestamp":"2026-03-18T19:00:33.619854626Z"}
{"type":"step_started","step_name":"implement","timestamp":"2026-03-18T19:00:33.620055617Z"}
{"type":"log","step_name":"implement","message":"--- Tool: Agent('I need to understand the current log file layout in this ...') ---","timestamp":"2026-03-18T19:00:52.954621102Z"}
{"type":"log","step_name":"implement","message":"--- Tool: Glob('**/*logstream*') ---","timestamp":"2026-03-18T19:00:54.174628165Z"}
{"type":"log","step_name":"implement","message":"--- Tool: Glob('**/*log*.go') ---","timestamp":"2026-03-18T19:00:54.386743435Z"}
{"type":"log","step_name":"implement","message":"--- Tool: Grep('type Writer|type LogStream|package logstream') ---","timestamp":"2026-03-18T19:00:54.638083709Z"}
{"type":"log","step_name":"implement","message":"--- Tool: Grep('trackRun') ---","timestamp":"2026-03-18T19:00:54.766327048Z"}
{"type":"log","step_name":"implement","message":"--- Tool: Grep('logstream') ---","timestamp":"2026-03-18T19:00:58.194950308Z"}
{"type":"log","step_name":"implement","message":"--- Tool: Grep('trackRun') ---","timestamp":"2026-03-18T19:00:58.977665878Z"}
{"type":"log","step_name":"implement","message":"--- Tool: Grep('full\\.log') ---","timestamp":"2026-03-18T19:00:59.053727339Z"}
{"type":"log","step_name":"implement","message":"--- Tool: Grep('output.*\\.log|\\.log.*output') ---","timestamp":"2026-03-18T19:01:00.304354549Z"}
{"type":"log","step_name":"implement","message":"--- Tool: Read('/workspace/internal/logstream/logstream.go') ---","timestamp":"2026-03-18T19:01:03.066166698Z"}
{"type":"log","step_name":"implement","message":"--- Tool: Read('/workspace/internal/agent/runner.go') ---","timestamp":"2026-03-18T19:01:03.514324099Z"}
{"type":"log","step_name":"implement","message":"--- Tool: Read('/workspace/internal/host/runner.go') ---","timestamp":"2026-03-18T19:01:03.686717725Z"}
{"type":"log","step_name":"implement","message":"Now let me read the daemon's trackRun and the gRPC server log reading code.","timestamp":"2026-03-18T19:01:08.781638555Z"}
{"type":"log","step_name":"implement","message":"--- Tool: Grep('func.*trackRun') ---","timestamp":"2026-03-18T19:01:09.4004703Z"}
{"type":"log","step_name":"implement","message":"--- Tool: Read('/workspace/internal/adapters/grpc/server.go') ---","timestamp":"2026-03-18T19:01:10.17525596Z"}
{"type":"log","step_name":"implement","message":"--- Tool: Read('/workspace/internal/adapters/local/runtime.go') ---","timestamp":"2026-03-18T19:01:10.186545502Z"}
{"type":"log","step_name":"implement","message":"--- Tool: Read('/workspace/internal/logstream/logstream_test.go') ---","timestamp":"2026-03-18T19:01:10.681462706Z"}
{"type":"log","step_name":"implement","message":"--- Tool: Read('/workspace/internal/agent/runner_test.go') ---","timestamp":"2026-03-18T19:01:11.208926593Z"}
{"type":"step_completed","step_name":"implement","result":"success","timestamp":"2026-03-18T19:01:17.357875302Z"}
{"type":"step_started","step_name":"test","timestamp":"2026-03-18T19:01:17.364669451Z"}
{"type":"log","step_name":"test","message":"go: downloading github.com/stretchr/testify v1.11.1","timestamp":"2026-03-18T19:01:17.497610383Z"}
{"type":"log","step_name":"test","message":"go: downloading google.golang.org/grpc v1.79.1","timestamp":"2026-03-18T19:01:17.497823847Z"}
{"type":"log","step_name":"test","message":"go: downloading google.golang.org/protobuf v1.36.11","timestamp":"2026-03-18T19:01:17.525481884Z"}
{"type":"log","step_name":"test","message":"go: downloading modernc.org/sqlite v1.46.1","timestamp":"2026-03-18T19:01:17.551967354Z"}
{"type":"log","step_name":"test","message":"go: downloading github.com/BurntSushi/toml v1.6.0","timestamp":"2026-03-18T19:01:17.556604284Z"}
{"type":"log","step_name":"test","message":"go: downloading gopkg.in/yaml.v3 v3.0.1","timestamp":"2026-03-18T19:01:22.720609006Z"}
{"type":"log","step_name":"test","message":"go: downloading github.com/davecgh/go-spew v1.1.1","timestamp":"2026-03-18T19:01:22.720642018Z"}
{"type":"log","step_name":"test","message":"go: downloading github.com/pmezard/go-difflib v1.0.0","timestamp":"2026-03-18T19:01:22.720644864Z"}
{"type":"log","step_name":"test","message":"go: downloading golang.org/x/sys v0.39.0","timestamp":"2026-03-18T19:01:23.218054049Z"}
{"type":"log","step_name":"test","message":"go: downloading golang.org/x/net v0.48.0","timestamp":"2026-03-18T19:01:23.218183594Z"}
{"type":"log","step_name":"test","message":"go: downloading google.golang.org/genproto/googleapis/rpc v0.0.0-20251202230838-ff82c1b0f217","timestamp":"2026-03-18T19:01:23.219150422Z"}
{"type":"log","step_name":"test","message":"go: downloading golang.org/x/text v0.32.0","timestamp":"2026-03-18T19:01:23.498275061Z"}
{"type":"log","step_name":"test","message":"go: downloading modernc.org/libc v1.67.6","timestamp":"2026-03-18T19:01:30.919610829Z"}
{"type":"log","step_name":"test","message":"go: downloading modernc.org/memory v1.11.0","timestamp":"2026-03-18T19:01:32.752185143Z"}
{"type":"log","step_name":"test","message":"go: downloading golang.org/x/exp v0.0.0-20251023183803-a4bb9ffd2546","timestamp":"2026-03-18T19:01:32.752208066Z"}
{"type":"log","step_name":"test","message":"go: downloading modernc.org/mathutil v1.7.1","timestamp":"2026-03-18T19:01:32.752212815Z"}
{"type":"log","step_name":"test","message":"go: downloading github.com/google/uuid v1.6.0","timestamp":"2026-03-18T19:01:32.752215179Z"}
{"type":"log","step_name":"test","message":"go: downloading github.com/dustin/go-humanize v1.0.1","timestamp":"2026-03-18T19:01:32.752218015Z"}
{"type":"log","step_name":"test","message":"go: downloading github.com/remyoudompheng/bigfft v0.0.0-20230129092748-24d4a6f8daec","timestamp":"2026-03-18T19:01:32.959811982Z"}
{"type":"log","step_name":"test","message":"?   \tgithub.com/cloche-dev/cloche/api/clochepb\t[no test files]","timestamp":"2026-03-18T19:01:43.310746576Z"}
{"type":"log","step_name":"test","message":"ok  \tgithub.com/cloche-dev/cloche/cmd/cloche\t10.053s","timestamp":"2026-03-18T19:01:54.04410658Z"}
{"type":"log","step_name":"test","message":"?   \tgithub.com/cloche-dev/cloche/cmd/cloche-agent\t[no test files]","timestamp":"2026-03-18T19:01:54.044141997Z"}
{"type":"log","step_name":"test","message":"?   \tgithub.com/cloche-dev/cloche/cmd/cloched\t[no test files]","timestamp":"2026-03-18T19:01:54.044145103Z"}
{"type":"log","step_name":"test","message":"ok  \tgithub.com/cloche-dev/cloche/internal/adapters/agents/generic\t0.020s","timestamp":"2026-03-18T19:01:54.044147858Z"}
{"type":"log","step_name":"test","message":"ok  \tgithub.com/cloche-dev/cloche/internal/adapters/agents/prompt\t0.036s","timestamp":"2026-03-18T19:01:54.044150213Z"}
{"type":"log","step_name":"test","message":"ok  \tgithub.com/cloche-dev/cloche/internal/adapters/docker\t0.005s","timestamp":"2026-03-18T19:01:54.044155533Z"}
{"type":"log","step_name":"test","message":"ok  \tgithub.com/cloche-dev/cloche/internal/adapters/grpc\t4.832s","timestamp":"2026-03-18T19:01:56.625095858Z"}
{"type":"log","step_name":"test","message":"ok  \tgithub.com/cloche-dev/cloche/internal/adapters/local\t0.007s","timestamp":"2026-03-18T19:01:56.625120224Z"}
{"type":"log","step_name":"test","message":"ok  \tgithub.com/cloche-dev/cloche/internal/adapters/sqlite\t0.436s","timestamp":"2026-03-18T19:01:56.625123972Z"}
{"type":"log","step_name":"test","message":"ok  \tgithub.com/cloche-dev/cloche/internal/adapters/web\t0.854s","timestamp":"2026-03-18T19:01:56.625126556Z"}
{"type":"log","step_name":"test","message":"ok  \tgithub.com/cloche-dev/cloche/internal/agent\t0.406s","timestamp":"2026-03-18T19:01:56.625130644Z"}
{"type":"log","step_name":"test","message":"ok  \tgithub.com/cloche-dev/cloche/internal/config\t0.018s","timestamp":"2026-03-18T19:01:56.625132928Z"}
{"type":"log","step_name":"test","message":"ok  \tgithub.com/cloche-dev/cloche/internal/domain\t0.005s","timestamp":"2026-03-18T19:01:56.625135333Z"}
{"type":"log","step_name":"test","message":"ok  \tgithub.com/cloche-dev/cloche/internal/dsl\t0.008s","timestamp":"2026-03-18T19:01:56.625137808Z"}
{"type":"log","step_name":"test","message":"ok  \tgithub.com/cloche-dev/cloche/internal/engine\t0.207s","timestamp":"2026-03-18T19:01:56.625140122Z"}
{"type":"log","step_name":"test","message":"ok  \tgithub.com/cloche-dev/cloche/internal/evolution\t9.125s","timestamp":"2026-03-18T19:02:01.102509157Z"}
{"type":"log","step_name":"test","message":"ok  \tgithub.com/cloche-dev/cloche/internal/host\t19.960s","timestamp":"2026-03-18T19:02:11.94185456Z"}
{"type":"log","step_name":"test","message":"ok  \tgithub.com/cloche-dev/cloche/internal/logstream\t0.057s","timestamp":"2026-03-18T19:02:11.941876361Z"}
{"type":"log","step_name":"test","message":"?   \tgithub.com/cloche-dev/cloche/internal/ports\t[no test files]","timestamp":"2026-03-18T19:02:11.941879677Z"}
{"type":"log","step_name":"test","message":"ok  \tgithub.com/cloche-dev/cloche/internal/protocol\t0.004s","timestamp":"2026-03-18T19:02:11.941882242Z"}
{"type":"log","step_name":"test","message":"ok  \tgithub.com/cloche-dev/cloche/internal/runcontext\t0.010s","timestamp":"2026-03-18T19:02:11.94188643Z"}
{"type":"log","step_name":"test","message":"ok  \tgithub.com/cloche-dev/cloche/internal/version\t0.003s","timestamp":"2026-03-18T19:02:11.941888424Z"}
{"type":"log","step_name":"test","message":"ok  \tgithub.com/cloche-dev/cloche/test/integration\t0.065s","timestamp":"2026-03-18T19:02:11.941890347Z"}
{"type":"step_completed","step_name":"test","result":"success","timestamp":"2026-03-18T19:02:12.106602013Z"}
{"type":"step_started","step_name":"update-docs","timestamp":"2026-03-18T19:02:12.109166492Z"}
{"type":"log","step_name":"update-docs","timestamp":"2026-03-18T19:02:28.711600965Z"}
{"type":"log","step_name":"update-docs","timestamp":"2026-03-18T19:02:28.711617496Z"}
{"type":"log","step_name":"update-docs","message":"I'll start by understanding the current log file layout and the changes needed.","timestamp":"2026-03-18T19:02:28.711621844Z"}
{"type":"log","step_name":"update-docs","message":"--- Tool: Agent('Find all code related to log file paths, logstream.Writer...') ---","timestamp":"2026-03-18T19:02:32.960672853Z"}
{"type":"log","step_name":"update-docs","message":"--- Tool: Glob('**/*.go') ---","timestamp":"2026-03-18T19:02:34.459235149Z"}
{"type":"log","step_name":"update-docs","message":"--- Tool: Glob('**/*.md') ---","timestamp":"2026-03-18T19:02:34.548594206Z"}
{"type":"log","step_name":"update-docs","message":"--- Tool: Grep('logstream\\.Writer') ---","timestamp":"2026-03-18T19:02:34.763727909Z"}
{"type":"log","step_name":"update-docs","message":"--- Tool: Grep('trackRun') ---","timestamp":"2026-03-18T19:02:35.04548987Z"}
{"type":"log","step_name":"update-docs","message":"--- Tool: Grep('\\.cloche.*output.*\\.log') ---","timestamp":"2026-03-18T19:02:35.181732222Z"}
{"type":"log","step_name":"update-docs","message":"--- Tool: Grep('full\\.log') ---","timestamp":"2026-03-18T19:02:35.30732763Z"}
{"type":"log","step_name":"update-docs","message":"--- Tool: Grep('\\.cloche/') ---","timestamp":"2026-03-18T19:02:38.980488102Z"}
{"type":"log","step_name":"update-docs","message":"--- Tool: Grep('logstream|trackRun|full\\.log|output/.*\\.log') ---","timestamp":"2026-03-18T19:02:39.97030448Z"}
{"type":"log","step_name":"update-docs","message":"--- Tool: Grep('task-id|attempt-id|task_id|attempt_id|TaskID|AttemptID') ---","timestamp":"2026-03-18T19:02:40.557579249Z"}
{"type":"log","step_name":"update-docs","message":"--- Tool: Read('/workspace/internal/logstream/logstream.go') ---","timestamp":"2026-03-18T19:02:43.070361111Z"}
{"type":"log","step_name":"update-docs","message":"--- Tool: Read('/workspace/internal/agent/runner.go') ---","timestamp":"2026-03-18T19:02:43.52114699Z"}
{"type":"log","step_name":"update-docs","message":"--- Tool: Read('/workspace/internal/host/runner.go') ---","timestamp":"2026-03-18T19:02:43.752347388Z"}
{"type":"log","step_name":"update-docs","message":"Now let me check the daemon's trackRun and the relevant documentation.","timestamp":"2026-03-18T19:02:48.229771921Z"}
{"type":"log","step_name":"update-docs","message":"--- Tool: Grep('trackRun') ---","timestamp":"2026-03-18T19:02:49.257486991Z"}
{"type":"log","step_name":"update-docs","message":"--- Tool: Grep('\\.cloche.*output|\\.cloche.*log|full\\.log|step.*\\.log') ---","timestamp":"2026-03-18T19:02:50.698515983Z"}
{"type":"log","step_name":"update-docs","message":"--- Tool: Grep('logs/|task-id|attempt-id|TaskID.*log|AttemptID.*log') ---","timestamp":"2026-03-18T19:02:51.813583484Z"}
{"type":"step_completed","step_name":"update-docs","result":"success","timestamp":"2026-03-18T19:02:54.854018488Z"}
{"type":"run_completed","result":"succeeded","timestamp":"2026-03-18T19:02:54.862520297Z"}
