{"type":"run_title","message":"Task: Fix cloche loop ignoring config concurrency setting","timestamp":"2026-03-10T15:56:49.348295457Z"}
{"type":"step_started","step_name":"implement","timestamp":"2026-03-10T15:56:49.34862971Z"}
{"type":"log","step_name":"implement","message":"All tests pass. Here's a summary of the changes:","timestamp":"2026-03-10T15:58:33.633508979Z"}
{"type":"log","step_name":"implement","timestamp":"2026-03-10T15:58:33.633594029Z"}
{"type":"log","step_name":"implement","message":"**Problem:** `cloche loop` read concurrency from `[loop]` TOML section (`cfg.Loop.Concurrency`), but users configure it under `[orchestration]` per the design docs.","timestamp":"2026-03-10T15:58:33.633600371Z"}
{"type":"log","step_name":"implement","timestamp":"2026-03-10T15:58:33.633622193Z"}
{"type":"log","step_name":"implement","message":"**Fix:**","timestamp":"2026-03-10T15:58:33.633627393Z"}
{"type":"log","step_name":"implement","message":"- **`internal/config/config.go`**: Renamed `LoopConfig` → `OrchestrationConfig`, changed the struct field from `Loop` with `toml:\"loop\"` to `Orchestration` with `toml:\"orchestration\"`, updated defaults.","timestamp":"2026-03-10T15:58:33.633632041Z"}
{"type":"log","step_name":"implement","message":"- **`internal/adapters/grpc/server.go`**: Updated two references from `projCfg.Loop.` to `projCfg.Orchestration.`.","timestamp":"2026-03-10T15:58:33.633642732Z"}
{"type":"log","step_name":"implement","message":"- **`internal/config/config_test.go`**: Added `TestLoadOrchestrationConfig` and `TestLoadOrchestrationConfigDefaults` tests.","timestamp":"2026-03-10T15:58:33.63365252Z"}
{"type":"log","step_name":"implement","timestamp":"2026-03-10T15:58:33.633662218Z"}
{"type":"log","step_name":"implement","message":"CLOCHE_RESULT:success","timestamp":"2026-03-10T15:58:33.93495071Z"}
{"type":"step_completed","step_name":"implement","result":"success","timestamp":"2026-03-10T15:58:33.954234501Z"}
{"type":"step_started","step_name":"test","timestamp":"2026-03-10T15:58:33.957478959Z"}
{"type":"log","step_name":"test","message":"?   \tgithub.com/cloche-dev/cloche/api/clochepb\t[no test files]","timestamp":"2026-03-10T15:58:34.224648294Z"}
{"type":"log","step_name":"test","message":"ok  \tgithub.com/cloche-dev/cloche/cmd/cloche\t(cached)","timestamp":"2026-03-10T15:58:34.263714309Z"}
{"type":"log","step_name":"test","message":"?   \tgithub.com/cloche-dev/cloche/cmd/cloche-agent\t[no test files]","timestamp":"2026-03-10T15:58:34.263748163Z"}
{"type":"log","step_name":"test","message":"?   \tgithub.com/cloche-dev/cloche/cmd/cloched\t[no test files]","timestamp":"2026-03-10T15:58:34.299298817Z"}
{"type":"log","step_name":"test","message":"ok  \tgithub.com/cloche-dev/cloche/internal/adapters/agents/generic\t(cached)","timestamp":"2026-03-10T15:58:34.299505277Z"}
{"type":"log","step_name":"test","message":"ok  \tgithub.com/cloche-dev/cloche/internal/adapters/agents/prompt\t(cached)","timestamp":"2026-03-10T15:58:34.299530275Z"}
{"type":"log","step_name":"test","message":"ok  \tgithub.com/cloche-dev/cloche/internal/adapters/docker\t(cached)","timestamp":"2026-03-10T15:58:34.29961221Z"}
{"type":"log","step_name":"test","message":"ok  \tgithub.com/cloche-dev/cloche/internal/adapters/grpc\t(cached)","timestamp":"2026-03-10T15:58:34.300835494Z"}
{"type":"log","step_name":"test","message":"ok  \tgithub.com/cloche-dev/cloche/internal/adapters/local\t(cached)","timestamp":"2026-03-10T15:58:34.300932417Z"}
{"type":"log","step_name":"test","message":"ok  \tgithub.com/cloche-dev/cloche/internal/adapters/sqlite\t(cached)","timestamp":"2026-03-10T15:58:34.301005525Z"}
{"type":"log","step_name":"test","message":"ok  \tgithub.com/cloche-dev/cloche/internal/adapters/web\t(cached)","timestamp":"2026-03-10T15:58:34.301020444Z"}
{"type":"log","step_name":"test","message":"ok  \tgithub.com/cloche-dev/cloche/internal/agent\t(cached)","timestamp":"2026-03-10T15:58:34.301063615Z"}
{"type":"log","step_name":"test","message":"ok  \tgithub.com/cloche-dev/cloche/internal/config\t(cached)","timestamp":"2026-03-10T15:58:34.301142505Z"}
{"type":"log","step_name":"test","message":"ok  \tgithub.com/cloche-dev/cloche/internal/domain\t(cached)","timestamp":"2026-03-10T15:58:34.301164737Z"}
{"type":"log","step_name":"test","message":"ok  \tgithub.com/cloche-dev/cloche/internal/dsl\t(cached)","timestamp":"2026-03-10T15:58:34.301192158Z"}
{"type":"log","step_name":"test","message":"ok  \tgithub.com/cloche-dev/cloche/internal/engine\t(cached)","timestamp":"2026-03-10T15:58:34.301195785Z"}
{"type":"log","step_name":"test","message":"ok  \tgithub.com/cloche-dev/cloche/internal/evolution\t(cached)","timestamp":"2026-03-10T15:58:34.30122982Z"}
{"type":"log","step_name":"test","message":"ok  \tgithub.com/cloche-dev/cloche/internal/host\t(cached)","timestamp":"2026-03-10T15:58:34.334781953Z"}
{"type":"log","step_name":"test","message":"ok  \tgithub.com/cloche-dev/cloche/internal/logstream\t(cached)","timestamp":"2026-03-10T15:58:34.33480698Z"}
{"type":"log","step_name":"test","message":"?   \tgithub.com/cloche-dev/cloche/internal/ports\t[no test files]","timestamp":"2026-03-10T15:58:34.334809335Z"}
{"type":"log","step_name":"test","message":"ok  \tgithub.com/cloche-dev/cloche/internal/protocol\t(cached)","timestamp":"2026-03-10T15:58:34.334863056Z"}
{"type":"log","step_name":"test","message":"ok  \tgithub.com/cloche-dev/cloche/test/integration\t(cached)","timestamp":"2026-03-10T15:58:34.334925515Z"}
{"type":"step_completed","step_name":"test","result":"success","timestamp":"2026-03-10T15:58:34.380168935Z"}
{"type":"step_started","step_name":"update-docs","timestamp":"2026-03-10T15:58:34.383162769Z"}
{"type":"log","step_name":"update-docs","message":"The documentation already correctly references `[orchestration] concurrency` as the config key:","timestamp":"2026-03-10T15:59:15.287737931Z"}
{"type":"log","step_name":"update-docs","timestamp":"2026-03-10T15:59:15.287771345Z"}
{"type":"log","step_name":"update-docs","message":"- `docs/plans/2026-03-06-config-toml-design.md` shows `[orchestration] concurrency = 1`","timestamp":"2026-03-10T15:59:15.287775903Z"}
{"type":"log","step_name":"update-docs","message":"- `docs/plans/2026-03-03-next-features-design.md` shows `[orchestration] concurrency = 1`","timestamp":"2026-03-10T15:59:15.287780562Z"}
{"type":"log","step_name":"update-docs","message":"- `docs/USAGE.md` references `config.toml` for orchestration config","timestamp":"2026-03-10T15:59:15.287788818Z"}
{"type":"log","step_name":"update-docs","timestamp":"2026-03-10T15:59:15.287796733Z"}
{"type":"log","step_name":"update-docs","message":"The source code (`internal/config/config.go`) uses `OrchestrationConfig` with `toml:\"orchestration\"` and `Concurrency` with `toml:\"concurrency\"`, matching the documented `[orchestration] concurrency` key.","timestamp":"2026-03-10T15:59:15.28780063Z"}
{"type":"log","step_name":"update-docs","timestamp":"2026-03-10T15:59:15.287805469Z"}
{"type":"log","step_name":"update-docs","message":"The fix aligned the code to read from the config key that was already documented. No documentation changes are needed.","timestamp":"2026-03-10T15:59:15.287809106Z"}
{"type":"log","step_name":"update-docs","timestamp":"2026-03-10T15:59:15.287814246Z"}
{"type":"log","step_name":"update-docs","message":"CLOCHE_RESULT:success","timestamp":"2026-03-10T15:59:15.606214997Z"}
{"type":"step_completed","step_name":"update-docs","result":"success","timestamp":"2026-03-10T15:59:15.612048643Z"}
{"type":"run_completed","result":"succeeded","timestamp":"2026-03-10T15:59:15.618371233Z"}
