{"type":"step_started","step_name":"implement","timestamp":"2026-03-06T20:48:52.539959819Z"}
{"type":"log","step_name":"implement","message":"All changes implemented and tests passing. Here's a summary of what was done:","timestamp":"2026-03-06T20:51:01.198585684Z"}
{"type":"log","step_name":"implement","timestamp":"2026-03-06T20:51:01.198633936Z"}
{"type":"log","step_name":"implement","message":"**`cmd/cloche/init.go`:**","timestamp":"2026-03-06T20:51:01.198638194Z"}
{"type":"log","step_name":"implement","message":"- Added template variables for `config.toml`, `version`, `host.cloche`, and `prepare-prompt.sh`","timestamp":"2026-03-06T20:51:01.198642362Z"}
{"type":"log","step_name":"implement","message":"- Added `scripts/` to the directory creation loop","timestamp":"2026-03-06T20:51:01.198650757Z"}
{"type":"log","step_name":"implement","message":"- Added a `mode` field to the files struct; new files use `0644` except `prepare-prompt.sh` which uses `0755`","timestamp":"2026-03-06T20:51:01.198658232Z"}
{"type":"log","step_name":"implement","message":"- Added `removeGitignoreEntries()` function to clean up old-style entries","timestamp":"2026-03-06T20:51:01.198666477Z"}
{"type":"log","step_name":"implement","message":"- Updated gitignore entries to the new strategy (`.cloche/*-*-*/`, `.cloche/run-*/`, `.cloche/attempt_count/`, `.gitworktrees/`)","timestamp":"2026-03-06T20:51:01.198670124Z"}
{"type":"log","step_name":"implement","message":"- Updated \"Next steps\" output with 7 steps including config.toml and prepare-prompt.sh","timestamp":"2026-03-06T20:51:01.198677358Z"}
{"type":"log","step_name":"implement","timestamp":"2026-03-06T20:51:01.198684782Z"}
{"type":"log","step_name":"implement","message":"**`cmd/cloche/init_test.go`:**","timestamp":"2026-03-06T20:51:01.198688198Z"}
{"type":"log","step_name":"implement","message":"- Updated `TestCmdInit_DefaultFlags` — checks new files exist, verifies `scripts/` dir, verifies executable bit","timestamp":"2026-03-06T20:51:01.198698969Z"}
{"type":"log","step_name":"implement","message":"- Updated `TestCmdInit_GitignoreEntries` — asserts new entries, verifies old entries absent","timestamp":"2026-03-06T20:51:01.198707875Z"}
{"type":"log","step_name":"implement","message":"- Updated `TestCmdInit_GitignoreNoDuplicates` — uses new entry pattern","timestamp":"2026-03-06T20:51:01.198715309Z"}
{"type":"log","step_name":"implement","message":"- Added `TestCmdInit_GitignoreRemovesOldEntries` — verifies old entries are removed and new ones added","timestamp":"2026-03-06T20:51:01.198726781Z"}
{"type":"log","step_name":"implement","message":"- Added `TestCmdInit_VersionContent` — verifies content is `\"1\\n\"`","timestamp":"2026-03-06T20:51:01.198734315Z"}
{"type":"log","step_name":"implement","message":"- Added `TestCmdInit_PreparePromptExecutable` — verifies executable permission bits","timestamp":"2026-03-06T20:51:01.19874192Z"}
{"type":"log","step_name":"implement","timestamp":"2026-03-06T20:51:01.198746418Z"}
{"type":"log","step_name":"implement","message":"CLOCHE_RESULT:success","timestamp":"2026-03-06T20:51:01.503380287Z"}
{"type":"step_completed","step_name":"implement","result":"success","timestamp":"2026-03-06T20:51:01.506090309Z"}
{"type":"step_started","step_name":"test","timestamp":"2026-03-06T20:51:01.506119915Z"}
{"type":"step_completed","step_name":"test","result":"success","timestamp":"2026-03-06T20:51:30.108951166Z"}
{"type":"step_started","step_name":"update-docs","timestamp":"2026-03-06T20:51:30.108975753Z"}
{"type":"log","step_name":"update-docs","message":"Prompt is too long","timestamp":"2026-03-06T20:51:33.479138149Z"}
{"type":"step_completed","step_name":"update-docs","result":"fail","timestamp":"2026-03-06T20:51:33.479650598Z"}
{"type":"run_completed","result":"succeeded","timestamp":"2026-03-06T20:51:33.479695072Z"}
