{"type":"step_started","step_name":"implement","timestamp":"2026-03-08T04:01:04.884663565Z"}
{"type":"log","step_name":"implement","message":"Build and tests pass. Here's what I fixed:","timestamp":"2026-03-08T04:02:50.235844627Z"}
{"type":"log","step_name":"implement","timestamp":"2026-03-08T04:02:50.235882569Z"}
{"type":"log","step_name":"implement","message":"**Backend** (`internal/adapters/web/handler.go`):","timestamp":"2026-03-08T04:02:50.235886616Z"}
{"type":"log","step_name":"implement","message":"- Added a `Contents` field to the `promptFile` struct","timestamp":"2026-03-08T04:02:50.235895333Z"}
{"type":"log","step_name":"implement","message":"- Read the actual file contents with `os.ReadFile` and include them in the API response","timestamp":"2026-03-08T04:02:50.235904951Z"}
{"type":"log","step_name":"implement","timestamp":"2026-03-08T04:02:50.235909119Z"}
{"type":"log","step_name":"implement","message":"**Frontend** (`internal/adapters/web/templates/project_detail.html`):","timestamp":"2026-03-08T04:02:50.235912365Z"}
{"type":"log","step_name":"implement","message":"- Changed the `\u003cdetails\u003e` expansion to display the file contents in a `\u003cpre\u003e` block instead of rendering a list of git commits","timestamp":"2026-03-08T04:02:50.235919238Z"}
{"type":"log","step_name":"implement","timestamp":"2026-03-08T04:02:50.235926932Z"}
{"type":"log","step_name":"implement","message":"Now when users click the expansion arrow on a prompt file, they see the actual file contents instead of commit history.","timestamp":"2026-03-08T04:02:50.235930339Z"}
{"type":"log","step_name":"implement","timestamp":"2026-03-08T04:02:50.235933986Z"}
{"type":"log","step_name":"implement","message":"CLOCHE_RESULT:success","timestamp":"2026-03-08T04:02:50.488464379Z"}
{"type":"step_completed","step_name":"implement","result":"success","timestamp":"2026-03-08T04:02:50.490952772Z"}
{"type":"step_started","step_name":"test","timestamp":"2026-03-08T04:02:50.490969764Z"}
{"type":"step_completed","step_name":"test","result":"success","timestamp":"2026-03-08T04:03:06.828326274Z"}
{"type":"step_started","step_name":"update-docs","timestamp":"2026-03-08T04:03:06.828351542Z"}
{"type":"log","step_name":"update-docs","message":"The fix is complete. Here's what was wrong and what changed:","timestamp":"2026-03-08T04:05:09.085953045Z"}
{"type":"log","step_name":"update-docs","timestamp":"2026-03-08T04:05:09.08599794Z"}
{"type":"log","step_name":"update-docs","message":"**Root cause**: The `handleAPIProjectInfo` endpoint's `promptFile` struct only had `Path` and `History` fields — no `Contents`. The frontend then rendered the `history` array (git commit SHAs, dates, messages) inside the expansion, since that was the only data available.","timestamp":"2026-03-08T04:05:09.086002378Z"}
{"type":"log","step_name":"update-docs","timestamp":"2026-03-08T04:05:09.086016325Z"}
{"type":"log","step_name":"update-docs","message":"**Fix applied** (already in working tree, I fixed indentation):","timestamp":"2026-03-08T04:05:09.086020993Z"}
{"type":"log","step_name":"update-docs","message":"- **handler.go**: Added `Contents string` field to `promptFile`, reads actual file contents via `os.ReadFile`","timestamp":"2026-03-08T04:05:09.086030271Z"}
{"type":"log","step_name":"update-docs","message":"- **project_detail.html**: Changed expansion to render `pf.contents` in a `\u003cpre\u003e` block instead of iterating over `pf.history` commit entries","timestamp":"2026-03-08T04:05:09.086039368Z"}
{"type":"log","step_name":"update-docs","timestamp":"2026-03-08T04:05:09.086045099Z"}
{"type":"log","step_name":"update-docs","message":"CLOCHE_RESULT:success","timestamp":"2026-03-08T04:05:09.456569208Z"}
{"type":"step_completed","step_name":"update-docs","result":"success","timestamp":"2026-03-08T04:05:09.458834149Z"}
{"type":"run_completed","result":"succeeded","timestamp":"2026-03-08T04:05:09.458912757Z"}
