{"type":"step_started","step_name":"implement","timestamp":"2026-03-09T15:12:20.855636625Z"}
{"type":"log","step_name":"implement","message":"Good — the old `/runs?project=` query param still works on the `/runs` endpoint for backward compatibility. The new canonical URL is `/projects/\u003cname\u003e/runs`.","timestamp":"2026-03-09T15:14:20.768363706Z"}
{"type":"log","step_name":"implement","timestamp":"2026-03-09T15:14:20.768407279Z"}
{"type":"log","step_name":"implement","message":"Here's a summary of the changes:","timestamp":"2026-03-09T15:14:20.768410745Z"}
{"type":"log","step_name":"implement","timestamp":"2026-03-09T15:14:20.76841342Z"}
{"type":"log","step_name":"implement","message":"- **New route**: `GET /projects/{name}/runs` — serves the runs page filtered by project, using the project label from the URL path","timestamp":"2026-03-09T15:14:20.768415795Z"}
{"type":"log","step_name":"implement","message":"- **New handler**: `handleProjectRuns` — resolves label to dir, fetches filtered runs, renders the same `runs` template","timestamp":"2026-03-09T15:14:20.768421866Z"}
{"type":"log","step_name":"implement","message":"- **Updated templates**: `projects.html` and `project_detail.html` now link to `/projects/{{.Label}}/runs` instead of `/runs?project={{.Dir}}`","timestamp":"2026-03-09T15:14:20.768427587Z"}
{"type":"log","step_name":"implement","message":"- **Updated JS**: The dropdown filter in `runs.html` now navigates to `/projects/\u003clabel\u003e/runs` using the label value","timestamp":"2026-03-09T15:14:20.768430442Z"}
{"type":"log","step_name":"implement","message":"- **Backward compat**: `/runs?project=\u003cdir\u003e` still works on the `/runs` endpoint","timestamp":"2026-03-09T15:14:20.768433929Z"}
{"type":"log","step_name":"implement","message":"- **Test updated**: `TestRunsList_ProjectFilter` now tests the new `/projects/alpha/runs` URL","timestamp":"2026-03-09T15:14:20.768436724Z"}
{"type":"log","step_name":"implement","timestamp":"2026-03-09T15:14:20.76843964Z"}
{"type":"log","step_name":"implement","message":"CLOCHE_RESULT:success","timestamp":"2026-03-09T15:14:21.054270162Z"}
{"type":"step_completed","step_name":"implement","result":"success","timestamp":"2026-03-09T15:14:21.05726505Z"}
{"type":"step_started","step_name":"test","timestamp":"2026-03-09T15:14:21.057304244Z"}
{"type":"step_completed","step_name":"test","result":"success","timestamp":"2026-03-09T15:14:38.198133439Z"}
{"type":"step_started","step_name":"update-docs","timestamp":"2026-03-09T15:14:38.198152435Z"}
{"type":"log","step_name":"update-docs","message":"All tests pass. Here's a summary of the changes:","timestamp":"2026-03-09T15:15:54.480675917Z"}
{"type":"log","step_name":"update-docs","timestamp":"2026-03-09T15:15:54.48073022Z"}
{"type":"log","step_name":"update-docs","message":"**`handler.go`**: The `handleRunsList` (`GET /runs`) no longer filters by `?project=` query param. Instead, it:","timestamp":"2026-03-09T15:15:54.480734799Z"}
{"type":"log","step_name":"update-docs","message":"- Redirects legacy `?project=\u003cdir\u003e` URLs to `/projects/\u003clabel\u003e/runs` with a 301","timestamp":"2026-03-09T15:15:54.480742413Z"}
{"type":"log","step_name":"update-docs","message":"- Always shows all runs (no project filter)","timestamp":"2026-03-09T15:15:54.480750158Z"}
{"type":"log","step_name":"update-docs","message":"- Uses the already-existing `runs` slice for container counts instead of a separate `allRuns` query","timestamp":"2026-03-09T15:15:54.480757462Z"}
{"type":"log","step_name":"update-docs","timestamp":"2026-03-09T15:15:54.480764916Z"}
{"type":"log","step_name":"update-docs","message":"**`handler_test.go`**: Added `TestRunsList_LegacyProjectRedirect` to verify the 301 redirect from the old URL pattern.","timestamp":"2026-03-09T15:15:54.480768302Z"}
{"type":"log","step_name":"update-docs","timestamp":"2026-03-09T15:15:54.480775626Z"}
{"type":"log","step_name":"update-docs","message":"The `/projects/{name}/runs` route (handled by `handleProjectRuns`) was already in place and working correctly. Templates already linked to the new URL pattern.","timestamp":"2026-03-09T15:15:54.480779032Z"}
{"type":"log","step_name":"update-docs","timestamp":"2026-03-09T15:15:54.480784202Z"}
{"type":"log","step_name":"update-docs","message":"CLOCHE_RESULT:success","timestamp":"2026-03-09T15:15:54.754150046Z"}
{"type":"step_completed","step_name":"update-docs","result":"success","timestamp":"2026-03-09T15:15:54.756654518Z"}
{"type":"run_completed","result":"succeeded","timestamp":"2026-03-09T15:15:54.756731273Z"}
