{"type":"run_title","message":"Task: CLI/Web UI: show upcoming tasks and assignment state","timestamp":"2026-03-11T02:15:37.568345247Z"}
{"type":"step_started","step_name":"implement","timestamp":"2026-03-11T02:15:37.568552114Z"}
{"type":"log","step_name":"implement","message":"All tests pass. Here's a summary of the changes:","timestamp":"2026-03-11T02:25:46.151659364Z"}
{"type":"log","step_name":"implement","timestamp":"2026-03-11T02:25:46.151721111Z"}
{"type":"log","step_name":"implement","message":"## Changes Made","timestamp":"2026-03-11T02:25:46.151727883Z"}
{"type":"log","step_name":"implement","timestamp":"2026-03-11T02:25:46.151737051Z"}
{"type":"log","step_name":"implement","message":"### 1. Loop task state tracking (`internal/host/loop.go`)","timestamp":"2026-03-11T02:25:46.15174224Z"}
{"type":"log","step_name":"implement","message":"- Added `TaskAssignment`, `TaskStateEntry` types for representing task pipeline state","timestamp":"2026-03-11T02:25:46.151748602Z"}
{"type":"log","step_name":"implement","message":"- Added `lastTasks` and `taskRuns` fields to `Loop` to cache fetched tasks and track task-to-run mappings","timestamp":"2026-03-11T02:25:46.151754113Z"}
{"type":"log","step_name":"implement","message":"- Added `GetTaskSnapshot()` method returning current tasks with assignment state (assigned/deduped status, run IDs)","timestamp":"2026-03-11T02:25:46.151759533Z"}
{"type":"log","step_name":"implement","message":"- Updated `pickTaskFromPhase()` and `pickTask()` to cache fetched tasks","timestamp":"2026-03-11T02:25:46.151770093Z"}
{"type":"log","step_name":"implement","message":"- Updated `runPhased()` goroutine to record run ID after main phase completes","timestamp":"2026-03-11T02:25:46.151776094Z"}
{"type":"log","step_name":"implement","timestamp":"2026-03-11T02:25:46.151781103Z"}
{"type":"log","step_name":"implement","message":"### 2. gRPC server (`internal/adapters/grpc/server.go`)","timestamp":"2026-03-11T02:25:46.151785932Z"}
{"type":"log","step_name":"implement","message":"- Added `GetLoopTasks(projectDir)` method that queries the loop for a project and converts `host.TaskStateEntry` to `web.TaskEntry` format","timestamp":"2026-03-11T02:25:46.151796522Z"}
{"type":"log","step_name":"implement","message":"- Added `web` import","timestamp":"2026-03-11T02:25:46.151808785Z"}
{"type":"log","step_name":"implement","timestamp":"2026-03-11T02:25:46.151814005Z"}
{"type":"log","step_name":"implement","message":"### 3. Web dashboard (`internal/adapters/web/handler.go`)","timestamp":"2026-03-11T02:25:46.151818554Z"}
{"type":"log","step_name":"implement","message":"- Added `TaskEntry` type (JSON-serializable task with assignment state)","timestamp":"2026-03-11T02:25:46.151824996Z"}
{"type":"log","step_name":"implement","message":"- Added `TaskProvider` interface with `GetLoopTasks(projectDir)` method","timestamp":"2026-03-11T02:25:46.151829935Z"}
{"type":"log","step_name":"implement","message":"- Added `WithTaskProvider()` handler option","timestamp":"2026-03-11T02:25:46.151840335Z"}
{"type":"log","step_name":"implement","message":"- Added `GET /api/projects/{name}/tasks` endpoint returning task pipeline state as JSON","timestamp":"2026-03-11T02:25:46.151845985Z"}
{"type":"log","step_name":"implement","message":"- `ClocheServer` satisfies `TaskProvider` interface","timestamp":"2026-03-11T02:25:46.151856525Z"}
{"type":"log","step_name":"implement","timestamp":"2026-03-11T02:25:46.1518748Z"}
{"type":"log","step_name":"implement","message":"### 4. Daemon wiring (`cmd/cloched/main.go`)","timestamp":"2026-03-11T02:25:46.15188055Z"}
{"type":"log","step_name":"implement","message":"- Passes the gRPC server as `TaskProvider` to the web handler","timestamp":"2026-03-11T02:25:46.15189083Z"}
{"type":"log","step_name":"implement","timestamp":"2026-03-11T02:25:46.151902862Z"}
{"type":"log","step_name":"implement","message":"### 5. CLI (`cmd/cloche/main.go`)","timestamp":"2026-03-11T02:25:46.151908693Z"}
{"type":"log","step_name":"implement","message":"- Added `cloche tasks [--project \u003cdir\u003e]` command","timestamp":"2026-03-11T02:25:46.151914124Z"}
{"type":"log","step_name":"implement","message":"- Calls the web HTTP API (same pattern as `logs --follow`)","timestamp":"2026-03-11T02:25:46.151925144Z"}
{"type":"log","step_name":"implement","message":"- Displays tasks in a formatted table: ID, STATUS, ASSIGNED, RUN, TITLE","timestamp":"2026-03-11T02:25:46.151935333Z"}
{"type":"log","step_name":"implement","timestamp":"2026-03-11T02:25:46.151954219Z"}
{"type":"log","step_name":"implement","message":"### 6. Tests","timestamp":"2026-03-11T02:25:46.151963346Z"}
{"type":"log","step_name":"implement","message":"- **Loop tests** (`internal/host/loop_test.go`): 4 new tests for `GetTaskSnapshot` covering empty state, phased loop, legacy assigner, and dedup expiry","timestamp":"2026-03-11T02:25:46.151969758Z"}
{"type":"log","step_name":"implement","message":"- **Web tests** (`internal/adapters/web/handler_test.go`): 4 new tests for tasks API endpoint covering tasks with provider, no provider, no loop, and project not found","timestamp":"2026-03-11T02:25:46.151980769Z"}
{"type":"log","step_name":"implement","timestamp":"2026-03-11T02:25:46.151987712Z"}
{"type":"log","step_name":"implement","message":"CLOCHE_RESULT:success","timestamp":"2026-03-11T02:25:46.534175031Z"}
{"type":"step_completed","step_name":"implement","result":"success","timestamp":"2026-03-11T02:25:46.54707844Z"}
{"type":"step_started","step_name":"test","timestamp":"2026-03-11T02:25:46.550755826Z"}
{"type":"log","step_name":"test","message":"?   \tgithub.com/cloche-dev/cloche/api/clochepb\t[no test files]","timestamp":"2026-03-11T02:25:46.817140303Z"}
{"type":"log","step_name":"test","message":"ok  \tgithub.com/cloche-dev/cloche/cmd/cloche\t(cached)","timestamp":"2026-03-11T02:25:46.85951466Z"}
{"type":"log","step_name":"test","message":"?   \tgithub.com/cloche-dev/cloche/cmd/cloche-agent\t[no test files]","timestamp":"2026-03-11T02:25:46.859545258Z"}
{"type":"log","step_name":"test","message":"?   \tgithub.com/cloche-dev/cloche/cmd/cloched\t[no test files]","timestamp":"2026-03-11T02:25:46.896202293Z"}
{"type":"log","step_name":"test","message":"ok  \tgithub.com/cloche-dev/cloche/internal/adapters/agents/generic\t(cached)","timestamp":"2026-03-11T02:25:46.896393492Z"}
{"type":"log","step_name":"test","message":"ok  \tgithub.com/cloche-dev/cloche/internal/adapters/agents/prompt\t(cached)","timestamp":"2026-03-11T02:25:46.896524258Z"}
{"type":"log","step_name":"test","message":"ok  \tgithub.com/cloche-dev/cloche/internal/adapters/docker\t(cached)","timestamp":"2026-03-11T02:25:46.896637311Z"}
{"type":"log","step_name":"test","message":"ok  \tgithub.com/cloche-dev/cloche/internal/adapters/grpc\t(cached)","timestamp":"2026-03-11T02:25:46.896665053Z"}
{"type":"log","step_name":"test","message":"ok  \tgithub.com/cloche-dev/cloche/internal/adapters/local\t(cached)","timestamp":"2026-03-11T02:25:46.896690952Z"}
{"type":"log","step_name":"test","message":"ok  \tgithub.com/cloche-dev/cloche/internal/adapters/sqlite\t(cached)","timestamp":"2026-03-11T02:25:46.896708555Z"}
{"type":"log","step_name":"test","message":"ok  \tgithub.com/cloche-dev/cloche/internal/adapters/web\t(cached)","timestamp":"2026-03-11T02:25:46.896741266Z"}
{"type":"log","step_name":"test","message":"ok  \tgithub.com/cloche-dev/cloche/internal/agent\t(cached)","timestamp":"2026-03-11T02:25:46.896883744Z"}
{"type":"log","step_name":"test","message":"ok  \tgithub.com/cloche-dev/cloche/internal/config\t(cached)","timestamp":"2026-03-11T02:25:46.896890878Z"}
{"type":"log","step_name":"test","message":"ok  \tgithub.com/cloche-dev/cloche/internal/domain\t(cached)","timestamp":"2026-03-11T02:25:46.896895537Z"}
{"type":"log","step_name":"test","message":"ok  \tgithub.com/cloche-dev/cloche/internal/dsl\t(cached)","timestamp":"2026-03-11T02:25:46.896897761Z"}
{"type":"log","step_name":"test","message":"ok  \tgithub.com/cloche-dev/cloche/internal/engine\t(cached)","timestamp":"2026-03-11T02:25:46.896977681Z"}
{"type":"log","step_name":"test","message":"ok  \tgithub.com/cloche-dev/cloche/internal/evolution\t(cached)","timestamp":"2026-03-11T02:25:46.897009451Z"}
{"type":"log","step_name":"test","message":"ok  \tgithub.com/cloche-dev/cloche/internal/host\t(cached)","timestamp":"2026-03-11T02:25:46.956038984Z"}
{"type":"log","step_name":"test","message":"ok  \tgithub.com/cloche-dev/cloche/internal/logstream\t(cached)","timestamp":"2026-03-11T02:25:46.956187232Z"}
{"type":"log","step_name":"test","message":"?   \tgithub.com/cloche-dev/cloche/internal/ports\t[no test files]","timestamp":"2026-03-11T02:25:46.956196881Z"}
{"type":"log","step_name":"test","message":"ok  \tgithub.com/cloche-dev/cloche/internal/protocol\t(cached)","timestamp":"2026-03-11T02:25:46.956244149Z"}
{"type":"log","step_name":"test","message":"ok  \tgithub.com/cloche-dev/cloche/test/integration\t(cached)","timestamp":"2026-03-11T02:25:46.956304453Z"}
{"type":"step_completed","step_name":"test","result":"success","timestamp":"2026-03-11T02:25:47.000812394Z"}
{"type":"step_started","step_name":"update-docs","timestamp":"2026-03-11T02:25:47.00369772Z"}
{"type":"log","step_name":"update-docs","message":"The edit looks correct. The other changes in the diff (run ID format with hex suffix, `TaskProvider` interface, `GetTaskSnapshot`, web API endpoint) are internal implementation details not covered by the existing user-facing documentation, so no further doc updates are needed.","timestamp":"2026-03-11T02:26:46.281382366Z"}
{"type":"log","step_name":"update-docs","timestamp":"2026-03-11T02:26:46.281409407Z"}
{"type":"log","step_name":"update-docs","message":"CLOCHE_RESULT:success","timestamp":"2026-03-11T02:26:46.864157496Z"}
{"type":"step_completed","step_name":"update-docs","result":"success","timestamp":"2026-03-11T02:26:46.882806792Z"}
{"type":"run_completed","result":"succeeded","timestamp":"2026-03-11T02:26:46.888835744Z"}
