{"type":"run_title","message":"Task: GEPA: Daemon wiring — pre-run selection and post-run fitness","timestamp":"2026-03-18T19:00:45.253952933Z"}
{"type":"step_started","step_name":"implement","timestamp":"2026-03-18T19:00:45.25418903Z"}
{"type":"log","step_name":"implement","message":"--- Tool: Agent('Explore the codebase thoroughly to understand the evoluti...') ---","timestamp":"2026-03-18T19:01:11.237834574Z"}
{"type":"log","step_name":"implement","message":"--- Tool: Glob('**/*evolution*') ---","timestamp":"2026-03-18T19:01:15.42766606Z"}
{"type":"log","step_name":"implement","message":"--- Tool: Agent('Explore the codebase to find:","timestamp":"2026-03-18T19:01:15.509056768Z"}
{"type":"log","step_name":"implement","timestamp":"2026-03-18T19:01:15.509076656Z"}
{"type":"log","step_name":"implement","message":"1. All domain types relate...') ---","timestamp":"2026-03-18T19:01:15.509081655Z"}
{"type":"log","step_name":"implement","message":"--- Tool: Glob('**/*population*') ---","timestamp":"2026-03-18T19:01:15.667640136Z"}
{"type":"log","step_name":"implement","message":"--- Tool: Glob('cmd/cloched/main.go') ---","timestamp":"2026-03-18T19:01:15.841409875Z"}
{"type":"log","step_name":"implement","message":"--- Tool: Glob('internal/adapters/grpc/server.go') ---","timestamp":"2026-03-18T19:01:15.853876642Z"}
{"type":"log","step_name":"implement","message":"--- Tool: Glob('**/*test*.go') ---","timestamp":"2026-03-18T19:01:16.035431074Z"}
{"type":"log","step_name":"implement","message":"--- Tool: Glob('**/*population*.go') ---","timestamp":"2026-03-18T19:01:18.936165974Z"}
{"type":"log","step_name":"implement","message":"--- Tool: Glob('**/*evolution*.go') ---","timestamp":"2026-03-18T19:01:18.951070572Z"}
{"type":"log","step_name":"implement","message":"--- Tool: Glob('**/*candidate*.go') ---","timestamp":"2026-03-18T19:01:19.127246331Z"}
{"type":"log","step_name":"implement","message":"--- Tool: Glob('**/*fitness*.go') ---","timestamp":"2026-03-18T19:01:19.33064791Z"}
{"type":"log","step_name":"implement","message":"--- Tool: Glob('**/*selector*.go') ---","timestamp":"2026-03-18T19:01:19.349956978Z"}
{"type":"log","step_name":"implement","message":"--- Tool: Glob('**/*gepa*.go') ---","timestamp":"2026-03-18T19:01:19.56893754Z"}
{"type":"log","step_name":"implement","message":"--- Tool: Glob('internal/ports/*.go') ---","timestamp":"2026-03-18T19:01:19.794458062Z"}
{"type":"log","step_name":"implement","message":"--- Tool: Glob('internal/domain/*.go') ---","timestamp":"2026-03-18T19:01:19.856264692Z"}
{"type":"log","step_name":"implement","message":"--- Tool: Bash('find /workspace -type f -name \"*.go\" | head -80') ---","timestamp":"2026-03-18T19:01:23.711487254Z"}
{"type":"log","step_name":"implement","message":"--- Tool: Read('/workspace/internal/version/VERSION') ---","timestamp":"2026-03-18T19:01:24.053637609Z"}
{"type":"log","step_name":"implement","message":"--- Tool: Read('/workspace/cmd/cloched/main.go') ---","timestamp":"2026-03-18T19:01:26.532549458Z"}
{"type":"log","step_name":"implement","message":"--- Tool: Read('/workspace/internal/adapters/grpc/server.go') ---","timestamp":"2026-03-18T19:01:27.024731226Z"}
{"type":"log","step_name":"implement","message":"--- Tool: Read('/workspace/internal/evolution/types.go') ---","timestamp":"2026-03-18T19:01:27.462594585Z"}
{"type":"log","step_name":"implement","message":"--- Tool: Read('/workspace/internal/evolution/population.go') ---","timestamp":"2026-03-18T19:01:27.916017341Z"}
{"type":"log","step_name":"implement","message":"--- Tool: Read('/workspace/internal/evolution/selector.go') ---","timestamp":"2026-03-18T19:01:27.924022591Z"}
{"type":"log","step_name":"implement","message":"--- Tool: Read('/workspace/internal/evolution/fitness.go') ---","timestamp":"2026-03-18T19:01:28.364479675Z"}
{"type":"log","step_name":"implement","message":"--- Tool: Read('/workspace/internal/evolution/orchestrator.go') ---","timestamp":"2026-03-18T19:01:28.581845614Z"}
{"type":"step_completed","step_name":"implement","result":"success","timestamp":"2026-03-18T19:01:33.485150456Z"}
{"type":"step_started","step_name":"test","timestamp":"2026-03-18T19:01:33.490337756Z"}
{"type":"log","step_name":"test","message":"go: downloading github.com/stretchr/testify v1.11.1","timestamp":"2026-03-18T19:01:33.585946424Z"}
{"type":"log","step_name":"test","message":"go: downloading google.golang.org/grpc v1.79.1","timestamp":"2026-03-18T19:01:33.586259626Z"}
{"type":"log","step_name":"test","message":"go: downloading google.golang.org/protobuf v1.36.11","timestamp":"2026-03-18T19:01:33.588031808Z"}
{"type":"log","step_name":"test","message":"go: downloading modernc.org/sqlite v1.46.1","timestamp":"2026-03-18T19:01:33.591668946Z"}
{"type":"log","step_name":"test","message":"go: downloading github.com/BurntSushi/toml v1.6.0","timestamp":"2026-03-18T19:01:33.593287026Z"}
{"type":"log","step_name":"test","message":"go: downloading gopkg.in/yaml.v3 v3.0.1","timestamp":"2026-03-18T19:01:38.774739561Z"}
{"type":"log","step_name":"test","message":"go: downloading github.com/davecgh/go-spew v1.1.1","timestamp":"2026-03-18T19:01:38.77520431Z"}
{"type":"log","step_name":"test","message":"go: downloading github.com/pmezard/go-difflib v1.0.0","timestamp":"2026-03-18T19:01:38.775623483Z"}
{"type":"log","step_name":"test","message":"go: downloading golang.org/x/sys v0.39.0","timestamp":"2026-03-18T19:01:39.253105478Z"}
{"type":"log","step_name":"test","message":"go: downloading google.golang.org/genproto/googleapis/rpc v0.0.0-20251202230838-ff82c1b0f217","timestamp":"2026-03-18T19:01:39.253628538Z"}
{"type":"log","step_name":"test","message":"go: downloading golang.org/x/net v0.48.0","timestamp":"2026-03-18T19:01:39.253972458Z"}
{"type":"log","step_name":"test","message":"go: downloading golang.org/x/text v0.32.0","timestamp":"2026-03-18T19:01:39.545105616Z"}
{"type":"log","step_name":"test","message":"go: downloading modernc.org/libc v1.67.6","timestamp":"2026-03-18T19:01:46.700572582Z"}
{"type":"log","step_name":"test","message":"go: downloading modernc.org/memory v1.11.0","timestamp":"2026-03-18T19:01:48.378080753Z"}
{"type":"log","step_name":"test","message":"go: downloading github.com/google/uuid v1.6.0","timestamp":"2026-03-18T19:01:48.378106201Z"}
{"type":"log","step_name":"test","message":"go: downloading github.com/dustin/go-humanize v1.0.1","timestamp":"2026-03-18T19:01:48.378108816Z"}
{"type":"log","step_name":"test","message":"go: downloading modernc.org/mathutil v1.7.1","timestamp":"2026-03-18T19:01:48.378124666Z"}
{"type":"log","step_name":"test","message":"go: downloading golang.org/x/exp v0.0.0-20251023183803-a4bb9ffd2546","timestamp":"2026-03-18T19:01:48.378128654Z"}
{"type":"log","step_name":"test","message":"go: downloading github.com/remyoudompheng/bigfft v0.0.0-20230129092748-24d4a6f8daec","timestamp":"2026-03-18T19:01:48.420889013Z"}
{"type":"log","step_name":"test","message":"?   \tgithub.com/cloche-dev/cloche/api/clochepb\t[no test files]","timestamp":"2026-03-18T19:01:59.503756076Z"}
{"type":"log","step_name":"test","message":"ok  \tgithub.com/cloche-dev/cloche/cmd/cloche\t10.038s","timestamp":"2026-03-18T19:02:10.067326613Z"}
{"type":"log","step_name":"test","message":"?   \tgithub.com/cloche-dev/cloche/cmd/cloche-agent\t[no test files]","timestamp":"2026-03-18T19:02:10.067354726Z"}
{"type":"log","step_name":"test","message":"?   \tgithub.com/cloche-dev/cloche/cmd/cloched\t[no test files]","timestamp":"2026-03-18T19:02:10.218499132Z"}
{"type":"log","step_name":"test","message":"ok  \tgithub.com/cloche-dev/cloche/internal/adapters/agents/generic\t0.021s","timestamp":"2026-03-18T19:02:10.244599965Z"}
{"type":"log","step_name":"test","message":"ok  \tgithub.com/cloche-dev/cloche/internal/adapters/agents/prompt\t0.078s","timestamp":"2026-03-18T19:02:10.304196375Z"}
{"type":"log","step_name":"test","message":"ok  \tgithub.com/cloche-dev/cloche/internal/adapters/docker\t0.005s","timestamp":"2026-03-18T19:02:10.304224688Z"}
{"type":"log","step_name":"test","message":"ok  \tgithub.com/cloche-dev/cloche/internal/adapters/grpc\t4.837s","timestamp":"2026-03-18T19:02:15.588481795Z"}
{"type":"log","step_name":"test","message":"ok  \tgithub.com/cloche-dev/cloche/internal/adapters/local\t0.007s","timestamp":"2026-03-18T19:02:15.588506391Z"}
{"type":"log","step_name":"test","message":"ok  \tgithub.com/cloche-dev/cloche/internal/adapters/sqlite\t1.234s","timestamp":"2026-03-18T19:02:15.58851072Z"}
{"type":"log","step_name":"test","message":"ok  \tgithub.com/cloche-dev/cloche/internal/adapters/web\t0.779s","timestamp":"2026-03-18T19:02:15.588514737Z"}
{"type":"log","step_name":"test","message":"ok  \tgithub.com/cloche-dev/cloche/internal/agent\t1.031s","timestamp":"2026-03-18T19:02:15.588520749Z"}
{"type":"log","step_name":"test","message":"ok  \tgithub.com/cloche-dev/cloche/internal/config\t0.011s","timestamp":"2026-03-18T19:02:15.588524365Z"}
{"type":"log","step_name":"test","message":"ok  \tgithub.com/cloche-dev/cloche/internal/domain\t0.008s","timestamp":"2026-03-18T19:02:15.588527792Z"}
{"type":"log","step_name":"test","message":"ok  \tgithub.com/cloche-dev/cloche/internal/dsl\t0.007s","timestamp":"2026-03-18T19:02:15.588531148Z"}
{"type":"log","step_name":"test","message":"ok  \tgithub.com/cloche-dev/cloche/internal/engine\t0.206s","timestamp":"2026-03-18T19:02:15.588534705Z"}
{"type":"log","step_name":"test","message":"ok  \tgithub.com/cloche-dev/cloche/internal/evolution\t9.354s","timestamp":"2026-03-18T19:02:20.396509733Z"}
{"type":"log","step_name":"test","message":"ok  \tgithub.com/cloche-dev/cloche/internal/host\t17.498s","timestamp":"2026-03-18T19:02:28.543246341Z"}
{"type":"log","step_name":"test","message":"ok  \tgithub.com/cloche-dev/cloche/internal/logstream\t0.275s","timestamp":"2026-03-18T19:02:28.543265397Z"}
{"type":"log","step_name":"test","message":"?   \tgithub.com/cloche-dev/cloche/internal/ports\t[no test files]","timestamp":"2026-03-18T19:02:28.543268493Z"}
{"type":"log","step_name":"test","message":"ok  \tgithub.com/cloche-dev/cloche/internal/protocol\t0.006s","timestamp":"2026-03-18T19:02:28.543270977Z"}
{"type":"log","step_name":"test","message":"ok  \tgithub.com/cloche-dev/cloche/internal/runcontext\t0.039s","timestamp":"2026-03-18T19:02:28.543273402Z"}
{"type":"log","step_name":"test","message":"ok  \tgithub.com/cloche-dev/cloche/internal/version\t0.004s","timestamp":"2026-03-18T19:02:28.543275716Z"}
{"type":"log","step_name":"test","message":"ok  \tgithub.com/cloche-dev/cloche/test/integration\t0.335s","timestamp":"2026-03-18T19:02:28.543279694Z"}
{"type":"step_completed","step_name":"test","result":"success","timestamp":"2026-03-18T19:02:28.732340428Z"}
{"type":"step_started","step_name":"update-docs","timestamp":"2026-03-18T19:02:28.736986334Z"}
{"type":"log","step_name":"update-docs","message":"--- Tool: Agent('Find all files related to GEPA, population evolution, fit...') ---","timestamp":"2026-03-18T19:02:50.124627141Z"}
{"type":"log","step_name":"update-docs","message":"--- Tool: Glob('docs/**/*.md') ---","timestamp":"2026-03-18T19:02:50.145579827Z"}
{"type":"log","step_name":"update-docs","message":"--- Tool: Glob('**/*.go') ---","timestamp":"2026-03-18T19:02:52.048533803Z"}
{"type":"log","step_name":"update-docs","message":"--- Tool: Glob('docs/**/*.md') ---","timestamp":"2026-03-18T19:02:52.062602851Z"}
{"type":"log","step_name":"update-docs","message":"--- Tool: Grep('Population|Selector|SelectCandidate|ScoreAndPromote') ---","timestamp":"2026-03-18T19:02:52.508115085Z"}
{"type":"log","step_name":"update-docs","message":"--- Tool: Grep('fitness|candidate') ---","timestamp":"2026-03-18T19:02:52.758202001Z"}
{"type":"log","step_name":"update-docs","message":"--- Tool: Grep('GEPA|evolution|population') ---","timestamp":"2026-03-18T19:02:53.002982731Z"}
{"type":"log","step_name":"update-docs","message":"--- Tool: Agent('Search the codebase for all Go source files related to GE...') ---","timestamp":"2026-03-18T19:02:58.113618886Z"}
{"type":"log","step_name":"update-docs","message":"--- Tool: Grep('Population') ---","timestamp":"2026-03-18T19:03:00.356222865Z"}
{"type":"log","step_name":"update-docs","message":"--- Tool: Grep('Selector|SelectCandidate') ---","timestamp":"2026-03-18T19:03:00.572126273Z"}
{"type":"log","step_name":"update-docs","message":"--- Tool: Grep('ScoreAndPromote') ---","timestamp":"2026-03-18T19:03:00.994786579Z"}
{"type":"log","step_name":"update-docs","message":"--- Tool: Grep('fitness') ---","timestamp":"2026-03-18T19:03:01.206051143Z"}
{"type":"log","step_name":"update-docs","message":"--- Tool: Grep('PopulationConfig') ---","timestamp":"2026-03-18T19:03:01.44272964Z"}
{"type":"log","step_name":"update-docs","message":"--- Tool: Grep('GEPA|gepa') ---","timestamp":"2026-03-18T19:03:01.734117273Z"}
{"type":"log","step_name":"update-docs","message":"--- Tool: Grep('Population|SelectCandidate|ScoreAndPromote|fitness|GEPA|gepa') ---","timestamp":"2026-03-18T19:03:07.029345688Z"}
{"type":"log","step_name":"update-docs","message":"--- Tool: Grep('Population|GEPA|gepa|fitness|candidate|evolution') ---","timestamp":"2026-03-18T19:03:08.013152935Z"}
{"type":"log","step_name":"update-docs","message":"--- Tool: Grep('Population|SelectCandidate|ScoreAndPromote|initEvolution') ---","timestamp":"2026-03-18T19:03:10.441135205Z"}
{"type":"log","step_name":"update-docs","message":"--- Tool: Grep('Population|SelectCandidate|ScoreAndPromote|launchAndTrack...') ---","timestamp":"2026-03-18T19:03:11.051477765Z"}
{"type":"log","step_name":"update-docs","message":"--- Tool: Read('/workspace/cmd/cloched/main.go') ---","timestamp":"2026-03-18T19:03:14.489640187Z"}
{"type":"log","step_name":"update-docs","message":"--- Tool: Read('/workspace/internal/adapters/grpc/server.go') ---","timestamp":"2026-03-18T19:03:15.383835809Z"}
{"type":"log","step_name":"update-docs","message":"--- Tool: Read('/workspace/internal/adapters/grpc/server.go') ---","timestamp":"2026-03-18T19:03:15.781220774Z"}
{"type":"step_completed","step_name":"update-docs","result":"success","timestamp":"2026-03-18T19:03:18.902204023Z"}
{"type":"run_completed","result":"succeeded","timestamp":"2026-03-18T19:03:18.90945729Z"}
