{"type":"run_title","message":"Task: Add Cancel button to Run Details page","timestamp":"2026-03-10T15:59:34.33443251Z"}
{"type":"step_started","step_name":"implement","timestamp":"2026-03-10T15:59:34.334634912Z"}
{"type":"log","step_name":"implement","message":"All tests pass. Here's a summary of the changes:","timestamp":"2026-03-10T16:03:29.679463736Z"}
{"type":"log","step_name":"implement","timestamp":"2026-03-10T16:03:29.679515865Z"}
{"type":"log","step_name":"implement","message":"**`internal/adapters/web/handler.go`:**","timestamp":"2026-03-10T16:03:29.679520273Z"}
{"type":"log","step_name":"implement","message":"- Added `Stop` method to `ContainerManager` interface","timestamp":"2026-03-10T16:03:29.67952396Z"}
{"type":"log","step_name":"implement","message":"- Added `POST /api/runs/{id}/stop` route","timestamp":"2026-03-10T16:03:29.679531013Z"}
{"type":"log","step_name":"implement","message":"- Added `handleAPIStopRun` handler that validates the run is active (pending/running), stops the container via `ContainerManager.Stop()`, and marks the run as cancelled","timestamp":"2026-03-10T16:03:29.67953465Z"}
{"type":"log","step_name":"implement","timestamp":"2026-03-10T16:03:29.679546523Z"}
{"type":"log","step_name":"implement","message":"**`internal/adapters/web/templates/run_detail.html`:**","timestamp":"2026-03-10T16:03:29.679549999Z"}
{"type":"log","step_name":"implement","message":"- Added Cancel button next to the run state badge, only shown when state is \"pending\" or \"running\"","timestamp":"2026-03-10T16:03:29.679553366Z"}
{"type":"log","step_name":"implement","message":"- Added `cancelRun()` JavaScript function that POSTs to `/api/runs/{id}/stop` and reloads on success","timestamp":"2026-03-10T16:03:29.67957688Z"}
{"type":"log","step_name":"implement","timestamp":"2026-03-10T16:03:29.679585076Z"}
{"type":"log","step_name":"implement","message":"**`internal/adapters/web/handler_test.go`:**","timestamp":"2026-03-10T16:03:29.679588512Z"}
{"type":"log","step_name":"implement","message":"- Added `Stop` method to `mockContainerManager`","timestamp":"2026-03-10T16:03:29.679591838Z"}
{"type":"log","step_name":"implement","message":"- Added 6 tests: stop success, stop non-active run (400), stop not found (404), stop with no manager (400), cancel button shown for active runs, cancel button hidden for terminal runs","timestamp":"2026-03-10T16:03:29.679602859Z"}
{"type":"log","step_name":"implement","timestamp":"2026-03-10T16:03:29.679611425Z"}
{"type":"log","step_name":"implement","message":"CLOCHE_RESULT:success","timestamp":"2026-03-10T16:03:30.034199494Z"}
{"type":"step_completed","step_name":"implement","result":"success","timestamp":"2026-03-10T16:03:30.062804918Z"}
{"type":"step_started","step_name":"test","timestamp":"2026-03-10T16:03:30.066178729Z"}
{"type":"log","step_name":"test","message":"?   \tgithub.com/cloche-dev/cloche/api/clochepb\t[no test files]","timestamp":"2026-03-10T16:03:30.361437494Z"}
{"type":"log","step_name":"test","message":"ok  \tgithub.com/cloche-dev/cloche/cmd/cloche\t(cached)","timestamp":"2026-03-10T16:03:30.40095694Z"}
{"type":"log","step_name":"test","message":"?   \tgithub.com/cloche-dev/cloche/cmd/cloche-agent\t[no test files]","timestamp":"2026-03-10T16:03:30.400986586Z"}
{"type":"log","step_name":"test","message":"?   \tgithub.com/cloche-dev/cloche/cmd/cloched\t[no test files]","timestamp":"2026-03-10T16:03:30.438632228Z"}
{"type":"log","step_name":"test","message":"ok  \tgithub.com/cloche-dev/cloche/internal/adapters/agents/generic\t(cached)","timestamp":"2026-03-10T16:03:30.438777623Z"}
{"type":"log","step_name":"test","message":"ok  \tgithub.com/cloche-dev/cloche/internal/adapters/agents/prompt\t(cached)","timestamp":"2026-03-10T16:03:30.438941332Z"}
{"type":"log","step_name":"test","message":"ok  \tgithub.com/cloche-dev/cloche/internal/adapters/docker\t(cached)","timestamp":"2026-03-10T16:03:30.438966189Z"}
{"type":"log","step_name":"test","message":"ok  \tgithub.com/cloche-dev/cloche/internal/adapters/grpc\t(cached)","timestamp":"2026-03-10T16:03:30.438985927Z"}
{"type":"log","step_name":"test","message":"ok  \tgithub.com/cloche-dev/cloche/internal/adapters/local\t(cached)","timestamp":"2026-03-10T16:03:30.439040289Z"}
{"type":"log","step_name":"test","message":"ok  \tgithub.com/cloche-dev/cloche/internal/adapters/sqlite\t(cached)","timestamp":"2026-03-10T16:03:30.439087318Z"}
{"type":"log","step_name":"test","message":"ok  \tgithub.com/cloche-dev/cloche/internal/adapters/web\t(cached)","timestamp":"2026-03-10T16:03:30.439298317Z"}
{"type":"log","step_name":"test","message":"ok  \tgithub.com/cloche-dev/cloche/internal/agent\t(cached)","timestamp":"2026-03-10T16:03:30.439305331Z"}
{"type":"log","step_name":"test","message":"ok  \tgithub.com/cloche-dev/cloche/internal/config\t(cached)","timestamp":"2026-03-10T16:03:30.439307685Z"}
{"type":"log","step_name":"test","message":"ok  \tgithub.com/cloche-dev/cloche/internal/domain\t(cached)","timestamp":"2026-03-10T16:03:30.439309859Z"}
{"type":"log","step_name":"test","message":"ok  \tgithub.com/cloche-dev/cloche/internal/dsl\t(cached)","timestamp":"2026-03-10T16:03:30.439312073Z"}
{"type":"log","step_name":"test","message":"ok  \tgithub.com/cloche-dev/cloche/internal/engine\t(cached)","timestamp":"2026-03-10T16:03:30.43931539Z"}
{"type":"log","step_name":"test","message":"ok  \tgithub.com/cloche-dev/cloche/internal/evolution\t(cached)","timestamp":"2026-03-10T16:03:30.439318916Z"}
{"type":"log","step_name":"test","message":"ok  \tgithub.com/cloche-dev/cloche/internal/host\t(cached)","timestamp":"2026-03-10T16:03:30.474172217Z"}
{"type":"log","step_name":"test","message":"ok  \tgithub.com/cloche-dev/cloche/internal/logstream\t(cached)","timestamp":"2026-03-10T16:03:30.474195261Z"}
{"type":"log","step_name":"test","message":"?   \tgithub.com/cloche-dev/cloche/internal/ports\t[no test files]","timestamp":"2026-03-10T16:03:30.474197665Z"}
{"type":"log","step_name":"test","message":"ok  \tgithub.com/cloche-dev/cloche/internal/protocol\t(cached)","timestamp":"2026-03-10T16:03:30.474256246Z"}
{"type":"log","step_name":"test","message":"ok  \tgithub.com/cloche-dev/cloche/test/integration\t(cached)","timestamp":"2026-03-10T16:03:30.474326589Z"}
{"type":"step_completed","step_name":"test","result":"success","timestamp":"2026-03-10T16:03:30.505022386Z"}
{"type":"step_started","step_name":"update-docs","timestamp":"2026-03-10T16:03:30.511003729Z"}
{"type":"log","step_name":"update-docs","message":"The documentation mentions the web dashboard briefly but doesn't enumerate specific dashboard features or API endpoints. The `cloche stop` CLI command is already documented. The changes add a Cancel button to the web UI that calls `POST /api/runs/{id}/stop` — this is a UI-level addition that maps to existing `cloche stop` functionality.","timestamp":"2026-03-10T16:04:12.357640426Z"}
{"type":"log","step_name":"update-docs","timestamp":"2026-03-10T16:04:12.357678919Z"}
{"type":"log","step_name":"update-docs","message":"The docs don't have a section listing web dashboard features or API routes, so there's no specific section that's out of date. The existing documentation accurately describes the system — the Cancel button is simply a new UI affordance for the already-documented `cloche stop` command.","timestamp":"2026-03-10T16:04:12.357685381Z"}
{"type":"log","step_name":"update-docs","timestamp":"2026-03-10T16:04:12.357691663Z"}
{"type":"log","step_name":"update-docs","message":"No documentation changes are needed.","timestamp":"2026-03-10T16:04:12.357696412Z"}
{"type":"log","step_name":"update-docs","timestamp":"2026-03-10T16:04:12.357702453Z"}
{"type":"log","step_name":"update-docs","message":"CLOCHE_RESULT:success","timestamp":"2026-03-10T16:04:12.657726789Z"}
{"type":"step_completed","step_name":"update-docs","result":"success","timestamp":"2026-03-10T16:04:12.677361425Z"}
{"type":"run_completed","result":"succeeded","timestamp":"2026-03-10T16:04:12.684568987Z"}
