{"type":"step_started","step_name":"implement","timestamp":"2026-03-09T23:02:38.375684135Z"}
{"type":"log","step_name":"implement","message":"Everything builds and tests pass. Here's a summary of the changes:","timestamp":"2026-03-09T23:04:52.10580434Z"}
{"type":"log","step_name":"implement","timestamp":"2026-03-09T23:04:52.105832463Z"}
{"type":"log","step_name":"implement","message":"### Changes","timestamp":"2026-03-09T23:04:52.105836311Z"}
{"type":"log","step_name":"implement","timestamp":"2026-03-09T23:04:52.10585176Z"}
{"type":"log","step_name":"implement","message":"**`internal/host/executor.go`**:","timestamp":"2026-03-09T23:04:52.105855337Z"}
{"type":"log","step_name":"implement","message":"1. Added `Wires []domain.Wire` field to the `Executor` struct","timestamp":"2026-03-09T23:04:52.105862721Z"}
{"type":"log","step_name":"implement","message":"2. Added `resolveOutputMappings(stepName string, wires []domain.Wire) ([]string, error)` method that finds wires targeting a step, reads source step output, evaluates path expressions, and returns `KEY=value` env var strings","timestamp":"2026-03-09T23:04:52.105869924Z"}
{"type":"log","step_name":"implement","message":"3. In `executeScript`, call `resolveOutputMappings` before running the command and append results to `cmd.Env` (after `CLOCHE_PREV_OUTPUT`, so mappings are additive)","timestamp":"2026-03-09T23:04:52.105886335Z"}
{"type":"log","step_name":"implement","timestamp":"2026-03-09T23:04:52.105891395Z"}
{"type":"log","step_name":"implement","message":"**`internal/host/runner.go`**:","timestamp":"2026-03-09T23:04:52.105895242Z"}
{"type":"log","step_name":"implement","message":"- Pass `wf.Wiring` to the `Executor.Wires` field when constructing the executor","timestamp":"2026-03-09T23:04:52.10589937Z"}
{"type":"log","step_name":"implement","timestamp":"2026-03-09T23:04:52.105908357Z"}
{"type":"log","step_name":"implement","message":"**`internal/host/executor_test.go`** — 5 new tests:","timestamp":"2026-03-09T23:04:52.105912595Z"}
{"type":"log","step_name":"implement","message":"- `TestExecutor_ScriptStep_NoOutputMappings` — wire with no mappings, existing behavior unchanged","timestamp":"2026-03-09T23:04:52.105921652Z"}
{"type":"log","step_name":"implement","message":"- `TestExecutor_ScriptStep_OutputMappings_JSONFields` — extracts JSON fields into env vars","timestamp":"2026-03-09T23:04:52.105931661Z"}
{"type":"log","step_name":"implement","message":"- `TestExecutor_ScriptStep_OutputMappings_ArrayIndex` — uses array indexing with chained field access","timestamp":"2026-03-09T23:04:52.10593662Z"}
{"type":"log","step_name":"implement","message":"- `TestExecutor_ScriptStep_OutputMappings_MissingSourceOutput` — error when source output file missing","timestamp":"2026-03-09T23:04:52.105945607Z"}
{"type":"log","step_name":"implement","message":"- `TestExecutor_ScriptStep_OutputMappings_NotJSON` — error when output isn't JSON but path has segments","timestamp":"2026-03-09T23:04:52.105950857Z"}
{"type":"log","step_name":"implement","timestamp":"2026-03-09T23:04:52.105955766Z"}
{"type":"log","step_name":"implement","message":"CLOCHE_RESULT:success","timestamp":"2026-03-09T23:04:52.35490384Z"}
{"type":"step_completed","step_name":"implement","result":"success","timestamp":"2026-03-09T23:04:52.356580357Z"}
{"type":"step_started","step_name":"test","timestamp":"2026-03-09T23:04:52.356590557Z"}
{"type":"step_completed","step_name":"test","result":"success","timestamp":"2026-03-09T23:05:05.827527984Z"}
{"type":"step_started","step_name":"update-docs","timestamp":"2026-03-09T23:05:05.827558842Z"}
{"type":"log","step_name":"update-docs","message":"I've compared the source code against the documentation. Here's what I found:","timestamp":"2026-03-09T23:06:38.595154921Z"}
{"type":"log","step_name":"update-docs","timestamp":"2026-03-09T23:06:38.595199826Z"}
{"type":"log","step_name":"update-docs","message":"**Source code (current implementation):**","timestamp":"2026-03-09T23:06:38.595205036Z"}
{"type":"log","step_name":"update-docs","message":"- `resolveOutputMappings` in `executor.go:22-41` — matches the design doc pseudocode exactly","timestamp":"2026-03-09T23:06:38.595209054Z"}
{"type":"log","step_name":"update-docs","message":"- `Executor` struct has `Wires []domain.Wire` field — as designed","timestamp":"2026-03-09T23:06:38.595214133Z"}
{"type":"log","step_name":"update-docs","message":"- `runner.go:61` passes `wf.Wiring` to `executor.Wires` — as designed","timestamp":"2026-03-09T23:06:38.595218101Z"}
{"type":"log","step_name":"update-docs","message":"- Wire mappings are injected in `executeScript` at lines 87-93 — additive to existing env vars","timestamp":"2026-03-09T23:06:38.595247085Z"}
{"type":"log","step_name":"update-docs","message":"- All 5 test cases are present in `executor_test.go`","timestamp":"2026-03-09T23:06:38.595252746Z"}
{"type":"log","step_name":"update-docs","timestamp":"2026-03-09T23:06:38.595256984Z"}
{"type":"log","step_name":"update-docs","message":"**Documentation status:**","timestamp":"2026-03-09T23:06:38.595260701Z"}
{"type":"log","step_name":"update-docs","message":"- `docs/workflows.md` lines 101-129: Wire Output Mappings section already accurately documents the syntax, semantics, and behavior","timestamp":"2026-03-09T23:06:38.595264328Z"}
{"type":"log","step_name":"update-docs","message":"- `docs/workflows.md` lines 95-100: \"Interaction with CLOCHE_PREV_OUTPUT\" is consistent with the implementation (additive behavior)","timestamp":"2026-03-09T23:06:38.595268867Z"}
{"type":"log","step_name":"update-docs","message":"- `docs/plans/2026-03-09-wire-output-mapping-design.md`: The executor changes section (192-224) matches the implementation exactly","timestamp":"2026-03-09T23:06:38.595277443Z"}
{"type":"log","step_name":"update-docs","message":"- `docs/workflows.md` execution model section (158-169): Already mentions env var injection into host steps","timestamp":"2026-03-09T23:06:38.595281971Z"}
{"type":"log","step_name":"update-docs","timestamp":"2026-03-09T23:06:38.595291399Z"}
{"type":"log","step_name":"update-docs","message":"No documentation changes are needed — the docs were written ahead of the implementation and the implementation matches the design.","timestamp":"2026-03-09T23:06:38.595296048Z"}
{"type":"log","step_name":"update-docs","timestamp":"2026-03-09T23:06:38.59530247Z"}
{"type":"log","step_name":"update-docs","message":"CLOCHE_RESULT:success","timestamp":"2026-03-09T23:06:38.844368184Z"}
{"type":"step_completed","step_name":"update-docs","result":"success","timestamp":"2026-03-09T23:06:38.847193492Z"}
{"type":"run_completed","result":"succeeded","timestamp":"2026-03-09T23:06:38.847301566Z"}
