{"type":"run_title","message":"Task: Agent declaration DSL","timestamp":"2026-03-16T17:06:46.96126716Z"}
{"type":"step_started","step_name":"implement","timestamp":"2026-03-16T17:06:46.961465505Z"}
{"type":"log","step_name":"implement","message":"--- Tool: Agent('Explore the Cloche codebase thoroughly to understand:","timestamp":"2026-03-16T17:06:57.989381648Z"}
{"type":"log","step_name":"implement","timestamp":"2026-03-16T17:06:57.989421654Z"}
{"type":"log","step_name":"implement","message":"1....') ---","timestamp":"2026-03-16T17:06:57.989425962Z"}
{"type":"log","step_name":"implement","message":"--- Tool: Glob('**/*.go') ---","timestamp":"2026-03-16T17:06:59.45373575Z"}
{"type":"log","step_name":"implement","message":"--- Tool: Read('/workspace/docs/workflows.md') ---","timestamp":"2026-03-16T17:06:59.574825993Z"}
{"type":"log","step_name":"implement","message":"--- Tool: Read('/workspace/internal/dsl/parser.go') ---","timestamp":"2026-03-16T17:07:01.543133065Z"}
{"type":"log","step_name":"implement","message":"--- Tool: Read('/workspace/internal/dsl/lexer.go') ---","timestamp":"2026-03-16T17:07:01.591675952Z"}
{"type":"log","step_name":"implement","message":"--- Tool: Read('/workspace/internal/dsl/token.go') ---","timestamp":"2026-03-16T17:07:01.691597239Z"}
{"type":"log","step_name":"implement","message":"--- Tool: Read('/workspace/internal/domain/workflow.go') ---","timestamp":"2026-03-16T17:07:01.752916229Z"}
{"type":"log","step_name":"implement","message":"--- Tool: Read('/workspace/internal/adapters/agents/prompt/prompt.go') ---","timestamp":"2026-03-16T17:07:04.139554195Z"}
{"type":"log","step_name":"implement","message":"--- Tool: Read('/workspace/internal/ports/agent.go') ---","timestamp":"2026-03-16T17:07:04.625300853Z"}
{"type":"log","step_name":"implement","message":"--- Tool: Grep('agent_command|agent_args') ---","timestamp":"2026-03-16T17:07:04.751756422Z"}
{"type":"log","step_name":"implement","message":"--- Tool: Read('/workspace/internal/agent/runner.go') ---","timestamp":"2026-03-16T17:07:06.124579439Z"}
{"type":"log","step_name":"implement","message":"--- Tool: Grep('agent_command|agent_args|ExplicitArgs') ---","timestamp":"2026-03-16T17:07:06.797535304Z"}
{"type":"log","step_name":"implement","message":"--- Tool: Read('/workspace/internal/host/executor.go') ---","timestamp":"2026-03-16T17:07:08.22352063Z"}
{"type":"log","step_name":"implement","message":"--- Tool: Read('/workspace/internal/dsl/parser_test.go') ---","timestamp":"2026-03-16T17:07:08.401073666Z"}
{"type":"log","step_name":"implement","message":"--- Tool: Bash('grep -n \"agent_command\\|agent_args\\|ParseCommands\" /works...') ---","timestamp":"2026-03-16T17:07:09.976763867Z"}
{"type":"log","step_name":"implement","message":"--- Tool: Bash('grep -n \"agent_command\\|agent_args\" /workspace/internal/a...') ---","timestamp":"2026-03-16T17:07:10.194414646Z"}
{"type":"log","step_name":"implement","message":"--- Tool: Bash('grep -rn \"Execute.*prompt\\|Execute.*agent\" /workspace/int...') ---","timestamp":"2026-03-16T17:07:10.50128453Z"}
{"type":"log","step_name":"implement","message":"--- Tool: Read('/workspace/internal/adapters/agents/prompt/prompt_test.go') ---","timestamp":"2026-03-16T17:07:12.522690118Z"}
{"type":"log","step_name":"implement","message":"--- Tool: Read('/workspace/internal/dsl/parser_test.go') ---","timestamp":"2026-03-16T17:07:12.609984843Z"}
{"type":"log","step_name":"implement","message":"--- Tool: Read('/workspace/internal/host/executor.go') ---","timestamp":"2026-03-16T17:07:15.476328667Z"}
{"type":"log","step_name":"implement","message":"--- Tool: Read('/workspace/internal/domain/workflow.go') ---","timestamp":"2026-03-16T17:07:15.740638638Z"}
{"type":"log","step_name":"implement","message":"--- Tool: Bash('find /workspace -name \"*.cloche\" -type f | head -10') ---","timestamp":"2026-03-16T17:07:17.064273755Z"}
{"type":"log","step_name":"implement","message":"--- Tool: Bash('find /workspace/.cloche -type f -name \"*.cloche\" 2\u003e/dev/n...') ---","timestamp":"2026-03-16T17:07:17.282983145Z"}
{"type":"log","step_name":"implement","message":"--- Tool: Read('/workspace/examples/hello-world/build.cloche') ---","timestamp":"2026-03-16T17:07:19.18022074Z"}
{"type":"log","step_name":"implement","message":"--- Tool: Read('/workspace/examples/ruby-calculator/develop.cloche') ---","timestamp":"2026-03-16T17:07:19.284456833Z"}
{"type":"log","step_name":"implement","message":"--- Tool: Bash('find /workspace/docs -type f -name \"*.md\" | head -10') ---","timestamp":"2026-03-16T17:07:20.766636416Z"}
{"type":"log","step_name":"implement","message":"--- Tool: Bash('grep -rn \"StepTypeAgent\\|StepTypeScript\\|StepTypeWorkflow...') ---","timestamp":"2026-03-16T17:07:22.745417153Z"}
{"type":"log","step_name":"implement","message":"--- Tool: Read('/workspace/internal/domain/workflow.go') ---","timestamp":"2026-03-16T17:07:51.268236311Z"}
{"type":"log","step_name":"implement","message":"--- Tool: Read('/workspace/internal/dsl/parser.go') ---","timestamp":"2026-03-16T17:07:51.650697552Z"}
{"type":"log","step_name":"implement","message":"--- Tool: Read('/workspace/internal/dsl/token.go') ---","timestamp":"2026-03-16T17:07:51.7205951Z"}
{"type":"log","step_name":"implement","message":"Now let me read the test files and executor files to understand how agent config is resolved.","timestamp":"2026-03-16T17:07:55.536777006Z"}
{"type":"log","step_name":"implement","message":"--- Tool: Read('/workspace/internal/dsl/parser_test.go') ---","timestamp":"2026-03-16T17:07:56.475681109Z"}
{"type":"log","step_name":"implement","message":"--- Tool: Read('/workspace/internal/host/executor.go') ---","timestamp":"2026-03-16T17:07:56.919620221Z"}
{"type":"log","step_name":"implement","message":"--- Tool: Read('/workspace/internal/agent/runner.go') ---","timestamp":"2026-03-16T17:07:57.679957864Z"}
{"type":"log","step_name":"implement","message":"Now I have a clear picture. Let me implement the agent declaration DSL. The approach:","timestamp":"2026-03-16T17:08:11.726933102Z"}
{"type":"log","step_name":"implement","timestamp":"2026-03-16T17:08:11.726951757Z"}
{"type":"log","step_name":"implement","message":"1. Add `Agent` type to domain with `Name`, `Command`, `Args`","timestamp":"2026-03-16T17:08:11.726953831Z"}
{"type":"log","step_name":"implement","message":"2. Add `Agents` map to `Workflow`","timestamp":"2026-03-16T17:08:11.726958099Z"}
{"type":"log","step_name":"implement","message":"3. Parse `agent \u003cname\u003e { ... }` blocks in the workflow","timestamp":"2026-03-16T17:08:11.726959983Z"}
{"type":"log","step_name":"implement","message":"4. Add `agent` as known step config key for referencing agents","timestamp":"2026-03-16T17:08:11.726964431Z"}
{"type":"log","step_name":"implement","message":"5. Validate that referenced agents exist","timestamp":"2026-03-16T17:08:11.726966605Z"}
{"type":"log","step_name":"implement","message":"6. Resolve agent references to `agent_command`/`agent_args` before execution","timestamp":"2026-03-16T17:08:11.726968489Z"}
{"type":"log","step_name":"implement","message":"7. Write tests","timestamp":"2026-03-16T17:08:11.726970252Z"}
{"type":"log","step_name":"implement","message":"--- Tool: Edit('/workspace/internal/domain/workflow.go') ---","timestamp":"2026-03-16T17:08:15.406529129Z"}
{"type":"log","step_name":"implement","message":"--- Tool: Edit('/workspace/internal/domain/workflow.go') ---","timestamp":"2026-03-16T17:08:19.875105491Z"}
{"type":"log","step_name":"implement","message":"Now add the validation for agent references and the resolution method.","timestamp":"2026-03-16T17:08:22.871200768Z"}
{"type":"log","step_name":"implement","message":"--- Tool: Read('/workspace/internal/domain/workflow.go') ---","timestamp":"2026-03-16T17:08:23.75269854Z"}
{"type":"log","step_name":"implement","message":"--- Tool: Edit('/workspace/internal/domain/workflow.go') ---","timestamp":"2026-03-16T17:08:37.435516884Z"}
{"type":"log","step_name":"implement","message":"Now add the parser support for `agent` blocks.","timestamp":"2026-03-16T17:08:40.340013025Z"}
{"type":"log","step_name":"implement","message":"--- Tool: Edit('/workspace/internal/dsl/parser.go') ---","timestamp":"2026-03-16T17:08:44.968055739Z"}
{"type":"log","step_name":"implement","message":"Now add the `parseAgent` method. I'll add it after `parseWorkflowConfig`.","timestamp":"2026-03-16T17:08:48.251139401Z"}
{"type":"log","step_name":"implement","message":"--- Tool: Edit('/workspace/internal/dsl/parser.go') ---","timestamp":"2026-03-16T17:08:53.349008115Z"}
{"type":"log","step_name":"implement","message":"Now I need to wire up `ResolveAgents` in the runner and executor. Let me also check how the agent runner uses the workflow after parsing.","timestamp":"2026-03-16T17:08:56.869221753Z"}
{"type":"log","step_name":"implement","message":"--- Tool: Read('/workspace/internal/agent/runner.go') ---","timestamp":"2026-03-16T17:08:57.319380477Z"}
{"type":"log","step_name":"implement","message":"--- Tool: Read('/workspace/internal/host/executor.go') ---","timestamp":"2026-03-16T17:08:57.861733237Z"}
{"type":"log","step_name":"implement","message":"I need to call `ResolveAgents` after parsing. Let me add it in the agent runner and check where the host executor parses the workflow.","timestamp":"2026-03-16T17:09:02.364493046Z"}
{"type":"log","step_name":"implement","message":"--- Tool: Edit('/workspace/internal/agent/runner.go') ---","timestamp":"2026-03-16T17:09:03.662897559Z"}
{"type":"log","step_name":"implement","message":"Now find where the host executor parses workflows.","timestamp":"2026-03-16T17:09:06.854463114Z"}
{"type":"log","step_name":"implement","message":"--- Tool: Grep('ParseAllForHost|ParseForHost|ParseAll') ---","timestamp":"2026-03-16T17:09:07.905217969Z"}
{"type":"log","step_name":"implement","message":"--- Tool: Read('/workspace/internal/host/runner.go') ---","timestamp":"2026-03-16T17:09:11.101427076Z"}
{"type":"log","step_name":"implement","message":"I need to add `ResolveAgents` calls here too. Let me also check the host executor setup.","timestamp":"2026-03-16T17:09:14.316851129Z"}
{"type":"log","step_name":"implement","message":"--- Tool: Edit('/workspace/internal/host/runner.go') ---","timestamp":"2026-03-16T17:09:15.738532957Z"}
{"type":"log","step_name":"implement","message":"--- Tool: Edit('/workspace/internal/host/runner.go') ---","timestamp":"2026-03-16T17:09:21.482764573Z"}
{"type":"log","step_name":"implement","message":"Now let's add tests. First, parser tests for the agent declaration DSL.","timestamp":"2026-03-16T17:09:25.580132051Z"}
{"type":"log","step_name":"implement","message":"--- Tool: Read('/workspace/internal/dsl/parser_test.go') ---","timestamp":"2026-03-16T17:09:27.253103605Z"}
{"type":"log","step_name":"implement","message":"--- Tool: Edit('/workspace/internal/dsl/parser_test.go') ---","timestamp":"2026-03-16T17:09:47.037029881Z"}
{"type":"log","step_name":"implement","message":"Now add domain validation tests for agent references.","timestamp":"2026-03-16T17:09:49.573182683Z"}
{"type":"log","step_name":"implement","message":"--- Tool: Read('/workspace/internal/domain/workflow_test.go') ---","timestamp":"2026-03-16T17:09:50.158643244Z"}
{"type":"log","step_name":"implement","message":"--- Tool: Read('/workspace/internal/domain/workflow_test.go') ---","timestamp":"2026-03-16T17:09:53.112256195Z"}
{"type":"log","step_name":"implement","message":"Now add domain tests for agent validation and resolution.","timestamp":"2026-03-16T17:09:57.739311409Z"}
{"type":"log","step_name":"implement","message":"--- Tool: Edit('/workspace/internal/domain/workflow_test.go') ---","timestamp":"2026-03-16T17:10:13.130260257Z"}
{"type":"log","step_name":"implement","message":"Now let's run the tests.","timestamp":"2026-03-16T17:10:16.614299505Z"}
{"type":"log","step_name":"implement","message":"--- Tool: Bash('go test ./... 2\u003e\u00261') ---","timestamp":"2026-03-16T17:10:17.263793032Z"}
{"type":"log","step_name":"implement","message":"All tests pass. Let me verify the implementation is complete by reviewing what was done:","timestamp":"2026-03-16T17:11:12.069210728Z"}
{"type":"log","step_name":"implement","timestamp":"2026-03-16T17:11:12.06922783Z"}
{"type":"log","step_name":"implement","message":"1. **Domain** (`internal/domain/workflow.go`): Added `Agent` struct with `Name`, `Command`, `Args`. Added `Agents` map to `Workflow`. Added `agent` to known step config keys. Added validation for agent references in `Validate()`. Added `ResolveAgents()` method that expands agent refs to `agent_command`/`agent_args`.","timestamp":"2026-03-16T17:11:12.069230375Z"}
{"type":"log","step_name":"implement","timestamp":"2026-03-16T17:11:12.069240304Z"}
{"type":"log","step_name":"implement","message":"2. **Parser** (`internal/dsl/parser.go`): Added `parseAgent()` method. Added `agent \u003cname\u003e { ... }` block parsing in `parseWorkflow()`. Agent blocks require `command`, optionally accept `args`.","timestamp":"2026-03-16T17:11:12.069242488Z"}
{"type":"log","step_name":"implement","timestamp":"2026-03-16T17:11:12.069244862Z"}
{"type":"log","step_name":"implement","message":"3. **Execution wiring**: Called `ResolveAgents()` after parsing in `internal/agent/runner.go` (container) and `internal/host/runner.go` (host).","timestamp":"2026-03-16T17:11:12.069246806Z"}
{"type":"log","step_name":"implement","timestamp":"2026-03-16T17:11:12.06924915Z"}
{"type":"log","step_name":"implement","message":"4. **Tests**: Added 7 parser tests (basic, multiple agents, command-only, missing command, duplicate, unknown field) and 7 domain tests (valid ref, undeclared ref, non-prompt step, resolve, step override, no ref, config key).","timestamp":"2026-03-16T17:11:12.069251825Z"}
{"type":"log","step_name":"implement","timestamp":"2026-03-16T17:11:12.06925427Z"}
{"type":"log","step_name":"implement","message":"CLOCHE_RESULT:success","timestamp":"2026-03-16T17:11:12.069267916Z"}
{"type":"log","step_name":"implement","message":"All tests pass. Let me verify the implementation is complete by reviewing what was done:","timestamp":"2026-03-16T17:11:12.091014306Z"}
{"type":"log","step_name":"implement","timestamp":"2026-03-16T17:11:12.091029936Z"}
{"type":"log","step_name":"implement","message":"1. **Domain** (`internal/domain/workflow.go`): Added `Agent` struct with `Name`, `Command`, `Args`. Added `Agents` map to `Workflow`. Added `agent` to known step config keys. Added validation for agent references in `Validate()`. Added `ResolveAgents()` method that expands agent refs to `agent_command`/`agent_args`.","timestamp":"2026-03-16T17:11:12.091032962Z"}
{"type":"log","step_name":"implement","timestamp":"2026-03-16T17:11:12.091036148Z"}
{"type":"log","step_name":"implement","message":"2. **Parser** (`internal/dsl/parser.go`): Added `parseAgent()` method. Added `agent \u003cname\u003e { ... }` block parsing in `parseWorkflow()`. Agent blocks require `command`, optionally accept `args`.","timestamp":"2026-03-16T17:11:12.091038642Z"}
{"type":"log","step_name":"implement","timestamp":"2026-03-16T17:11:12.091041758Z"}
{"type":"log","step_name":"implement","message":"3. **Execution wiring**: Called `ResolveAgents()` after parsing in `internal/agent/runner.go` (container) and `internal/host/runner.go` (host).","timestamp":"2026-03-16T17:11:12.091043932Z"}
{"type":"log","step_name":"implement","timestamp":"2026-03-16T17:11:12.091046688Z"}
{"type":"log","step_name":"implement","message":"4. **Tests**: Added 7 parser tests (basic, multiple agents, command-only, missing command, duplicate, unknown field) and 7 domain tests (valid ref, undeclared ref, non-prompt step, resolve, step override, no ref, config key).","timestamp":"2026-03-16T17:11:12.091049042Z"}
{"type":"log","step_name":"implement","timestamp":"2026-03-16T17:11:12.091051948Z"}
{"type":"log","step_name":"implement","message":"CLOCHE_RESULT:success","timestamp":"2026-03-16T17:11:12.38186535Z"}
{"type":"step_completed","step_name":"implement","result":"success","timestamp":"2026-03-16T17:11:12.402985517Z"}
{"type":"step_started","step_name":"test","timestamp":"2026-03-16T17:11:12.406098082Z"}
{"type":"log","step_name":"test","message":"?   \tgithub.com/cloche-dev/cloche/api/clochepb\t[no test files]","timestamp":"2026-03-16T17:11:12.71789298Z"}
{"type":"log","step_name":"test","message":"ok  \tgithub.com/cloche-dev/cloche/cmd/cloche\t10.032s","timestamp":"2026-03-16T17:11:23.094038528Z"}
{"type":"log","step_name":"test","message":"?   \tgithub.com/cloche-dev/cloche/cmd/cloche-agent\t[no test files]","timestamp":"2026-03-16T17:11:23.09406627Z"}
{"type":"log","step_name":"test","message":"?   \tgithub.com/cloche-dev/cloche/cmd/cloched\t[no test files]","timestamp":"2026-03-16T17:11:23.094068935Z"}
{"type":"log","step_name":"test","message":"ok  \tgithub.com/cloche-dev/cloche/internal/adapters/agents/generic\t(cached)","timestamp":"2026-03-16T17:11:23.094072953Z"}
{"type":"log","step_name":"test","message":"ok  \tgithub.com/cloche-dev/cloche/internal/adapters/agents/prompt\t(cached)","timestamp":"2026-03-16T17:11:23.094075808Z"}
{"type":"log","step_name":"test","message":"ok  \tgithub.com/cloche-dev/cloche/internal/adapters/docker\t(cached)","timestamp":"2026-03-16T17:11:23.094078363Z"}
{"type":"log","step_name":"test","message":"ok  \tgithub.com/cloche-dev/cloche/internal/adapters/grpc\t(cached)","timestamp":"2026-03-16T17:11:23.094084605Z"}
{"type":"log","step_name":"test","message":"ok  \tgithub.com/cloche-dev/cloche/internal/adapters/local\t(cached)","timestamp":"2026-03-16T17:11:23.094089093Z"}
{"type":"log","step_name":"test","message":"ok  \tgithub.com/cloche-dev/cloche/internal/adapters/sqlite\t(cached)","timestamp":"2026-03-16T17:11:23.094091688Z"}
{"type":"log","step_name":"test","message":"ok  \tgithub.com/cloche-dev/cloche/internal/adapters/web\t(cached)","timestamp":"2026-03-16T17:11:23.094094173Z"}
{"type":"log","step_name":"test","message":"ok  \tgithub.com/cloche-dev/cloche/internal/agent\t(cached)","timestamp":"2026-03-16T17:11:23.094096447Z"}
{"type":"log","step_name":"test","message":"ok  \tgithub.com/cloche-dev/cloche/internal/config\t(cached)","timestamp":"2026-03-16T17:11:23.094098571Z"}
{"type":"log","step_name":"test","message":"ok  \tgithub.com/cloche-dev/cloche/internal/domain\t(cached)","timestamp":"2026-03-16T17:11:23.094100495Z"}
{"type":"log","step_name":"test","message":"ok  \tgithub.com/cloche-dev/cloche/internal/dsl\t(cached)","timestamp":"2026-03-16T17:11:23.094102629Z"}
{"type":"log","step_name":"test","message":"ok  \tgithub.com/cloche-dev/cloche/internal/engine\t(cached)","timestamp":"2026-03-16T17:11:23.094104452Z"}
{"type":"log","step_name":"test","message":"ok  \tgithub.com/cloche-dev/cloche/internal/evolution\t(cached)","timestamp":"2026-03-16T17:11:23.094109502Z"}
{"type":"log","step_name":"test","message":"ok  \tgithub.com/cloche-dev/cloche/internal/host\t(cached)","timestamp":"2026-03-16T17:11:23.094112157Z"}
{"type":"log","step_name":"test","message":"ok  \tgithub.com/cloche-dev/cloche/internal/logstream\t(cached)","timestamp":"2026-03-16T17:11:23.09411403Z"}
{"type":"log","step_name":"test","message":"?   \tgithub.com/cloche-dev/cloche/internal/ports\t[no test files]","timestamp":"2026-03-16T17:11:23.094115904Z"}
{"type":"log","step_name":"test","message":"ok  \tgithub.com/cloche-dev/cloche/internal/protocol\t(cached)","timestamp":"2026-03-16T17:11:23.094117858Z"}
{"type":"log","step_name":"test","message":"ok  \tgithub.com/cloche-dev/cloche/internal/runcontext\t(cached)","timestamp":"2026-03-16T17:11:23.094122056Z"}
{"type":"log","step_name":"test","message":"ok  \tgithub.com/cloche-dev/cloche/internal/version\t(cached)","timestamp":"2026-03-16T17:11:23.0941241Z"}
{"type":"log","step_name":"test","message":"ok  \tgithub.com/cloche-dev/cloche/test/integration\t(cached)","timestamp":"2026-03-16T17:11:23.094128007Z"}
{"type":"step_completed","step_name":"test","result":"success","timestamp":"2026-03-16T17:11:23.126074655Z"}
{"type":"step_started","step_name":"update-docs","timestamp":"2026-03-16T17:11:23.129325923Z"}
{"type":"log","step_name":"update-docs","message":"--- Tool: Bash('git diff HEAD -- internal/domain/workflow.go internal/dsl...') ---","timestamp":"2026-03-16T17:11:31.383918357Z"}
{"type":"log","step_name":"update-docs","message":"--- Tool: Glob('docs/**/*.md') ---","timestamp":"2026-03-16T17:11:31.65212076Z"}
{"type":"log","step_name":"update-docs","message":"--- Tool: Read('/workspace/docs/workflows.md') ---","timestamp":"2026-03-16T17:11:36.563700887Z"}
{"type":"log","step_name":"update-docs","message":"Let me check the parser tests for the new syntax examples.","timestamp":"2026-03-16T17:11:41.760283967Z"}
{"type":"log","step_name":"update-docs","message":"--- Tool: Bash('git diff HEAD -- internal/dsl/parser_test.go | head -150') ---","timestamp":"2026-03-16T17:11:42.589220141Z"}
{"type":"log","step_name":"update-docs","message":"Now I have a clear picture of the new feature. The documentation in `docs/workflows.md` needs to be updated to describe:","timestamp":"2026-03-16T17:11:49.304331188Z"}
{"type":"log","step_name":"update-docs","timestamp":"2026-03-16T17:11:49.30435846Z"}
{"type":"log","step_name":"update-docs","message":"1. The `agent` declaration block syntax","timestamp":"2026-03-16T17:11:49.304362427Z"}
{"type":"log","step_name":"update-docs","message":"2. The `agent` config key on steps","timestamp":"2026-03-16T17:11:49.304366335Z"}
{"type":"log","step_name":"update-docs","message":"3. How agent resolution works","timestamp":"2026-03-16T17:11:49.304369751Z"}
{"type":"log","step_name":"update-docs","message":"--- Tool: Read('/workspace/docs/workflows.md') ---","timestamp":"2026-03-16T17:11:49.69726076Z"}
{"type":"log","step_name":"update-docs","message":"I'll add the `agent` concept to the table and add a new section documenting the agent declaration feature.","timestamp":"2026-03-16T17:11:53.868901172Z"}
{"type":"log","step_name":"update-docs","message":"--- Tool: Edit('/workspace/docs/workflows.md') ---","timestamp":"2026-03-16T17:11:55.160797024Z"}
{"type":"log","step_name":"update-docs","message":"Now add the agent declarations section. It fits best after the DSL Syntax section and before Key Properties.","timestamp":"2026-03-16T17:11:59.425669013Z"}
{"type":"log","step_name":"update-docs","message":"--- Tool: Edit('/workspace/docs/workflows.md') ---","timestamp":"2026-03-16T17:12:07.72352813Z"}
{"type":"log","step_name":"update-docs","message":"Now update the `agent` config key in the resolution order section to mention agent declarations.","timestamp":"2026-03-16T17:12:12.319901385Z"}
{"type":"log","step_name":"update-docs","message":"--- Tool: Edit('/workspace/docs/workflows.md') ---","timestamp":"2026-03-16T17:12:14.195385035Z"}
{"type":"log","step_name":"update-docs","message":"Let me verify the file reads correctly.","timestamp":"2026-03-16T17:12:18.239172696Z"}
{"type":"log","step_name":"update-docs","message":"--- Tool: Read('/workspace/docs/workflows.md') ---","timestamp":"2026-03-16T17:12:18.736820274Z"}
{"type":"log","step_name":"update-docs","message":"The documentation has been updated. Changes made to `docs/workflows.md`:","timestamp":"2026-03-16T17:12:23.901965945Z"}
{"type":"log","step_name":"update-docs","timestamp":"2026-03-16T17:12:23.901990411Z"}
{"type":"log","step_name":"update-docs","message":"1. Added `agent` to the Concepts table","timestamp":"2026-03-16T17:12:23.90199493Z"}
{"type":"log","step_name":"update-docs","message":"2. Added new \"Agent Declarations\" section with syntax, fields table, resolution order, and validation rules","timestamp":"2026-03-16T17:12:23.901999098Z"}
{"type":"log","step_name":"update-docs","message":"3. Updated the resolution order in the Workflow-Level Configuration Blocks section to include agent declarations","timestamp":"2026-03-16T17:12:23.902003266Z"}
{"type":"log","step_name":"update-docs","timestamp":"2026-03-16T17:12:23.902006331Z"}
{"type":"log","step_name":"update-docs","message":"CLOCHE_RESULT:success","timestamp":"2026-03-16T17:12:23.902008926Z"}
{"type":"log","step_name":"update-docs","message":"The documentation has been updated. Changes made to `docs/workflows.md`:","timestamp":"2026-03-16T17:12:23.925860977Z"}
{"type":"log","step_name":"update-docs","timestamp":"2026-03-16T17:12:23.925892647Z"}
{"type":"log","step_name":"update-docs","message":"1. Added `agent` to the Concepts table","timestamp":"2026-03-16T17:12:23.925898107Z"}
{"type":"log","step_name":"update-docs","message":"2. Added new \"Agent Declarations\" section with syntax, fields table, resolution order, and validation rules","timestamp":"2026-03-16T17:12:23.925903678Z"}
{"type":"log","step_name":"update-docs","message":"3. Updated the resolution order in the Workflow-Level Configuration Blocks section to include agent declarations","timestamp":"2026-03-16T17:12:23.925909138Z"}
{"type":"log","step_name":"update-docs","timestamp":"2026-03-16T17:12:23.925914147Z"}
{"type":"log","step_name":"update-docs","message":"CLOCHE_RESULT:success","timestamp":"2026-03-16T17:12:24.150579194Z"}
{"type":"step_completed","step_name":"update-docs","result":"success","timestamp":"2026-03-16T17:12:24.156311153Z"}
{"type":"run_completed","result":"succeeded","timestamp":"2026-03-16T17:12:24.162302131Z"}
