{"type":"run_title","message":"Task: GEPA: Candidate selector","timestamp":"2026-03-17T15:32:46.358900199Z"}
{"type":"step_started","step_name":"implement","timestamp":"2026-03-17T15:32:46.359494813Z"}
{"type":"log","step_name":"implement","message":"--- Tool: Agent('Explore the internal/evolution/ directory and any related...') ---","timestamp":"2026-03-17T15:32:57.611789302Z"}
{"type":"log","step_name":"implement","message":"--- Tool: Bash('find /workspace -type f -name \"*.go\" | grep -E \"(evolutio...') ---","timestamp":"2026-03-17T15:32:59.86617077Z"}
{"type":"log","step_name":"implement","message":"--- Tool: Bash('find /workspace/internal/evolution -type f -name \"*.go\" |...') ---","timestamp":"2026-03-17T15:33:01.257293895Z"}
{"type":"log","step_name":"implement","message":"--- Tool: Read('/workspace/internal/evolution/types.go') ---","timestamp":"2026-03-17T15:33:02.917420996Z"}
{"type":"log","step_name":"implement","message":"--- Tool: Read('/workspace/internal/evolution/fitness.go') ---","timestamp":"2026-03-17T15:33:03.01334547Z"}
{"type":"log","step_name":"implement","message":"--- Tool: Read('/workspace/internal/evolution/population.go') ---","timestamp":"2026-03-17T15:33:03.184236825Z"}
{"type":"log","step_name":"implement","message":"--- Tool: Read('/workspace/internal/evolution/selector.go') ---","timestamp":"2026-03-17T15:33:03.242655481Z"}
{"type":"log","step_name":"implement","message":"--- Tool: Read('/workspace/internal/evolution/types_test.go') ---","timestamp":"2026-03-17T15:33:05.177248386Z"}
{"type":"log","step_name":"implement","message":"--- Tool: Read('/workspace/internal/evolution/fitness_test.go') ---","timestamp":"2026-03-17T15:33:05.185429107Z"}
{"type":"log","step_name":"implement","message":"--- Tool: Read('/workspace/internal/evolution/population_test.go') ---","timestamp":"2026-03-17T15:33:05.395765327Z"}
{"type":"log","step_name":"implement","message":"--- Tool: Read('/workspace/internal/evolution/selector_test.go') ---","timestamp":"2026-03-17T15:33:05.493483723Z"}
{"type":"log","step_name":"implement","message":"--- Tool: Read('/workspace/internal/domain/run.go') ---","timestamp":"2026-03-17T15:33:07.576001619Z"}
{"type":"log","step_name":"implement","message":"--- Tool: Bash('head -100 /workspace/internal/domain/run.go') ---","timestamp":"2026-03-17T15:33:07.799990697Z"}
{"type":"log","step_name":"implement","message":"--- Tool: Bash('ls -la /workspace/internal/evolution/ | grep -E \"\\.go$\"') ---","timestamp":"2026-03-17T15:33:09.769677133Z"}
{"type":"log","step_name":"implement","message":"--- Tool: Read('/workspace/internal/evolution/curator.go') ---","timestamp":"2026-03-17T15:33:12.164925652Z"}
{"type":"log","step_name":"implement","message":"--- Tool: Read('/workspace/internal/evolution/collector.go') ---","timestamp":"2026-03-17T15:33:12.388840069Z"}
{"type":"log","step_name":"implement","message":"--- Tool: Bash('head -50 /workspace/internal/evolution/audit.go') ---","timestamp":"2026-03-17T15:33:12.447310513Z"}
{"type":"log","step_name":"implement","message":"--- Tool: Bash('head -100 /workspace/internal/evolution/evolution_test.go') ---","timestamp":"2026-03-17T15:33:13.764315383Z"}
{"type":"log","step_name":"implement","message":"--- Tool: Bash('head -30 /workspace/go.mod') ---","timestamp":"2026-03-17T15:33:15.31899475Z"}
{"type":"log","step_name":"implement","message":"--- Tool: Read('/workspace/internal/evolution/orchestrator.go') ---","timestamp":"2026-03-17T15:33:16.675521318Z"}
{"type":"log","step_name":"implement","message":"--- Tool: Read('/workspace/internal/evolution/classifier.go') ---","timestamp":"2026-03-17T15:33:16.7054255Z"}
{"type":"log","step_name":"implement","message":"--- Tool: Read('/workspace/internal/evolution/trigger.go') ---","timestamp":"2026-03-17T15:33:18.814149392Z"}
{"type":"log","step_name":"implement","message":"--- Tool: Read('/workspace/internal/evolution/reflector.go') ---","timestamp":"2026-03-17T15:33:18.967731372Z"}
{"type":"log","step_name":"implement","message":"--- Tool: Read('/workspace/internal/evolution/scriptgen.go') ---","timestamp":"2026-03-17T15:33:20.470103256Z"}
{"type":"log","step_name":"implement","message":"Let me read the existing files.","timestamp":"2026-03-17T15:33:54.246838745Z"}
{"type":"log","step_name":"implement","message":"--- Tool: Read('/workspace/internal/evolution/selector.go') ---","timestamp":"2026-03-17T15:33:54.777888888Z"}
{"type":"log","step_name":"implement","message":"--- Tool: Read('/workspace/internal/evolution/selector_test.go') ---","timestamp":"2026-03-17T15:33:55.188453372Z"}
{"type":"log","step_name":"implement","message":"--- Tool: Read('/workspace/internal/evolution/fitness.go') ---","timestamp":"2026-03-17T15:33:55.907453565Z"}
{"type":"log","step_name":"implement","message":"--- Tool: Read('/workspace/internal/evolution/types.go') ---","timestamp":"2026-03-17T15:33:56.14654633Z"}
{"type":"log","step_name":"implement","message":"The `selector.go` and `selector_test.go` files already exist with the complete implementation. Let me run the tests to verify they pass.","timestamp":"2026-03-17T15:34:00.306507851Z"}
{"type":"log","step_name":"implement","message":"--- Tool: Bash('go test ./internal/evolution/ -run TestSelectCandidate -v...') ---","timestamp":"2026-03-17T15:34:01.122099305Z"}
{"type":"log","step_name":"implement","message":"All selector tests pass. Now let me run the full test suite.","timestamp":"2026-03-17T15:34:14.70866059Z"}
{"type":"log","step_name":"implement","message":"--- Tool: Bash('go test ./... 2\u003e\u00261') ---","timestamp":"2026-03-17T15:34:15.444533244Z"}
{"type":"log","step_name":"implement","message":"All tests pass across the entire project.","timestamp":"2026-03-17T15:35:07.150405157Z"}
{"type":"log","step_name":"implement","timestamp":"2026-03-17T15:35:07.150435385Z"}
{"type":"log","step_name":"implement","message":"The `SelectCandidate` function and its tests already exist in `internal/evolution/selector.go` and `internal/evolution/selector_test.go`. The implementation:","timestamp":"2026-03-17T15:35:07.150437809Z"}
{"type":"log","step_name":"implement","timestamp":"2026-03-17T15:35:07.150442558Z"}
{"type":"log","step_name":"implement","message":"- **70/30 strategy**: 70% chance picks from Pareto front, 30% picks non-front candidates for exploration","timestamp":"2026-03-17T15:35:07.150444933Z"}
{"type":"log","step_name":"implement","message":"- **Returns nil** when no candidates exist","timestamp":"2026-03-17T15:35:07.150450653Z"}
{"type":"log","step_name":"implement","message":"- **Takes** candidates list, fitness scores map, and Pareto front IDs as input","timestamp":"2026-03-17T15:35:07.150453559Z"}
{"type":"log","step_name":"implement","message":"- **Edge cases**: handles empty pools, missing front IDs, single-pool scenarios","timestamp":"2026-03-17T15:35:07.150455563Z"}
{"type":"log","step_name":"implement","timestamp":"2026-03-17T15:35:07.150460913Z"}
{"type":"log","step_name":"implement","message":"Tests verify: nil on empty, front-only selection, non-front-only selection, 70/30 distribution (10k iterations with 5% tolerance), correct candidate return, and mismatched front IDs.","timestamp":"2026-03-17T15:35:07.150463247Z"}
{"type":"log","step_name":"implement","timestamp":"2026-03-17T15:35:07.150465842Z"}
{"type":"log","step_name":"implement","message":"CLOCHE_RESULT:success","timestamp":"2026-03-17T15:35:07.150468006Z"}
{"type":"log","step_name":"implement","message":"All tests pass across the entire project.","timestamp":"2026-03-17T15:35:07.21351941Z"}
{"type":"log","step_name":"implement","timestamp":"2026-03-17T15:35:07.213541181Z"}
{"type":"log","step_name":"implement","message":"The `SelectCandidate` function and its tests already exist in `internal/evolution/selector.go` and `internal/evolution/selector_test.go`. The implementation:","timestamp":"2026-03-17T15:35:07.213543506Z"}
{"type":"log","step_name":"implement","timestamp":"2026-03-17T15:35:07.21354587Z"}
{"type":"log","step_name":"implement","message":"- **70/30 strategy**: 70% chance picks from Pareto front, 30% picks non-front candidates for exploration","timestamp":"2026-03-17T15:35:07.213547684Z"}
{"type":"log","step_name":"implement","message":"- **Returns nil** when no candidates exist","timestamp":"2026-03-17T15:35:07.213549848Z"}
{"type":"log","step_name":"implement","message":"- **Takes** candidates list, fitness scores map, and Pareto front IDs as input","timestamp":"2026-03-17T15:35:07.213551922Z"}
{"type":"log","step_name":"implement","message":"- **Edge cases**: handles empty pools, missing front IDs, single-pool scenarios","timestamp":"2026-03-17T15:35:07.213553885Z"}
{"type":"log","step_name":"implement","timestamp":"2026-03-17T15:35:07.213556039Z"}
{"type":"log","step_name":"implement","message":"Tests verify: nil on empty, front-only selection, non-front-only selection, 70/30 distribution (10k iterations with 5% tolerance), correct candidate return, and mismatched front IDs.","timestamp":"2026-03-17T15:35:07.213571719Z"}
{"type":"log","step_name":"implement","timestamp":"2026-03-17T15:35:07.213574093Z"}
{"type":"log","step_name":"implement","message":"CLOCHE_RESULT:success","timestamp":"2026-03-17T15:35:07.530803112Z"}
{"type":"step_completed","step_name":"implement","result":"success","timestamp":"2026-03-17T15:35:07.672085245Z"}
{"type":"step_started","step_name":"test","timestamp":"2026-03-17T15:35:07.692408397Z"}
{"type":"log","step_name":"test","message":"?   \tgithub.com/cloche-dev/cloche/api/clochepb\t[no test files]","timestamp":"2026-03-17T15:35:08.058609494Z"}
{"type":"log","step_name":"test","message":"ok  \tgithub.com/cloche-dev/cloche/cmd/cloche\t10.040s","timestamp":"2026-03-17T15:35:18.414112813Z"}
{"type":"log","step_name":"test","message":"?   \tgithub.com/cloche-dev/cloche/cmd/cloche-agent\t[no test files]","timestamp":"2026-03-17T15:35:18.414145895Z"}
{"type":"log","step_name":"test","message":"?   \tgithub.com/cloche-dev/cloche/cmd/cloched\t[no test files]","timestamp":"2026-03-17T15:35:18.414149172Z"}
{"type":"log","step_name":"test","message":"ok  \tgithub.com/cloche-dev/cloche/internal/adapters/agents/generic\t(cached)","timestamp":"2026-03-17T15:35:18.414151616Z"}
{"type":"log","step_name":"test","message":"ok  \tgithub.com/cloche-dev/cloche/internal/adapters/agents/prompt\t(cached)","timestamp":"2026-03-17T15:35:18.414155594Z"}
{"type":"log","step_name":"test","message":"ok  \tgithub.com/cloche-dev/cloche/internal/adapters/docker\t(cached)","timestamp":"2026-03-17T15:35:18.414158129Z"}
{"type":"log","step_name":"test","message":"ok  \tgithub.com/cloche-dev/cloche/internal/adapters/grpc\t(cached)","timestamp":"2026-03-17T15:35:18.414163118Z"}
{"type":"log","step_name":"test","message":"ok  \tgithub.com/cloche-dev/cloche/internal/adapters/local\t(cached)","timestamp":"2026-03-17T15:35:18.414165102Z"}
{"type":"log","step_name":"test","message":"ok  \tgithub.com/cloche-dev/cloche/internal/adapters/sqlite\t(cached)","timestamp":"2026-03-17T15:35:18.414167136Z"}
{"type":"log","step_name":"test","message":"ok  \tgithub.com/cloche-dev/cloche/internal/adapters/web\t(cached)","timestamp":"2026-03-17T15:35:18.41416962Z"}
{"type":"log","step_name":"test","message":"ok  \tgithub.com/cloche-dev/cloche/internal/agent\t(cached)","timestamp":"2026-03-17T15:35:18.414172075Z"}
{"type":"log","step_name":"test","message":"ok  \tgithub.com/cloche-dev/cloche/internal/config\t(cached)","timestamp":"2026-03-17T15:35:18.41417454Z"}
{"type":"log","step_name":"test","message":"ok  \tgithub.com/cloche-dev/cloche/internal/domain\t(cached)","timestamp":"2026-03-17T15:35:18.414177656Z"}
{"type":"log","step_name":"test","message":"ok  \tgithub.com/cloche-dev/cloche/internal/dsl\t(cached)","timestamp":"2026-03-17T15:35:18.4141802Z"}
{"type":"log","step_name":"test","message":"ok  \tgithub.com/cloche-dev/cloche/internal/engine\t(cached)","timestamp":"2026-03-17T15:35:18.414182425Z"}
{"type":"log","step_name":"test","message":"ok  \tgithub.com/cloche-dev/cloche/internal/evolution\t(cached)","timestamp":"2026-03-17T15:35:18.414188185Z"}
{"type":"log","step_name":"test","message":"ok  \tgithub.com/cloche-dev/cloche/internal/host\t(cached)","timestamp":"2026-03-17T15:35:18.414190941Z"}
{"type":"log","step_name":"test","message":"ok  \tgithub.com/cloche-dev/cloche/internal/logstream\t(cached)","timestamp":"2026-03-17T15:35:18.414194467Z"}
{"type":"log","step_name":"test","message":"?   \tgithub.com/cloche-dev/cloche/internal/ports\t[no test files]","timestamp":"2026-03-17T15:35:18.414196832Z"}
{"type":"log","step_name":"test","message":"ok  \tgithub.com/cloche-dev/cloche/internal/protocol\t(cached)","timestamp":"2026-03-17T15:35:18.414199186Z"}
{"type":"log","step_name":"test","message":"ok  \tgithub.com/cloche-dev/cloche/internal/runcontext\t(cached)","timestamp":"2026-03-17T15:35:18.414201641Z"}
{"type":"log","step_name":"test","message":"ok  \tgithub.com/cloche-dev/cloche/internal/version\t(cached)","timestamp":"2026-03-17T15:35:18.414204015Z"}
{"type":"log","step_name":"test","message":"ok  \tgithub.com/cloche-dev/cloche/test/integration\t(cached)","timestamp":"2026-03-17T15:35:18.41420639Z"}
{"type":"step_completed","step_name":"test","result":"success","timestamp":"2026-03-17T15:35:18.577184721Z"}
{"type":"step_started","step_name":"update-docs","timestamp":"2026-03-17T15:35:18.606801838Z"}
{"type":"log","step_name":"update-docs","message":"--- Tool: Glob('internal/evolution/**/*.go') ---","timestamp":"2026-03-17T15:35:25.800543947Z"}
{"type":"log","step_name":"update-docs","message":"--- Tool: Glob('docs/**/*.md') ---","timestamp":"2026-03-17T15:35:25.922923473Z"}
{"type":"log","step_name":"update-docs","message":"--- Tool: Read('/workspace/internal/evolution/selector.go') ---","timestamp":"2026-03-17T15:35:31.376277062Z"}
{"type":"log","step_name":"update-docs","message":"--- Tool: Read('/workspace/internal/evolution/selector_test.go') ---","timestamp":"2026-03-17T15:35:31.808918829Z"}
{"type":"log","step_name":"update-docs","message":"--- Tool: Read('/workspace/docs/plans/2026-02-24-self-evolution-design.md') ---","timestamp":"2026-03-17T15:35:32.043205296Z"}
{"type":"log","step_name":"update-docs","message":"Let me check the implementation doc for any references to candidate selection.","timestamp":"2026-03-17T15:35:37.547954374Z"}
{"type":"log","step_name":"update-docs","message":"--- Tool: Grep('selector|SelectCandidate|candidate.*select|select.*candidate') ---","timestamp":"2026-03-17T15:35:38.972119484Z"}
{"type":"log","step_name":"update-docs","message":"--- Tool: Read('/workspace/docs/plans/2026-02-24-self-evolution-implement...') ---","timestamp":"2026-03-17T15:35:39.935687164Z"}
{"type":"log","step_name":"update-docs","message":"The design doc has a GEPA section that covers fitness evaluation and Pareto front but doesn't mention the candidate selector. Let me check if there's anything about the selection strategy that should be documented.","timestamp":"2026-03-17T15:35:48.991949196Z"}
{"type":"log","step_name":"update-docs","message":"--- Tool: Grep('GEPA|Pareto|population|candidate') ---","timestamp":"2026-03-17T15:35:49.682326007Z"}
{"type":"log","step_name":"update-docs","message":"The GEPA section in the design doc covers fitness evaluation and Pareto front but doesn't document the candidate selector. I should add a subsection describing the `SelectCandidate` function and its 70/30 strategy. Let me read the exact section to know where to insert it.","timestamp":"2026-03-17T15:35:55.297716446Z"}
{"type":"log","step_name":"update-docs","message":"--- Tool: Read('/workspace/docs/plans/2026-02-24-self-evolution-design.md') ---","timestamp":"2026-03-17T15:35:56.663881157Z"}
{"type":"log","step_name":"update-docs","message":"I'll add a \"Candidate Selection\" subsection after \"Pareto Front\" and before \"Population Configuration\".","timestamp":"2026-03-17T15:36:00.477919218Z"}
{"type":"log","step_name":"update-docs","message":"--- Tool: Edit('/workspace/docs/plans/2026-02-24-self-evolution-design.md') ---","timestamp":"2026-03-17T15:36:04.72974721Z"}
{"type":"log","step_name":"update-docs","message":"Now let me verify the edit looks correct.","timestamp":"2026-03-17T15:36:07.639065874Z"}
{"type":"log","step_name":"update-docs","message":"--- Tool: Read('/workspace/docs/plans/2026-02-24-self-evolution-design.md') ---","timestamp":"2026-03-17T15:36:08.266066363Z"}
{"type":"log","step_name":"update-docs","message":"The documentation now accurately reflects the `SelectCandidate` implementation. No other docs reference candidate selection, so this single addition is sufficient.","timestamp":"2026-03-17T15:36:12.369260532Z"}
{"type":"log","step_name":"update-docs","timestamp":"2026-03-17T15:36:12.369279769Z"}
{"type":"log","step_name":"update-docs","message":"CLOCHE_RESULT:success","timestamp":"2026-03-17T15:36:12.369282614Z"}
{"type":"log","step_name":"update-docs","message":"The documentation now accurately reflects the `SelectCandidate` implementation. No other docs reference candidate selection, so this single addition is sufficient.","timestamp":"2026-03-17T15:36:12.391587423Z"}
{"type":"log","step_name":"update-docs","timestamp":"2026-03-17T15:36:12.391604496Z"}
{"type":"log","step_name":"update-docs","message":"CLOCHE_RESULT:success","timestamp":"2026-03-17T15:36:12.626306084Z"}
{"type":"step_completed","step_name":"update-docs","result":"success","timestamp":"2026-03-17T15:36:12.837484509Z"}
{"type":"run_completed","result":"succeeded","timestamp":"2026-03-17T15:36:12.887936886Z"}
