{"type":"run_title","message":"Task: V2: Automatic v1-to-v2 data migration","timestamp":"2026-03-18T18:17:09.993203745Z"}
{"type":"step_started","step_name":"implement","timestamp":"2026-03-18T18:17:09.993646482Z"}
{"type":"log","step_name":"implement","message":"--- Tool: Agent('Explore the Cloche codebase thoroughly to understand:","timestamp":"2026-03-18T18:17:32.762493811Z"}
{"type":"log","step_name":"implement","message":"1. ...') ---","timestamp":"2026-03-18T18:17:32.762529458Z"}
{"type":"log","step_name":"implement","message":"--- Tool: Bash('find /workspace -type f -name \"*.go\" | grep -E \"(domain|p...') ---","timestamp":"2026-03-18T18:17:34.635034237Z"}
{"type":"log","step_name":"implement","message":"--- Tool: Agent('Find and read all files related to Task, Attempt, and Run...') ---","timestamp":"2026-03-18T18:17:39.432885948Z"}
{"type":"log","step_name":"implement","message":"--- Tool: Agent('Find and read all SQLite adapter code, daemon startup cod...') ---","timestamp":"2026-03-18T18:17:41.467047666Z"}
{"type":"log","step_name":"implement","message":"--- Tool: Glob('internal/adapters/sqlite/**/*.go') ---","timestamp":"2026-03-18T18:17:43.187321684Z"}
{"type":"log","step_name":"implement","message":"--- Tool: Glob('cmd/cloched/**/*.go') ---","timestamp":"2026-03-18T18:17:43.200880109Z"}
{"type":"log","step_name":"implement","message":"--- Tool: Bash('find /workspace -type f -name \"*.go\" | xargs grep -l \"mig...') ---","timestamp":"2026-03-18T18:17:43.662601511Z"}
{"type":"log","step_name":"implement","message":"--- Tool: Bash('find /workspace -type f \\( -name \"*.go\" -o -name \"*.md\" \\...') ---","timestamp":"2026-03-18T18:17:44.119631656Z"}
{"type":"log","step_name":"implement","message":"--- Tool: Glob('**/internal/domain/**/*.go') ---","timestamp":"2026-03-18T18:17:44.184024058Z"}
{"type":"log","step_name":"implement","message":"--- Tool: Glob('**/internal/ports/**/*.go') ---","timestamp":"2026-03-18T18:17:44.605366052Z"}
{"type":"log","step_name":"implement","message":"--- Tool: Glob('**/docs/plans/*v2*.md') ---","timestamp":"2026-03-18T18:17:44.67837013Z"}
{"type":"log","step_name":"implement","message":"--- Tool: Bash('find /workspace -type f -name \"*.go\" | head -80') ---","timestamp":"2026-03-18T18:17:47.720512584Z"}
{"type":"log","step_name":"implement","message":"--- Tool: Glob('**/domain/**/*.go') ---","timestamp":"2026-03-18T18:17:48.227380944Z"}
{"type":"log","step_name":"implement","message":"--- Tool: Glob('**/ports/**/*.go') ---","timestamp":"2026-03-18T18:17:49.252783575Z"}
{"type":"log","step_name":"implement","message":"--- Tool: Glob('**/adapters/**/*.go') ---","timestamp":"2026-03-18T18:17:49.3431983Z"}
{"type":"log","step_name":"implement","message":"--- Tool: Read('/workspace/internal/domain/run.go') ---","timestamp":"2026-03-18T18:17:51.522172053Z"}
{"type":"log","step_name":"implement","message":"--- Tool: Read('/workspace/internal/ports/store.go') ---","timestamp":"2026-03-18T18:17:51.969063387Z"}
{"type":"log","step_name":"implement","message":"--- Tool: Read('/workspace/internal/adapters/sqlite/store.go') ---","timestamp":"2026-03-18T18:17:52.247820353Z"}
{"type":"error","message":"workflow cancelled: context canceled","timestamp":"2026-03-18T18:17:53.489418277Z"}
{"type":"run_completed","result":"failed","timestamp":"2026-03-18T18:17:53.489477369Z"}
error: workflow cancelled: context canceled
