{"type":"run_title","message":"Add 'cloche orchestrate' command to start a fresh run of the orchestrator for the project, so we ...","timestamp":"2026-03-10T01:26:48.598520105Z"}
{"type":"step_started","step_name":"implement","timestamp":"2026-03-10T01:26:48.598744568Z"}
{"type":"log","step_name":"implement","message":"All tests pass. Here's a summary of the changes:","timestamp":"2026-03-10T01:33:45.806858182Z"}
{"type":"log","step_name":"implement","timestamp":"2026-03-10T01:33:45.806889551Z"}
{"type":"log","step_name":"implement","message":"**Proto** (`api/proto/cloche/v1/cloche.proto`): Added `Orchestrate` RPC with `OrchestrateRequest` (project_dir) and `OrchestrateResponse` (run_id). Regenerated pb files.","timestamp":"2026-03-10T01:33:45.806894Z"}
{"type":"log","step_name":"implement","timestamp":"2026-03-10T01:33:45.806899079Z"}
{"type":"log","step_name":"implement","message":"**Server** (`internal/adapters/grpc/server.go`): Replaced the stub `Orchestrate` handler with an implementation that validates `host.cloche` exists, pre-generates a run ID, launches the host workflow in a background goroutine via `host.Runner.RunWithID()`, and returns the run ID immediately.","timestamp":"2026-03-10T01:33:45.806902546Z"}
{"type":"log","step_name":"implement","timestamp":"2026-03-10T01:33:45.806914628Z"}
{"type":"log","step_name":"implement","message":"**Host Runner** (`internal/host/runner.go`): Added `RunWithID()` method that accepts an externally provided run ID. `Run()` now delegates to `RunWithID()` with an auto-generated ID.","timestamp":"2026-03-10T01:33:45.806917935Z"}
{"type":"log","step_name":"implement","timestamp":"2026-03-10T01:33:45.806922303Z"}
{"type":"log","step_name":"implement","message":"**CLI** (`cmd/cloche/main.go`): Updated `cmdOrchestrate` to display the returned run ID. Updated usage text.","timestamp":"2026-03-10T01:33:45.806925549Z"}
{"type":"log","step_name":"implement","timestamp":"2026-03-10T01:33:45.806933183Z"}
{"type":"log","step_name":"implement","message":"**Tests**: ","timestamp":"2026-03-10T01:33:45.80693651Z"}
{"type":"log","step_name":"implement","message":"- `server_test.go`: 3 new tests (success, missing host.cloche, empty project_dir)","timestamp":"2026-03-10T01:33:45.806940898Z"}
{"type":"log","step_name":"implement","message":"- `executor_test.go`: 1 new test for `RunWithID`","timestamp":"2026-03-10T01:33:45.806945186Z"}
{"type":"log","step_name":"implement","message":"- `orchestrate_test.go`: Updated to match new output format","timestamp":"2026-03-10T01:33:45.806949314Z"}
{"type":"log","step_name":"implement","timestamp":"2026-03-10T01:33:45.806953402Z"}
{"type":"log","step_name":"implement","message":"CLOCHE_RESULT:success","timestamp":"2026-03-10T01:33:46.299973097Z"}
{"type":"step_completed","step_name":"implement","result":"success","timestamp":"2026-03-10T01:33:46.309128094Z"}
{"type":"step_started","step_name":"test","timestamp":"2026-03-10T01:33:46.309155777Z"}
{"type":"step_completed","step_name":"test","result":"success","timestamp":"2026-03-10T01:33:46.678328609Z"}
{"type":"step_started","step_name":"update-docs","timestamp":"2026-03-10T01:33:46.678363504Z"}
{"type":"log","step_name":"update-docs","message":"Edit looks correct. Updated `docs/USAGE.md` to reflect the new `cloche orchestrate` behavior: it now starts a fresh orchestration run and returns a run ID, rather than dispatching and reporting a count.","timestamp":"2026-03-10T01:34:18.375809561Z"}
{"type":"log","step_name":"update-docs","timestamp":"2026-03-10T01:34:18.375829398Z"}
{"type":"log","step_name":"update-docs","message":"CLOCHE_RESULT:success","timestamp":"2026-03-10T01:34:18.770801617Z"}
{"type":"step_completed","step_name":"update-docs","result":"success","timestamp":"2026-03-10T01:34:18.772232005Z"}
{"type":"run_completed","result":"succeeded","timestamp":"2026-03-10T01:34:18.772306806Z"}
