{"type":"run_title","message":"Task: Web UI: Script steps should display script file contents on click","timestamp":"2026-03-11T21:08:25.155125046Z"}
{"type":"step_started","step_name":"implement","timestamp":"2026-03-11T21:08:25.155304874Z"}
{"type":"log","step_name":"implement","timestamp":"2026-03-11T21:08:37.434647826Z"}
{"type":"log","step_name":"implement","timestamp":"2026-03-11T21:08:37.434679305Z"}
{"type":"log","step_name":"implement","message":"I'll start by understanding the current implementation, particularly how prompt steps display their contents and how script steps work.","timestamp":"2026-03-11T21:08:37.434683453Z"}
{"type":"log","step_name":"implement","message":"--- Tool: Agent('Explore the web UI codebase for the Cloche project. I nee...') ---","timestamp":"2026-03-11T21:08:42.304651181Z"}
{"type":"log","step_name":"implement","message":"--- Tool: Bash('find /workspace -type f -name \"*.go\" -o -name \"*.html\" -o...') ---","timestamp":"2026-03-11T21:08:43.839769231Z"}
{"type":"log","step_name":"implement","message":"--- Tool: Glob('internal/adapters/web/**/*.go') ---","timestamp":"2026-03-11T21:08:46.287228334Z"}
{"type":"log","step_name":"implement","message":"--- Tool: Glob('internal/adapters/web/**/*.html') ---","timestamp":"2026-03-11T21:08:46.582356682Z"}
{"type":"log","step_name":"implement","message":"--- Tool: Bash('ls -la /workspace/internal/adapters/web/ 2\u003e/dev/null || e...') ---","timestamp":"2026-03-11T21:08:46.737055684Z"}
{"type":"log","step_name":"implement","message":"--- Tool: Bash('ls -la /workspace/internal/adapters/web/static/') ---","timestamp":"2026-03-11T21:08:50.095597005Z"}
{"type":"log","step_name":"implement","message":"--- Tool: Bash('ls -la /workspace/internal/adapters/web/templates/') ---","timestamp":"2026-03-11T21:08:50.140153299Z"}
{"type":"log","step_name":"implement","message":"--- Tool: Read('/workspace/internal/adapters/web/handler.go') ---","timestamp":"2026-03-11T21:08:52.225508264Z"}
{"type":"log","step_name":"implement","message":"--- Tool: Read('/workspace/internal/adapters/web/templates/project_detail...') ---","timestamp":"2026-03-11T21:08:52.653355336Z"}
{"type":"log","step_name":"implement","message":"--- Tool: Read('/workspace/internal/adapters/web/templates/run_detail.html') ---","timestamp":"2026-03-11T21:08:53.282115115Z"}
{"type":"log","step_name":"implement","message":"--- Tool: Bash('wc -l /workspace/internal/adapters/web/handler.go') ---","timestamp":"2026-03-11T21:08:54.681903966Z"}
{"type":"log","step_name":"implement","message":"--- Tool: Read('/workspace/internal/adapters/web/handler.go') ---","timestamp":"2026-03-11T21:08:55.992601234Z"}
{"type":"log","step_name":"implement","message":"--- Tool: Read('/workspace/internal/adapters/web/handler.go') ---","timestamp":"2026-03-11T21:08:56.221311252Z"}
{"type":"log","step_name":"implement","message":"--- Tool: Read('/workspace/internal/adapters/web/handler.go') ---","timestamp":"2026-03-11T21:08:56.538424847Z"}
{"type":"log","step_name":"implement","message":"--- Tool: Read('/workspace/internal/adapters/web/templates/layout.html') ---","timestamp":"2026-03-11T21:08:58.035743728Z"}
{"type":"log","step_name":"implement","message":"--- Tool: Read('/workspace/internal/adapters/web/templates/runs.html') ---","timestamp":"2026-03-11T21:08:58.245625063Z"}
{"type":"log","step_name":"implement","message":"--- Tool: Read('/workspace/internal/adapters/web/templates/projects.html') ---","timestamp":"2026-03-11T21:08:58.357467706Z"}
{"type":"log","step_name":"implement","message":"--- Tool: Read('/workspace/internal/adapters/web/static/style.css') ---","timestamp":"2026-03-11T21:09:00.999012116Z"}
{"type":"log","step_name":"implement","message":"--- Tool: Bash('find /workspace -type f -name \"*test.go\" | grep web') ---","timestamp":"2026-03-11T21:09:01.122991684Z"}
{"type":"log","step_name":"implement","message":"--- Tool: Grep('handleAPIStepContent|resolveFileRef') ---","timestamp":"2026-03-11T21:09:01.713076608Z"}
{"type":"log","step_name":"implement","message":"--- Tool: Bash('grep -n \"handleAPIStepContent\\|openDrawer\\|drawer\" /works...') ---","timestamp":"2026-03-11T21:09:03.57799574Z"}
{"type":"log","step_name":"implement","message":"--- Tool: Grep('type.*Workflow|type.*Step') ---","timestamp":"2026-03-11T21:09:06.018848507Z"}
{"type":"log","step_name":"implement","message":"--- Tool: Read('/workspace/internal/domain/workflow.go') ---","timestamp":"2026-03-11T21:09:06.283613227Z"}
{"type":"log","step_name":"implement","message":"--- Tool: Bash('grep -n \"ParseForContainer\\|ParseAllForHost\" /workspace/i...') ---","timestamp":"2026-03-11T21:09:08.25854007Z"}
{"type":"log","step_name":"implement","message":"--- Tool: Bash('grep -n \"drawer\\|openDrawer\\|closeDrawer\" /workspace/inte...') ---","timestamp":"2026-03-11T21:09:09.880790226Z"}
{"type":"log","step_name":"implement","message":"--- Tool: Bash('grep -n \"file(\" /workspace/internal/adapters/web/handler....') ---","timestamp":"2026-03-11T21:09:10.123409624Z"}
{"type":"log","step_name":"implement","message":"--- Tool: Bash('wc -l /workspace/internal/adapters/web/static/style.css') ---","timestamp":"2026-03-11T21:09:10.190475774Z"}
{"type":"log","step_name":"implement","message":"--- Tool: Read('/workspace/internal/adapters/web/static/style.css') ---","timestamp":"2026-03-11T21:09:11.608832558Z"}
{"type":"log","step_name":"implement","message":"--- Tool: Bash('grep -r \"handleAPIStepContent\\|handleAPIStepOutput\\|handl...') ---","timestamp":"2026-03-11T21:09:13.365122969Z"}
{"type":"log","step_name":"implement","message":"--- Tool: Bash('find /workspace -type f \\( -name \"*.go\" -o -name \"*.html\"...') ---","timestamp":"2026-03-11T21:09:13.666963471Z"}
{"type":"log","step_name":"implement","message":"Let me read the key files to understand the exact current behavior.","timestamp":"2026-03-11T21:09:37.254285915Z"}
{"type":"log","step_name":"implement","message":"--- Tool: Read('/workspace/internal/adapters/web/templates/project_detail...') ---","timestamp":"2026-03-11T21:09:37.73728886Z"}
{"type":"log","step_name":"implement","message":"--- Tool: Read('/workspace/internal/adapters/web/handler.go') ---","timestamp":"2026-03-11T21:09:38.471440909Z"}
{"type":"log","step_name":"implement","message":"Let me check how step configs are populated in the DSL parser.","timestamp":"2026-03-11T21:09:49.075273122Z"}
{"type":"log","step_name":"implement","message":"--- Tool: Read('/workspace/internal/dsl/parser.go') ---","timestamp":"2026-03-11T21:09:49.567106895Z"}
{"type":"log","step_name":"implement","message":"--- Tool: Read('/workspace/internal/domain/workflow.go') ---","timestamp":"2026-03-11T21:09:49.670901872Z"}
{"type":"log","step_name":"implement","message":"Let me also check the API workflows handler to see how steps are serialized.","timestamp":"2026-03-11T21:10:13.744952257Z"}
{"type":"log","step_name":"implement","message":"--- Tool: Read('/workspace/internal/adapters/web/handler.go') ---","timestamp":"2026-03-11T21:10:14.164156644Z"}
{"type":"log","step_name":"implement","message":"Let me search for test files and example workflow files to understand the actual data flow.","timestamp":"2026-03-11T21:10:50.851613357Z"}
{"type":"log","step_name":"implement","message":"--- Tool: Glob('**/*_test.go') ---","timestamp":"2026-03-11T21:10:51.288847024Z"}
{"type":"log","step_name":"implement","message":"--- Tool: Glob('**/*.cloche') ---","timestamp":"2026-03-11T21:10:51.465343639Z"}
{"type":"log","step_name":"implement","message":"--- Tool: Read('/workspace/.cloche/host.cloche') ---","timestamp":"2026-03-11T21:10:53.973609607Z"}
{"type":"log","step_name":"implement","message":"--- Tool: Read('/workspace/internal/adapters/web/handler_test.go') ---","timestamp":"2026-03-11T21:10:54.425416569Z"}
{"type":"log","step_name":"implement","message":"--- Tool: Read('/workspace/.cloche/develop.cloche') ---","timestamp":"2026-03-11T21:11:13.202787785Z"}
{"type":"log","step_name":"implement","message":"--- Tool: Glob('.cloche/scripts/*') ---","timestamp":"2026-03-11T21:11:13.217591304Z"}
{"type":"log","step_name":"implement","message":"Let me read the relevant test portions.","timestamp":"2026-03-11T21:11:28.19514319Z"}
{"type":"log","step_name":"implement","message":"--- Tool: Grep('StepContent|step.*content') ---","timestamp":"2026-03-11T21:11:28.259489587Z"}
{"type":"log","step_name":"implement","message":"--- Tool: Read('/workspace/internal/adapters/web/handler_test.go') ---","timestamp":"2026-03-11T21:11:31.501333874Z"}
{"type":"log","step_name":"implement","message":"Now I understand the issue. Script steps use `run = \"bash .cloche/scripts/ready-tasks.sh 1\"` (plain commands), while prompt steps use `prompt = file(\".cloche/prompts/implement.md\")` (file references). The `resolveFileRef` function only handles `file()` syntax, so for script steps it just returns the command string, not the actual script file contents.","timestamp":"2026-03-11T21:11:51.571042469Z"}
{"type":"log","step_name":"implement","timestamp":"2026-03-11T21:11:51.571068939Z"}
{"type":"log","step_name":"implement","message":"I need to:","timestamp":"2026-03-11T21:11:51.571072886Z"}
{"type":"log","step_name":"implement","message":"1. Add logic to extract script file paths from `run` commands and read the file contents","timestamp":"2026-03-11T21:11:51.571076373Z"}
{"type":"log","step_name":"implement","message":"2. Add tests for this behavior","timestamp":"2026-03-11T21:11:51.57108007Z"}
{"type":"log","step_name":"implement","message":"--- Tool: Read('/workspace/internal/adapters/web/handler.go') ---","timestamp":"2026-03-11T21:11:51.874500518Z"}
{"type":"log","step_name":"implement","message":"Now I'll implement the fix. I need to modify the `run` handling in `handleAPIStepContent` to try extracting a script file path from the command and reading its contents.","timestamp":"2026-03-11T21:11:55.266132284Z"}
{"type":"log","step_name":"implement","message":"--- Tool: Edit('/workspace/internal/adapters/web/handler.go') ---","timestamp":"2026-03-11T21:11:57.980885404Z"}
{"type":"log","step_name":"implement","message":"Now add the `readScriptFromCommand` function after `resolveFileRef`:","timestamp":"2026-03-11T21:12:00.423349256Z"}
{"type":"log","step_name":"implement","message":"--- Tool: Edit('/workspace/internal/adapters/web/handler.go') ---","timestamp":"2026-03-11T21:12:06.393455834Z"}
{"type":"log","step_name":"implement","message":"Now add a test for this new behavior:","timestamp":"2026-03-11T21:12:08.754812704Z"}
{"type":"log","step_name":"implement","message":"--- Tool: Read('/workspace/internal/adapters/web/handler_test.go') ---","timestamp":"2026-03-11T21:12:09.315385803Z"}
{"type":"log","step_name":"implement","message":"--- Tool: Edit('/workspace/internal/adapters/web/handler_test.go') ---","timestamp":"2026-03-11T21:12:18.995989519Z"}
{"type":"log","step_name":"implement","message":"Now let's run the tests:","timestamp":"2026-03-11T21:12:21.537894088Z"}
{"type":"log","step_name":"implement","message":"--- Tool: Bash('go test ./... 2\u003e\u00261') ---","timestamp":"2026-03-11T21:12:22.21514694Z"}
{"type":"log","step_name":"implement","message":"All tests pass. Here's a summary of the changes:","timestamp":"2026-03-11T21:13:07.067889347Z"}
{"type":"log","step_name":"implement","timestamp":"2026-03-11T21:13:07.067910907Z"}
{"type":"log","step_name":"implement","message":"**Problem:** Script steps (with `run = \"bash .cloche/scripts/setup.sh\"`) showed only the command string in the drawer, while prompt steps (with `prompt = file(\".cloche/prompts/implement.md\")`) correctly showed file contents via `file()` syntax.","timestamp":"2026-03-11T21:13:07.067915005Z"}
{"type":"log","step_name":"implement","timestamp":"2026-03-11T21:13:07.067919704Z"}
{"type":"log","step_name":"implement","message":"**Fix in `internal/adapters/web/handler.go`:**","timestamp":"2026-03-11T21:13:07.06792299Z"}
{"type":"log","step_name":"implement","message":"- Modified the `run` config handling in `handleAPIStepContent` to try reading a script file from the command when it's not a `file()` reference","timestamp":"2026-03-11T21:13:07.067930334Z"}
{"type":"log","step_name":"implement","message":"- Added `readScriptFromCommand()` function that parses a command string, scans each token for an existing file path, and returns its contents","timestamp":"2026-03-11T21:13:07.067934281Z"}
{"type":"log","step_name":"implement","timestamp":"2026-03-11T21:13:07.067941976Z"}
{"type":"log","step_name":"implement","message":"**Tests in `internal/adapters/web/handler_test.go`:**","timestamp":"2026-03-11T21:13:07.067945342Z"}
{"type":"log","step_name":"implement","message":"- `TestAPIStepContent_ScriptFileFromCommand` — verifies that `run = \"bash .cloche/scripts/setup.sh\"` returns the script file contents","timestamp":"2026-03-11T21:13:07.067952546Z"}
{"type":"log","step_name":"implement","message":"- `TestAPIStepContent_InlineCommand` — verifies that `run = \"go test ./... 2\u003e\u00261\"` (no script file) still returns the command string","timestamp":"2026-03-11T21:13:07.067956643Z"}
{"type":"log","step_name":"implement","timestamp":"2026-03-11T21:13:07.067960891Z"}
{"type":"log","step_name":"implement","message":"CLOCHE_RESULT:success","timestamp":"2026-03-11T21:13:07.067964208Z"}
{"type":"log","step_name":"implement","message":"All tests pass. Here's a summary of the changes:","timestamp":"2026-03-11T21:13:07.092901751Z"}
{"type":"log","step_name":"implement","timestamp":"2026-03-11T21:13:07.092920777Z"}
{"type":"log","step_name":"implement","message":"**Problem:** Script steps (with `run = \"bash .cloche/scripts/setup.sh\"`) showed only the command string in the drawer, while prompt steps (with `prompt = file(\".cloche/prompts/implement.md\")`) correctly showed file contents via `file()` syntax.","timestamp":"2026-03-11T21:13:07.092924574Z"}
{"type":"log","step_name":"implement","timestamp":"2026-03-11T21:13:07.092929102Z"}
{"type":"log","step_name":"implement","message":"**Fix in `internal/adapters/web/handler.go`:**","timestamp":"2026-03-11T21:13:07.092932459Z"}
{"type":"log","step_name":"implement","message":"- Modified the `run` config handling in `handleAPIStepContent` to try reading a script file from the command when it's not a `file()` reference","timestamp":"2026-03-11T21:13:07.092950653Z"}
{"type":"log","step_name":"implement","message":"- Added `readScriptFromCommand()` function that parses a command string, scans each token for an existing file path, and returns its contents","timestamp":"2026-03-11T21:13:07.0929545Z"}
{"type":"log","step_name":"implement","timestamp":"2026-03-11T21:13:07.092958067Z"}
{"type":"log","step_name":"implement","message":"**Tests in `internal/adapters/web/handler_test.go`:**","timestamp":"2026-03-11T21:13:07.092961353Z"}
{"type":"log","step_name":"implement","message":"- `TestAPIStepContent_ScriptFileFromCommand` — verifies that `run = \"bash .cloche/scripts/setup.sh\"` returns the script file contents","timestamp":"2026-03-11T21:13:07.09296488Z"}
{"type":"log","step_name":"implement","message":"- `TestAPIStepContent_InlineCommand` — verifies that `run = \"go test ./... 2\u003e\u00261\"` (no script file) still returns the command string","timestamp":"2026-03-11T21:13:07.092968887Z"}
{"type":"log","step_name":"implement","timestamp":"2026-03-11T21:13:07.092972955Z"}
{"type":"log","step_name":"implement","message":"CLOCHE_RESULT:success","timestamp":"2026-03-11T21:13:07.638744533Z"}
{"type":"step_completed","step_name":"implement","result":"success","timestamp":"2026-03-11T21:13:07.666508632Z"}
{"type":"step_started","step_name":"test","timestamp":"2026-03-11T21:13:07.669685226Z"}
{"type":"log","step_name":"test","message":"?   \tgithub.com/cloche-dev/cloche/api/clochepb\t[no test files]","timestamp":"2026-03-11T21:13:07.926426534Z"}
{"type":"log","step_name":"test","message":"ok  \tgithub.com/cloche-dev/cloche/cmd/cloche\t(cached)","timestamp":"2026-03-11T21:13:07.965608443Z"}
{"type":"log","step_name":"test","message":"?   \tgithub.com/cloche-dev/cloche/cmd/cloche-agent\t[no test files]","timestamp":"2026-03-11T21:13:07.965643539Z"}
{"type":"log","step_name":"test","message":"?   \tgithub.com/cloche-dev/cloche/cmd/cloched\t[no test files]","timestamp":"2026-03-11T21:13:08.000387909Z"}
{"type":"log","step_name":"test","message":"ok  \tgithub.com/cloche-dev/cloche/internal/adapters/agents/generic\t(cached)","timestamp":"2026-03-11T21:13:08.000587284Z"}
{"type":"log","step_name":"test","message":"ok  \tgithub.com/cloche-dev/cloche/internal/adapters/agents/prompt\t(cached)","timestamp":"2026-03-11T21:13:08.000609376Z"}
{"type":"log","step_name":"test","message":"ok  \tgithub.com/cloche-dev/cloche/internal/adapters/docker\t(cached)","timestamp":"2026-03-11T21:13:08.000721768Z"}
{"type":"log","step_name":"test","message":"ok  \tgithub.com/cloche-dev/cloche/internal/adapters/grpc\t(cached)","timestamp":"2026-03-11T21:13:08.005150311Z"}
{"type":"log","step_name":"test","message":"ok  \tgithub.com/cloche-dev/cloche/internal/adapters/local\t(cached)","timestamp":"2026-03-11T21:13:08.005173525Z"}
{"type":"log","step_name":"test","message":"ok  \tgithub.com/cloche-dev/cloche/internal/adapters/sqlite\t(cached)","timestamp":"2026-03-11T21:13:08.005333877Z"}
{"type":"log","step_name":"test","message":"ok  \tgithub.com/cloche-dev/cloche/internal/adapters/web\t(cached)","timestamp":"2026-03-11T21:13:08.005397036Z"}
{"type":"log","step_name":"test","message":"ok  \tgithub.com/cloche-dev/cloche/internal/agent\t(cached)","timestamp":"2026-03-11T21:13:08.005431721Z"}
{"type":"log","step_name":"test","message":"ok  \tgithub.com/cloche-dev/cloche/internal/config\t(cached)","timestamp":"2026-03-11T21:13:08.005460315Z"}
{"type":"log","step_name":"test","message":"ok  \tgithub.com/cloche-dev/cloche/internal/domain\t(cached)","timestamp":"2026-03-11T21:13:08.005586523Z"}
{"type":"log","step_name":"test","message":"ok  \tgithub.com/cloche-dev/cloche/internal/dsl\t(cached)","timestamp":"2026-03-11T21:13:08.005601401Z"}
{"type":"log","step_name":"test","message":"ok  \tgithub.com/cloche-dev/cloche/internal/engine\t(cached)","timestamp":"2026-03-11T21:13:08.005603836Z"}
{"type":"log","step_name":"test","message":"ok  \tgithub.com/cloche-dev/cloche/internal/evolution\t(cached)","timestamp":"2026-03-11T21:13:08.005618183Z"}
{"type":"log","step_name":"test","message":"ok  \tgithub.com/cloche-dev/cloche/internal/host\t(cached)","timestamp":"2026-03-11T21:13:08.044106696Z"}
{"type":"log","step_name":"test","message":"ok  \tgithub.com/cloche-dev/cloche/internal/logstream\t(cached)","timestamp":"2026-03-11T21:13:08.044133216Z"}
{"type":"log","step_name":"test","message":"?   \tgithub.com/cloche-dev/cloche/internal/ports\t[no test files]","timestamp":"2026-03-11T21:13:08.044136893Z"}
{"type":"log","step_name":"test","message":"ok  \tgithub.com/cloche-dev/cloche/internal/protocol\t(cached)","timestamp":"2026-03-11T21:13:08.044142033Z"}
{"type":"log","step_name":"test","message":"ok  \tgithub.com/cloche-dev/cloche/test/integration\t(cached)","timestamp":"2026-03-11T21:13:08.044144968Z"}
{"type":"step_completed","step_name":"test","result":"success","timestamp":"2026-03-11T21:13:08.093324755Z"}
{"type":"step_started","step_name":"update-docs","timestamp":"2026-03-11T21:13:08.096471784Z"}
{"type":"log","step_name":"update-docs","message":"--- Tool: Bash('git diff HEAD internal/adapters/web/handler.go') ---","timestamp":"2026-03-11T21:13:16.3800068Z"}
{"type":"log","step_name":"update-docs","message":"--- Tool: Bash('git diff HEAD internal/adapters/web/handler_test.go') ---","timestamp":"2026-03-11T21:13:16.694657929Z"}
{"type":"log","step_name":"update-docs","message":"Now let me check relevant documentation for any references to the step content API or the web UI behavior.","timestamp":"2026-03-11T21:13:20.902878066Z"}
{"type":"log","step_name":"update-docs","message":"--- Tool: Grep('step.*content|script.*step|readScript|resolveFileRef') ---","timestamp":"2026-03-11T21:13:22.330525975Z"}
{"type":"log","step_name":"update-docs","message":"--- Tool: Grep('step.*content|handleAPIStepContent|script.*click') ---","timestamp":"2026-03-11T21:13:23.348757184Z"}
{"type":"log","step_name":"update-docs","message":"--- Tool: Grep('web.*UI|dashboard|step content') ---","timestamp":"2026-03-11T21:13:23.907298244Z"}
{"type":"log","step_name":"update-docs","message":"--- Tool: Grep('step.*content|script.*display|script.*click|step content') ---","timestamp":"2026-03-11T21:13:30.600426354Z"}
{"type":"log","step_name":"update-docs","message":"--- Tool: Grep('step.*content|script|handleAPIStepContent') ---","timestamp":"2026-03-11T21:13:31.382670384Z"}
{"type":"log","step_name":"update-docs","message":"The documentation already accurately describes the implemented behavior. The project pages design doc (`docs/plans/2026-03-06-project-pages-design.md:127`) states:","timestamp":"2026-03-11T21:13:46.716858249Z"}
{"type":"log","step_name":"update-docs","timestamp":"2026-03-11T21:13:46.716877775Z"}
{"type":"log","step_name":"update-docs","message":"\u003e For script steps: the `command`/`script` string or contents of the referenced script file","timestamp":"2026-03-11T21:13:46.716881673Z"}
{"type":"log","step_name":"update-docs","timestamp":"2026-03-11T21:13:46.716889668Z"}
{"type":"log","step_name":"update-docs","message":"This matches exactly what the code change implements — `readScriptFromCommand` now resolves script files referenced in run commands and returns their contents. No documentation updates needed.","timestamp":"2026-03-11T21:13:46.716893134Z"}
{"type":"log","step_name":"update-docs","timestamp":"2026-03-11T21:13:46.716897212Z"}
{"type":"log","step_name":"update-docs","message":"CLOCHE_RESULT:success","timestamp":"2026-03-11T21:13:46.716900448Z"}
{"type":"log","step_name":"update-docs","message":"The documentation already accurately describes the implemented behavior. The project pages design doc (`docs/plans/2026-03-06-project-pages-design.md:127`) states:","timestamp":"2026-03-11T21:13:46.744659824Z"}
{"type":"log","step_name":"update-docs","timestamp":"2026-03-11T21:13:46.744676565Z"}
{"type":"log","step_name":"update-docs","message":"\u003e For script steps: the `command`/`script` string or contents of the referenced script file","timestamp":"2026-03-11T21:13:46.744680363Z"}
{"type":"log","step_name":"update-docs","timestamp":"2026-03-11T21:13:46.74468427Z"}
{"type":"log","step_name":"update-docs","message":"This matches exactly what the code change implements — `readScriptFromCommand` now resolves script files referenced in run commands and returns their contents. No documentation updates needed.","timestamp":"2026-03-11T21:13:46.744687536Z"}
{"type":"log","step_name":"update-docs","timestamp":"2026-03-11T21:13:46.744691954Z"}
{"type":"log","step_name":"update-docs","message":"CLOCHE_RESULT:success","timestamp":"2026-03-11T21:13:47.123122927Z"}
{"type":"step_completed","step_name":"update-docs","result":"success","timestamp":"2026-03-11T21:13:47.142168564Z"}
{"type":"run_completed","result":"succeeded","timestamp":"2026-03-11T21:13:47.148578432Z"}
