{"type":"run_title","message":"Task: Add mass-delete exited containers button to Project details page","timestamp":"2026-03-10T16:28:47.285462966Z"}
{"type":"step_started","step_name":"implement","timestamp":"2026-03-10T16:28:47.285659107Z"}
{"type":"log","step_name":"implement","message":"All tests pass. Here's a summary of the changes:","timestamp":"2026-03-10T16:32:14.9496366Z"}
{"type":"log","step_name":"implement","timestamp":"2026-03-10T16:32:14.949685963Z"}
{"type":"log","step_name":"implement","message":"**`internal/adapters/web/handler.go`:**","timestamp":"2026-03-10T16:32:14.949690391Z"}
{"type":"log","step_name":"implement","message":"- Added `DELETE /api/projects/{name}/containers` route","timestamp":"2026-03-10T16:32:14.949701212Z"}
{"type":"log","step_name":"implement","message":"- Added `handleAPIDeleteProjectContainers` handler that finds all retained containers for a project, skips running ones, removes the rest via `ContainerManager.Remove()`, and updates `ContainerKept = false`","timestamp":"2026-03-10T16:32:14.94970526Z"}
{"type":"log","step_name":"implement","message":"- Updated `handleProjectDetail` to compute and pass `ContainerCount` to the template","timestamp":"2026-03-10T16:32:14.94971632Z"}
{"type":"log","step_name":"implement","timestamp":"2026-03-10T16:32:14.949723765Z"}
{"type":"log","step_name":"implement","message":"**`internal/adapters/web/templates/project_detail.html`:**","timestamp":"2026-03-10T16:32:14.949727171Z"}
{"type":"log","step_name":"implement","message":"- Added a \"Delete N container(s)\" button (red `.btn-danger`) that appears only when `ContainerCount \u003e 0`","timestamp":"2026-03-10T16:32:14.949730648Z"}
{"type":"log","step_name":"implement","message":"- Added `deleteAllContainers()` JavaScript function that calls the new API endpoint and updates the button text on success","timestamp":"2026-03-10T16:32:14.949738262Z"}
{"type":"log","step_name":"implement","timestamp":"2026-03-10T16:32:14.949745556Z"}
{"type":"log","step_name":"implement","message":"**`internal/adapters/web/handler_test.go`:**","timestamp":"2026-03-10T16:32:14.949749002Z"}
{"type":"log","step_name":"implement","message":"- `TestAPIDeleteProjectContainers_Success` - verifies bulk deletion works, only affects the target project","timestamp":"2026-03-10T16:32:14.949752329Z"}
{"type":"log","step_name":"implement","message":"- `TestAPIDeleteProjectContainers_SkipsRunning` - verifies running containers are not deleted","timestamp":"2026-03-10T16:32:14.949759703Z"}
{"type":"log","step_name":"implement","message":"- `TestAPIDeleteProjectContainers_SkipsNonKept` - verifies non-kept containers are skipped","timestamp":"2026-03-10T16:32:14.94976892Z"}
{"type":"log","step_name":"implement","message":"- `TestAPIDeleteProjectContainers_NoManager` - returns 400 when no container manager","timestamp":"2026-03-10T16:32:14.949778478Z"}
{"type":"log","step_name":"implement","message":"- `TestAPIDeleteProjectContainers_ProjectNotFound` - returns 404","timestamp":"2026-03-10T16:32:14.949787936Z"}
{"type":"log","step_name":"implement","message":"- `TestProjectDetail_ContainerDeleteButton` - verifies button appears with correct count","timestamp":"2026-03-10T16:32:14.949796723Z"}
{"type":"log","step_name":"implement","message":"- `TestProjectDetail_NoButtonWhenNoContainers` - verifies button hidden when no containers","timestamp":"2026-03-10T16:32:14.94980571Z"}
{"type":"log","step_name":"implement","timestamp":"2026-03-10T16:32:14.949809447Z"}
{"type":"log","step_name":"implement","message":"CLOCHE_RESULT:success","timestamp":"2026-03-10T16:32:15.281351965Z"}
{"type":"step_completed","step_name":"implement","result":"success","timestamp":"2026-03-10T16:32:15.308797409Z"}
{"type":"step_started","step_name":"test","timestamp":"2026-03-10T16:32:15.312271562Z"}
{"type":"log","step_name":"test","message":"?   \tgithub.com/cloche-dev/cloche/api/clochepb\t[no test files]","timestamp":"2026-03-10T16:32:15.579451272Z"}
{"type":"log","step_name":"test","message":"ok  \tgithub.com/cloche-dev/cloche/cmd/cloche\t(cached)","timestamp":"2026-03-10T16:32:15.617759477Z"}
{"type":"log","step_name":"test","message":"?   \tgithub.com/cloche-dev/cloche/cmd/cloche-agent\t[no test files]","timestamp":"2026-03-10T16:32:15.617788893Z"}
{"type":"log","step_name":"test","message":"?   \tgithub.com/cloche-dev/cloche/cmd/cloched\t[no test files]","timestamp":"2026-03-10T16:32:15.656232785Z"}
{"type":"log","step_name":"test","message":"ok  \tgithub.com/cloche-dev/cloche/internal/adapters/agents/generic\t(cached)","timestamp":"2026-03-10T16:32:15.656433064Z"}
{"type":"log","step_name":"test","message":"ok  \tgithub.com/cloche-dev/cloche/internal/adapters/agents/prompt\t(cached)","timestamp":"2026-03-10T16:32:15.656468391Z"}
{"type":"log","step_name":"test","message":"ok  \tgithub.com/cloche-dev/cloche/internal/adapters/docker\t(cached)","timestamp":"2026-03-10T16:32:15.656471086Z"}
{"type":"log","step_name":"test","message":"ok  \tgithub.com/cloche-dev/cloche/internal/adapters/grpc\t(cached)","timestamp":"2026-03-10T16:32:15.690952322Z"}
{"type":"log","step_name":"test","message":"ok  \tgithub.com/cloche-dev/cloche/internal/adapters/local\t(cached)","timestamp":"2026-03-10T16:32:15.690982579Z"}
{"type":"log","step_name":"test","message":"ok  \tgithub.com/cloche-dev/cloche/internal/adapters/sqlite\t(cached)","timestamp":"2026-03-10T16:32:15.690990123Z"}
{"type":"log","step_name":"test","message":"ok  \tgithub.com/cloche-dev/cloche/internal/adapters/web\t(cached)","timestamp":"2026-03-10T16:32:15.69111027Z"}
{"type":"log","step_name":"test","message":"ok  \tgithub.com/cloche-dev/cloche/internal/agent\t(cached)","timestamp":"2026-03-10T16:32:15.691320067Z"}
{"type":"log","step_name":"test","message":"ok  \tgithub.com/cloche-dev/cloche/internal/config\t(cached)","timestamp":"2026-03-10T16:32:15.691505829Z"}
{"type":"log","step_name":"test","message":"ok  \tgithub.com/cloche-dev/cloche/internal/domain\t(cached)","timestamp":"2026-03-10T16:32:15.69153822Z"}
{"type":"log","step_name":"test","message":"ok  \tgithub.com/cloche-dev/cloche/internal/dsl\t(cached)","timestamp":"2026-03-10T16:32:15.691572235Z"}
{"type":"log","step_name":"test","message":"ok  \tgithub.com/cloche-dev/cloche/internal/engine\t(cached)","timestamp":"2026-03-10T16:32:15.691600638Z"}
{"type":"log","step_name":"test","message":"ok  \tgithub.com/cloche-dev/cloche/internal/evolution\t(cached)","timestamp":"2026-03-10T16:32:15.691618522Z"}
{"type":"log","step_name":"test","message":"ok  \tgithub.com/cloche-dev/cloche/internal/host\t(cached)","timestamp":"2026-03-10T16:32:15.691624033Z"}
{"type":"log","step_name":"test","message":"ok  \tgithub.com/cloche-dev/cloche/internal/logstream\t(cached)","timestamp":"2026-03-10T16:32:15.691626718Z"}
{"type":"log","step_name":"test","message":"?   \tgithub.com/cloche-dev/cloche/internal/ports\t[no test files]","timestamp":"2026-03-10T16:32:15.691629453Z"}
{"type":"log","step_name":"test","message":"ok  \tgithub.com/cloche-dev/cloche/internal/protocol\t(cached)","timestamp":"2026-03-10T16:32:15.691632118Z"}
{"type":"log","step_name":"test","message":"ok  \tgithub.com/cloche-dev/cloche/test/integration\t(cached)","timestamp":"2026-03-10T16:32:15.691634693Z"}
{"type":"step_completed","step_name":"test","result":"success","timestamp":"2026-03-10T16:32:15.734889026Z"}
{"type":"step_started","step_name":"update-docs","timestamp":"2026-03-10T16:32:15.738212654Z"}
{"type":"log","step_name":"update-docs","message":"The web dashboard documentation is minimal - just mentions that it exists and how to enable it. There's no detailed documentation of web UI features/pages. The `cloche delete` CLI command is documented, but the web UI doesn't have feature-level documentation.","timestamp":"2026-03-10T16:32:59.58880616Z"}
{"type":"log","step_name":"update-docs","timestamp":"2026-03-10T16:32:59.588838712Z"}
{"type":"log","step_name":"update-docs","message":"The changes add a mass-delete button to an existing web UI page. The existing docs don't document individual web UI features at that granularity - they only mention the dashboard exists. The project-pages-design.md is a design doc (not user docs) and its \"Not in scope\" section doesn't conflict with this addition.","timestamp":"2026-03-10T16:32:59.5888429Z"}
{"type":"log","step_name":"update-docs","timestamp":"2026-03-10T16:32:59.588847599Z"}
{"type":"log","step_name":"update-docs","message":"No documentation updates are needed - the current docs don't document web UI features at the level of individual buttons/actions, so adding this feature doesn't create any drift.","timestamp":"2026-03-10T16:32:59.588851166Z"}
{"type":"log","step_name":"update-docs","timestamp":"2026-03-10T16:32:59.588855023Z"}
{"type":"log","step_name":"update-docs","message":"CLOCHE_RESULT:success","timestamp":"2026-03-10T16:32:59.928419298Z"}
{"type":"step_completed","step_name":"update-docs","result":"success","timestamp":"2026-03-10T16:32:59.946856318Z"}
{"type":"run_completed","result":"succeeded","timestamp":"2026-03-10T16:32:59.95349111Z"}
