{"type":"run_title","message":"Task: Task shows as succeeded in web UI despite failed main workflow","timestamp":"2026-03-13T19:42:09.610116779Z"}
{"type":"step_started","step_name":"implement","timestamp":"2026-03-13T19:42:09.610278636Z"}
{"type":"log","step_name":"implement","message":"--- Tool: Agent('I need to understand how run/task status is derived in th...') ---","timestamp":"2026-03-13T19:42:20.037692428Z"}
{"type":"log","step_name":"implement","message":"--- Tool: Glob('**/*.go') ---","timestamp":"2026-03-13T19:42:22.552353424Z"}
{"type":"log","step_name":"implement","message":"--- Tool: Bash('find /workspace -type f -name \"*.go\" | head -30') ---","timestamp":"2026-03-13T19:42:22.779730009Z"}
{"type":"log","step_name":"implement","message":"--- Tool: Read('/workspace/internal/domain/run.go') ---","timestamp":"2026-03-13T19:42:24.540173939Z"}
{"type":"log","step_name":"implement","message":"--- Tool: Read('/workspace/internal/protocol/status.go') ---","timestamp":"2026-03-13T19:42:24.762006636Z"}
{"type":"log","step_name":"implement","message":"--- Tool: Read('/workspace/internal/host/executor.go') ---","timestamp":"2026-03-13T19:42:24.999612232Z"}
{"type":"log","step_name":"implement","message":"--- Tool: Read('/workspace/internal/host/task.go') ---","timestamp":"2026-03-13T19:42:25.11219844Z"}
{"type":"log","step_name":"implement","message":"--- Tool: Read('/workspace/internal/host/loop.go') ---","timestamp":"2026-03-13T19:42:26.901992004Z"}
{"type":"log","step_name":"implement","message":"--- Tool: Read('/workspace/internal/host/runner.go') ---","timestamp":"2026-03-13T19:42:27.125659861Z"}
{"type":"log","step_name":"implement","message":"--- Tool: Grep('UpdateRun|Complete|Fail|RunState') ---","timestamp":"2026-03-13T19:42:27.846360773Z"}
{"type":"log","step_name":"implement","message":"--- Tool: Read('/workspace/internal/ports/store.go') ---","timestamp":"2026-03-13T19:42:29.386068231Z"}
{"type":"log","step_name":"implement","message":"--- Tool: Read('/workspace/internal/adapters/sqlite/store.go') ---","timestamp":"2026-03-13T19:42:29.652166259Z"}
{"type":"log","step_name":"implement","message":"--- Tool: Bash('grep -r \"TaskAggregateStatus\\|aggregate.*status\" /workspa...') ---","timestamp":"2026-03-13T19:42:31.267378235Z"}
{"type":"log","step_name":"implement","message":"--- Tool: Read('/workspace/internal/adapters/web/handler.go') ---","timestamp":"2026-03-13T19:42:32.63110807Z"}
{"type":"log","step_name":"implement","message":"--- Tool: Bash('grep -A 20 \"taskAggregateStatus\" /workspace/internal/adap...') ---","timestamp":"2026-03-13T19:42:34.973332676Z"}
{"type":"log","step_name":"implement","message":"--- Tool: Read('/workspace/internal/engine/engine.go') ---","timestamp":"2026-03-13T19:42:36.924489344Z"}
{"type":"log","step_name":"implement","message":"--- Tool: Bash('grep -r \"finalize\\|merge\" /workspace/internal/host --incl...') ---","timestamp":"2026-03-13T19:42:38.823955936Z"}
{"type":"log","step_name":"implement","message":"--- Tool: Read('/workspace/internal/host/loop.go') ---","timestamp":"2026-03-13T19:42:41.79408053Z"}
{"type":"log","step_name":"implement","message":"--- Tool: Read('/workspace/internal/host/runner.go') ---","timestamp":"2026-03-13T19:42:43.252785831Z"}
{"type":"log","step_name":"implement","message":"--- Tool: Read('/workspace/internal/host/runner.go') ---","timestamp":"2026-03-13T19:42:44.722048992Z"}
{"type":"log","step_name":"implement","message":"--- Tool: Bash('grep -r \"finalizeFn\\|finalize\" /workspace/cmd --include=\"...') ---","timestamp":"2026-03-13T19:42:46.394723134Z"}
{"type":"log","step_name":"implement","message":"--- Tool: Bash('grep -r \"NewPhaseLoop\\|finalizeFn\" /workspace --include=\"...') ---","timestamp":"2026-03-13T19:42:47.700272179Z"}
{"type":"log","step_name":"implement","message":"--- Tool: Read('/workspace/internal/adapters/grpc/server.go') ---","timestamp":"2026-03-13T19:42:48.98939203Z"}
{"type":"log","step_name":"implement","message":"--- Tool: Bash('grep -n \"var finalizeFn\" /workspace/internal/adapters/grp...') ---","timestamp":"2026-03-13T19:42:51.014285099Z"}
{"type":"log","step_name":"implement","message":"--- Tool: Read('/workspace/internal/domain/run_test.go') ---","timestamp":"2026-03-13T19:42:52.419353443Z"}
{"type":"log","step_name":"implement","message":"--- Tool: Bash('grep -n \"completions \u003c-\\|state:\" /workspace/internal/host...') ---","timestamp":"2026-03-13T19:42:54.775419259Z"}
{"type":"log","step_name":"implement","message":"Let me read the key files to understand the exact code.","timestamp":"2026-03-13T19:43:27.199384144Z"}
{"type":"log","step_name":"implement","message":"--- Tool: Read('/workspace/internal/host/loop.go') ---","timestamp":"2026-03-13T19:43:27.204545648Z"}
{"type":"log","step_name":"implement","message":"--- Tool: Read('/workspace/internal/domain/run.go') ---","timestamp":"2026-03-13T19:43:27.36619714Z"}
{"type":"log","step_name":"implement","message":"Now let me look at how `TaskAggregateStatus` is called in the web handler and how runs are fetched for it.","timestamp":"2026-03-13T19:44:04.348726339Z"}
{"type":"log","step_name":"implement","message":"--- Tool: Grep('TaskAggregateStatus') ---","timestamp":"2026-03-13T19:44:05.244809009Z"}
{"type":"log","step_name":"implement","message":"--- Tool: Grep('taskAggregateStatus|TaskAggregateStatus') ---","timestamp":"2026-03-13T19:44:06.154820836Z"}
{"type":"log","step_name":"implement","message":"Now let me read the existing test files to understand the test patterns.","timestamp":"2026-03-13T19:44:41.438330471Z"}
{"type":"log","step_name":"implement","message":"--- Tool: Read('/workspace/internal/domain/run_test.go') ---","timestamp":"2026-03-13T19:44:41.465531044Z"}
{"type":"log","step_name":"implement","message":"--- Tool: Read('/workspace/internal/host/loop_test.go') ---","timestamp":"2026-03-13T19:44:41.963916822Z"}
{"type":"log","step_name":"implement","message":"Now I have a clear picture of two bugs:","timestamp":"2026-03-13T19:45:35.500955907Z"}
{"type":"log","step_name":"implement","timestamp":"2026-03-13T19:45:35.500976235Z"}
{"type":"log","step_name":"implement","message":"1. **`loop.go:runPhased()`** (line 243): Sends only `mainResult.State` to completions, ignoring the finalize result entirely.","timestamp":"2026-03-13T19:45:35.500980173Z"}
{"type":"log","step_name":"implement","message":"2. **`TaskAggregateStatus`**: Picks the most recently started run, which is the child container run (succeeded) rather than the host run (failed), because container runs start after their parent host run.","timestamp":"2026-03-13T19:45:35.500988118Z"}
{"type":"log","step_name":"implement","timestamp":"2026-03-13T19:45:35.500996444Z"}
{"type":"log","step_name":"implement","message":"Let me implement both fixes.","timestamp":"2026-03-13T19:45:35.5009998Z"}
{"type":"log","step_name":"implement","message":"--- Tool: ToolSearch ---","timestamp":"2026-03-13T19:45:35.945093893Z"}
{"type":"log","step_name":"implement","message":"--- Tool: TodoWrite ---","timestamp":"2026-03-13T19:45:42.222974798Z"}
{"type":"log","step_name":"implement","message":"First, add the `WorseState` helper and fix `TaskAggregateStatus` in `domain/run.go`:","timestamp":"2026-03-13T19:45:44.863538743Z"}
{"type":"log","step_name":"implement","message":"--- Tool: Edit('/workspace/internal/domain/run.go') ---","timestamp":"2026-03-13T19:45:57.436062831Z"}
{"type":"log","step_name":"implement","message":"--- Tool: TodoWrite ---","timestamp":"2026-03-13T19:46:01.575572414Z"}
{"type":"log","step_name":"implement","message":"Now fix `loop.go:runPhased()` to account for the finalize result:","timestamp":"2026-03-13T19:46:05.606087066Z"}
{"type":"log","step_name":"implement","message":"--- Tool: Edit('/workspace/internal/host/loop.go') ---","timestamp":"2026-03-13T19:46:11.343009263Z"}
{"type":"log","step_name":"implement","message":"--- Tool: Read('/workspace/internal/host/loop.go') ---","timestamp":"2026-03-13T19:46:14.196341051Z"}
{"type":"log","step_name":"implement","message":"--- Tool: Edit('/workspace/internal/host/loop.go') ---","timestamp":"2026-03-13T19:46:21.719226757Z"}
{"type":"log","step_name":"implement","message":"--- Tool: Bash('cat -A /workspace/internal/host/loop.go | sed -n '235,243p'') ---","timestamp":"2026-03-13T19:46:25.859240001Z"}
{"type":"log","step_name":"implement","message":"The file uses tabs and an em-dash. Let me use a different approach:","timestamp":"2026-03-13T19:46:28.855520002Z"}
{"type":"log","step_name":"implement","message":"--- Tool: Read('/workspace/internal/host/loop.go') ---","timestamp":"2026-03-13T19:46:29.281376907Z"}
{"type":"log","step_name":"implement","message":"--- Tool: Bash('python3 -c \"","timestamp":"2026-03-13T19:46:32.835334799Z"}
{"type":"log","step_name":"implement","message":"with open('/workspace/internal/host/loop.go'...') ---","timestamp":"2026-03-13T19:46:32.835353204Z"}
{"type":"log","step_name":"implement","message":"The em-dash character `—` is the issue. Let me use the exact text:","timestamp":"2026-03-13T19:46:36.788288138Z"}
{"type":"log","step_name":"implement","message":"--- Tool: Bash('python3 \u003c\u003c 'PYEOF'","timestamp":"2026-03-13T19:46:42.564316578Z"}
{"type":"log","step_name":"implement","message":"with open('internal/host/loop.go', 'r'...') ---","timestamp":"2026-03-13T19:46:42.564335333Z"}
{"type":"log","step_name":"implement","message":"Let me verify the change:","timestamp":"2026-03-13T19:46:45.204543825Z"}
{"type":"log","step_name":"implement","message":"--- Tool: Read('/workspace/internal/host/loop.go') ---","timestamp":"2026-03-13T19:46:45.652454934Z"}
{"type":"log","step_name":"implement","message":"--- Tool: TodoWrite ---","timestamp":"2026-03-13T19:46:50.388116083Z"}
{"type":"log","step_name":"implement","message":"Now add tests. First, update `domain/run_test.go` with tests for `WorseState` and updated `TaskAggregateStatus` with host runs:","timestamp":"2026-03-13T19:46:53.870541499Z"}
{"type":"log","step_name":"implement","message":"--- Tool: Edit('/workspace/internal/domain/run_test.go') ---","timestamp":"2026-03-13T19:47:18.00017252Z"}
{"type":"log","step_name":"implement","message":"--- Tool: TodoWrite ---","timestamp":"2026-03-13T19:47:23.751856658Z"}
{"type":"log","step_name":"implement","message":"Now add a test in `loop_test.go` for finalize failure affecting the overall reported state:","timestamp":"2026-03-13T19:47:26.606508287Z"}
{"type":"log","step_name":"implement","message":"--- Tool: Edit('/workspace/internal/host/loop_test.go') ---","timestamp":"2026-03-13T19:47:40.448496637Z"}
{"type":"log","step_name":"implement","message":"Now I need to add the `fmt` import to loop_test.go:","timestamp":"2026-03-13T19:47:42.920393886Z"}
{"type":"log","step_name":"implement","message":"--- Tool: Read('/workspace/internal/host/loop_test.go') ---","timestamp":"2026-03-13T19:47:43.450830137Z"}
{"type":"log","step_name":"implement","message":"--- Tool: Edit('/workspace/internal/host/loop_test.go') ---","timestamp":"2026-03-13T19:47:48.189341263Z"}
{"type":"log","step_name":"implement","message":"Now let me also update the web handler test to cover the host run scenario. Let me first check the existing test:","timestamp":"2026-03-13T19:47:52.065048637Z"}
{"type":"log","step_name":"implement","message":"--- Tool: Read('/workspace/internal/adapters/web/handler_test.go') ---","timestamp":"2026-03-13T19:47:52.727772803Z"}
{"type":"log","step_name":"implement","message":"--- Tool: Read('/workspace/internal/adapters/web/handler_test.go') ---","timestamp":"2026-03-13T19:47:55.713028232Z"}
{"type":"log","step_name":"implement","message":"--- Tool: Read('/workspace/internal/adapters/web/handler_test.go') ---","timestamp":"2026-03-13T19:47:59.845961427Z"}
{"type":"log","step_name":"implement","message":"Now add a test in the web handler test that specifically tests the host-run-failed-with-succeeded-child scenario:","timestamp":"2026-03-13T19:48:03.278112874Z"}
{"type":"log","step_name":"implement","message":"--- Tool: Edit('/workspace/internal/adapters/web/handler_test.go') ---","timestamp":"2026-03-13T19:48:09.898795881Z"}
{"type":"log","step_name":"implement","message":"--- Tool: TodoWrite ---","timestamp":"2026-03-13T19:48:15.689115739Z"}
{"type":"log","step_name":"implement","message":"Now run the tests:","timestamp":"2026-03-13T19:48:18.780731843Z"}
{"type":"log","step_name":"implement","message":"--- Tool: Bash('go test ./... 2\u003e\u00261') ---","timestamp":"2026-03-13T19:48:19.57264586Z"}
{"type":"log","step_name":"implement","message":"All tests pass.","timestamp":"2026-03-13T19:49:02.715323199Z"}
{"type":"log","step_name":"implement","message":"--- Tool: TodoWrite ---","timestamp":"2026-03-13T19:49:04.57792267Z"}
{"type":"log","step_name":"implement","message":"All tests pass. Here's a summary of the changes:","timestamp":"2026-03-13T19:49:16.029935641Z"}
{"type":"log","step_name":"implement","timestamp":"2026-03-13T19:49:16.029962001Z"}
{"type":"log","step_name":"implement","message":"**Root cause:** Two bugs caused the task to show as \"succeeded\" despite a failed host workflow:","timestamp":"2026-03-13T19:49:16.029980617Z"}
{"type":"log","step_name":"implement","timestamp":"2026-03-13T19:49:16.02999309Z"}
{"type":"log","step_name":"implement","message":"1. **`internal/host/loop.go:runPhased()`** — The finalize result was discarded (`_`), and only `mainResult.State` was sent to the completions channel. A succeeded develop step would override a failed finalize (merge) step.","timestamp":"2026-03-13T19:49:16.029995435Z"}
{"type":"log","step_name":"implement","timestamp":"2026-03-13T19:49:16.02999833Z"}
{"type":"log","step_name":"implement","message":"2. **`internal/domain/run.go:TaskAggregateStatus()`** — Among terminal runs, it picked the most recently *started* run. Since child container runs always start after their parent host run, a succeeded container run would override a failed host run in the web UI.","timestamp":"2026-03-13T19:49:16.030000765Z"}
{"type":"log","step_name":"implement","timestamp":"2026-03-13T19:49:16.030009962Z"}
{"type":"log","step_name":"implement","message":"**Fixes:**","timestamp":"2026-03-13T19:49:16.030012226Z"}
{"type":"log","step_name":"implement","timestamp":"2026-03-13T19:49:16.030014541Z"}
{"type":"log","step_name":"implement","message":"- **`internal/domain/run.go`**: Added `WorseState(a, b RunState)` helper that returns the more severe of two terminal states (failed \u003e cancelled \u003e succeeded). Updated `TaskAggregateStatus` to prefer the most recently started *host* run's state among terminal runs, since host runs represent the full attempt including finalize. Falls back to most-recent for non-host runs.","timestamp":"2026-03-13T19:49:16.030016795Z"}
{"type":"log","step_name":"implement","timestamp":"2026-03-13T19:49:16.030020101Z"}
{"type":"log","step_name":"implement","message":"- **`internal/host/loop.go`**: Changed `runPhased()` to compute the worst of `mainResult.State` and finalize's outcome before sending to the completions channel.","timestamp":"2026-03-13T19:49:16.030022275Z"}
{"type":"log","step_name":"implement","timestamp":"2026-03-13T19:49:16.030025291Z"}
{"type":"log","step_name":"implement","message":"**Tests added:**","timestamp":"2026-03-13T19:49:16.030027746Z"}
{"type":"log","step_name":"implement","message":"- `TestWorseState` — 6 cases covering all severity comparisons","timestamp":"2026-03-13T19:49:16.030033507Z"}
{"type":"log","step_name":"implement","message":"- 4 new `TestTaskAggregateStatus` cases for host-run-vs-child scenarios","timestamp":"2026-03-13T19:49:16.030036522Z"}
{"type":"log","step_name":"implement","message":"- `TestPhaseLoop_FinalizeFailureOverridesMainSuccess` and `TestPhaseLoop_FinalizeErrorOverridesMainSuccess`","timestamp":"2026-03-13T19:49:16.030039087Z"}
{"type":"log","step_name":"implement","message":"- `TestRunsList_HostRunFailedOverridesChildSuccess` — end-to-end web handler test","timestamp":"2026-03-13T19:49:16.030042053Z"}
{"type":"log","step_name":"implement","timestamp":"2026-03-13T19:49:16.030045259Z"}
{"type":"log","step_name":"implement","message":"CLOCHE_RESULT:success","timestamp":"2026-03-13T19:49:16.030048044Z"}
{"type":"log","step_name":"implement","message":"All tests pass. Here's a summary of the changes:","timestamp":"2026-03-13T19:49:16.056060961Z"}
{"type":"log","step_name":"implement","timestamp":"2026-03-13T19:49:16.056079697Z"}
{"type":"log","step_name":"implement","message":"**Root cause:** Two bugs caused the task to show as \"succeeded\" despite a failed host workflow:","timestamp":"2026-03-13T19:49:16.056081921Z"}
{"type":"log","step_name":"implement","timestamp":"2026-03-13T19:49:16.056084075Z"}
{"type":"log","step_name":"implement","message":"1. **`internal/host/loop.go:runPhased()`** — The finalize result was discarded (`_`), and only `mainResult.State` was sent to the completions channel. A succeeded develop step would override a failed finalize (merge) step.","timestamp":"2026-03-13T19:49:16.056088694Z"}
{"type":"log","step_name":"implement","timestamp":"2026-03-13T19:49:16.056093433Z"}
{"type":"log","step_name":"implement","message":"2. **`internal/domain/run.go:TaskAggregateStatus()`** — Among terminal runs, it picked the most recently *started* run. Since child container runs always start after their parent host run, a succeeded container run would override a failed host run in the web UI.","timestamp":"2026-03-13T19:49:16.056095416Z"}
{"type":"log","step_name":"implement","timestamp":"2026-03-13T19:49:16.056102089Z"}
{"type":"log","step_name":"implement","message":"**Fixes:**","timestamp":"2026-03-13T19:49:16.056103962Z"}
{"type":"log","step_name":"implement","timestamp":"2026-03-13T19:49:16.056105716Z"}
{"type":"log","step_name":"implement","message":"- **`internal/domain/run.go`**: Added `WorseState(a, b RunState)` helper that returns the more severe of two terminal states (failed \u003e cancelled \u003e succeeded). Updated `TaskAggregateStatus` to prefer the most recently started *host* run's state among terminal runs, since host runs represent the full attempt including finalize. Falls back to most-recent for non-host runs.","timestamp":"2026-03-13T19:49:16.056107409Z"}
{"type":"log","step_name":"implement","timestamp":"2026-03-13T19:49:16.056110114Z"}
{"type":"log","step_name":"implement","message":"- **`internal/host/loop.go`**: Changed `runPhased()` to compute the worst of `mainResult.State` and finalize's outcome before sending to the completions channel.","timestamp":"2026-03-13T19:49:16.056111887Z"}
{"type":"log","step_name":"implement","timestamp":"2026-03-13T19:49:16.056114162Z"}
{"type":"log","step_name":"implement","message":"**Tests added:**","timestamp":"2026-03-13T19:49:16.056115945Z"}
{"type":"log","step_name":"implement","message":"- `TestWorseState` — 6 cases covering all severity comparisons","timestamp":"2026-03-13T19:49:16.056117829Z"}
{"type":"log","step_name":"implement","message":"- 4 new `TestTaskAggregateStatus` cases for host-run-vs-child scenarios","timestamp":"2026-03-13T19:49:16.056120113Z"}
{"type":"log","step_name":"implement","message":"- `TestPhaseLoop_FinalizeFailureOverridesMainSuccess` and `TestPhaseLoop_FinalizeErrorOverridesMainSuccess`","timestamp":"2026-03-13T19:49:16.056122067Z"}
{"type":"log","step_name":"implement","message":"- `TestRunsList_HostRunFailedOverridesChildSuccess` — end-to-end web handler test","timestamp":"2026-03-13T19:49:16.056124281Z"}
{"type":"log","step_name":"implement","timestamp":"2026-03-13T19:49:16.056126375Z"}
{"type":"log","step_name":"implement","message":"CLOCHE_RESULT:success","timestamp":"2026-03-13T19:49:16.383114262Z"}
{"type":"step_completed","step_name":"implement","result":"success","timestamp":"2026-03-13T19:49:16.397149686Z"}
{"type":"step_started","step_name":"test","timestamp":"2026-03-13T19:49:16.401666188Z"}
{"type":"log","step_name":"test","message":"?   \tgithub.com/cloche-dev/cloche/api/clochepb\t[no test files]","timestamp":"2026-03-13T19:49:16.680125255Z"}
{"type":"log","step_name":"test","message":"ok  \tgithub.com/cloche-dev/cloche/cmd/cloche\t10.028s","timestamp":"2026-03-13T19:49:26.987190146Z"}
{"type":"log","step_name":"test","message":"?   \tgithub.com/cloche-dev/cloche/cmd/cloche-agent\t[no test files]","timestamp":"2026-03-13T19:49:26.987227737Z"}
{"type":"log","step_name":"test","message":"?   \tgithub.com/cloche-dev/cloche/cmd/cloched\t[no test files]","timestamp":"2026-03-13T19:49:26.987233678Z"}
{"type":"log","step_name":"test","message":"ok  \tgithub.com/cloche-dev/cloche/internal/adapters/agents/generic\t(cached)","timestamp":"2026-03-13T19:49:26.987244168Z"}
{"type":"log","step_name":"test","message":"ok  \tgithub.com/cloche-dev/cloche/internal/adapters/agents/prompt\t(cached)","timestamp":"2026-03-13T19:49:26.987249138Z"}
{"type":"log","step_name":"test","message":"ok  \tgithub.com/cloche-dev/cloche/internal/adapters/docker\t(cached)","timestamp":"2026-03-13T19:49:26.987253776Z"}
{"type":"log","step_name":"test","message":"ok  \tgithub.com/cloche-dev/cloche/internal/adapters/grpc\t(cached)","timestamp":"2026-03-13T19:49:26.987267212Z"}
{"type":"log","step_name":"test","message":"ok  \tgithub.com/cloche-dev/cloche/internal/adapters/local\t(cached)","timestamp":"2026-03-13T19:49:26.987272321Z"}
{"type":"log","step_name":"test","message":"ok  \tgithub.com/cloche-dev/cloche/internal/adapters/sqlite\t(cached)","timestamp":"2026-03-13T19:49:26.98727696Z"}
{"type":"log","step_name":"test","message":"ok  \tgithub.com/cloche-dev/cloche/internal/adapters/web\t(cached)","timestamp":"2026-03-13T19:49:26.987281619Z"}
{"type":"log","step_name":"test","message":"ok  \tgithub.com/cloche-dev/cloche/internal/agent\t(cached)","timestamp":"2026-03-13T19:49:26.987285977Z"}
{"type":"log","step_name":"test","message":"ok  \tgithub.com/cloche-dev/cloche/internal/config\t(cached)","timestamp":"2026-03-13T19:49:26.987289404Z"}
{"type":"log","step_name":"test","message":"ok  \tgithub.com/cloche-dev/cloche/internal/domain\t(cached)","timestamp":"2026-03-13T19:49:26.98729281Z"}
{"type":"log","step_name":"test","message":"ok  \tgithub.com/cloche-dev/cloche/internal/dsl\t(cached)","timestamp":"2026-03-13T19:49:26.987296187Z"}
{"type":"log","step_name":"test","message":"ok  \tgithub.com/cloche-dev/cloche/internal/engine\t(cached)","timestamp":"2026-03-13T19:49:26.987299743Z"}
{"type":"log","step_name":"test","message":"ok  \tgithub.com/cloche-dev/cloche/internal/evolution\t(cached)","timestamp":"2026-03-13T19:49:26.987307919Z"}
{"type":"log","step_name":"test","message":"ok  \tgithub.com/cloche-dev/cloche/internal/host\t(cached)","timestamp":"2026-03-13T19:49:26.987311505Z"}
{"type":"log","step_name":"test","message":"ok  \tgithub.com/cloche-dev/cloche/internal/logstream\t(cached)","timestamp":"2026-03-13T19:49:26.987315002Z"}
{"type":"log","step_name":"test","message":"?   \tgithub.com/cloche-dev/cloche/internal/ports\t[no test files]","timestamp":"2026-03-13T19:49:26.987318419Z"}
{"type":"log","step_name":"test","message":"ok  \tgithub.com/cloche-dev/cloche/internal/protocol\t(cached)","timestamp":"2026-03-13T19:49:26.987321855Z"}
{"type":"log","step_name":"test","message":"ok  \tgithub.com/cloche-dev/cloche/internal/runcontext\t(cached)","timestamp":"2026-03-13T19:49:26.987325262Z"}
{"type":"log","step_name":"test","message":"ok  \tgithub.com/cloche-dev/cloche/internal/version\t(cached)","timestamp":"2026-03-13T19:49:26.987328768Z"}
{"type":"log","step_name":"test","message":"ok  \tgithub.com/cloche-dev/cloche/test/integration\t(cached)","timestamp":"2026-03-13T19:49:26.987332235Z"}
{"type":"step_completed","step_name":"test","result":"success","timestamp":"2026-03-13T19:49:27.045461962Z"}
{"type":"step_started","step_name":"update-docs","timestamp":"2026-03-13T19:49:27.048646695Z"}
{"type":"log","step_name":"update-docs","message":"--- Tool: Bash('git diff HEAD -- internal/domain/run.go internal/host/loo...') ---","timestamp":"2026-03-13T19:49:42.726152689Z"}
{"type":"log","step_name":"update-docs","message":"--- Tool: Bash('git diff HEAD -- internal/adapters/web/handler_test.go in...') ---","timestamp":"2026-03-13T19:49:43.535098841Z"}
{"type":"log","step_name":"update-docs","message":"--- Tool: Glob('docs/**/*.md') ---","timestamp":"2026-03-13T19:49:43.817889082Z"}
{"type":"log","step_name":"update-docs","message":"Let me check the relevant documentation files for any mentions of task status, run status, or status aggregation.","timestamp":"2026-03-13T19:49:59.159920726Z"}
{"type":"log","step_name":"update-docs","message":"--- Tool: Grep('status|aggregate|TaskAggregate|WorseState|host run|finalize') ---","timestamp":"2026-03-13T19:50:00.387509499Z"}
{"type":"log","step_name":"update-docs","message":"--- Tool: Grep('TaskAggregate|aggregate status|task status|status derivat...') ---","timestamp":"2026-03-13T19:50:05.995585391Z"}
{"type":"log","step_name":"update-docs","message":"--- Tool: Grep('finalize.*fail|finalize.*status|worst.*outcome|overall.*s...') ---","timestamp":"2026-03-13T19:50:07.041215715Z"}
{"type":"log","step_name":"update-docs","message":"--- Tool: Read('/workspace/docs/plans/2026-03-06-project-pages-design.md') ---","timestamp":"2026-03-13T19:50:12.784777717Z"}
{"type":"log","step_name":"update-docs","message":"--- Tool: Grep('most recently started|most recent.*determines|terminal.*m...') ---","timestamp":"2026-03-13T19:50:13.77240014Z"}
{"type":"log","step_name":"update-docs","message":"The project-pages design doc at line 135 describes the old aggregation logic. The code now prefers host run status over child container runs for terminal states. Let me update that line.","timestamp":"2026-03-13T19:50:19.153291428Z"}
{"type":"log","step_name":"update-docs","message":"--- Tool: Edit('/workspace/docs/plans/2026-03-06-project-pages-design.md') ---","timestamp":"2026-03-13T19:50:21.329620817Z"}
{"type":"log","step_name":"update-docs","message":"--- Tool: Read('/workspace/docs/plans/2026-03-06-project-pages-design.md') ---","timestamp":"2026-03-13T19:50:25.382434322Z"}
{"type":"log","step_name":"update-docs","message":"Now let me check if the host workflow design doc or USAGE.md mention anything about finalize status propagation that needs updating.","timestamp":"2026-03-13T19:50:29.900098253Z"}
{"type":"log","step_name":"update-docs","message":"--- Tool: Grep('finalize.*regardless|finalize.*exit status|finalize.*outc...') ---","timestamp":"2026-03-13T19:50:31.033834992Z"}
{"type":"log","step_name":"update-docs","message":"--- Tool: Read('/workspace/docs/USAGE.md') ---","timestamp":"2026-03-13T19:50:34.874390726Z"}
{"type":"log","step_name":"update-docs","message":"The USAGE.md text at line 509-510 could be misleading now — it implies finalize outcome doesn't affect overall status. Let me update it.","timestamp":"2026-03-13T19:50:54.744474788Z"}
{"type":"log","step_name":"update-docs","message":"--- Tool: Edit('/workspace/docs/USAGE.md') ---","timestamp":"2026-03-13T19:50:55.116444505Z"}
{"type":"log","step_name":"update-docs","message":"--- Tool: Read('/workspace/docs/USAGE.md') ---","timestamp":"2026-03-13T19:50:59.038760154Z"}
{"type":"log","step_name":"update-docs","message":"Good. Now let me verify the workflows.md doesn't need a similar update.","timestamp":"2026-03-13T19:51:02.684153757Z"}
{"type":"log","step_name":"update-docs","message":"--- Tool: Read('/workspace/docs/workflows.md') ---","timestamp":"2026-03-13T19:51:02.970119094Z"}
{"type":"log","step_name":"update-docs","message":"The workflows.md text at lines 256-261 is fine — it describes the execution flow (finalize runs regardless of outcome) without making claims about status derivation.","timestamp":"2026-03-13T19:51:08.540796281Z"}
{"type":"log","step_name":"update-docs","timestamp":"2026-03-13T19:51:08.540832189Z"}
{"type":"log","step_name":"update-docs","message":"Both documentation updates are done. The changes are:","timestamp":"2026-03-13T19:51:08.540836367Z"}
{"type":"log","step_name":"update-docs","message":"1. **`docs/plans/2026-03-06-project-pages-design.md:135`** — Updated aggregate status description to reflect that host runs take precedence over child container runs for terminal status.","timestamp":"2026-03-13T19:51:08.540840094Z"}
{"type":"log","step_name":"update-docs","message":"2. **`docs/USAGE.md:509-512`** — Clarified that finalize outcome affects overall task status (worst of main and finalize phases).","timestamp":"2026-03-13T19:51:08.540844752Z"}
{"type":"log","step_name":"update-docs","timestamp":"2026-03-13T19:51:08.54084858Z"}
{"type":"log","step_name":"update-docs","message":"CLOCHE_RESULT:success","timestamp":"2026-03-13T19:51:08.540851676Z"}
{"type":"log","step_name":"update-docs","message":"The workflows.md text at lines 256-261 is fine — it describes the execution flow (finalize runs regardless of outcome) without making claims about status derivation.","timestamp":"2026-03-13T19:51:08.546396091Z"}
{"type":"log","step_name":"update-docs","timestamp":"2026-03-13T19:51:08.546409446Z"}
{"type":"log","step_name":"update-docs","message":"Both documentation updates are done. The changes are:","timestamp":"2026-03-13T19:51:08.546413233Z"}
{"type":"log","step_name":"update-docs","message":"1. **`docs/plans/2026-03-06-project-pages-design.md:135`** — Updated aggregate status description to reflect that host runs take precedence over child container runs for terminal status.","timestamp":"2026-03-13T19:51:08.54641682Z"}
{"type":"log","step_name":"update-docs","message":"2. **`docs/USAGE.md:509-512`** — Clarified that finalize outcome affects overall task status (worst of main and finalize phases).","timestamp":"2026-03-13T19:51:08.546420728Z"}
{"type":"log","step_name":"update-docs","timestamp":"2026-03-13T19:51:08.546424344Z"}
{"type":"log","step_name":"update-docs","message":"CLOCHE_RESULT:success","timestamp":"2026-03-13T19:51:08.910750483Z"}
{"type":"step_completed","step_name":"update-docs","result":"success","timestamp":"2026-03-13T19:51:08.921626982Z"}
{"type":"run_completed","result":"succeeded","timestamp":"2026-03-13T19:51:08.930676586Z"}
