{"type":"run_title","message":"Task: Add backlink from Project Runs page to Project page","timestamp":"2026-03-13T19:08:44.531611352Z"}
{"type":"step_started","step_name":"implement","timestamp":"2026-03-13T19:08:44.532131075Z"}
{"type":"log","step_name":"implement","timestamp":"2026-03-13T19:08:49.727278566Z"}
{"type":"log","step_name":"implement","timestamp":"2026-03-13T19:08:49.727303313Z"}
{"type":"log","step_name":"implement","message":"Let me start by understanding the project structure and the relevant code for this task.","timestamp":"2026-03-13T19:08:49.727305617Z"}
{"type":"log","step_name":"implement","message":"--- Tool: Agent('I need to find the code related to the \"Project Runs page...') ---","timestamp":"2026-03-13T19:08:53.650419709Z"}
{"type":"log","step_name":"implement","message":"--- Tool: Glob('**/*.html') ---","timestamp":"2026-03-13T19:08:55.038604885Z"}
{"type":"log","step_name":"implement","message":"--- Tool: Glob('**/*.tmpl') ---","timestamp":"2026-03-13T19:08:55.055676735Z"}
{"type":"log","step_name":"implement","message":"--- Tool: Glob('**/*.gohtml') ---","timestamp":"2026-03-13T19:08:55.240896205Z"}
{"type":"log","step_name":"implement","message":"--- Tool: Bash('find /workspace -type f -name \"*.go\" | head -20') ---","timestamp":"2026-03-13T19:08:55.634302144Z"}
{"type":"log","step_name":"implement","message":"--- Tool: Grep('package|func.*Handler|func.*Route|router|mux') ---","timestamp":"2026-03-13T19:08:57.636616584Z"}
{"type":"log","step_name":"implement","message":"--- Tool: Read('/workspace/internal/adapters/web/templates/project_detail...') ---","timestamp":"2026-03-13T19:08:57.855145485Z"}
{"type":"log","step_name":"implement","message":"--- Tool: Read('/workspace/internal/adapters/web/templates/projects.html') ---","timestamp":"2026-03-13T19:08:57.92054882Z"}
{"type":"log","step_name":"implement","message":"--- Tool: Read('/workspace/internal/adapters/web/handler.go') ---","timestamp":"2026-03-13T19:08:59.45612927Z"}
{"type":"log","step_name":"implement","message":"--- Tool: Read('/workspace/internal/adapters/web/templates/runs.html') ---","timestamp":"2026-03-13T19:09:00.138896179Z"}
{"type":"log","step_name":"implement","message":"--- Tool: Bash('find /workspace/internal/adapters/web -type f -name \"*.go...') ---","timestamp":"2026-03-13T19:09:00.295309552Z"}
{"type":"log","step_name":"implement","message":"--- Tool: Read('/workspace/internal/adapters/web/handler.go') ---","timestamp":"2026-03-13T19:09:01.613098281Z"}
{"type":"log","step_name":"implement","message":"--- Tool: Read('/workspace/internal/adapters/web/templates/run_detail.html') ---","timestamp":"2026-03-13T19:09:01.853752758Z"}
{"type":"log","step_name":"implement","message":"--- Tool: Grep('handleFunc|Router|http\\.Handle') ---","timestamp":"2026-03-13T19:09:02.435668041Z"}
{"type":"log","step_name":"implement","message":"--- Tool: Read('/workspace/internal/adapters/web/handler.go') ---","timestamp":"2026-03-13T19:09:04.04495622Z"}
{"type":"log","step_name":"implement","message":"--- Tool: Read('/workspace/internal/adapters/web/handler.go') ---","timestamp":"2026-03-13T19:09:04.237335758Z"}
{"type":"log","step_name":"implement","message":"--- Tool: Read('/workspace/internal/adapters/web/handler.go') ---","timestamp":"2026-03-13T19:09:05.81812106Z"}
{"type":"log","step_name":"implement","message":"--- Tool: Read('/workspace/internal/adapters/web/templates/layout.html') ---","timestamp":"2026-03-13T19:09:06.03379675Z"}
{"type":"log","step_name":"implement","message":"--- Tool: Read('/workspace/internal/adapters/web/handler.go') ---","timestamp":"2026-03-13T19:09:08.624592923Z"}
{"type":"log","step_name":"implement","message":"--- Tool: Bash('wc -l /workspace/internal/adapters/web/handler.go') ---","timestamp":"2026-03-13T19:09:08.742300876Z"}
{"type":"log","step_name":"implement","message":"--- Tool: Bash('grep -n \"handleProjectDetail\\|handleAPIProjectInfo\\|handl...') ---","timestamp":"2026-03-13T19:09:10.914068856Z"}
{"type":"log","step_name":"implement","message":"--- Tool: Read('/workspace/internal/adapters/web/handler.go') ---","timestamp":"2026-03-13T19:09:12.282204862Z"}
{"type":"log","step_name":"implement","message":"--- Tool: Read('/workspace/internal/adapters/web/handler.go') ---","timestamp":"2026-03-13T19:09:12.494205659Z"}
{"type":"log","step_name":"implement","message":"--- Tool: Read('/workspace/internal/adapters/web/handler.go') ---","timestamp":"2026-03-13T19:09:12.785238106Z"}
{"type":"log","step_name":"implement","message":"--- Tool: Read('/workspace/internal/adapters/web/handler.go') ---","timestamp":"2026-03-13T19:09:16.920415335Z"}
{"type":"log","step_name":"implement","message":"--- Tool: Bash('find /workspace/internal/adapters/web -name \"*.css\" | hea...') ---","timestamp":"2026-03-13T19:09:17.111941555Z"}
{"type":"log","step_name":"implement","message":"--- Tool: Bash('ls -la /workspace/internal/adapters/web/') ---","timestamp":"2026-03-13T19:09:18.624146794Z"}
{"type":"log","step_name":"implement","message":"--- Tool: Bash('ls -la /workspace/internal/adapters/web/templates/') ---","timestamp":"2026-03-13T19:09:18.836282233Z"}
{"type":"log","step_name":"implement","message":"--- Tool: Bash('ls -la /workspace/internal/adapters/web/static/') ---","timestamp":"2026-03-13T19:09:19.063297445Z"}
{"type":"log","step_name":"implement","message":"Now let me read the runs template to see the current navigation and find where to add the backlink.","timestamp":"2026-03-13T19:09:41.709026476Z"}
{"type":"log","step_name":"implement","message":"--- Tool: Read('/workspace/internal/adapters/web/templates/runs.html') ---","timestamp":"2026-03-13T19:09:42.191415747Z"}
{"type":"log","step_name":"implement","message":"--- Tool: Read('/workspace/internal/adapters/web/templates/project_detail...') ---","timestamp":"2026-03-13T19:09:42.493721768Z"}
{"type":"log","step_name":"implement","message":"Let me check the handler to understand what data is available on the runs page.","timestamp":"2026-03-13T19:09:48.112190576Z"}
{"type":"log","step_name":"implement","message":"--- Tool: Read('/workspace/internal/adapters/web/handler.go') ---","timestamp":"2026-03-13T19:09:48.579208909Z"}
{"type":"log","step_name":"implement","message":"Let me check `resolveProjectDir` and the `projectLabels` function.","timestamp":"2026-03-13T19:09:54.741983395Z"}
{"type":"log","step_name":"implement","message":"--- Tool: Grep('func.*resolveProjectDir') ---","timestamp":"2026-03-13T19:09:55.605033772Z"}
{"type":"log","step_name":"implement","message":"Now I have a clear picture. I need to:","timestamp":"2026-03-13T19:10:00.078402182Z"}
{"type":"log","step_name":"implement","timestamp":"2026-03-13T19:10:00.078421709Z"}
{"type":"log","step_name":"implement","message":"1. Add a `ProjectLabel` field to the template data when a project filter is active","timestamp":"2026-03-13T19:10:00.078424655Z"}
{"type":"log","step_name":"implement","message":"2. Update `runs.html` to show a breadcrumb header with a backlink to the project page","timestamp":"2026-03-13T19:10:00.078430466Z"}
{"type":"log","step_name":"implement","timestamp":"2026-03-13T19:10:00.078433241Z"}
{"type":"log","step_name":"implement","message":"Let me also check how the project detail page does its breadcrumb for consistency. I already saw it: `\u003ch1\u003e\u003ca href=\"/\"\u003eProjects\u003c/a\u003e / {{.Label}}\u003c/h1\u003e`.","timestamp":"2026-03-13T19:10:00.078435776Z"}
{"type":"log","step_name":"implement","timestamp":"2026-03-13T19:10:00.078442188Z"}
{"type":"log","step_name":"implement","message":"Now let me implement the changes:","timestamp":"2026-03-13T19:10:00.078444633Z"}
{"type":"log","step_name":"implement","message":"--- Tool: Edit('/workspace/internal/adapters/web/handler.go') ---","timestamp":"2026-03-13T19:10:02.559691475Z"}
{"type":"log","step_name":"implement","message":"Now update the template to show a breadcrumb with a backlink when viewing a specific project's runs:","timestamp":"2026-03-13T19:10:05.499975349Z"}
{"type":"log","step_name":"implement","message":"--- Tool: Edit('/workspace/internal/adapters/web/templates/runs.html') ---","timestamp":"2026-03-13T19:10:06.884196064Z"}
{"type":"log","step_name":"implement","message":"Now let me run the tests:","timestamp":"2026-03-13T19:10:10.003232067Z"}
{"type":"log","step_name":"implement","message":"--- Tool: Bash('go test ./... 2\u003e\u00261') ---","timestamp":"2026-03-13T19:10:10.7826729Z"}
{"type":"log","step_name":"implement","message":"All tests pass. Now let me check if there are existing tests for the web handler that I should add a test to.","timestamp":"2026-03-13T19:11:01.116798071Z"}
{"type":"log","step_name":"implement","message":"--- Tool: Glob('/workspace/internal/adapters/web/*_test.go') ---","timestamp":"2026-03-13T19:11:01.264010118Z"}
{"type":"log","step_name":"implement","message":"--- Tool: Grep('ProjectRuns|project.*runs|/projects/.*/runs') ---","timestamp":"2026-03-13T19:11:04.731269517Z"}
{"type":"log","step_name":"implement","message":"Let me read the test around the project runs page to add an assertion for the backlink.","timestamp":"2026-03-13T19:11:07.353583708Z"}
{"type":"log","step_name":"implement","message":"--- Tool: Read('/workspace/internal/adapters/web/handler_test.go') ---","timestamp":"2026-03-13T19:11:08.10990898Z"}
{"type":"log","step_name":"implement","message":"I'll add an assertion for the backlink in the existing test:","timestamp":"2026-03-13T19:11:10.607173085Z"}
{"type":"log","step_name":"implement","message":"--- Tool: Edit('/workspace/internal/adapters/web/handler_test.go') ---","timestamp":"2026-03-13T19:11:14.657911423Z"}
{"type":"log","step_name":"implement","message":"--- Tool: Bash('go test ./internal/adapters/web/... 2\u003e\u00261') ---","timestamp":"2026-03-13T19:11:17.696544273Z"}
{"type":"log","step_name":"implement","message":"Wait — the unfiltered runs page has project links in the table rows (the project column links). Let me re-check that assertion more carefully.","timestamp":"2026-03-13T19:11:23.188448566Z"}
{"type":"log","step_name":"implement","message":"--- Tool: Grep('href=\"/projects/') ---","timestamp":"2026-03-13T19:11:23.586786457Z"}
{"type":"log","step_name":"implement","message":"Good — the only `/projects/` link in the template is in the breadcrumb, which is conditionally rendered. The project column in the table just shows the label text, not a link. The test passes, so we're fine.","timestamp":"2026-03-13T19:11:27.232105031Z"}
{"type":"log","step_name":"implement","timestamp":"2026-03-13T19:11:27.232124348Z"}
{"type":"log","step_name":"implement","message":"Let me run the full test suite one more time to confirm everything is green:","timestamp":"2026-03-13T19:11:27.232126822Z"}
{"type":"log","step_name":"implement","message":"--- Tool: Bash('go test ./... 2\u003e\u00261') ---","timestamp":"2026-03-13T19:11:27.702480735Z"}
{"type":"log","step_name":"implement","message":"All tests pass.","timestamp":"2026-03-13T19:11:35.952797047Z"}
{"type":"log","step_name":"implement","timestamp":"2026-03-13T19:11:35.952821343Z"}
{"type":"log","step_name":"implement","message":"## Summary","timestamp":"2026-03-13T19:11:35.952827104Z"}
{"type":"log","step_name":"implement","timestamp":"2026-03-13T19:11:35.952831953Z"}
{"type":"log","step_name":"implement","message":"**Changes made:**","timestamp":"2026-03-13T19:11:35.952836281Z"}
{"type":"log","step_name":"implement","timestamp":"2026-03-13T19:11:35.95284116Z"}
{"type":"log","step_name":"implement","message":"1. **`internal/adapters/web/handler.go`** — Added `ProjectLabel` to the template data in `renderRunsList()`, derived from the active project filter's directory-to-label mapping.","timestamp":"2026-03-13T19:11:35.952845609Z"}
{"type":"log","step_name":"implement","timestamp":"2026-03-13T19:11:35.95285149Z"}
{"type":"log","step_name":"implement","message":"2. **`internal/adapters/web/templates/runs.html`** — Added a conditional breadcrumb header. When viewing a specific project's runs (`/projects/{name}/runs`), the heading shows `Projects / {name} / Runs` with links back to the projects list (`/`) and the project detail page (`/projects/{name}`). When viewing all runs (`/runs`), it shows the plain `Runs` heading as before.","timestamp":"2026-03-13T19:11:35.952856399Z"}
{"type":"log","step_name":"implement","timestamp":"2026-03-13T19:11:35.952882719Z"}
{"type":"log","step_name":"implement","message":"3. **`internal/adapters/web/handler_test.go`** — Added assertions to verify the backlink appears on filtered project runs pages and does not appear on the unfiltered runs page.","timestamp":"2026-03-13T19:11:35.95289418Z"}
{"type":"log","step_name":"implement","timestamp":"2026-03-13T19:11:35.952899991Z"}
{"type":"log","step_name":"implement","message":"CLOCHE_RESULT:success","timestamp":"2026-03-13T19:11:35.952904771Z"}
{"type":"log","step_name":"implement","message":"All tests pass.","timestamp":"2026-03-13T19:11:36.715220297Z"}
{"type":"log","step_name":"implement","timestamp":"2026-03-13T19:11:36.715240034Z"}
{"type":"log","step_name":"implement","message":"## Summary","timestamp":"2026-03-13T19:11:36.715245535Z"}
{"type":"log","step_name":"implement","timestamp":"2026-03-13T19:11:36.715278627Z"}
{"type":"log","step_name":"implement","message":"**Changes made:**","timestamp":"2026-03-13T19:11:36.715283647Z"}
{"type":"log","step_name":"implement","timestamp":"2026-03-13T19:11:36.715288526Z"}
{"type":"log","step_name":"implement","message":"1. **`internal/adapters/web/handler.go`** — Added `ProjectLabel` to the template data in `renderRunsList()`, derived from the active project filter's directory-to-label mapping.","timestamp":"2026-03-13T19:11:36.715297162Z"}
{"type":"log","step_name":"implement","timestamp":"2026-03-13T19:11:36.715303484Z"}
{"type":"log","step_name":"implement","message":"2. **`internal/adapters/web/templates/runs.html`** — Added a conditional breadcrumb header. When viewing a specific project's runs (`/projects/{name}/runs`), the heading shows `Projects / {name} / Runs` with links back to the projects list (`/`) and the project detail page (`/projects/{name}`). When viewing all runs (`/runs`), it shows the plain `Runs` heading as before.","timestamp":"2026-03-13T19:11:36.715312592Z"}
{"type":"log","step_name":"implement","timestamp":"2026-03-13T19:11:36.715319044Z"}
{"type":"log","step_name":"implement","message":"3. **`internal/adapters/web/handler_test.go`** — Added assertions to verify the backlink appears on filtered project runs pages and does not appear on the unfiltered runs page.","timestamp":"2026-03-13T19:11:36.715323763Z"}
{"type":"log","step_name":"implement","timestamp":"2026-03-13T19:11:36.715329654Z"}
{"type":"log","step_name":"implement","message":"CLOCHE_RESULT:success","timestamp":"2026-03-13T19:11:37.059384931Z"}
{"type":"step_completed","step_name":"implement","result":"success","timestamp":"2026-03-13T19:11:37.151296759Z"}
{"type":"step_started","step_name":"test","timestamp":"2026-03-13T19:11:37.258923526Z"}
{"type":"log","step_name":"test","message":"?   \tgithub.com/cloche-dev/cloche/api/clochepb\t[no test files]","timestamp":"2026-03-13T19:11:37.661837613Z"}
{"type":"log","step_name":"test","message":"ok  \tgithub.com/cloche-dev/cloche/cmd/cloche\t0.061s","timestamp":"2026-03-13T19:11:38.014915172Z"}
{"type":"log","step_name":"test","message":"?   \tgithub.com/cloche-dev/cloche/cmd/cloche-agent\t[no test files]","timestamp":"2026-03-13T19:11:38.014937785Z"}
{"type":"log","step_name":"test","message":"?   \tgithub.com/cloche-dev/cloche/cmd/cloched\t[no test files]","timestamp":"2026-03-13T19:11:38.014940881Z"}
{"type":"log","step_name":"test","message":"ok  \tgithub.com/cloche-dev/cloche/internal/adapters/agents/generic\t(cached)","timestamp":"2026-03-13T19:11:38.014945169Z"}
{"type":"log","step_name":"test","message":"ok  \tgithub.com/cloche-dev/cloche/internal/adapters/agents/prompt\t(cached)","timestamp":"2026-03-13T19:11:38.014949196Z"}
{"type":"log","step_name":"test","message":"ok  \tgithub.com/cloche-dev/cloche/internal/adapters/docker\t(cached)","timestamp":"2026-03-13T19:11:38.014951681Z"}
{"type":"log","step_name":"test","message":"ok  \tgithub.com/cloche-dev/cloche/internal/adapters/grpc\t(cached)","timestamp":"2026-03-13T19:11:38.014955458Z"}
{"type":"log","step_name":"test","message":"ok  \tgithub.com/cloche-dev/cloche/internal/adapters/local\t(cached)","timestamp":"2026-03-13T19:11:38.014958684Z"}
{"type":"log","step_name":"test","message":"ok  \tgithub.com/cloche-dev/cloche/internal/adapters/sqlite\t(cached)","timestamp":"2026-03-13T19:11:38.014960959Z"}
{"type":"log","step_name":"test","message":"ok  \tgithub.com/cloche-dev/cloche/internal/adapters/web\t(cached)","timestamp":"2026-03-13T19:11:38.014963283Z"}
{"type":"log","step_name":"test","message":"ok  \tgithub.com/cloche-dev/cloche/internal/agent\t(cached)","timestamp":"2026-03-13T19:11:38.014965547Z"}
{"type":"log","step_name":"test","message":"ok  \tgithub.com/cloche-dev/cloche/internal/config\t(cached)","timestamp":"2026-03-13T19:11:38.014967801Z"}
{"type":"log","step_name":"test","message":"ok  \tgithub.com/cloche-dev/cloche/internal/domain\t(cached)","timestamp":"2026-03-13T19:11:38.014970096Z"}
{"type":"log","step_name":"test","message":"ok  \tgithub.com/cloche-dev/cloche/internal/dsl\t(cached)","timestamp":"2026-03-13T19:11:38.01497255Z"}
{"type":"log","step_name":"test","message":"ok  \tgithub.com/cloche-dev/cloche/internal/engine\t(cached)","timestamp":"2026-03-13T19:11:38.014975095Z"}
{"type":"log","step_name":"test","message":"ok  \tgithub.com/cloche-dev/cloche/internal/evolution\t(cached)","timestamp":"2026-03-13T19:11:38.014978933Z"}
{"type":"log","step_name":"test","message":"ok  \tgithub.com/cloche-dev/cloche/internal/host\t(cached)","timestamp":"2026-03-13T19:11:38.01498263Z"}
{"type":"log","step_name":"test","message":"ok  \tgithub.com/cloche-dev/cloche/internal/logstream\t(cached)","timestamp":"2026-03-13T19:11:38.014985134Z"}
{"type":"log","step_name":"test","message":"?   \tgithub.com/cloche-dev/cloche/internal/ports\t[no test files]","timestamp":"2026-03-13T19:11:38.014987699Z"}
{"type":"log","step_name":"test","message":"ok  \tgithub.com/cloche-dev/cloche/internal/protocol\t(cached)","timestamp":"2026-03-13T19:11:38.014990364Z"}
{"type":"log","step_name":"test","message":"ok  \tgithub.com/cloche-dev/cloche/internal/runcontext\t(cached)","timestamp":"2026-03-13T19:11:38.014992939Z"}
{"type":"log","step_name":"test","message":"ok  \tgithub.com/cloche-dev/cloche/test/integration\t(cached)","timestamp":"2026-03-13T19:11:38.014995504Z"}
{"type":"step_completed","step_name":"test","result":"success","timestamp":"2026-03-13T19:11:38.122686513Z"}
{"type":"step_started","step_name":"update-docs","timestamp":"2026-03-13T19:11:38.139926856Z"}
{"type":"log","step_name":"update-docs","message":"Let me look at the current changes and understand the codebase.","timestamp":"2026-03-13T19:11:44.864268656Z"}
{"type":"log","step_name":"update-docs","message":"--- Tool: Read('/workspace/internal/adapters/web/handler.go') ---","timestamp":"2026-03-13T19:11:45.398286492Z"}
{"type":"log","step_name":"update-docs","message":"--- Tool: Read('/workspace/internal/adapters/web/templates/runs.html') ---","timestamp":"2026-03-13T19:11:46.21676017Z"}
{"type":"log","step_name":"update-docs","message":"--- Tool: Read('/workspace/internal/adapters/web/handler_test.go') ---","timestamp":"2026-03-13T19:11:46.37013949Z"}
{"type":"log","step_name":"update-docs","message":"The template already has the backlink on line 3. Let me check what changes are staged/unstaged.","timestamp":"2026-03-13T19:11:52.60165283Z"}
{"type":"log","step_name":"update-docs","message":"--- Tool: Bash('git diff HEAD') ---","timestamp":"2026-03-13T19:11:52.944708909Z"}
{"type":"log","step_name":"update-docs","message":"--- Tool: Bash('git diff') ---","timestamp":"2026-03-13T19:11:53.143693813Z"}
{"type":"log","step_name":"update-docs","message":"The feature is already implemented. Let me run the tests to verify they pass, then check if any docs need updating.","timestamp":"2026-03-13T19:11:59.883584427Z"}
{"type":"log","step_name":"update-docs","message":"--- Tool: Bash('go test ./internal/adapters/web/ -run TestRunsList_Projec...') ---","timestamp":"2026-03-13T19:12:00.867885003Z"}
{"type":"log","step_name":"update-docs","message":"--- Tool: Agent('Search the /workspace/docs/ directory and any markdown fi...') ---","timestamp":"2026-03-13T19:12:04.008360666Z"}
{"type":"log","step_name":"update-docs","message":"--- Tool: Glob('/workspace/docs/**/*.md') ---","timestamp":"2026-03-13T19:12:05.098438412Z"}
{"type":"log","step_name":"update-docs","message":"--- Tool: Grep('runs page|dashboard|navigation|breadcrumb|web ui|runs layout') ---","timestamp":"2026-03-13T19:12:05.62539072Z"}
{"type":"log","step_name":"update-docs","message":"--- Tool: Read('/workspace/docs/USAGE.md') ---","timestamp":"2026-03-13T19:12:06.660679472Z"}
{"type":"log","step_name":"update-docs","message":"--- Tool: Read('/workspace/docs/plans/2026-03-06-project-pages-design.md') ---","timestamp":"2026-03-13T19:12:06.882413603Z"}
{"type":"log","step_name":"update-docs","message":"--- Tool: Read('/workspace/docs/plans/2026-03-03-next-features-design.md') ---","timestamp":"2026-03-13T19:12:07.03982859Z"}
{"type":"log","step_name":"update-docs","message":"--- Tool: Grep('runs\\s+page|breadcrumb|navigation|view runs') ---","timestamp":"2026-03-13T19:12:09.374606085Z"}
{"type":"log","step_name":"update-docs","timestamp":"2026-03-13T19:12:21.972792995Z"}
{"type":"log","step_name":"update-docs","timestamp":"2026-03-13T19:12:21.972810798Z"}
{"type":"log","step_name":"update-docs","message":"Tests pass. Let me check if the docs need any updates for the breadcrumb navigation.","timestamp":"2026-03-13T19:12:21.972813784Z"}
{"type":"log","step_name":"update-docs","message":"--- Tool: Read('/workspace/docs/USAGE.md') ---","timestamp":"2026-03-13T19:12:22.203936254Z"}
{"type":"log","step_name":"update-docs","message":"The USAGE.md doesn't describe the web dashboard UI in detail — there's no section documenting the runs page layout or navigation elements. The design doc (`2026-03-06-project-pages-design.md`) is a plan/design document, not user-facing documentation that needs to track implementation changes.","timestamp":"2026-03-13T19:12:31.883778465Z"}
{"type":"log","step_name":"update-docs","timestamp":"2026-03-13T19:12:31.883815455Z"}
{"type":"log","step_name":"update-docs","message":"No documentation updates are needed for this change. The breadcrumb backlink is a UI enhancement that is already implemented in the source code (handler passes `ProjectLabel` to template, template renders breadcrumb navigation when a project filter is active, tests verify both cases).","timestamp":"2026-03-13T19:12:31.88381821Z"}
{"type":"log","step_name":"update-docs","timestamp":"2026-03-13T19:12:31.883821517Z"}
{"type":"log","step_name":"update-docs","message":"CLOCHE_RESULT:success","timestamp":"2026-03-13T19:12:31.883823701Z"}
{"type":"log","step_name":"update-docs","message":"The USAGE.md doesn't describe the web dashboard UI in detail — there's no section documenting the runs page layout or navigation elements. The design doc (`2026-03-06-project-pages-design.md`) is a plan/design document, not user-facing documentation that needs to track implementation changes.","timestamp":"2026-03-13T19:12:31.907681808Z"}
{"type":"log","step_name":"update-docs","timestamp":"2026-03-13T19:12:31.907988177Z"}
{"type":"log","step_name":"update-docs","message":"No documentation updates are needed for this change. The breadcrumb backlink is a UI enhancement that is already implemented in the source code (handler passes `ProjectLabel` to template, template renders breadcrumb navigation when a project filter is active, tests verify both cases).","timestamp":"2026-03-13T19:12:31.908014637Z"}
{"type":"log","step_name":"update-docs","timestamp":"2026-03-13T19:12:31.908030848Z"}
{"type":"log","step_name":"update-docs","message":"CLOCHE_RESULT:success","timestamp":"2026-03-13T19:12:32.284991744Z"}
{"type":"step_completed","step_name":"update-docs","result":"success","timestamp":"2026-03-13T19:12:32.438262689Z"}
{"type":"run_completed","result":"succeeded","timestamp":"2026-03-13T19:12:32.602986982Z"}
