{"type":"run_title","message":"Task: GEPA: Fitness evaluation and Pareto front","timestamp":"2026-03-17T15:02:40.264911085Z"}
{"type":"step_started","step_name":"implement","timestamp":"2026-03-17T15:02:40.265308036Z"}
{"type":"log","step_name":"implement","message":"--- Tool: Agent('I need to understand the project conventions for implemen...') ---","timestamp":"2026-03-17T15:03:05.454921991Z"}
{"type":"log","step_name":"implement","message":"--- Tool: Glob('**/internal/domain/**/*.go') ---","timestamp":"2026-03-17T15:03:07.859942433Z"}
{"type":"log","step_name":"implement","message":"--- Tool: Glob('**/internal/evolution/**/*.go') ---","timestamp":"2026-03-17T15:03:08.103378345Z"}
{"type":"log","step_name":"implement","message":"--- Tool: Glob('**/internal/**/*_test.go') ---","timestamp":"2026-03-17T15:03:08.454649113Z"}
{"type":"log","step_name":"implement","message":"--- Tool: Glob('**/go.mod') ---","timestamp":"2026-03-17T15:03:08.488120784Z"}
{"type":"log","step_name":"implement","message":"--- Tool: Read('/workspace/internal/domain/run.go') ---","timestamp":"2026-03-17T15:03:11.016856293Z"}
{"type":"log","step_name":"implement","message":"--- Tool: Read('/workspace/go.mod') ---","timestamp":"2026-03-17T15:03:11.077588611Z"}
{"type":"log","step_name":"implement","message":"--- Tool: Read('/workspace/internal/evolution/types.go') ---","timestamp":"2026-03-17T15:03:11.361369852Z"}
{"type":"log","step_name":"implement","message":"--- Tool: Read('/workspace/internal/domain/run_test.go') ---","timestamp":"2026-03-17T15:03:11.499472921Z"}
{"type":"log","step_name":"implement","message":"--- Tool: Read('/workspace/internal/evolution/fitness_test.go') ---","timestamp":"2026-03-17T15:03:12.974552271Z"}
{"type":"log","step_name":"implement","message":"--- Tool: Read('/workspace/internal/evolution/population_test.go') ---","timestamp":"2026-03-17T15:03:13.193725675Z"}
{"type":"log","step_name":"implement","message":"--- Tool: Read('/workspace/internal/adapters/sqlite/store_test.go') ---","timestamp":"2026-03-17T15:03:13.448850489Z"}
{"type":"log","step_name":"implement","message":"--- Tool: Read('/workspace/internal/evolution/orchestrator.go') ---","timestamp":"2026-03-17T15:03:14.98884231Z"}
{"type":"log","step_name":"implement","message":"--- Tool: Bash('find /workspace/internal/evolution -type f -name \"*.go\" |...') ---","timestamp":"2026-03-17T15:03:15.358374386Z"}
{"type":"log","step_name":"implement","message":"--- Tool: Bash('head -30 /workspace/internal/evolution/fitness.go /worksp...') ---","timestamp":"2026-03-17T15:03:17.024218468Z"}
{"type":"log","step_name":"implement","message":"--- Tool: Bash('ls -la /workspace/internal/ | grep -E \"^d\"') ---","timestamp":"2026-03-17T15:03:18.958922693Z"}
{"type":"log","step_name":"implement","message":"Let me read the existing fitness files to understand what's already there.","timestamp":"2026-03-17T15:03:44.813210118Z"}
{"type":"log","step_name":"implement","message":"--- Tool: Read('/workspace/internal/evolution/fitness.go') ---","timestamp":"2026-03-17T15:03:45.150878246Z"}
{"type":"log","step_name":"implement","message":"--- Tool: Read('/workspace/internal/evolution/fitness_test.go') ---","timestamp":"2026-03-17T15:03:45.272682101Z"}
{"type":"log","step_name":"implement","message":"--- Tool: Read('/workspace/internal/evolution/types.go') ---","timestamp":"2026-03-17T15:03:45.874900329Z"}
{"type":"log","step_name":"implement","message":"There's a duplicate `FitnessRecord` definition - one in `types.go` (lines 58-64) and one in `fitness.go` (lines 15-23). Let me check if this compiles and understand the full situation.","timestamp":"2026-03-17T15:03:52.603185977Z"}
{"type":"log","step_name":"implement","message":"--- Tool: Bash('go build ./internal/evolution/ 2\u003e\u00261') ---","timestamp":"2026-03-17T15:03:54.026994329Z"}
{"type":"log","step_name":"implement","message":"--- Tool: Grep('FitnessRecord') ---","timestamp":"2026-03-17T15:03:54.889098292Z"}
{"type":"log","step_name":"implement","message":"As expected, the duplicate `FitnessRecord` in `types.go` prevents compilation. The `fitness.go` version is the authoritative one (used by all the functions). I need to remove the old `FitnessRecord` from `types.go`.","timestamp":"2026-03-17T15:04:06.214316703Z"}
{"type":"log","step_name":"implement","timestamp":"2026-03-17T15:04:06.214333004Z"}
{"type":"log","step_name":"implement","message":"Let me check if anyone references the old `types.go` version's fields (`CandidateID`, `Score`, `Details`).","timestamp":"2026-03-17T15:04:06.214335228Z"}
{"type":"log","step_name":"implement","message":"--- Tool: Grep('CandidateID|\\.Score\\b|\\.Details\\b') ---","timestamp":"2026-03-17T15:04:06.911756002Z"}
{"type":"log","step_name":"implement","message":"--- Tool: Read('/workspace/internal/evolution/types_test.go') ---","timestamp":"2026-03-17T15:04:12.75494046Z"}
{"type":"log","step_name":"implement","message":"--- Tool: Read('/workspace/internal/evolution/population.go') ---","timestamp":"2026-03-17T15:04:25.840127729Z"}
{"type":"log","step_name":"implement","message":"--- Tool: Read('/workspace/internal/evolution/types_test.go') ---","timestamp":"2026-03-17T15:04:25.916679336Z"}
{"type":"log","step_name":"implement","message":"The `FitnessRecord` in `types.go` is a different concept - it's a simple score record for population tracking. I'll rename it to `RunScoreRecord` to avoid the conflict with the GEPA fitness evaluation `FitnessRecord` in `fitness.go`.","timestamp":"2026-03-17T15:04:30.593446212Z"}
{"type":"log","step_name":"implement","message":"--- Tool: Grep('FitnessRecord') ---","timestamp":"2026-03-17T15:04:31.097290742Z"}
{"type":"log","step_name":"implement","message":"Good - `population.go` doesn't reference the `FitnessRecord` type directly (it has its own `Assignment` type). The only references to the types.go `FitnessRecord` are in `types.go` itself and `types_test.go`. Let me rename it.","timestamp":"2026-03-17T15:04:35.664452748Z"}
{"type":"log","step_name":"implement","message":"--- Tool: Edit('/workspace/internal/evolution/types.go') ---","timestamp":"2026-03-17T15:04:37.553998684Z"}
{"type":"log","step_name":"implement","message":"Now update the test file references:","timestamp":"2026-03-17T15:04:40.977760049Z"}
{"type":"log","step_name":"implement","message":"--- Tool: Read('/workspace/internal/evolution/types_test.go') ---","timestamp":"2026-03-17T15:04:42.335119281Z"}
{"type":"log","step_name":"implement","message":"--- Tool: Edit('/workspace/internal/evolution/types_test.go') ---","timestamp":"2026-03-17T15:04:46.759271909Z"}
{"type":"log","step_name":"implement","message":"--- Tool: Edit('/workspace/internal/evolution/types_test.go') ---","timestamp":"2026-03-17T15:04:47.636619546Z"}
{"type":"log","step_name":"implement","message":"--- Tool: Edit('/workspace/internal/evolution/types_test.go') ---","timestamp":"2026-03-17T15:04:48.682240569Z"}
{"type":"log","step_name":"implement","message":"Now let me run the tests:","timestamp":"2026-03-17T15:04:52.600184154Z"}
{"type":"log","step_name":"implement","message":"--- Tool: Bash('go test ./... 2\u003e\u00261') ---","timestamp":"2026-03-17T15:04:53.339624429Z"}
{"type":"log","step_name":"implement","message":"All tests pass. The implementation was already in place — the only issue was a duplicate `FitnessRecord` type definition in `types.go` that conflicted with the one in `fitness.go`. I renamed the `types.go` version to `RunScoreRecord` (since it's a different concept — a simple score record for population tracking) and updated its tests accordingly.","timestamp":"2026-03-17T15:05:51.795630515Z"}
{"type":"log","step_name":"implement","timestamp":"2026-03-17T15:05:51.795650253Z"}
{"type":"log","step_name":"implement","message":"The `fitness.go` file contains all requested functions:","timestamp":"2026-03-17T15:05:51.795653318Z"}
{"type":"log","step_name":"implement","message":"- **EvaluateRun** — extracts metrics (success/fail, retry count, duration) from `domain.Run`","timestamp":"2026-03-17T15:05:51.795656024Z"}
{"type":"log","step_name":"implement","message":"- **RecordFitness** / **LoadFitness** — JSONL I/O to fitness file","timestamp":"2026-03-17T15:05:51.795658719Z"}
{"type":"log","step_name":"implement","message":"- **AggregateFitness** — groups by candidate, computes success rate + efficiency","timestamp":"2026-03-17T15:05:51.795661374Z"}
{"type":"log","step_name":"implement","message":"- **ComputeParetoFront** — returns non-dominated set","timestamp":"2026-03-17T15:05:51.795664249Z"}
{"type":"log","step_name":"implement","message":"- **Dominates** — multi-objective comparison (success rate, efficiency)","timestamp":"2026-03-17T15:05:51.795666794Z"}
{"type":"log","step_name":"implement","timestamp":"2026-03-17T15:05:51.795669379Z"}
{"type":"log","step_name":"implement","message":"The `fitness_test.go` file has comprehensive table-driven tests including known Pareto fronts.","timestamp":"2026-03-17T15:05:51.795672064Z"}
{"type":"log","step_name":"implement","timestamp":"2026-03-17T15:05:51.795674669Z"}
{"type":"log","step_name":"implement","message":"CLOCHE_RESULT:success","timestamp":"2026-03-17T15:05:51.795676953Z"}
{"type":"log","step_name":"implement","message":"All tests pass. The implementation was already in place — the only issue was a duplicate `FitnessRecord` type definition in `types.go` that conflicted with the one in `fitness.go`. I renamed the `types.go` version to `RunScoreRecord` (since it's a different concept — a simple score record for population tracking) and updated its tests accordingly.","timestamp":"2026-03-17T15:05:51.8291057Z"}
{"type":"log","step_name":"implement","timestamp":"2026-03-17T15:05:51.82912662Z"}
{"type":"log","step_name":"implement","message":"The `fitness.go` file contains all requested functions:","timestamp":"2026-03-17T15:05:51.829144063Z"}
{"type":"log","step_name":"implement","message":"- **EvaluateRun** — extracts metrics (success/fail, retry count, duration) from `domain.Run`","timestamp":"2026-03-17T15:05:51.829149333Z"}
{"type":"log","step_name":"implement","message":"- **RecordFitness** / **LoadFitness** — JSONL I/O to fitness file","timestamp":"2026-03-17T15:05:51.829152418Z"}
{"type":"log","step_name":"implement","message":"- **AggregateFitness** — groups by candidate, computes success rate + efficiency","timestamp":"2026-03-17T15:05:51.829155394Z"}
{"type":"log","step_name":"implement","message":"- **ComputeParetoFront** — returns non-dominated set","timestamp":"2026-03-17T15:05:51.829158219Z"}
{"type":"log","step_name":"implement","message":"- **Dominates** — multi-objective comparison (success rate, efficiency)","timestamp":"2026-03-17T15:05:51.829161315Z"}
{"type":"log","step_name":"implement","timestamp":"2026-03-17T15:05:51.82916385Z"}
{"type":"log","step_name":"implement","message":"The `fitness_test.go` file has comprehensive table-driven tests including known Pareto fronts.","timestamp":"2026-03-17T15:05:51.829166465Z"}
{"type":"log","step_name":"implement","timestamp":"2026-03-17T15:05:51.8291691Z"}
{"type":"log","step_name":"implement","message":"CLOCHE_RESULT:success","timestamp":"2026-03-17T15:05:52.092232078Z"}
{"type":"step_completed","step_name":"implement","result":"success","timestamp":"2026-03-17T15:05:52.351241161Z"}
{"type":"step_started","step_name":"test","timestamp":"2026-03-17T15:05:52.401018891Z"}
{"type":"log","step_name":"test","message":"?   \tgithub.com/cloche-dev/cloche/api/clochepb\t[no test files]","timestamp":"2026-03-17T15:05:53.643852354Z"}
{"type":"log","step_name":"test","message":"ok  \tgithub.com/cloche-dev/cloche/cmd/cloche\t10.040s","timestamp":"2026-03-17T15:06:05.840182057Z"}
{"type":"log","step_name":"test","message":"?   \tgithub.com/cloche-dev/cloche/cmd/cloche-agent\t[no test files]","timestamp":"2026-03-17T15:06:05.840227783Z"}
{"type":"log","step_name":"test","message":"?   \tgithub.com/cloche-dev/cloche/cmd/cloched\t[no test files]","timestamp":"2026-03-17T15:06:05.84023155Z"}
{"type":"log","step_name":"test","message":"ok  \tgithub.com/cloche-dev/cloche/internal/adapters/agents/generic\t(cached)","timestamp":"2026-03-17T15:06:05.840237872Z"}
{"type":"log","step_name":"test","message":"ok  \tgithub.com/cloche-dev/cloche/internal/adapters/agents/prompt\t(cached)","timestamp":"2026-03-17T15:06:05.840240838Z"}
{"type":"log","step_name":"test","message":"ok  \tgithub.com/cloche-dev/cloche/internal/adapters/docker\t(cached)","timestamp":"2026-03-17T15:06:05.840243743Z"}
{"type":"log","step_name":"test","message":"ok  \tgithub.com/cloche-dev/cloche/internal/adapters/grpc\t(cached)","timestamp":"2026-03-17T15:06:05.84025251Z"}
{"type":"log","step_name":"test","message":"ok  \tgithub.com/cloche-dev/cloche/internal/adapters/local\t(cached)","timestamp":"2026-03-17T15:06:05.840255395Z"}
{"type":"log","step_name":"test","message":"ok  \tgithub.com/cloche-dev/cloche/internal/adapters/sqlite\t(cached)","timestamp":"2026-03-17T15:06:05.84025783Z"}
{"type":"log","step_name":"test","message":"ok  \tgithub.com/cloche-dev/cloche/internal/adapters/web\t(cached)","timestamp":"2026-03-17T15:06:05.840260415Z"}
{"type":"log","step_name":"test","message":"ok  \tgithub.com/cloche-dev/cloche/internal/agent\t(cached)","timestamp":"2026-03-17T15:06:05.84026312Z"}
{"type":"log","step_name":"test","message":"ok  \tgithub.com/cloche-dev/cloche/internal/config\t(cached)","timestamp":"2026-03-17T15:06:05.840265665Z"}
{"type":"log","step_name":"test","message":"ok  \tgithub.com/cloche-dev/cloche/internal/domain\t(cached)","timestamp":"2026-03-17T15:06:05.8402683Z"}
{"type":"log","step_name":"test","message":"ok  \tgithub.com/cloche-dev/cloche/internal/dsl\t(cached)","timestamp":"2026-03-17T15:06:05.840270945Z"}
{"type":"log","step_name":"test","message":"ok  \tgithub.com/cloche-dev/cloche/internal/engine\t(cached)","timestamp":"2026-03-17T15:06:05.840273399Z"}
{"type":"log","step_name":"test","message":"ok  \tgithub.com/cloche-dev/cloche/internal/evolution\t(cached)","timestamp":"2026-03-17T15:06:05.840279471Z"}
{"type":"log","step_name":"test","message":"ok  \tgithub.com/cloche-dev/cloche/internal/host\t(cached)","timestamp":"2026-03-17T15:06:05.840282206Z"}
{"type":"log","step_name":"test","message":"ok  \tgithub.com/cloche-dev/cloche/internal/logstream\t(cached)","timestamp":"2026-03-17T15:06:05.840284811Z"}
{"type":"log","step_name":"test","message":"?   \tgithub.com/cloche-dev/cloche/internal/ports\t[no test files]","timestamp":"2026-03-17T15:06:05.840287376Z"}
{"type":"log","step_name":"test","message":"ok  \tgithub.com/cloche-dev/cloche/internal/protocol\t(cached)","timestamp":"2026-03-17T15:06:05.840290111Z"}
{"type":"log","step_name":"test","message":"ok  \tgithub.com/cloche-dev/cloche/internal/runcontext\t(cached)","timestamp":"2026-03-17T15:06:05.840292786Z"}
{"type":"log","step_name":"test","message":"ok  \tgithub.com/cloche-dev/cloche/internal/version\t(cached)","timestamp":"2026-03-17T15:06:05.840295441Z"}
{"type":"log","step_name":"test","message":"ok  \tgithub.com/cloche-dev/cloche/test/integration\t(cached)","timestamp":"2026-03-17T15:06:05.840299368Z"}
{"type":"step_completed","step_name":"test","result":"success","timestamp":"2026-03-17T15:06:06.142669676Z"}
{"type":"step_started","step_name":"update-docs","timestamp":"2026-03-17T15:06:06.176083876Z"}
{"type":"log","step_name":"update-docs","timestamp":"2026-03-17T15:06:12.370783879Z"}
{"type":"log","step_name":"update-docs","timestamp":"2026-03-17T15:06:12.370829635Z"}
{"type":"log","step_name":"update-docs","message":"I'll start by reading the current source code changes and understanding the implementation, then compare against documentation.","timestamp":"2026-03-17T15:06:12.370834565Z"}
{"type":"log","step_name":"update-docs","message":"--- Tool: Read('/workspace/internal/evolution/types.go') ---","timestamp":"2026-03-17T15:06:12.833190931Z"}
{"type":"log","step_name":"update-docs","message":"--- Tool: Glob('internal/evolution/**/*.go') ---","timestamp":"2026-03-17T15:06:13.344211711Z"}
{"type":"log","step_name":"update-docs","message":"--- Tool: Glob('docs/**/*.md') ---","timestamp":"2026-03-17T15:06:13.576771421Z"}
{"type":"log","step_name":"update-docs","message":"--- Tool: Read('/workspace/internal/evolution/fitness.go') ---","timestamp":"2026-03-17T15:06:18.062828421Z"}
{"type":"log","step_name":"update-docs","message":"--- Tool: Read('/workspace/internal/evolution/fitness_test.go') ---","timestamp":"2026-03-17T15:06:18.622395781Z"}
{"type":"log","step_name":"update-docs","message":"Now let me check the relevant documentation for evolution-related content.","timestamp":"2026-03-17T15:06:25.057655099Z"}
{"type":"log","step_name":"update-docs","message":"--- Tool: Grep('fitness|pareto|GEPA|population') ---","timestamp":"2026-03-17T15:06:26.568163074Z"}
{"type":"log","step_name":"update-docs","message":"--- Tool: Read('/workspace/docs/plans/2026-02-24-self-evolution-design.md') ---","timestamp":"2026-03-17T15:06:26.93336035Z"}
{"type":"log","step_name":"update-docs","message":"Let me check if there's any GEPA-specific documentation or references in the system design.","timestamp":"2026-03-17T15:06:34.465787228Z"}
{"type":"log","step_name":"update-docs","message":"--- Tool: Grep('GEPA|fitness|pareto|Pareto') ---","timestamp":"2026-03-17T15:06:35.403295013Z"}
{"type":"log","step_name":"update-docs","message":"--- Tool: Grep('evolution|fitness|GEPA') ---","timestamp":"2026-03-17T15:06:36.592496432Z"}
{"type":"log","step_name":"update-docs","message":"The documentation doesn't mention GEPA, fitness evaluation, or Pareto front anywhere. The self-evolution design doc (`docs/plans/2026-02-24-self-evolution-design.md`) references a `population/` directory but doesn't describe fitness or Pareto front mechanics — these are new concepts introduced by the fitness.go implementation.","timestamp":"2026-03-17T15:06:46.844287482Z"}
{"type":"log","step_name":"update-docs","timestamp":"2026-03-17T15:06:46.844306708Z"}
{"type":"log","step_name":"update-docs","message":"The new code adds:","timestamp":"2026-03-17T15:06:46.844309033Z"}
{"type":"log","step_name":"update-docs","message":"- `FitnessRecord` and `CandidateFitness` types (in fitness.go)","timestamp":"2026-03-17T15:06:46.844313481Z"}
{"type":"log","step_name":"update-docs","message":"- `RunScoreRecord` and `PopulationConfig` types (in types.go)","timestamp":"2026-03-17T15:06:46.844316697Z"}
{"type":"log","step_name":"update-docs","message":"- Functions: `EvaluateRun`, `RecordFitness`, `LoadFitness`, `AggregateFitness`, `Dominates`, `ComputeParetoFront`, `FitnessPath`","timestamp":"2026-03-17T15:06:46.844319553Z"}
{"type":"log","step_name":"update-docs","timestamp":"2026-03-17T15:06:46.844324051Z"}
{"type":"log","step_name":"update-docs","message":"The self-evolution design doc's \"On-Disk Evolution State\" section already shows `population/` with `meta.jsonl` and `assignments.jsonl`, but doesn't mention the fitness subsystem. The fitness data lives at `.cloche/evolution/fitness/\u003cworkflow\u003e.jsonl` which is a new path not documented.","timestamp":"2026-03-17T15:06:46.844325955Z"}
{"type":"log","step_name":"update-docs","timestamp":"2026-03-17T15:06:46.84432857Z"}
{"type":"log","step_name":"update-docs","message":"Let me update the self-evolution design doc to reflect the fitness evaluation system.","timestamp":"2026-03-17T15:06:46.844330914Z"}
{"type":"log","step_name":"update-docs","message":"--- Tool: Read('/workspace/docs/plans/2026-02-24-self-evolution-design.md') ---","timestamp":"2026-03-17T15:06:47.334041403Z"}
{"type":"log","step_name":"update-docs","message":"--- Tool: Edit('/workspace/docs/plans/2026-02-24-self-evolution-design.md') ---","timestamp":"2026-03-17T15:06:53.099471722Z"}
{"type":"log","step_name":"update-docs","message":"Now add a section about the fitness evaluation system. I'll add it before the \"Future Work\" section since it extends the evolution pipeline.","timestamp":"2026-03-17T15:06:58.000610186Z"}
{"type":"log","step_name":"update-docs","message":"--- Tool: Read('/workspace/docs/plans/2026-02-24-self-evolution-design.md') ---","timestamp":"2026-03-17T15:06:58.46510782Z"}
{"type":"log","step_name":"update-docs","message":"--- Tool: Edit('/workspace/docs/plans/2026-02-24-self-evolution-design.md') ---","timestamp":"2026-03-17T15:07:11.993888332Z"}
{"type":"log","step_name":"update-docs","message":"Let me verify the edit is valid.","timestamp":"2026-03-17T15:07:16.017950518Z"}
{"type":"log","step_name":"update-docs","message":"--- Tool: Read('/workspace/docs/plans/2026-02-24-self-evolution-design.md') ---","timestamp":"2026-03-17T15:07:16.280078076Z"}
{"type":"log","step_name":"update-docs","message":"The documentation has been updated. The changes are:","timestamp":"2026-03-17T15:07:23.065915053Z"}
{"type":"log","step_name":"update-docs","timestamp":"2026-03-17T15:07:23.065937977Z"}
{"type":"log","step_name":"update-docs","message":"1. **On-Disk Evolution State** (line ~148): Added `fitness/develop.jsonl` entry to the directory tree showing the new JSONL fitness file path.","timestamp":"2026-03-17T15:07:23.065940251Z"}
{"type":"log","step_name":"update-docs","timestamp":"2026-03-17T15:07:23.065942846Z"}
{"type":"log","step_name":"update-docs","message":"2. **GEPA: Fitness Evaluation and Pareto Front** (lines 458-502): New section documenting the fitness evaluation subsystem — fitness records, aggregation with two objectives (success rate + efficiency), Pareto front computation, and population configuration.","timestamp":"2026-03-17T15:07:23.06594492Z"}
{"type":"log","step_name":"update-docs","timestamp":"2026-03-17T15:07:23.065947515Z"}
{"type":"log","step_name":"update-docs","message":"No other documentation files needed updating — the system design doc only mentions evolution at a high level, and the GEPA fitness system is an internal implementation detail properly scoped to the self-evolution design doc.","timestamp":"2026-03-17T15:07:23.065949318Z"}
{"type":"log","step_name":"update-docs","timestamp":"2026-03-17T15:07:23.065952254Z"}
{"type":"log","step_name":"update-docs","message":"CLOCHE_RESULT:success","timestamp":"2026-03-17T15:07:23.065954788Z"}
{"type":"log","step_name":"update-docs","message":"The documentation has been updated. The changes are:","timestamp":"2026-03-17T15:07:23.133116755Z"}
{"type":"log","step_name":"update-docs","timestamp":"2026-03-17T15:07:23.133141131Z"}
{"type":"log","step_name":"update-docs","message":"1. **On-Disk Evolution State** (line ~148): Added `fitness/develop.jsonl` entry to the directory tree showing the new JSONL fitness file path.","timestamp":"2026-03-17T15:07:23.133144417Z"}
{"type":"log","step_name":"update-docs","timestamp":"2026-03-17T15:07:23.133147704Z"}
{"type":"log","step_name":"update-docs","message":"2. **GEPA: Fitness Evaluation and Pareto Front** (lines 458-502): New section documenting the fitness evaluation subsystem — fitness records, aggregation with two objectives (success rate + efficiency), Pareto front computation, and population configuration.","timestamp":"2026-03-17T15:07:23.133150248Z"}
{"type":"log","step_name":"update-docs","timestamp":"2026-03-17T15:07:23.133153985Z"}
{"type":"log","step_name":"update-docs","message":"No other documentation files needed updating — the system design doc only mentions evolution at a high level, and the GEPA fitness system is an internal implementation detail properly scoped to the self-evolution design doc.","timestamp":"2026-03-17T15:07:23.13315646Z"}
{"type":"log","step_name":"update-docs","timestamp":"2026-03-17T15:07:23.133159546Z"}
{"type":"log","step_name":"update-docs","message":"CLOCHE_RESULT:success","timestamp":"2026-03-17T15:07:23.409705756Z"}
{"type":"step_completed","step_name":"update-docs","result":"success","timestamp":"2026-03-17T15:07:23.446829438Z"}
{"type":"run_completed","result":"succeeded","timestamp":"2026-03-17T15:07:23.466815025Z"}
