{"type":"step_started","step_name":"implement","timestamp":"2026-03-08T04:02:19.476502092Z"}
{"type":"log","step_name":"implement","message":"All tests pass. Here's a summary of the changes:","timestamp":"2026-03-08T04:05:57.571266134Z"}
{"type":"log","step_name":"implement","timestamp":"2026-03-08T04:05:57.571314646Z"}
{"type":"log","step_name":"implement","message":"**handler.go:**","timestamp":"2026-03-08T04:05:57.571320527Z"}
{"type":"log","step_name":"implement","message":"- Added route `GET /projects/{name}/runs` → `handleRunsList`","timestamp":"2026-03-08T04:05:57.571334283Z"}
{"type":"log","step_name":"implement","message":"- Updated `handleRunsList` to resolve project from URL path value `{name}` (label → dir lookup)","timestamp":"2026-03-08T04:05:57.571343651Z"}
{"type":"log","step_name":"implement","message":"- Old `?project=` query param now 301-redirects to the new clean URL","timestamp":"2026-03-08T04:05:57.571352608Z"}
{"type":"log","step_name":"implement","message":"- Template data now includes `ProjectLabel` for the filtered project","timestamp":"2026-03-08T04:05:57.571365953Z"}
{"type":"log","step_name":"implement","timestamp":"2026-03-08T04:05:57.571375241Z"}
{"type":"log","step_name":"implement","message":"**Templates:**","timestamp":"2026-03-08T04:05:57.571383546Z"}
{"type":"log","step_name":"implement","message":"- `projects.html`: \"View Runs\" link → `/projects/{{.Label}}/runs`","timestamp":"2026-03-08T04:05:57.571388035Z"}
{"type":"log","step_name":"implement","message":"- `project_detail.html`: \"View all runs\" link → `/projects/{{.Label}}/runs`","timestamp":"2026-03-08T04:05:57.571397793Z"}
{"type":"log","step_name":"implement","message":"- `runs.html`: Dropdown values changed to labels; JS `filterByProject` redirects to `/projects/{label}/runs`","timestamp":"2026-03-08T04:05:57.571403674Z"}
{"type":"log","step_name":"implement","timestamp":"2026-03-08T04:05:57.571412902Z"}
{"type":"log","step_name":"implement","message":"**Test:**","timestamp":"2026-03-08T04:05:57.57141726Z"}
{"type":"log","step_name":"implement","message":"- Updated `TestRunsList_ProjectFilter` to use `/projects/alpha/runs` instead of `/runs?project=...`","timestamp":"2026-03-08T04:05:57.571421638Z"}
{"type":"log","step_name":"implement","timestamp":"2026-03-08T04:05:57.571434994Z"}
{"type":"log","step_name":"implement","message":"CLOCHE_RESULT:success","timestamp":"2026-03-08T04:05:57.873894721Z"}
{"type":"step_completed","step_name":"implement","result":"success","timestamp":"2026-03-08T04:05:57.878632065Z"}
{"type":"step_started","step_name":"test","timestamp":"2026-03-08T04:05:57.878668865Z"}
{"type":"step_completed","step_name":"test","result":"success","timestamp":"2026-03-08T04:05:58.265593848Z"}
{"type":"step_started","step_name":"update-docs","timestamp":"2026-03-08T04:05:58.265612793Z"}
{"type":"log","step_name":"update-docs","message":"The implementation is already complete:","timestamp":"2026-03-08T04:07:18.187879832Z"}
{"type":"log","step_name":"update-docs","timestamp":"2026-03-08T04:07:18.188044002Z"}
{"type":"log","step_name":"update-docs","message":"1. **Route** `GET /projects/{name}/runs` is registered at `handler.go:142`","timestamp":"2026-03-08T04:07:18.188049663Z"}
{"type":"log","step_name":"update-docs","message":"2. **Handler** `handleRunsList` resolves project from path (`/projects/{name}/runs`) or redirects from old query param (`?project=`) to the clean URL (lines 256-276)","timestamp":"2026-03-08T04:07:18.18805877Z"}
{"type":"log","step_name":"update-docs","message":"3. **Templates** all use `/projects/{{.Label}}/runs`:","timestamp":"2026-03-08T04:07:18.188079249Z"}
{"type":"log","step_name":"update-docs","message":"   - `projects.html:27` — \"View Runs\" button","timestamp":"2026-03-08T04:07:18.188088587Z"}
{"type":"log","step_name":"update-docs","message":"   - `project_detail.html:8` — \"View all runs\" link","timestamp":"2026-03-08T04:07:18.188095009Z"}
{"type":"log","step_name":"update-docs","message":"   - `runs.html:55` — project filter dropdown JS","timestamp":"2026-03-08T04:07:18.188104026Z"}
{"type":"log","step_name":"update-docs","message":"4. **Tests** use the clean URL pattern (`/projects/alpha/runs` at test line 286)","timestamp":"2026-03-08T04:07:18.18811133Z"}
{"type":"log","step_name":"update-docs","timestamp":"2026-03-08T04:07:18.188117261Z"}
{"type":"log","step_name":"update-docs","message":"All 26 tests pass. The old `?project=` query param gracefully redirects (301) to the clean URL for backwards compatibility.","timestamp":"2026-03-08T04:07:18.188121779Z"}
{"type":"log","step_name":"update-docs","timestamp":"2026-03-08T04:07:18.188126889Z"}
{"type":"log","step_name":"update-docs","message":"CLOCHE_RESULT:success","timestamp":"2026-03-08T04:07:18.516295806Z"}
{"type":"step_completed","step_name":"update-docs","result":"success","timestamp":"2026-03-08T04:07:18.518063937Z"}
{"type":"run_completed","result":"succeeded","timestamp":"2026-03-08T04:07:18.518127237Z"}
