{"type":"step_started","step_name":"implement","timestamp":"2026-03-09T01:04:30.771382746Z"}
{"type":"log","step_name":"implement","message":"All tests pass. Here's a summary of the changes:","timestamp":"2026-03-09T01:08:54.517084815Z"}
{"type":"log","step_name":"implement","timestamp":"2026-03-09T01:08:54.517132045Z"}
{"type":"log","step_name":"implement","message":"**Routes added** in `handler.go`:","timestamp":"2026-03-09T01:08:54.517136784Z"}
{"type":"log","step_name":"implement","message":"- `GET /projects/{name}/runs` → same `handleRunsList` handler","timestamp":"2026-03-09T01:08:54.517140651Z"}
{"type":"log","step_name":"implement","message":"- `GET /api/projects/{name}/runs` → same `handleAPIRuns` handler","timestamp":"2026-03-09T01:08:54.517144688Z"}
{"type":"log","step_name":"implement","timestamp":"2026-03-09T01:08:54.517157112Z"}
{"type":"log","step_name":"implement","message":"**Handler changes**:","timestamp":"2026-03-09T01:08:54.517160829Z"}
{"type":"log","step_name":"implement","message":"- `handleRunsList` now checks `r.PathValue(\"name\")` first, resolves the label to a project dir, and passes both `ProjectFilter` (dir) and `ProjectFilterLabel` (label) to the template","timestamp":"2026-03-09T01:08:54.517168143Z"}
{"type":"log","step_name":"implement","message":"- `handleAPIRuns` similarly resolves path-based project name to dir","timestamp":"2026-03-09T01:08:54.51718269Z"}
{"type":"log","step_name":"implement","timestamp":"2026-03-09T01:08:54.517192799Z"}
{"type":"log","step_name":"implement","message":"**Template changes**:","timestamp":"2026-03-09T01:08:54.517196947Z"}
{"type":"log","step_name":"implement","message":"- `projects.html`: `/runs?project={{.Dir}}` → `/projects/{{.Label}}/runs`","timestamp":"2026-03-09T01:08:54.517205884Z"}
{"type":"log","step_name":"implement","message":"- `project_detail.html`: `/runs?project={{.Dir}}` → `/projects/{{.Label}}/runs`","timestamp":"2026-03-09T01:08:54.517211134Z"}
{"type":"log","step_name":"implement","message":"- `runs.html`: Select dropdown and JS navigation/polling now use label-based `/projects/\u003clabel\u003e/runs` URLs","timestamp":"2026-03-09T01:08:54.517255728Z"}
{"type":"log","step_name":"implement","timestamp":"2026-03-09T01:08:54.517268613Z"}
{"type":"log","step_name":"implement","message":"The old `/runs` route (without filter) still works for showing all runs. The query parameter `?project=` is still supported as a fallback.","timestamp":"2026-03-09T01:08:54.517273091Z"}
{"type":"log","step_name":"implement","timestamp":"2026-03-09T01:08:54.517278301Z"}
{"type":"log","step_name":"implement","message":"CLOCHE_RESULT:success","timestamp":"2026-03-09T01:08:54.782613855Z"}
{"type":"step_completed","step_name":"implement","result":"success","timestamp":"2026-03-09T01:08:54.787760383Z"}
{"type":"step_started","step_name":"test","timestamp":"2026-03-09T01:08:54.787807212Z"}
{"type":"step_completed","step_name":"test","result":"success","timestamp":"2026-03-09T01:08:55.196620401Z"}
{"type":"step_started","step_name":"update-docs","timestamp":"2026-03-09T01:08:55.196646641Z"}
{"type":"log","step_name":"update-docs","message":"All changes look correct. Let me summarize what I found and did:","timestamp":"2026-03-09T01:10:32.486425602Z"}
{"type":"log","step_name":"update-docs","timestamp":"2026-03-09T01:10:32.486443946Z"}
{"type":"log","step_name":"update-docs","message":"**URL change (`runs?project=...` -\u003e `projects/\u003cproject\u003e/runs`)**: Already fully implemented in the codebase. The handler, templates, and tests all use the clean `/projects/{name}/runs` URL pattern. USAGE.md doesn't reference web dashboard URLs, so no doc change needed there.","timestamp":"2026-03-09T01:10:32.486447874Z"}
{"type":"log","step_name":"update-docs","timestamp":"2026-03-09T01:10:32.48646195Z"}
{"type":"log","step_name":"update-docs","message":"**Discrepancies fixed in docs/USAGE.md**:","timestamp":"2026-03-09T01:10:32.486465357Z"}
{"type":"log","step_name":"update-docs","message":"1. `--image` flag renamed to `--base-image` (matching `init.go:153`)","timestamp":"2026-03-09T01:10:32.48647246Z"}
{"type":"log","step_name":"update-docs","message":"2. Default base image updated from `ubuntu:24.04` to `cloche-base:latest` (matching `init.go:144`)","timestamp":"2026-03-09T01:10:32.486476478Z"}
{"type":"log","step_name":"update-docs","message":"3. `cloche init` description expanded to mention `host.cloche`, `scripts/prepare-prompt.sh`, and `version` file (matching `init.go:184-198`)","timestamp":"2026-03-09T01:10:32.486483902Z"}
{"type":"log","step_name":"update-docs","message":"4. Project directory layout updated to include `host.cloche`, `version`, and `scripts/` directory","timestamp":"2026-03-09T01:10:32.486487549Z"}
{"type":"log","step_name":"update-docs","timestamp":"2026-03-09T01:10:32.486491165Z"}
{"type":"log","step_name":"update-docs","message":"CLOCHE_RESULT:success","timestamp":"2026-03-09T01:10:32.756953833Z"}
{"type":"step_completed","step_name":"update-docs","result":"success","timestamp":"2026-03-09T01:10:32.76006814Z"}
{"type":"run_completed","result":"succeeded","timestamp":"2026-03-09T01:10:32.76014719Z"}
