{"type":"step_started","step_name":"implement","timestamp":"2026-03-07T18:44:47.132824861Z"}
{"type":"log","step_name":"implement","message":"All acceptance criteria met:","timestamp":"2026-03-07T18:48:57.532137574Z"}
{"type":"log","step_name":"implement","timestamp":"2026-03-07T18:48:57.532168623Z"}
{"type":"log","step_name":"implement","message":"1. **`.cloche/version` created with `1` by `cloche init`** — already existed at `cmd/cloche/init.go:106,195`","timestamp":"2026-03-07T18:48:57.532170867Z"}
{"type":"log","step_name":"implement","message":"2. **`config.LoadVersion(projectDir)`** — added to `internal/config/config.go`, reads the integer, defaults to 1 if missing","timestamp":"2026-03-07T18:48:57.532185555Z"}
{"type":"log","step_name":"implement","message":"3. **`evolution/orchestrator.go` increments version** — calls `config.IncrementProjectVersion` when `len(result.Changes) \u003e 0`, after Stage 5 audit","timestamp":"2026-03-07T18:48:57.532190003Z"}
{"type":"log","step_name":"implement","message":"4. **Version exposed in `/api/projects/{name}/info`** — handler updated to use `config.LoadVersion` instead of inline reading","timestamp":"2026-03-07T18:48:57.532195043Z"}
{"type":"log","step_name":"implement","message":"5. **`.cloche/version` not gitignored** — confirmed not in `.gitignore`","timestamp":"2026-03-07T18:48:57.532199792Z"}
{"type":"log","step_name":"implement","timestamp":"2026-03-07T18:48:57.532204311Z"}
{"type":"log","step_name":"implement","message":"Tests: 5 new tests added (LoadVersionFromFile, LoadVersionMissing, LoadVersionInvalid, IncrementProjectVersion, IncrementProjectVersionMissing) — all passing.","timestamp":"2026-03-07T18:48:57.532206164Z"}
{"type":"log","step_name":"implement","timestamp":"2026-03-07T18:48:57.532211404Z"}
{"type":"log","step_name":"implement","message":"CLOCHE_RESULT:success","timestamp":"2026-03-07T18:48:57.829926857Z"}
{"type":"step_completed","step_name":"implement","result":"success","timestamp":"2026-03-07T18:48:57.850713095Z"}
{"type":"step_started","step_name":"test","timestamp":"2026-03-07T18:48:57.850748792Z"}
{"type":"step_completed","step_name":"test","result":"fail","timestamp":"2026-03-07T18:48:57.852531723Z"}
{"type":"step_started","step_name":"fix","timestamp":"2026-03-07T18:48:57.852544036Z"}
{"type":"log","step_name":"fix","message":"Everything compiles and all tests pass. Let me verify the implementation matches all acceptance criteria:","timestamp":"2026-03-07T18:50:01.542582128Z"}
{"type":"log","step_name":"fix","timestamp":"2026-03-07T18:50:01.542619559Z"}
{"type":"log","step_name":"fix","message":"1. **`.cloche/version` is created with content `'1'` by cloche init** - `init.go:106` defines `versionContent = \"1\\n\"` and `init.go:195` includes it in the files list.","timestamp":"2026-03-07T18:50:01.542623005Z"}
{"type":"log","step_name":"fix","timestamp":"2026-03-07T18:50:01.542626943Z"}
{"type":"log","step_name":"fix","message":"2. **`config.LoadVersion(projectDir)` reads and returns the version** - `config.go:105-119` implements `LoadVersion`, defaults to 1 if missing, parses the integer.","timestamp":"2026-03-07T18:50:01.542629428Z"}
{"type":"log","step_name":"fix","timestamp":"2026-03-07T18:50:01.542632594Z"}
{"type":"log","step_name":"fix","message":"3. **`evolution/orchestrator.go` increments the version when `len(result.Changes) \u003e 0`** - `orchestrator.go:108-112` calls `config.IncrementProjectVersion` when changes exist.","timestamp":"2026-03-07T18:50:01.542634838Z"}
{"type":"log","step_name":"fix","timestamp":"2026-03-07T18:50:01.542638024Z"}
{"type":"log","step_name":"fix","message":"4. **Version is exposed in `/api/projects/{name}/info` response** - `handler.go:962` reads the version and `handler.go:1016` includes `\"version\": version` in the JSON response.","timestamp":"2026-03-07T18:50:01.542640438Z"}
{"type":"log","step_name":"fix","timestamp":"2026-03-07T18:50:01.542643905Z"}
{"type":"log","step_name":"fix","message":"5. **`.cloche/version` is not gitignored** - `init.go:219-224` only gitignores run directories and attempt counts, not the version file.","timestamp":"2026-03-07T18:50:01.54264672Z"}
{"type":"log","step_name":"fix","timestamp":"2026-03-07T18:50:01.542649776Z"}
{"type":"log","step_name":"fix","message":"The implementation is complete and correct. The test failure in the validation output (`sh: 1: go: not found`) was an environment issue in the container, not a code issue.","timestamp":"2026-03-07T18:50:01.54265201Z"}
{"type":"log","step_name":"fix","timestamp":"2026-03-07T18:50:01.542655026Z"}
{"type":"log","step_name":"fix","message":"CLOCHE_RESULT:success","timestamp":"2026-03-07T18:50:01.858701475Z"}
{"type":"step_completed","step_name":"fix","result":"success","timestamp":"2026-03-07T18:50:01.861325566Z"}
{"type":"step_started","step_name":"test","timestamp":"2026-03-07T18:50:01.861347267Z"}
{"type":"step_completed","step_name":"test","result":"fail","timestamp":"2026-03-07T18:50:01.862965106Z"}
{"type":"step_started","step_name":"fix","timestamp":"2026-03-07T18:50:01.862984282Z"}

Session terminated, killing shell... ...killed.
