{"type":"run_title","message":"Task: Web Workflow UI: Vertical layout for workflow graph","timestamp":"2026-03-14T18:18:34.586577468Z"}
{"type":"step_started","step_name":"implement","timestamp":"2026-03-14T18:18:34.586709798Z"}
{"type":"log","step_name":"implement","message":"--- Tool: Agent('Find all files related to the web UI workflow graph layou...') ---","timestamp":"2026-03-14T18:18:44.613077196Z"}
{"type":"log","step_name":"implement","message":"--- Tool: Glob('**/*.html') ---","timestamp":"2026-03-14T18:18:46.512207956Z"}
{"type":"log","step_name":"implement","message":"--- Tool: Glob('**/*.js') ---","timestamp":"2026-03-14T18:18:46.537825233Z"}
{"type":"log","step_name":"implement","message":"--- Tool: Glob('**/*.css') ---","timestamp":"2026-03-14T18:18:46.558765818Z"}
{"type":"log","step_name":"implement","message":"--- Tool: Glob('**/*.go') ---","timestamp":"2026-03-14T18:18:46.60905209Z"}
{"type":"log","step_name":"implement","message":"--- Tool: Grep('graph|mermaid|workflow.*layout|dag|node|edge') ---","timestamp":"2026-03-14T18:18:48.379277264Z"}
{"type":"log","step_name":"implement","message":"--- Tool: Grep('graph|mermaid|layout|dag|node|edge') ---","timestamp":"2026-03-14T18:18:48.597277571Z"}
{"type":"log","step_name":"implement","message":"--- Tool: Grep('graph|mermaid|layout|dag|node|edge') ---","timestamp":"2026-03-14T18:18:49.010627816Z"}
{"type":"log","step_name":"implement","message":"--- Tool: Grep('graph|Mermaid|workflow.*render|dag') ---","timestamp":"2026-03-14T18:18:49.28127629Z"}
{"type":"log","step_name":"implement","message":"--- Tool: Read('/workspace/internal/adapters/web/templates/project_detail...') ---","timestamp":"2026-03-14T18:18:50.514365073Z"}
{"type":"log","step_name":"implement","message":"--- Tool: Read('/workspace/internal/adapters/web/templates/run_detail.html') ---","timestamp":"2026-03-14T18:18:50.749449893Z"}
{"type":"log","step_name":"implement","message":"--- Tool: Read('/workspace/internal/adapters/web/static/style.css') ---","timestamp":"2026-03-14T18:18:50.953703989Z"}
{"type":"log","step_name":"implement","message":"--- Tool: Read('/workspace/internal/adapters/web/handler.go') ---","timestamp":"2026-03-14T18:18:50.981577632Z"}
{"type":"log","step_name":"implement","message":"--- Tool: Grep('workflow.*DAG|workflow.*layout|dag.*svg|render.*graph|get...') ---","timestamp":"2026-03-14T18:18:53.252462467Z"}
{"type":"log","step_name":"implement","message":"--- Tool: Bash('find /workspace/internal/adapters/web -type f | head -20') ---","timestamp":"2026-03-14T18:18:53.819204828Z"}
{"type":"log","step_name":"implement","message":"--- Tool: Read('/workspace/internal/adapters/web/handler.go') ---","timestamp":"2026-03-14T18:18:55.150969247Z"}
{"type":"log","step_name":"implement","message":"--- Tool: Bash('grep -n \"handleAPIWorkflows\" /workspace/internal/adapters...') ---","timestamp":"2026-03-14T18:18:56.581193876Z"}
{"type":"log","step_name":"implement","message":"--- Tool: Read('/workspace/internal/adapters/web/handler.go') ---","timestamp":"2026-03-14T18:18:57.858296641Z"}
{"type":"log","step_name":"implement","message":"--- Tool: Grep('dag-svg|dag-node|dag-edge|layerOf|topoSort|Sugiyama|baryc...') ---","timestamp":"2026-03-14T18:18:59.859024502Z"}
{"type":"log","step_name":"implement","message":"--- Tool: Grep('workflow.*graph|mermaid|cytoscape|graphviz|d3') ---","timestamp":"2026-03-14T18:19:00.292573259Z"}
{"type":"log","step_name":"implement","message":"--- Tool: Bash('find /workspace -type f \\( -name \"*.html\" -o -name \"*.js\"...') ---","timestamp":"2026-03-14T18:19:02.046075423Z"}
{"type":"log","step_name":"implement","message":"--- Tool: Bash('find /workspace/internal/adapters/web -type f | xargs ls -la') ---","timestamp":"2026-03-14T18:19:03.396029786Z"}
{"type":"log","step_name":"implement","message":"--- Tool: Read('/workspace/internal/adapters/web/templates/layout.html') ---","timestamp":"2026-03-14T18:19:04.842158678Z"}
{"type":"log","step_name":"implement","message":"--- Tool: Read('/workspace/internal/adapters/web/templates/projects.html') ---","timestamp":"2026-03-14T18:19:05.067149692Z"}
{"type":"log","step_name":"implement","message":"--- Tool: Read('/workspace/internal/adapters/web/templates/runs.html') ---","timestamp":"2026-03-14T18:19:05.078618026Z"}
{"type":"log","step_name":"implement","message":"--- Tool: Grep('workflow-dag|dag-svg|dag-node|dag-edge') ---","timestamp":"2026-03-14T18:19:06.779303495Z"}
{"type":"log","step_name":"implement","message":"--- Tool: Bash('find /workspace/internal/dsl -type f -name \"*.go\" | head -10') ---","timestamp":"2026-03-14T18:19:08.661461442Z"}
{"type":"log","step_name":"implement","message":"--- Tool: Bash('grep -n \"type Workflow\\|type Step\\|type Wire\\|type Wiring...') ---","timestamp":"2026-03-14T18:19:09.954323755Z"}
{"type":"log","step_name":"implement","message":"Let me read the key file with the graph layout algorithm.","timestamp":"2026-03-14T18:19:27.478736618Z"}
{"type":"log","step_name":"implement","message":"--- Tool: Read('/workspace/internal/adapters/web/templates/project_detail...') ---","timestamp":"2026-03-14T18:19:27.756087444Z"}
{"type":"log","step_name":"implement","message":"--- Tool: Read('/workspace/internal/adapters/web/static/style.css') ---","timestamp":"2026-03-14T18:19:28.026660025Z"}
{"type":"log","step_name":"implement","message":"Now I understand the layout. The current graph flows left-to-right. I need to change it to top-to-bottom. Let me make the changes.","timestamp":"2026-03-14T18:19:39.27867932Z"}
{"type":"log","step_name":"implement","message":"--- Tool: Edit('/workspace/internal/adapters/web/templates/project_detail...') ---","timestamp":"2026-03-14T18:19:47.850055789Z"}
{"type":"log","step_name":"implement","message":"Now update the edge drawing - normal wires (Bezier curves from bottom of source to top of target):","timestamp":"2026-03-14T18:19:52.455172002Z"}
{"type":"log","step_name":"implement","message":"--- Tool: Edit('/workspace/internal/adapters/web/templates/project_detail...') ---","timestamp":"2026-03-14T18:20:00.606785268Z"}
{"type":"log","step_name":"implement","message":"Now update the terminal edge drawing for single wires:","timestamp":"2026-03-14T18:20:04.667779572Z"}
{"type":"log","step_name":"implement","message":"--- Tool: Edit('/workspace/internal/adapters/web/templates/project_detail...') ---","timestamp":"2026-03-14T18:20:11.889971561Z"}
{"type":"log","step_name":"implement","message":"Now update the multi-wire merge pattern for terminals (collector bus becomes horizontal instead of vertical):","timestamp":"2026-03-14T18:20:16.681434371Z"}
{"type":"log","step_name":"implement","message":"--- Tool: Edit('/workspace/internal/adapters/web/templates/project_detail...') ---","timestamp":"2026-03-14T18:20:33.712612748Z"}
{"type":"log","step_name":"implement","message":"Now update the CSS to use vertical scrolling instead of horizontal:","timestamp":"2026-03-14T18:20:37.031474864Z"}
{"type":"log","step_name":"implement","message":"--- Tool: Edit('/workspace/internal/adapters/web/static/style.css') ---","timestamp":"2026-03-14T18:20:38.273375719Z"}
{"type":"log","step_name":"implement","message":"Also update the edge label text-anchor since labels are now positioned to the right of edges:","timestamp":"2026-03-14T18:20:41.705955442Z"}
{"type":"log","step_name":"implement","message":"--- Tool: Edit('/workspace/internal/adapters/web/static/style.css') ---","timestamp":"2026-03-14T18:20:43.446153009Z"}
{"type":"log","step_name":"implement","message":"Now let me run the tests:","timestamp":"2026-03-14T18:20:46.695862881Z"}
{"type":"log","step_name":"implement","message":"--- Tool: Bash('go test ./... 2\u003e\u00261') ---","timestamp":"2026-03-14T18:20:47.636089288Z"}
{"type":"log","step_name":"implement","message":"All tests pass. Let me check if there are specific tests for the workflow DAG rendering to make sure my changes are compatible:","timestamp":"2026-03-14T18:21:36.305013663Z"}
{"type":"log","step_name":"implement","message":"--- Tool: Grep('workflow-dag|dag-edge-nonsuccess') ---","timestamp":"2026-03-14T18:21:37.047929953Z"}
{"type":"log","step_name":"implement","message":"Good - those tests just check for the presence of CSS class names which haven't changed. All 22 test packages pass.","timestamp":"2026-03-14T18:21:44.956240583Z"}
{"type":"log","step_name":"implement","timestamp":"2026-03-14T18:21:44.956256182Z"}
{"type":"log","step_name":"implement","message":"The changes convert the workflow graph from a horizontal (left-to-right) layout to a vertical (top-to-bottom) layout:","timestamp":"2026-03-14T18:21:44.956258296Z"}
{"type":"log","step_name":"implement","timestamp":"2026-03-14T18:21:44.956262935Z"}
{"type":"log","step_name":"implement","message":"1. **`project_detail.html`** - Position calculation now places layers as rows (y-axis) with nodes spread horizontally within each row. Bezier curves connect from the bottom of source nodes to the top of target nodes. The merge collector bus for terminal nodes is now horizontal. Non-success wire offsets are now horizontal instead of vertical.","timestamp":"2026-03-14T18:21:44.956264899Z"}
{"type":"log","step_name":"implement","timestamp":"2026-03-14T18:21:44.956272042Z"}
{"type":"log","step_name":"implement","message":"2. **`style.css`** - Changed `#workflow-dag` from `overflow-x: auto` to `overflow-y: auto` for vertical scrolling. Changed `.dag-edge-label` text-anchor from `middle` to `start` since labels are now positioned beside edges.","timestamp":"2026-03-14T18:21:44.956273976Z"}
{"type":"log","step_name":"implement","timestamp":"2026-03-14T18:21:44.95627633Z"}
{"type":"log","step_name":"implement","message":"CLOCHE_RESULT:success","timestamp":"2026-03-14T18:21:44.956278104Z"}
{"type":"log","step_name":"implement","message":"Good - those tests just check for the presence of CSS class names which haven't changed. All 22 test packages pass.","timestamp":"2026-03-14T18:21:44.977668659Z"}
{"type":"log","step_name":"implement","timestamp":"2026-03-14T18:21:44.977692875Z"}
{"type":"log","step_name":"implement","message":"The changes convert the workflow graph from a horizontal (left-to-right) layout to a vertical (top-to-bottom) layout:","timestamp":"2026-03-14T18:21:44.977697484Z"}
{"type":"log","step_name":"implement","timestamp":"2026-03-14T18:21:44.977702884Z"}
{"type":"log","step_name":"implement","message":"1. **`project_detail.html`** - Position calculation now places layers as rows (y-axis) with nodes spread horizontally within each row. Bezier curves connect from the bottom of source nodes to the top of target nodes. The merge collector bus for terminal nodes is now horizontal. Non-success wire offsets are now horizontal instead of vertical.","timestamp":"2026-03-14T18:21:44.977707753Z"}
{"type":"log","step_name":"implement","timestamp":"2026-03-14T18:21:44.977714085Z"}
{"type":"log","step_name":"implement","message":"2. **`style.css`** - Changed `#workflow-dag` from `overflow-x: auto` to `overflow-y: auto` for vertical scrolling. Changed `.dag-edge-label` text-anchor from `middle` to `start` since labels are now positioned beside edges.","timestamp":"2026-03-14T18:21:44.977718463Z"}
{"type":"log","step_name":"implement","timestamp":"2026-03-14T18:21:44.977722912Z"}
{"type":"log","step_name":"implement","message":"CLOCHE_RESULT:success","timestamp":"2026-03-14T18:21:45.513341262Z"}
{"type":"step_completed","step_name":"implement","result":"success","timestamp":"2026-03-14T18:21:45.561495833Z"}
{"type":"step_started","step_name":"test","timestamp":"2026-03-14T18:21:45.571282548Z"}
{"type":"log","step_name":"test","message":"?   \tgithub.com/cloche-dev/cloche/api/clochepb\t[no test files]","timestamp":"2026-03-14T18:21:45.886434128Z"}
{"type":"log","step_name":"test","message":"ok  \tgithub.com/cloche-dev/cloche/cmd/cloche\t10.084s","timestamp":"2026-03-14T18:21:56.311829605Z"}
{"type":"log","step_name":"test","message":"?   \tgithub.com/cloche-dev/cloche/cmd/cloche-agent\t[no test files]","timestamp":"2026-03-14T18:21:56.311863119Z"}
{"type":"log","step_name":"test","message":"?   \tgithub.com/cloche-dev/cloche/cmd/cloched\t[no test files]","timestamp":"2026-03-14T18:21:56.311866746Z"}
{"type":"log","step_name":"test","message":"ok  \tgithub.com/cloche-dev/cloche/internal/adapters/agents/generic\t(cached)","timestamp":"2026-03-14T18:21:56.311878017Z"}
{"type":"log","step_name":"test","message":"ok  \tgithub.com/cloche-dev/cloche/internal/adapters/agents/prompt\t(cached)","timestamp":"2026-03-14T18:21:56.311882996Z"}
{"type":"log","step_name":"test","message":"ok  \tgithub.com/cloche-dev/cloche/internal/adapters/docker\t(cached)","timestamp":"2026-03-14T18:21:56.311885591Z"}
{"type":"log","step_name":"test","message":"ok  \tgithub.com/cloche-dev/cloche/internal/adapters/grpc\t(cached)","timestamp":"2026-03-14T18:21:56.311891643Z"}
{"type":"log","step_name":"test","message":"ok  \tgithub.com/cloche-dev/cloche/internal/adapters/local\t(cached)","timestamp":"2026-03-14T18:21:56.311894318Z"}
{"type":"log","step_name":"test","message":"ok  \tgithub.com/cloche-dev/cloche/internal/adapters/sqlite\t(cached)","timestamp":"2026-03-14T18:21:56.311896752Z"}
{"type":"log","step_name":"test","message":"ok  \tgithub.com/cloche-dev/cloche/internal/adapters/web\t(cached)","timestamp":"2026-03-14T18:21:56.311899628Z"}
{"type":"log","step_name":"test","message":"ok  \tgithub.com/cloche-dev/cloche/internal/agent\t(cached)","timestamp":"2026-03-14T18:21:56.311902122Z"}
{"type":"log","step_name":"test","message":"ok  \tgithub.com/cloche-dev/cloche/internal/config\t(cached)","timestamp":"2026-03-14T18:21:56.311904657Z"}
{"type":"log","step_name":"test","message":"ok  \tgithub.com/cloche-dev/cloche/internal/domain\t(cached)","timestamp":"2026-03-14T18:21:56.311908334Z"}
{"type":"log","step_name":"test","message":"ok  \tgithub.com/cloche-dev/cloche/internal/dsl\t(cached)","timestamp":"2026-03-14T18:21:56.311910949Z"}
{"type":"log","step_name":"test","message":"ok  \tgithub.com/cloche-dev/cloche/internal/engine\t(cached)","timestamp":"2026-03-14T18:21:56.311913364Z"}
{"type":"log","step_name":"test","message":"ok  \tgithub.com/cloche-dev/cloche/internal/evolution\t(cached)","timestamp":"2026-03-14T18:21:56.311921028Z"}
{"type":"log","step_name":"test","message":"ok  \tgithub.com/cloche-dev/cloche/internal/host\t(cached)","timestamp":"2026-03-14T18:21:56.311923723Z"}
{"type":"log","step_name":"test","message":"ok  \tgithub.com/cloche-dev/cloche/internal/logstream\t(cached)","timestamp":"2026-03-14T18:21:56.31192721Z"}
{"type":"log","step_name":"test","message":"?   \tgithub.com/cloche-dev/cloche/internal/ports\t[no test files]","timestamp":"2026-03-14T18:21:56.311930807Z"}
{"type":"log","step_name":"test","message":"ok  \tgithub.com/cloche-dev/cloche/internal/protocol\t(cached)","timestamp":"2026-03-14T18:21:56.311941727Z"}
{"type":"log","step_name":"test","message":"ok  \tgithub.com/cloche-dev/cloche/internal/runcontext\t(cached)","timestamp":"2026-03-14T18:21:56.311945585Z"}
{"type":"log","step_name":"test","message":"ok  \tgithub.com/cloche-dev/cloche/internal/version\t(cached)","timestamp":"2026-03-14T18:21:56.311954081Z"}
{"type":"log","step_name":"test","message":"ok  \tgithub.com/cloche-dev/cloche/test/integration\t(cached)","timestamp":"2026-03-14T18:21:56.311961094Z"}
{"type":"step_completed","step_name":"test","result":"success","timestamp":"2026-03-14T18:21:56.378789113Z"}
{"type":"step_started","step_name":"update-docs","timestamp":"2026-03-14T18:21:56.38763584Z"}
{"type":"log","step_name":"update-docs","message":"Let me examine the current changes and relevant documentation.","timestamp":"2026-03-14T18:22:03.336892624Z"}
{"type":"log","step_name":"update-docs","message":"--- Tool: Bash('git diff internal/adapters/web/static/style.css internal/...') ---","timestamp":"2026-03-14T18:22:04.303476256Z"}
{"type":"log","step_name":"update-docs","message":"--- Tool: Grep('workflow.*graph|workflow.*layout|vertical|horizontal|work...') ---","timestamp":"2026-03-14T18:22:05.596314031Z"}
{"type":"log","step_name":"update-docs","message":"Let me check the relevant design doc section that describes the DAG layout.","timestamp":"2026-03-14T18:22:11.386824541Z"}
{"type":"log","step_name":"update-docs","message":"--- Tool: Read('/workspace/docs/plans/2026-03-06-project-pages-design.md') ---","timestamp":"2026-03-14T18:22:12.054746852Z"}
{"type":"log","step_name":"update-docs","message":"The design doc describes the old horizontal layout. I need to update lines 162-176 to reflect the new vertical (top-to-bottom) layout.","timestamp":"2026-03-14T18:22:16.007626218Z"}
{"type":"log","step_name":"update-docs","message":"--- Tool: Edit('/workspace/docs/plans/2026-03-06-project-pages-design.md') ---","timestamp":"2026-03-14T18:22:29.512704877Z"}
{"type":"log","step_name":"update-docs","message":"Let me verify the edit looks correct.","timestamp":"2026-03-14T18:22:31.249720515Z"}
{"type":"log","step_name":"update-docs","message":"--- Tool: Read('/workspace/docs/plans/2026-03-06-project-pages-design.md') ---","timestamp":"2026-03-14T18:22:31.964091051Z"}
{"type":"log","step_name":"update-docs","message":"The documentation now accurately reflects the vertical (top-to-bottom) layout. No other docs reference the DAG layout direction in a way that needs updating.","timestamp":"2026-03-14T18:22:34.587742345Z"}
{"type":"log","step_name":"update-docs","timestamp":"2026-03-14T18:22:34.587770308Z"}
{"type":"log","step_name":"update-docs","message":"CLOCHE_RESULT:success","timestamp":"2026-03-14T18:22:34.587774045Z"}
{"type":"log","step_name":"update-docs","message":"The documentation now accurately reflects the vertical (top-to-bottom) layout. No other docs reference the DAG layout direction in a way that needs updating.","timestamp":"2026-03-14T18:22:34.614033086Z"}
{"type":"log","step_name":"update-docs","timestamp":"2026-03-14T18:22:34.614048956Z"}
{"type":"log","step_name":"update-docs","message":"CLOCHE_RESULT:success","timestamp":"2026-03-14T18:22:34.931428609Z"}
{"type":"step_completed","step_name":"update-docs","result":"success","timestamp":"2026-03-14T18:22:35.039841306Z"}
{"type":"run_completed","result":"succeeded","timestamp":"2026-03-14T18:22:35.091847941Z"}
