{"type":"step_started","step_name":"implement","timestamp":"2026-03-04T22:34:04.011082689Z"}
{"type":"log","step_name":"implement","message":"All changes are complete. Here's a summary of what was done:","timestamp":"2026-03-04T22:36:45.549549458Z"}
{"type":"log","step_name":"implement","timestamp":"2026-03-04T22:36:45.549593491Z"}
{"type":"log","step_name":"implement","message":"**1. Added `orchestrateFn` field to Handler struct** (`internal/adapters/web/handler.go:73`):","timestamp":"2026-03-04T22:36:45.549597729Z"}
{"type":"log","step_name":"implement","message":"```go","timestamp":"2026-03-04T22:36:45.549604973Z"}
{"type":"log","step_name":"implement","message":"orchestrateFn func(ctx context.Context, projectDir string) (int, error)","timestamp":"2026-03-04T22:36:45.549608439Z"}
{"type":"log","step_name":"implement","message":"```","timestamp":"2026-03-04T22:36:45.549616655Z"}
{"type":"log","step_name":"implement","timestamp":"2026-03-04T22:36:45.549621093Z"}
{"type":"log","step_name":"implement","message":"**2. Added `WithOrchestrateFunc` option** (`internal/adapters/web/handler.go:46-49`):","timestamp":"2026-03-04T22:36:45.549629138Z"}
{"type":"log","step_name":"implement","message":"```go","timestamp":"2026-03-04T22:36:45.549643255Z"}
{"type":"log","step_name":"implement","message":"func WithOrchestrateFunc(fn func(ctx context.Context, projectDir string) (int, error)) HandlerOption","timestamp":"2026-03-04T22:36:45.549651521Z"}
{"type":"log","step_name":"implement","message":"```","timestamp":"2026-03-04T22:36:45.549658504Z"}
{"type":"log","step_name":"implement","timestamp":"2026-03-04T22:36:45.54966201Z"}
{"type":"log","step_name":"implement","message":"**3. Wired `handleAPITriggerOrchestrator`** (`internal/adapters/web/handler.go:629-670`):","timestamp":"2026-03-04T22:36:45.549665287Z"}
{"type":"log","step_name":"implement","message":"- Returns **501 Not Implemented** if `orchestrateFn` is nil","timestamp":"2026-03-04T22:36:45.549668803Z"}
{"type":"log","step_name":"implement","message":"- Resolves the project name to its directory via `ListProjects` + `projectLabels`","timestamp":"2026-03-04T22:36:45.549676047Z"}
{"type":"log","step_name":"implement","message":"- Returns **404** if project not found","timestamp":"2026-03-04T22:36:45.54968297Z"}
{"type":"log","step_name":"implement","message":"- Calls `orchestrateFn` and returns **202** with `{\"status\":\"accepted\",\"project\":\"...\",\"dispatched\":N}`","timestamp":"2026-03-04T22:36:45.549689943Z"}
{"type":"log","step_name":"implement","timestamp":"2026-03-04T22:36:45.549701756Z"}
{"type":"log","step_name":"implement","message":"**4. Passed `WithOrchestrateFunc` in `cmd/cloched/main.go`** (lines 84-114):","timestamp":"2026-03-04T22:36:45.549706274Z"}
{"type":"log","step_name":"implement","message":"- Extracted the orchestrate function into a local variable","timestamp":"2026-03-04T22:36:45.549715321Z"}
{"type":"log","step_name":"implement","message":"- Conditionally passes `web.WithOrchestrateFunc(orchestrateFn)` when constructing the web handler","timestamp":"2026-03-04T22:36:45.549735439Z"}
{"type":"log","step_name":"implement","timestamp":"2026-03-04T22:36:45.549744637Z"}
{"type":"log","step_name":"implement","message":"**5. Added tests** (`internal/adapters/web/handler_test.go:537-602`):","timestamp":"2026-03-04T22:36:45.549749997Z"}
{"type":"log","step_name":"implement","message":"- `calls orchestrateFn and returns dispatched count` — seeds a project, verifies the function is called with the resolved directory, checks the returned count","timestamp":"2026-03-04T22:36:45.549758803Z"}
{"type":"log","step_name":"implement","message":"- `returns 501 when orchestrateFn is nil` — verifies the nil guard","timestamp":"2026-03-04T22:36:45.549774523Z"}
{"type":"log","step_name":"implement","message":"- `returns 404 when project not found` — verifies unknown project handling","timestamp":"2026-03-04T22:36:45.549783911Z"}
{"type":"log","step_name":"implement","timestamp":"2026-03-04T22:36:45.549793659Z"}
{"type":"log","step_name":"implement","message":"Note: Go is not installed in this environment so tests could not be run locally, but the code follows existing patterns exactly.","timestamp":"2026-03-04T22:36:45.549798228Z"}
{"type":"log","step_name":"implement","timestamp":"2026-03-04T22:36:45.549807746Z"}
{"type":"log","step_name":"implement","message":"CLOCHE_RESULT:success","timestamp":"2026-03-04T22:36:45.825337363Z"}
{"type":"step_completed","step_name":"implement","result":"success","timestamp":"2026-03-04T22:36:45.830994557Z"}
{"type":"step_started","step_name":"test","timestamp":"2026-03-04T22:36:45.831052196Z"}
{"type":"step_completed","step_name":"test","result":"fail","timestamp":"2026-03-04T22:36:45.847817549Z"}
{"type":"step_started","step_name":"fix","timestamp":"2026-03-04T22:36:45.847840382Z"}
{"type":"log","step_name":"fix","message":"Prompt is too long","timestamp":"2026-03-04T22:36:48.710836729Z"}
{"type":"step_completed","step_name":"fix","result":"fail","timestamp":"2026-03-04T22:36:48.711489832Z"}
{"type":"run_completed","result":"failed","timestamp":"2026-03-04T22:36:48.711559283Z"}
