{"type":"step_started","step_name":"implement","timestamp":"2026-03-09T19:57:00.150592647Z"}
{"type":"log","step_name":"implement","message":"All tests pass. Here's a summary of the changes:","timestamp":"2026-03-09T20:02:57.074377069Z"}
{"type":"log","step_name":"implement","timestamp":"2026-03-09T20:02:57.074428236Z"}
{"type":"log","step_name":"implement","message":"**`internal/config/config.go`** — Added `Active bool` field to `Config` struct (top-level `active = true` in TOML).","timestamp":"2026-03-09T20:02:57.074432965Z"}
{"type":"log","step_name":"implement","timestamp":"2026-03-09T20:02:57.074441391Z"}
{"type":"log","step_name":"implement","message":"**`internal/config/config_test.go`** — Added `TestLoadActiveFlag` and `TestLoadActiveFlagDefault` tests verifying the active flag is read correctly and defaults to `false`.","timestamp":"2026-03-09T20:02:57.074444927Z"}
{"type":"log","step_name":"implement","timestamp":"2026-03-09T20:02:57.074459445Z"}
{"type":"log","step_name":"implement","message":"**`cmd/cloched/main.go`** — Added two functions:","timestamp":"2026-03-09T20:02:57.074463863Z"}
{"type":"log","step_name":"implement","message":"- `autoRunActiveProjects()` — called on startup, lists known projects from the store, checks each for `active = true`, and dispatches the main workflow via `srv.RunWorkflow()` in a goroutine","timestamp":"2026-03-09T20:02:57.07447295Z"}
{"type":"log","step_name":"implement","message":"- `findMainWorkflow()` — parses `.cloche/host.cloche`, finds the \"main\" workflow, and returns the `workflow_name` from the first workflow dispatch step (e.g., \"develop\")","timestamp":"2026-03-09T20:02:57.074486486Z"}
{"type":"log","step_name":"implement","timestamp":"2026-03-09T20:02:57.074494621Z"}
{"type":"log","step_name":"implement","message":"To activate a project, add `active = true` to its `.cloche/config.toml`. On daemon startup, cloched will automatically dispatch the container workflow referenced in the project's `host.cloche` main workflow.","timestamp":"2026-03-09T20:02:57.074498929Z"}
{"type":"log","step_name":"implement","timestamp":"2026-03-09T20:02:57.074508688Z"}
{"type":"log","step_name":"implement","message":"CLOCHE_RESULT:success","timestamp":"2026-03-09T20:02:57.425209664Z"}
{"type":"step_completed","step_name":"implement","result":"success","timestamp":"2026-03-09T20:02:57.445572115Z"}
{"type":"step_started","step_name":"test","timestamp":"2026-03-09T20:02:57.445608894Z"}
{"type":"step_completed","step_name":"test","result":"success","timestamp":"2026-03-09T20:02:57.833662466Z"}
{"type":"step_started","step_name":"update-docs","timestamp":"2026-03-09T20:02:57.833683966Z"}
{"type":"log","step_name":"update-docs","message":"All builds and tests pass. Here's a summary of what was done:","timestamp":"2026-03-09T20:04:02.295470545Z"}
{"type":"log","step_name":"update-docs","timestamp":"2026-03-09T20:04:02.295513005Z"}
{"type":"log","step_name":"update-docs","message":"**Already implemented** (from prior work):","timestamp":"2026-03-09T20:04:02.295518195Z"}
{"type":"log","step_name":"update-docs","message":"- `internal/config/config.go`: `Active bool` field on `Config` struct (replaces old orchestration config)","timestamp":"2026-03-09T20:04:02.295527483Z"}
{"type":"log","step_name":"update-docs","message":"- `internal/config/config_test.go`: Tests for `Active` flag (true when set, false by default)","timestamp":"2026-03-09T20:04:02.29553663Z"}
{"type":"log","step_name":"update-docs","message":"- `cmd/cloched/main.go`: `autoRunActiveProjects()` scans known projects, checks `active = true`, parses `host.cloche` for the main workflow, and launches each in a goroutine","timestamp":"2026-03-09T20:04:02.295546498Z"}
{"type":"log","step_name":"update-docs","timestamp":"2026-03-09T20:04:02.295562188Z"}
{"type":"log","step_name":"update-docs","message":"**Updated in this session:**","timestamp":"2026-03-09T20:04:02.295566887Z"}
{"type":"log","step_name":"update-docs","message":"- `.cloche/config.toml`: Replaced `[orchestration]` section with `active = true`","timestamp":"2026-03-09T20:04:02.295572598Z"}
{"type":"log","step_name":"update-docs","message":"- `cmd/cloche/init.go`: Updated default config template to use `active = false` instead of `[orchestration]` block; updated init message accordingly","timestamp":"2026-03-09T20:04:02.295590602Z"}
{"type":"log","step_name":"update-docs","message":"- `.cloche/prompts/update-docs.md`: Replaced corrupted meta-conversation content with clean prompt","timestamp":"2026-03-09T20:04:02.295597034Z"}
{"type":"log","step_name":"update-docs","timestamp":"2026-03-09T20:04:02.295601392Z"}
{"type":"log","step_name":"update-docs","message":"CLOCHE_RESULT:success","timestamp":"2026-03-09T20:04:02.595993188Z"}
{"type":"step_completed","step_name":"update-docs","result":"success","timestamp":"2026-03-09T20:04:02.597541691Z"}
{"type":"run_completed","result":"succeeded","timestamp":"2026-03-09T20:04:02.59760965Z"}
