{"type":"step_started","step_name":"implement","timestamp":"2026-03-09T22:43:30.847565303Z"}
{"type":"log","step_name":"implement","message":"All tests pass across the entire project.","timestamp":"2026-03-09T22:45:26.952191574Z"}
{"type":"log","step_name":"implement","timestamp":"2026-03-09T22:45:26.95226328Z"}
{"type":"log","step_name":"implement","message":"Here's a summary of what was implemented:","timestamp":"2026-03-09T22:45:26.952267558Z"}
{"type":"log","step_name":"implement","timestamp":"2026-03-09T22:45:26.952271235Z"}
{"type":"log","step_name":"implement","message":"**`internal/dsl/parser.go`:**","timestamp":"2026-03-09T22:45:26.952274481Z"}
{"type":"log","step_name":"implement","message":"- Extended `parseWire()` to check for an optional `[` after the target step name, and if present, parse output mappings","timestamp":"2026-03-09T22:45:26.952281334Z"}
{"type":"log","step_name":"implement","message":"- Added `parseOutputMappings()` — parses comma-separated `KEY = output.path` mappings between `[` and `]`","timestamp":"2026-03-09T22:45:26.952289029Z"}
{"type":"log","step_name":"implement","message":"- Added `parseOutputPath()` — parses the `output` contextual keyword followed by zero or more `.field` and `[index]` accessors","timestamp":"2026-03-09T22:45:26.952301933Z"}
{"type":"log","step_name":"implement","timestamp":"2026-03-09T22:45:26.952311291Z"}
{"type":"log","step_name":"implement","message":"**`internal/dsl/parser_test.go`** — 9 new tests:","timestamp":"2026-03-09T22:45:26.952315649Z"}
{"type":"log","step_name":"implement","message":"- Wire with no mappings (existing behavior)","timestamp":"2026-03-09T22:45:26.95233228Z"}
{"type":"log","step_name":"implement","message":"- Single mapping: `[ FOO = output.bar ]`","timestamp":"2026-03-09T22:45:26.952339634Z"}
{"type":"log","step_name":"implement","message":"- Multiple mappings: `[ X = output.a, Y = output.b ]`","timestamp":"2026-03-09T22:45:26.95234801Z"}
{"type":"log","step_name":"implement","message":"- Array index: `[ X = output[0].id ]`","timestamp":"2026-03-09T22:45:26.952355965Z"}
{"type":"log","step_name":"implement","message":"- Nested field access: `[ X = output.a.b.c ]`","timestamp":"2026-03-09T22:45:26.952362989Z"}
{"type":"log","step_name":"implement","message":"- Chained mixed access: `[ X = output.items[0].name ]`","timestamp":"2026-03-09T22:45:26.952370202Z"}
{"type":"log","step_name":"implement","message":"- Bare output: `[ RAW = output ]`","timestamp":"2026-03-09T22:45:26.952374059Z"}
{"type":"log","step_name":"implement","message":"- Error: missing `output` keyword","timestamp":"2026-03-09T22:45:26.952381774Z"}
{"type":"log","step_name":"implement","message":"- Error: malformed path expression","timestamp":"2026-03-09T22:45:26.952386743Z"}
{"type":"log","step_name":"implement","timestamp":"2026-03-09T22:45:26.952396001Z"}
{"type":"log","step_name":"implement","message":"CLOCHE_RESULT:success","timestamp":"2026-03-09T22:45:27.173029985Z"}
{"type":"step_completed","step_name":"implement","result":"success","timestamp":"2026-03-09T22:45:27.175548105Z"}
{"type":"step_started","step_name":"test","timestamp":"2026-03-09T22:45:27.17558255Z"}
{"type":"step_completed","step_name":"test","result":"success","timestamp":"2026-03-09T22:45:27.572008649Z"}
{"type":"step_started","step_name":"update-docs","timestamp":"2026-03-09T22:45:27.572041822Z"}
{"type":"log","step_name":"update-docs","message":"The documentation looks correct. The wire output mapping syntax in `docs/workflows.md` now accurately reflects the implemented parser behavior: `output` as a contextual keyword, field access via `.ident`, array indexing via `[N]`, and arbitrary chaining.","timestamp":"2026-03-09T22:46:16.756646628Z"}
{"type":"log","step_name":"update-docs","timestamp":"2026-03-09T22:46:16.756703155Z"}
{"type":"log","step_name":"update-docs","message":"CLOCHE_RESULT:success","timestamp":"2026-03-09T22:46:17.038985759Z"}
{"type":"step_completed","step_name":"update-docs","result":"success","timestamp":"2026-03-09T22:46:17.041562831Z"}
{"type":"run_completed","result":"succeeded","timestamp":"2026-03-09T22:46:17.041641209Z"}
