{"type":"step_started","step_name":"implement","timestamp":"2026-03-08T04:05:19.747737157Z"}
{"type":"log","step_name":"implement","message":"All tests pass.","timestamp":"2026-03-08T04:07:40.855112334Z"}
{"type":"log","step_name":"implement","timestamp":"2026-03-08T04:07:40.85515804Z"}
{"type":"log","step_name":"implement","message":"**The fix:** The DSL parser stores prompt values as `file(\"prompts/implement.md\")` — a raw `file(...)` wrapper string. The `handleAPIStepContent` handler was treating this raw string as a direct file path, so `os.ReadFile` would try to open a path like `/project/file(\"prompts/implement.md\")`, which doesn't exist. It silently fell through to return \"no content available\".","timestamp":"2026-03-08T04:07:40.855165585Z"}
{"type":"log","step_name":"implement","timestamp":"2026-03-08T04:07:40.855206682Z"}
{"type":"log","step_name":"implement","message":"I added a `resolveStepContent` helper (matching the existing `resolveContent` in the prompt adapter) that strips the `file(\"...\")` wrapper to extract the actual path before reading. This is applied to both `prompt` and `script` config values.","timestamp":"2026-03-08T04:07:40.855211051Z"}
{"type":"log","step_name":"implement","timestamp":"2026-03-08T04:07:40.855243973Z"}
{"type":"log","step_name":"implement","message":"CLOCHE_RESULT:success","timestamp":"2026-03-08T04:07:41.169273306Z"}
{"type":"step_completed","step_name":"implement","result":"success","timestamp":"2026-03-08T04:07:41.172544859Z"}
{"type":"step_started","step_name":"test","timestamp":"2026-03-08T04:07:41.172574585Z"}
{"type":"step_completed","step_name":"test","result":"success","timestamp":"2026-03-08T04:07:41.679159506Z"}
{"type":"step_started","step_name":"update-docs","timestamp":"2026-03-08T04:07:41.679178001Z"}
{"type":"log","step_name":"update-docs","message":"The fix is clean and correct. Here's a summary of what was wrong and what I changed:","timestamp":"2026-03-08T04:12:54.556537467Z"}
{"type":"log","step_name":"update-docs","timestamp":"2026-03-08T04:12:54.556584997Z"}
{"type":"log","step_name":"update-docs","message":"**Root cause:** The DSL uses `run` as the config key for script steps (e.g., `run = \"go test ./... 2\u003e\u00261\"`), but both the backend and frontend were looking for `command`/`script` instead.","timestamp":"2026-03-08T04:12:54.556590487Z"}
{"type":"log","step_name":"update-docs","timestamp":"2026-03-08T04:12:54.55660764Z"}
{"type":"log","step_name":"update-docs","message":"**Backend fix** (`handler.go:1184-1193`): Changed `step.Config[\"command\"]` and `step.Config[\"script\"]` lookups to `step.Config[\"run\"]`. For inline commands (not file references), `resolveStepContent` will fail to read them as files, and the handler falls back to returning the raw string.","timestamp":"2026-03-08T04:12:54.556612559Z"}
{"type":"log","step_name":"update-docs","timestamp":"2026-03-08T04:12:54.556624281Z"}
{"type":"log","step_name":"update-docs","message":"**Frontend fix** (`project_detail.html:263`): Changed the config display filter from `'command'`/`'script'` to `'run'` so that script step commands are shown in the drawer metadata.","timestamp":"2026-03-08T04:12:54.55662905Z"}
{"type":"log","step_name":"update-docs","timestamp":"2026-03-08T04:12:54.556635242Z"}
{"type":"log","step_name":"update-docs","message":"CLOCHE_RESULT:success","timestamp":"2026-03-08T04:12:54.84238535Z"}
{"type":"step_completed","step_name":"update-docs","result":"success","timestamp":"2026-03-08T04:12:54.846758706Z"}
{"type":"run_completed","result":"succeeded","timestamp":"2026-03-08T04:12:54.846826554Z"}
