{"type":"run_title","message":"In internal/version/VERSION, add a comment line above the version number that says \"# Cloche syst...","timestamp":"2026-03-17T17:25:53.111331567Z"}
{"type":"step_started","step_name":"implement","timestamp":"2026-03-17T17:25:53.111538999Z"}
{"type":"log","step_name":"implement","message":"--- Tool: Read('/workspace/internal/version/VERSION') ---","timestamp":"2026-03-17T17:26:00.383222689Z"}
{"type":"log","step_name":"implement","message":"--- Tool: Edit('/workspace/internal/version/VERSION') ---","timestamp":"2026-03-17T17:26:05.200544723Z"}
{"type":"log","step_name":"implement","message":"Now let me check if the version parsing code handles comment lines, and run tests.","timestamp":"2026-03-17T17:26:08.801404867Z"}
{"type":"log","step_name":"implement","message":"--- Tool: Grep('VERSION') ---","timestamp":"2026-03-17T17:26:09.544688739Z"}
{"type":"log","step_name":"implement","message":"--- Tool: Read('/workspace/internal/version/version.go') ---","timestamp":"2026-03-17T17:26:12.218789804Z"}
{"type":"log","step_name":"implement","message":"The `Version()` function just trims whitespace — it doesn't strip comment lines. I need to update it to handle the comment.","timestamp":"2026-03-17T17:26:16.996656799Z"}
{"type":"log","step_name":"implement","message":"--- Tool: Edit('/workspace/internal/version/version.go') ---","timestamp":"2026-03-17T17:26:17.826829917Z"}
{"type":"log","step_name":"implement","message":"--- Tool: Bash('go test ./... 2\u003e\u00261') ---","timestamp":"2026-03-17T17:26:21.116363634Z"}
{"type":"log","step_name":"implement","message":"All tests pass.","timestamp":"2026-03-17T17:27:06.611781481Z"}
{"type":"log","step_name":"implement","timestamp":"2026-03-17T17:27:06.611802541Z"}
{"type":"log","step_name":"implement","message":"CLOCHE_RESULT:success","timestamp":"2026-03-17T17:27:06.6118074Z"}
{"type":"log","step_name":"implement","message":"All tests pass.","timestamp":"2026-03-17T17:27:06.635427067Z"}
{"type":"log","step_name":"implement","timestamp":"2026-03-17T17:27:06.635441003Z"}
{"type":"log","step_name":"implement","message":"CLOCHE_RESULT:success","timestamp":"2026-03-17T17:27:07.183149717Z"}
{"type":"step_completed","step_name":"implement","result":"success","timestamp":"2026-03-17T17:27:07.209343075Z"}
{"type":"step_started","step_name":"test","timestamp":"2026-03-17T17:27:07.212465938Z"}
{"type":"log","step_name":"test","message":"?   \tgithub.com/cloche-dev/cloche/api/clochepb\t[no test files]","timestamp":"2026-03-17T17:27:07.529951847Z"}
{"type":"log","step_name":"test","message":"ok  \tgithub.com/cloche-dev/cloche/cmd/cloche\t10.055s","timestamp":"2026-03-17T17:27:17.902997664Z"}
{"type":"log","step_name":"test","message":"?   \tgithub.com/cloche-dev/cloche/cmd/cloche-agent\t[no test files]","timestamp":"2026-03-17T17:27:17.90304849Z"}
{"type":"log","step_name":"test","message":"?   \tgithub.com/cloche-dev/cloche/cmd/cloched\t[no test files]","timestamp":"2026-03-17T17:27:17.903054983Z"}
{"type":"log","step_name":"test","message":"ok  \tgithub.com/cloche-dev/cloche/internal/adapters/agents/generic\t(cached)","timestamp":"2026-03-17T17:27:17.903060213Z"}
{"type":"log","step_name":"test","message":"ok  \tgithub.com/cloche-dev/cloche/internal/adapters/agents/prompt\t(cached)","timestamp":"2026-03-17T17:27:17.903066034Z"}
{"type":"log","step_name":"test","message":"ok  \tgithub.com/cloche-dev/cloche/internal/adapters/docker\t(cached)","timestamp":"2026-03-17T17:27:17.903073738Z"}
{"type":"log","step_name":"test","message":"ok  \tgithub.com/cloche-dev/cloche/internal/adapters/grpc\t(cached)","timestamp":"2026-03-17T17:27:17.90308506Z"}
{"type":"log","step_name":"test","message":"ok  \tgithub.com/cloche-dev/cloche/internal/adapters/local\t(cached)","timestamp":"2026-03-17T17:27:17.903090149Z"}
{"type":"log","step_name":"test","message":"ok  \tgithub.com/cloche-dev/cloche/internal/adapters/sqlite\t(cached)","timestamp":"2026-03-17T17:27:17.903094928Z"}
{"type":"log","step_name":"test","message":"ok  \tgithub.com/cloche-dev/cloche/internal/adapters/web\t(cached)","timestamp":"2026-03-17T17:27:17.903099547Z"}
{"type":"log","step_name":"test","message":"ok  \tgithub.com/cloche-dev/cloche/internal/agent\t(cached)","timestamp":"2026-03-17T17:27:17.903104496Z"}
{"type":"log","step_name":"test","message":"ok  \tgithub.com/cloche-dev/cloche/internal/config\t(cached)","timestamp":"2026-03-17T17:27:17.903109245Z"}
{"type":"log","step_name":"test","message":"ok  \tgithub.com/cloche-dev/cloche/internal/domain\t(cached)","timestamp":"2026-03-17T17:27:17.903114055Z"}
{"type":"log","step_name":"test","message":"ok  \tgithub.com/cloche-dev/cloche/internal/dsl\t(cached)","timestamp":"2026-03-17T17:27:17.903118874Z"}
{"type":"log","step_name":"test","message":"ok  \tgithub.com/cloche-dev/cloche/internal/engine\t(cached)","timestamp":"2026-03-17T17:27:17.903123623Z"}
{"type":"log","step_name":"test","message":"ok  \tgithub.com/cloche-dev/cloche/internal/evolution\t(cached)","timestamp":"2026-03-17T17:27:17.903134523Z"}
{"type":"log","step_name":"test","message":"ok  \tgithub.com/cloche-dev/cloche/internal/host\t(cached)","timestamp":"2026-03-17T17:27:17.903140445Z"}
{"type":"log","step_name":"test","message":"ok  \tgithub.com/cloche-dev/cloche/internal/logstream\t(cached)","timestamp":"2026-03-17T17:27:17.903147458Z"}
{"type":"log","step_name":"test","message":"?   \tgithub.com/cloche-dev/cloche/internal/ports\t[no test files]","timestamp":"2026-03-17T17:27:17.903152477Z"}
{"type":"log","step_name":"test","message":"ok  \tgithub.com/cloche-dev/cloche/internal/protocol\t(cached)","timestamp":"2026-03-17T17:27:17.903156836Z"}
{"type":"log","step_name":"test","message":"ok  \tgithub.com/cloche-dev/cloche/internal/runcontext\t(cached)","timestamp":"2026-03-17T17:27:17.903161705Z"}
{"type":"log","step_name":"test","message":"ok  \tgithub.com/cloche-dev/cloche/internal/version\t(cached)","timestamp":"2026-03-17T17:27:17.903166213Z"}
{"type":"log","step_name":"test","message":"ok  \tgithub.com/cloche-dev/cloche/test/integration\t(cached)","timestamp":"2026-03-17T17:27:17.903170111Z"}
{"type":"step_completed","step_name":"test","result":"success","timestamp":"2026-03-17T17:27:17.946661317Z"}
{"type":"step_started","step_name":"update-docs","timestamp":"2026-03-17T17:27:17.949690542Z"}
{"type":"log","step_name":"update-docs","timestamp":"2026-03-17T17:27:23.260069371Z"}
{"type":"log","step_name":"update-docs","timestamp":"2026-03-17T17:27:23.260096944Z"}
{"type":"log","step_name":"update-docs","message":"Let me read the VERSION file first.","timestamp":"2026-03-17T17:27:23.260101312Z"}
{"type":"log","step_name":"update-docs","message":"--- Tool: Read('/workspace/internal/version/VERSION') ---","timestamp":"2026-03-17T17:27:23.566449523Z"}
{"type":"log","step_name":"update-docs","message":"The comment line `# Cloche system version` is already present above the version number. No changes needed.","timestamp":"2026-03-17T17:27:26.775728083Z"}
{"type":"log","step_name":"update-docs","timestamp":"2026-03-17T17:27:26.775752289Z"}
{"type":"log","step_name":"update-docs","message":"CLOCHE_RESULT:success","timestamp":"2026-03-17T17:27:26.775756687Z"}
{"type":"log","step_name":"update-docs","message":"The comment line `# Cloche system version` is already present above the version number. No changes needed.","timestamp":"2026-03-17T17:27:26.818678385Z"}
{"type":"log","step_name":"update-docs","timestamp":"2026-03-17T17:27:26.818693333Z"}
{"type":"log","step_name":"update-docs","message":"CLOCHE_RESULT:success","timestamp":"2026-03-17T17:27:27.112742489Z"}
{"type":"step_completed","step_name":"update-docs","result":"success","timestamp":"2026-03-17T17:27:27.130610466Z"}
{"type":"run_completed","result":"succeeded","timestamp":"2026-03-17T17:27:27.13713594Z"}
