{"type":"run_title","message":"Task: Support multiple run IDs in cloche poll with status display","timestamp":"2026-03-13T19:08:28.97335855Z"}
{"type":"step_started","step_name":"implement","timestamp":"2026-03-13T19:08:28.973798322Z"}
{"type":"log","step_name":"implement","message":"--- Tool: Agent('Explore the codebase to understand the `cloche poll` comm...') ---","timestamp":"2026-03-13T19:08:42.90187394Z"}
{"type":"log","step_name":"implement","message":"--- Tool: Bash('find /workspace -type f -name \"*.go\" | grep -E \"(cmd|inte...') ---","timestamp":"2026-03-13T19:08:44.61704773Z"}
{"type":"log","step_name":"implement","message":"--- Tool: Glob('cmd/cloche/**/*.go') ---","timestamp":"2026-03-13T19:08:45.642104494Z"}
{"type":"log","step_name":"implement","message":"--- Tool: Read('/workspace/cmd/cloche/poll.go') ---","timestamp":"2026-03-13T19:08:47.015518686Z"}
{"type":"log","step_name":"implement","message":"--- Tool: Read('/workspace/cmd/cloche/main.go') ---","timestamp":"2026-03-13T19:08:47.223089525Z"}
{"type":"log","step_name":"implement","message":"--- Tool: Read('/workspace/internal/domain/run.go') ---","timestamp":"2026-03-13T19:08:47.430169114Z"}
{"type":"log","step_name":"implement","message":"--- Tool: Glob('internal/ports/**/*.go') ---","timestamp":"2026-03-13T19:08:47.497717759Z"}
{"type":"log","step_name":"implement","message":"--- Tool: Glob('api/**/*.proto') ---","timestamp":"2026-03-13T19:08:49.127409469Z"}
{"type":"log","step_name":"implement","message":"--- Tool: Glob('api/**/*.pb.go') ---","timestamp":"2026-03-13T19:08:49.263581631Z"}
{"type":"log","step_name":"implement","message":"--- Tool: Bash('find /workspace -name \"*.proto\" -o -name \"*service*.go\" |...') ---","timestamp":"2026-03-13T19:08:49.474049829Z"}
{"type":"log","step_name":"implement","message":"--- Tool: Read('/workspace/api/proto/cloche/v1/cloche.proto') ---","timestamp":"2026-03-13T19:08:50.590928398Z"}
{"type":"log","step_name":"implement","message":"--- Tool: Read('/workspace/api/clochepb/cloche.pb.go') ---","timestamp":"2026-03-13T19:08:50.857052946Z"}
{"type":"log","step_name":"implement","message":"--- Tool: Bash('find /workspace -name \"*test.go\" | xargs grep -l \"poll\" 2...') ---","timestamp":"2026-03-13T19:08:52.112417018Z"}
{"type":"log","step_name":"implement","message":"--- Tool: Read('/workspace/cmd/cloche/help_test.go') ---","timestamp":"2026-03-13T19:08:53.237591672Z"}
{"type":"log","step_name":"implement","message":"--- Tool: Bash('find /workspace -path \"*/adapters/*\" -name \"*service*.go\"...') ---","timestamp":"2026-03-13T19:08:53.533658082Z"}
{"type":"log","step_name":"implement","message":"--- Tool: Bash('find /workspace -type f -name \"*.go\" | xargs grep -l \"Clo...') ---","timestamp":"2026-03-13T19:08:54.971792134Z"}
{"type":"log","step_name":"implement","message":"--- Tool: Read('/workspace/internal/adapters/grpc/server.go') ---","timestamp":"2026-03-13T19:08:56.177717976Z"}
{"type":"log","step_name":"implement","message":"--- Tool: Read('/workspace/internal/adapters/grpc/server_test.go') ---","timestamp":"2026-03-13T19:08:56.352713797Z"}
{"type":"log","step_name":"implement","message":"--- Tool: Bash('find /workspace/cmd/cloche -name \"help.go\" -exec cat {} \\;') ---","timestamp":"2026-03-13T19:08:58.383380741Z"}
{"type":"log","step_name":"implement","message":"--- Tool: Bash('find /workspace -name \"*test.go\" -type f -exec grep -l \"c...') ---","timestamp":"2026-03-13T19:08:59.846774505Z"}
{"type":"log","step_name":"implement","message":"--- Tool: Read('/workspace/cmd/cloche') ---","timestamp":"2026-03-13T19:09:00.943420862Z"}
{"type":"log","step_name":"implement","message":"--- Tool: Bash('ls -la /workspace/cmd/cloche/*.go | head -20') ---","timestamp":"2026-03-13T19:09:02.607698823Z"}
{"type":"log","step_name":"implement","message":"--- Tool: Read('/workspace/cmd/cloche/project_test.go') ---","timestamp":"2026-03-13T19:09:03.710000751Z"}
{"type":"log","step_name":"implement","message":"--- Tool: Read('/workspace/cmd/cloche/health_test.go') ---","timestamp":"2026-03-13T19:09:03.921517026Z"}
{"type":"log","step_name":"implement","message":"--- Tool: Read('/workspace/cmd/cloche/context_test.go') ---","timestamp":"2026-03-13T19:09:04.003222384Z"}
{"type":"log","step_name":"implement","message":"--- Tool: Read('/workspace/cmd/cloche/workflow.go') ---","timestamp":"2026-03-13T19:09:05.623637151Z"}
{"type":"log","step_name":"implement","message":"--- Tool: Read('/workspace/cmd/cloche/project.go') ---","timestamp":"2026-03-13T19:09:05.636641327Z"}
{"type":"log","step_name":"implement","message":"--- Tool: Bash('grep -A 30 \"func cmdStatus\" /workspace/cmd/cloche/main.go') ---","timestamp":"2026-03-13T19:09:07.374730019Z"}
{"type":"log","step_name":"implement","message":"--- Tool: Read('/workspace/cmd/cloche/poll.go') ---","timestamp":"2026-03-13T19:09:27.007176081Z"}
{"type":"log","step_name":"implement","message":"--- Tool: Read('/workspace/cmd/cloche/help.go') ---","timestamp":"2026-03-13T19:09:27.426574957Z"}
{"type":"log","step_name":"implement","message":"--- Tool: Read('/workspace/cmd/cloche/help_test.go') ---","timestamp":"2026-03-13T19:09:27.650744433Z"}
{"type":"log","step_name":"implement","message":"Now I have a clear picture. Let me implement the multi-ID poll feature.","timestamp":"2026-03-13T19:09:33.502087798Z"}
{"type":"log","step_name":"implement","message":"--- Tool: Read('/workspace/cmd/cloche/poll.go') ---","timestamp":"2026-03-13T19:09:33.747884657Z"}
{"type":"log","step_name":"implement","message":"--- Tool: Write('/workspace/cmd/cloche/poll.go') ---","timestamp":"2026-03-13T19:09:48.266801345Z"}
{"type":"log","step_name":"implement","message":"Now update the help text:","timestamp":"2026-03-13T19:09:50.704595489Z"}
{"type":"log","step_name":"implement","message":"--- Tool: Edit('/workspace/cmd/cloche/help.go') ---","timestamp":"2026-03-13T19:09:56.313708696Z"}
{"type":"log","step_name":"implement","message":"Now write tests for the new functionality:","timestamp":"2026-03-13T19:09:59.124542164Z"}
{"type":"log","step_name":"implement","message":"--- Tool: Grep('poll.*test|test.*poll') ---","timestamp":"2026-03-13T19:10:00.17823153Z"}
{"type":"log","step_name":"implement","message":"--- Tool: Glob('/workspace/cmd/cloche/*_test.go') ---","timestamp":"2026-03-13T19:10:00.549491564Z"}
{"type":"log","step_name":"implement","message":"Let me look at an existing test file to understand the testing patterns used:","timestamp":"2026-03-13T19:10:02.778997287Z"}
{"type":"log","step_name":"implement","message":"--- Tool: Read('/workspace/cmd/cloche/project_test.go') ---","timestamp":"2026-03-13T19:10:03.148651664Z"}
{"type":"log","step_name":"implement","message":"Let me also check the gRPC mock patterns used in tests:","timestamp":"2026-03-13T19:10:06.05176273Z"}
{"type":"log","step_name":"implement","message":"--- Tool: Grep('ClocheServiceClient|mock.*client|fake.*client') ---","timestamp":"2026-03-13T19:10:06.979686143Z"}
{"type":"log","step_name":"implement","message":"No mock patterns in tests yet. Let me look at the protobuf interface to understand how to mock it:","timestamp":"2026-03-13T19:10:10.928146282Z"}
{"type":"log","step_name":"implement","message":"--- Tool: Grep('type ClocheServiceClient interface') ---","timestamp":"2026-03-13T19:10:11.855970028Z"}
{"type":"log","step_name":"implement","message":"Now let me check the `GetStatusResponse` fields:","timestamp":"2026-03-13T19:10:14.239520707Z"}
{"type":"log","step_name":"implement","message":"--- Tool: Grep('type GetStatusResponse struct') ---","timestamp":"2026-03-13T19:10:14.942932964Z"}
{"type":"log","step_name":"implement","message":"Now I have everything I need to write the test file. Let me create it:","timestamp":"2026-03-13T19:10:18.655264793Z"}
{"type":"log","step_name":"implement","message":"--- Tool: Write('/workspace/cmd/cloche/poll_test.go') ---","timestamp":"2026-03-13T19:10:47.642327285Z"}
{"type":"log","step_name":"implement","message":"I need to make the output testable. Let me refactor to use writer variables.","timestamp":"2026-03-13T19:11:06.215771512Z"}
{"type":"log","step_name":"implement","message":"--- Tool: Write('/workspace/cmd/cloche/poll.go') ---","timestamp":"2026-03-13T19:11:18.176922029Z"}
{"type":"log","step_name":"implement","message":"Now rewrite the test file to use the proper `io.Writer` approach:","timestamp":"2026-03-13T19:11:21.044996538Z"}
{"type":"log","step_name":"implement","message":"--- Tool: Write('/workspace/cmd/cloche/poll_test.go') ---","timestamp":"2026-03-13T19:11:37.956781944Z"}
{"type":"log","step_name":"implement","message":"Now let me check if the `ClocheServiceClient` interface can be embedded like that - I need to check if it requires all methods to be implemented or if we can embed the interface:","timestamp":"2026-03-13T19:11:41.713437471Z"}
{"type":"log","step_name":"implement","message":"--- Tool: Bash('go vet ./cmd/cloche/ 2\u003e\u00261') ---","timestamp":"2026-03-13T19:11:42.070514662Z"}
{"type":"log","step_name":"implement","message":"Good, no errors. Now run the tests:","timestamp":"2026-03-13T19:11:59.103505774Z"}
{"type":"log","step_name":"implement","message":"--- Tool: Bash('go test ./cmd/cloche/ -run \"TestIsTerminalState|TestPollH...') ---","timestamp":"2026-03-13T19:11:59.938703884Z"}
{"type":"log","step_name":"implement","message":"Now run the poll multi tests (these involve the 2s sleep between polls, so they'll take longer):","timestamp":"2026-03-13T19:12:05.90703626Z"}
{"type":"log","step_name":"implement","message":"--- Tool: Bash('go test ./cmd/cloche/ -run \"TestCmdPollMulti\" -v -timeout...') ---","timestamp":"2026-03-13T19:12:06.644466442Z"}
{"type":"log","step_name":"implement","message":"All tests pass. Now run the full test suite:","timestamp":"2026-03-13T19:12:21.860323186Z"}
{"type":"log","step_name":"implement","message":"--- Tool: Bash('go test ./... 2\u003e\u00261') ---","timestamp":"2026-03-13T19:12:22.2216647Z"}
{"type":"log","step_name":"implement","message":"All tests pass. Here's a summary of the changes:","timestamp":"2026-03-13T19:13:07.727697697Z"}
{"type":"log","step_name":"implement","timestamp":"2026-03-13T19:13:07.727732363Z"}
{"type":"log","step_name":"implement","message":"**`cmd/cloche/poll.go`** — Refactored into three functions:","timestamp":"2026-03-13T19:13:07.72773622Z"}
{"type":"log","step_name":"implement","message":"- `cmdPoll`: Routes to single or multi based on argument count","timestamp":"2026-03-13T19:13:07.72774151Z"}
{"type":"log","step_name":"implement","message":"- `cmdPollSingle`: Original single-run behavior (unchanged logic)","timestamp":"2026-03-13T19:13:07.727746379Z"}
{"type":"log","step_name":"implement","message":"- `cmdPollMulti`: New multi-run polling — displays compact `id: state` summary, only prints on state changes, polls until all runs reach terminal states. Returns 0 if all succeeded, 1 otherwise","timestamp":"2026-03-13T19:13:07.727763532Z"}
{"type":"log","step_name":"implement","message":"- `isTerminalState`: Extracted helper for reuse","timestamp":"2026-03-13T19:13:07.727766848Z"}
{"type":"log","step_name":"implement","timestamp":"2026-03-13T19:13:07.727768752Z"}
{"type":"log","step_name":"implement","message":"**`cmd/cloche/help.go`** — Updated poll help text to document `[run-id...]` syntax and multi-ID behavior","timestamp":"2026-03-13T19:13:07.727770565Z"}
{"type":"log","step_name":"implement","timestamp":"2026-03-13T19:13:07.727774883Z"}
{"type":"log","step_name":"implement","message":"**`cmd/cloche/poll_test.go`** — New test file with 8 tests:","timestamp":"2026-03-13T19:13:07.727776787Z"}
{"type":"log","step_name":"implement","message":"- `TestIsTerminalState` — all state classifications","timestamp":"2026-03-13T19:13:07.727778761Z"}
{"type":"log","step_name":"implement","message":"- `TestCmdPollMulti_AllSucceeded` — exit 0 when all succeed","timestamp":"2026-03-13T19:13:07.727781025Z"}
{"type":"log","step_name":"implement","message":"- `TestCmdPollMulti_OneFailed` — exit 1 when any fails","timestamp":"2026-03-13T19:13:07.727783069Z"}
{"type":"log","step_name":"implement","message":"- `TestCmdPollMulti_OneCancelled` — exit 1 when any cancelled","timestamp":"2026-03-13T19:13:07.727785473Z"}
{"type":"log","step_name":"implement","message":"- `TestCmdPollMulti_ErrorState` — exit 1 on gRPC errors, error printed to stderr","timestamp":"2026-03-13T19:13:07.727789862Z"}
{"type":"log","step_name":"implement","message":"- `TestCmdPollMulti_OutputFormat` — runs printed in argument order","timestamp":"2026-03-13T19:13:07.727795192Z"}
{"type":"log","step_name":"implement","message":"- `TestCmdPollMulti_OnlyPrintsOnChange` — no duplicate output for unchanged state","timestamp":"2026-03-13T19:13:07.727797867Z"}
{"type":"log","step_name":"implement","message":"- `TestPollHelpText` — help mentions multiple IDs","timestamp":"2026-03-13T19:13:07.727800452Z"}
{"type":"log","step_name":"implement","timestamp":"2026-03-13T19:13:07.727803127Z"}
{"type":"log","step_name":"implement","message":"CLOCHE_RESULT:success","timestamp":"2026-03-13T19:13:07.727805291Z"}
{"type":"log","step_name":"implement","message":"All tests pass. Here's a summary of the changes:","timestamp":"2026-03-13T19:13:07.749002795Z"}
{"type":"log","step_name":"implement","timestamp":"2026-03-13T19:13:07.749019096Z"}
{"type":"log","step_name":"implement","message":"**`cmd/cloche/poll.go`** — Refactored into three functions:","timestamp":"2026-03-13T19:13:07.749034956Z"}
{"type":"log","step_name":"implement","message":"- `cmdPoll`: Routes to single or multi based on argument count","timestamp":"2026-03-13T19:13:07.749038182Z"}
{"type":"log","step_name":"implement","message":"- `cmdPollSingle`: Original single-run behavior (unchanged logic)","timestamp":"2026-03-13T19:13:07.749041018Z"}
{"type":"log","step_name":"implement","message":"- `cmdPollMulti`: New multi-run polling — displays compact `id: state` summary, only prints on state changes, polls until all runs reach terminal states. Returns 0 if all succeeded, 1 otherwise","timestamp":"2026-03-13T19:13:07.749044124Z"}
{"type":"log","step_name":"implement","message":"- `isTerminalState`: Extracted helper for reuse","timestamp":"2026-03-13T19:13:07.749047059Z"}
{"type":"log","step_name":"implement","timestamp":"2026-03-13T19:13:07.749085502Z"}
{"type":"log","step_name":"implement","message":"**`cmd/cloche/help.go`** — Updated poll help text to document `[run-id...]` syntax and multi-ID behavior","timestamp":"2026-03-13T19:13:07.749088337Z"}
{"type":"log","step_name":"implement","timestamp":"2026-03-13T19:13:07.749090692Z"}
{"type":"log","step_name":"implement","message":"**`cmd/cloche/poll_test.go`** — New test file with 8 tests:","timestamp":"2026-03-13T19:13:07.749092595Z"}
{"type":"log","step_name":"implement","message":"- `TestIsTerminalState` — all state classifications","timestamp":"2026-03-13T19:13:07.749094769Z"}
{"type":"log","step_name":"implement","message":"- `TestCmdPollMulti_AllSucceeded` — exit 0 when all succeed","timestamp":"2026-03-13T19:13:07.749096964Z"}
{"type":"log","step_name":"implement","message":"- `TestCmdPollMulti_OneFailed` — exit 1 when any fails","timestamp":"2026-03-13T19:13:07.749099679Z"}
{"type":"log","step_name":"implement","message":"- `TestCmdPollMulti_OneCancelled` — exit 1 when any cancelled","timestamp":"2026-03-13T19:13:07.749102584Z"}
{"type":"log","step_name":"implement","message":"- `TestCmdPollMulti_ErrorState` — exit 1 on gRPC errors, error printed to stderr","timestamp":"2026-03-13T19:13:07.749105199Z"}
{"type":"log","step_name":"implement","message":"- `TestCmdPollMulti_OutputFormat` — runs printed in argument order","timestamp":"2026-03-13T19:13:07.749107894Z"}
{"type":"log","step_name":"implement","message":"- `TestCmdPollMulti_OnlyPrintsOnChange` — no duplicate output for unchanged state","timestamp":"2026-03-13T19:13:07.74911072Z"}
{"type":"log","step_name":"implement","message":"- `TestPollHelpText` — help mentions multiple IDs","timestamp":"2026-03-13T19:13:07.749113335Z"}
{"type":"log","step_name":"implement","timestamp":"2026-03-13T19:13:07.749115709Z"}
{"type":"log","step_name":"implement","message":"CLOCHE_RESULT:success","timestamp":"2026-03-13T19:13:08.089915136Z"}
{"type":"step_completed","step_name":"implement","result":"success","timestamp":"2026-03-13T19:13:08.366609128Z"}
{"type":"step_started","step_name":"test","timestamp":"2026-03-13T19:13:08.393064365Z"}
{"type":"log","step_name":"test","message":"?   \tgithub.com/cloche-dev/cloche/api/clochepb\t[no test files]","timestamp":"2026-03-13T19:13:08.812637654Z"}
{"type":"log","step_name":"test","message":"ok  \tgithub.com/cloche-dev/cloche/cmd/cloche\t10.043s","timestamp":"2026-03-13T19:13:19.227690336Z"}
{"type":"log","step_name":"test","message":"?   \tgithub.com/cloche-dev/cloche/cmd/cloche-agent\t[no test files]","timestamp":"2026-03-13T19:13:19.227710604Z"}
{"type":"log","step_name":"test","message":"?   \tgithub.com/cloche-dev/cloche/cmd/cloched\t[no test files]","timestamp":"2026-03-13T19:13:19.227713059Z"}
{"type":"log","step_name":"test","message":"ok  \tgithub.com/cloche-dev/cloche/internal/adapters/agents/generic\t(cached)","timestamp":"2026-03-13T19:13:19.227715463Z"}
{"type":"log","step_name":"test","message":"ok  \tgithub.com/cloche-dev/cloche/internal/adapters/agents/prompt\t(cached)","timestamp":"2026-03-13T19:13:19.227717758Z"}
{"type":"log","step_name":"test","message":"ok  \tgithub.com/cloche-dev/cloche/internal/adapters/docker\t(cached)","timestamp":"2026-03-13T19:13:19.227721404Z"}
{"type":"log","step_name":"test","message":"ok  \tgithub.com/cloche-dev/cloche/internal/adapters/grpc\t(cached)","timestamp":"2026-03-13T19:13:19.227735511Z"}
{"type":"log","step_name":"test","message":"ok  \tgithub.com/cloche-dev/cloche/internal/adapters/local\t(cached)","timestamp":"2026-03-13T19:13:19.227737655Z"}
{"type":"log","step_name":"test","message":"ok  \tgithub.com/cloche-dev/cloche/internal/adapters/sqlite\t(cached)","timestamp":"2026-03-13T19:13:19.227739569Z"}
{"type":"log","step_name":"test","message":"ok  \tgithub.com/cloche-dev/cloche/internal/adapters/web\t(cached)","timestamp":"2026-03-13T19:13:19.227741492Z"}
{"type":"log","step_name":"test","message":"ok  \tgithub.com/cloche-dev/cloche/internal/agent\t(cached)","timestamp":"2026-03-13T19:13:19.227743396Z"}
{"type":"log","step_name":"test","message":"ok  \tgithub.com/cloche-dev/cloche/internal/config\t(cached)","timestamp":"2026-03-13T19:13:19.22774534Z"}
{"type":"log","step_name":"test","message":"ok  \tgithub.com/cloche-dev/cloche/internal/domain\t(cached)","timestamp":"2026-03-13T19:13:19.227747243Z"}
{"type":"log","step_name":"test","message":"ok  \tgithub.com/cloche-dev/cloche/internal/dsl\t(cached)","timestamp":"2026-03-13T19:13:19.22775054Z"}
{"type":"log","step_name":"test","message":"ok  \tgithub.com/cloche-dev/cloche/internal/engine\t(cached)","timestamp":"2026-03-13T19:13:19.227752503Z"}
{"type":"log","step_name":"test","message":"ok  \tgithub.com/cloche-dev/cloche/internal/evolution\t(cached)","timestamp":"2026-03-13T19:13:19.227757693Z"}
{"type":"log","step_name":"test","message":"ok  \tgithub.com/cloche-dev/cloche/internal/host\t(cached)","timestamp":"2026-03-13T19:13:19.227760078Z"}
{"type":"log","step_name":"test","message":"ok  \tgithub.com/cloche-dev/cloche/internal/logstream\t(cached)","timestamp":"2026-03-13T19:13:19.227762632Z"}
{"type":"log","step_name":"test","message":"?   \tgithub.com/cloche-dev/cloche/internal/ports\t[no test files]","timestamp":"2026-03-13T19:13:19.227765217Z"}
{"type":"log","step_name":"test","message":"ok  \tgithub.com/cloche-dev/cloche/internal/protocol\t(cached)","timestamp":"2026-03-13T19:13:19.227767822Z"}
{"type":"log","step_name":"test","message":"ok  \tgithub.com/cloche-dev/cloche/internal/runcontext\t(cached)","timestamp":"2026-03-13T19:13:19.227770357Z"}
{"type":"log","step_name":"test","message":"ok  \tgithub.com/cloche-dev/cloche/test/integration\t(cached)","timestamp":"2026-03-13T19:13:19.227774024Z"}
{"type":"step_completed","step_name":"test","result":"success","timestamp":"2026-03-13T19:13:19.340364242Z"}
{"type":"step_started","step_name":"update-docs","timestamp":"2026-03-13T19:13:19.364854222Z"}
{"type":"log","step_name":"update-docs","message":"--- Tool: Read('/workspace/cmd/cloche/poll.go') ---","timestamp":"2026-03-13T19:13:26.776321271Z"}
{"type":"log","step_name":"update-docs","message":"--- Tool: Read('/workspace/cmd/cloche/help.go') ---","timestamp":"2026-03-13T19:13:27.254843482Z"}
{"type":"log","step_name":"update-docs","message":"--- Tool: Read('/workspace/cmd/cloche/poll_test.go') ---","timestamp":"2026-03-13T19:13:27.3539546Z"}
{"type":"log","step_name":"update-docs","message":"Now let me check existing documentation for references to the `poll` command.","timestamp":"2026-03-13T19:13:33.076030959Z"}
{"type":"log","step_name":"update-docs","message":"--- Tool: Grep('poll') ---","timestamp":"2026-03-13T19:13:33.633928834Z"}
{"type":"log","step_name":"update-docs","message":"--- Tool: Read('/workspace/docs/USAGE.md') ---","timestamp":"2026-03-13T19:13:36.65071083Z"}
{"type":"log","step_name":"update-docs","message":"The `docs/USAGE.md` poll section (lines 659-665) is out of date — it only documents single-run usage. Let me update it.","timestamp":"2026-03-13T19:13:39.74347203Z"}
{"type":"log","step_name":"update-docs","message":"--- Tool: Edit('/workspace/docs/USAGE.md') ---","timestamp":"2026-03-13T19:13:43.068651654Z"}
{"type":"log","step_name":"update-docs","message":"Let me verify the edit.","timestamp":"2026-03-13T19:13:45.584250906Z"}
{"type":"log","step_name":"update-docs","message":"--- Tool: Read('/workspace/docs/USAGE.md') ---","timestamp":"2026-03-13T19:13:46.053317646Z"}
{"type":"log","step_name":"update-docs","message":"The top-level help in `help.go` line 441 also describes poll as single-run only:","timestamp":"2026-03-13T19:13:50.837170673Z"}
{"type":"log","step_name":"update-docs","timestamp":"2026-03-13T19:13:50.837189478Z"}
{"type":"log","step_name":"update-docs","message":"```","timestamp":"2026-03-13T19:13:50.837191943Z"}
{"type":"log","step_name":"update-docs","message":"  poll       Wait for a run to finish (blocks until terminal state)","timestamp":"2026-03-13T19:13:50.837193907Z"}
{"type":"log","step_name":"update-docs","message":"```","timestamp":"2026-03-13T19:13:50.837196522Z"}
{"type":"log","step_name":"update-docs","timestamp":"2026-03-13T19:13:50.837198906Z"}
{"type":"log","step_name":"update-docs","message":"Let me check if this needs updating — the new behavior supports multiple runs.","timestamp":"2026-03-13T19:13:50.83720116Z"}
{"type":"log","step_name":"update-docs","message":"--- Tool: Edit('/workspace/cmd/cloche/help.go') ---","timestamp":"2026-03-13T19:13:51.476219379Z"}
{"type":"log","step_name":"update-docs","message":"Documentation is now updated. The two changes:","timestamp":"2026-03-13T19:13:56.515457508Z"}
{"type":"log","step_name":"update-docs","timestamp":"2026-03-13T19:13:56.515478417Z"}
{"type":"log","step_name":"update-docs","message":"1. **`docs/USAGE.md`** — Updated `cloche poll` section to document multiple run ID support, compact status summary output, and exit code semantics.","timestamp":"2026-03-13T19:13:56.515483647Z"}
{"type":"log","step_name":"update-docs","message":"2. **`cmd/cloche/help.go`** — Updated top-level help description for `poll` to mention \"one or more runs\".","timestamp":"2026-03-13T19:13:56.515490129Z"}
{"type":"log","step_name":"update-docs","timestamp":"2026-03-13T19:13:56.515495239Z"}
{"type":"log","step_name":"update-docs","message":"The detailed help text in `subcommandHelp[\"poll\"]` (help.go lines 138-160) was already correct — it already documents the multi-ID behavior, usage, and examples.","timestamp":"2026-03-13T19:13:56.515499096Z"}
{"type":"log","step_name":"update-docs","timestamp":"2026-03-13T19:13:56.515504476Z"}
{"type":"log","step_name":"update-docs","message":"CLOCHE_RESULT:success","timestamp":"2026-03-13T19:13:56.515508474Z"}
{"type":"log","step_name":"update-docs","message":"Documentation is now updated. The two changes:","timestamp":"2026-03-13T19:13:56.55180558Z"}
{"type":"log","step_name":"update-docs","timestamp":"2026-03-13T19:13:56.551825919Z"}
{"type":"log","step_name":"update-docs","message":"1. **`docs/USAGE.md`** — Updated `cloche poll` section to document multiple run ID support, compact status summary output, and exit code semantics.","timestamp":"2026-03-13T19:13:56.551829876Z"}
{"type":"log","step_name":"update-docs","message":"2. **`cmd/cloche/help.go`** — Updated top-level help description for `poll` to mention \"one or more runs\".","timestamp":"2026-03-13T19:13:56.551834224Z"}
{"type":"log","step_name":"update-docs","timestamp":"2026-03-13T19:13:56.551838352Z"}
{"type":"log","step_name":"update-docs","message":"The detailed help text in `subcommandHelp[\"poll\"]` (help.go lines 138-160) was already correct — it already documents the multi-ID behavior, usage, and examples.","timestamp":"2026-03-13T19:13:56.551841678Z"}
{"type":"log","step_name":"update-docs","timestamp":"2026-03-13T19:13:56.551845706Z"}
{"type":"log","step_name":"update-docs","message":"CLOCHE_RESULT:success","timestamp":"2026-03-13T19:13:56.948308269Z"}
{"type":"step_completed","step_name":"update-docs","result":"success","timestamp":"2026-03-13T19:13:57.084852258Z"}
{"type":"run_completed","result":"succeeded","timestamp":"2026-03-13T19:13:57.46773943Z"}
