{"type":"step_started","step_name":"implement","timestamp":"2026-03-06T20:44:28.310498815Z"}
{"type":"log","step_name":"implement","message":"Here's a summary of the changes:","timestamp":"2026-03-06T20:46:59.918497368Z"}
{"type":"log","step_name":"implement","timestamp":"2026-03-06T20:46:59.918548775Z"}
{"type":"log","step_name":"implement","message":"**`internal/adapters/docker/build.go`:**","timestamp":"2026-03-06T20:46:59.918560728Z"}
{"type":"log","step_name":"implement","message":"- Added `baseImageDigestLabel` constant (`cloche.baseimage.digest`)","timestamp":"2026-03-06T20:46:59.918568473Z"}
{"type":"log","step_name":"implement","message":"- Added `parseBaseImage()` — scans Dockerfile for the final `FROM` directive, handles `AS stage`, `--platform` flags, comments, and case-insensitive `FROM`","timestamp":"2026-03-06T20:46:59.91857224Z"}
{"type":"log","step_name":"implement","message":"- Added `baseImageID()` — runs `docker inspect --format {{.Id}}` to get the local image ID","timestamp":"2026-03-06T20:46:59.91857787Z"}
{"type":"log","step_name":"implement","message":"- Added `isBaseImageStale()` — compares stored base image digest label against current local base image ID","timestamp":"2026-03-06T20:46:59.918581517Z"}
{"type":"log","step_name":"implement","message":"- Modified `EnsureImage()` — after Dockerfile hash matches, calls `isBaseImageStale()` to check if base image changed locally","timestamp":"2026-03-06T20:46:59.918589142Z"}
{"type":"log","step_name":"implement","message":"- Modified `buildImage()` — now inspects the base image before building and stores its ID as `cloche.baseimage.digest` label","timestamp":"2026-03-06T20:46:59.918596445Z"}
{"type":"log","step_name":"implement","timestamp":"2026-03-06T20:46:59.91860389Z"}
{"type":"log","step_name":"implement","message":"**`internal/adapters/docker/build_test.go`:**","timestamp":"2026-03-06T20:46:59.918607386Z"}
{"type":"log","step_name":"implement","message":"- Added `TestParseBaseImage` — 8 sub-tests covering simple FROM, multi-stage (last FROM wins), scratch, no FROM, comments, lowercase, and `--platform` flag","timestamp":"2026-03-06T20:46:59.918611073Z"}
{"type":"log","step_name":"implement","message":"- Added `TestIsBaseImageStale_NoLabel` — verifies graceful handling when label is missing","timestamp":"2026-03-06T20:46:59.918618938Z"}
{"type":"log","step_name":"implement","message":"- Added `TestEnsureImage_StoresBaseImageDigest` — integration test verifying the label is set after build","timestamp":"2026-03-06T20:46:59.918629598Z"}
{"type":"log","step_name":"implement","timestamp":"2026-03-06T20:46:59.91864131Z"}
{"type":"log","step_name":"implement","message":"Key design decisions:","timestamp":"2026-03-06T20:46:59.918646019Z"}
{"type":"log","step_name":"implement","message":"- No `docker pull` — only compares locally available images (per requirements)","timestamp":"2026-03-06T20:46:59.918650738Z"}
{"type":"log","step_name":"implement","message":"- Missing label (old builds) is treated as non-stale — avoids forced rebuilds on upgrade","timestamp":"2026-03-06T20:46:59.918660547Z"}
{"type":"log","step_name":"implement","message":"- `scratch` base image is skipped since it has no digest to compare","timestamp":"2026-03-06T20:46:59.918673752Z"}
{"type":"log","step_name":"implement","timestamp":"2026-03-06T20:46:59.918683009Z"}
{"type":"log","step_name":"implement","message":"CLOCHE_RESULT:success","timestamp":"2026-03-06T20:47:00.450916536Z"}
{"type":"step_completed","step_name":"implement","result":"success","timestamp":"2026-03-06T20:47:00.452957604Z"}
{"type":"step_started","step_name":"test","timestamp":"2026-03-06T20:47:00.45299225Z"}
{"type":"step_completed","step_name":"test","result":"success","timestamp":"2026-03-06T20:47:15.631813657Z"}
{"type":"step_started","step_name":"update-docs","timestamp":"2026-03-06T20:47:15.631835959Z"}
{"type":"log","step_name":"update-docs","message":"Prompt is too long","timestamp":"2026-03-06T20:47:18.811911078Z"}
{"type":"step_completed","step_name":"update-docs","result":"fail","timestamp":"2026-03-06T20:47:18.812438355Z"}
{"type":"run_completed","result":"succeeded","timestamp":"2026-03-06T20:47:18.812476667Z"}
