{"type":"run_title","message":"Task: Web Workflow UI: Offset failure-path nodes with colored wire paths","timestamp":"2026-03-14T19:55:44.304436534Z"}
{"type":"step_started","step_name":"implement","timestamp":"2026-03-14T19:55:44.304811994Z"}
{"type":"log","step_name":"implement","message":"--- Tool: Agent('Explore the codebase to understand how workflow graphs ar...') ---","timestamp":"2026-03-14T19:55:56.140952199Z"}
{"type":"log","step_name":"implement","message":"--- Tool: Glob('**/*.html') ---","timestamp":"2026-03-14T19:55:57.432353264Z"}
{"type":"log","step_name":"implement","message":"--- Tool: Glob('**/*.js') ---","timestamp":"2026-03-14T19:55:57.639579548Z"}
{"type":"log","step_name":"implement","message":"--- Tool: Glob('**/*.css') ---","timestamp":"2026-03-14T19:55:57.850847185Z"}
{"type":"log","step_name":"implement","message":"--- Tool: Bash('find /workspace -name \"*.tmpl\" -o -name \"*.gohtml\" 2\u003e/dev...') ---","timestamp":"2026-03-14T19:55:58.092161806Z"}
{"type":"log","step_name":"implement","message":"--- Tool: Glob('internal/adapters/web/**/*.go') ---","timestamp":"2026-03-14T19:56:00.668968877Z"}
{"type":"log","step_name":"implement","message":"--- Tool: Read('/workspace/internal/adapters/web') ---","timestamp":"2026-03-14T19:56:00.826134542Z"}
{"type":"log","step_name":"implement","message":"--- Tool: Read('/workspace/internal/adapters/web/handler.go') ---","timestamp":"2026-03-14T19:56:01.982438585Z"}
{"type":"log","step_name":"implement","message":"--- Tool: Read('/workspace/internal/adapters/web/templates/run_detail.html') ---","timestamp":"2026-03-14T19:56:02.19401144Z"}
{"type":"log","step_name":"implement","message":"--- Tool: Read('/workspace/internal/adapters/web/static/style.css') ---","timestamp":"2026-03-14T19:56:02.316917303Z"}
{"type":"log","step_name":"implement","message":"--- Tool: Glob('internal/domain/**/*.go') ---","timestamp":"2026-03-14T19:56:07.183550747Z"}
{"type":"log","step_name":"implement","message":"--- Tool: Glob('internal/dsl/**/*.go') ---","timestamp":"2026-03-14T19:56:07.220466001Z"}
{"type":"log","step_name":"implement","message":"--- Tool: Read('/workspace/internal/domain/workflow.go') ---","timestamp":"2026-03-14T19:56:09.679769988Z"}
{"type":"log","step_name":"implement","message":"--- Tool: Read('/workspace/internal/domain/run.go') ---","timestamp":"2026-03-14T19:56:09.876827477Z"}
{"type":"log","step_name":"implement","message":"--- Tool: Bash('grep -n \"dag\\|graph\\|svg\\|node\\|edge\" /workspace/internal...') ---","timestamp":"2026-03-14T19:56:15.749082701Z"}
{"type":"log","step_name":"implement","message":"--- Tool: Bash('grep -rn \"workflow-dag\\|dag-\\|svg\" /workspace/internal/ad...') ---","timestamp":"2026-03-14T19:56:16.084666951Z"}
{"type":"log","step_name":"implement","message":"--- Tool: Read('/workspace/internal/adapters/web/templates/project_detail...') ---","timestamp":"2026-03-14T19:56:19.54012531Z"}
{"type":"log","step_name":"implement","message":"--- Tool: Bash('grep -n \"workflows\\|/api\" /workspace/internal/adapters/we...') ---","timestamp":"2026-03-14T19:56:24.272239764Z"}
{"type":"log","step_name":"implement","message":"--- Tool: Read('/workspace/internal/adapters/web/handler.go') ---","timestamp":"2026-03-14T19:56:26.951703056Z"}
{"type":"log","step_name":"implement","message":"--- Tool: Read('/workspace/internal/dsl/parser.go') ---","timestamp":"2026-03-14T19:56:30.99961122Z"}
{"type":"log","step_name":"implement","message":"--- Tool: Read('/workspace/internal/adapters/web/templates/layout.html') ---","timestamp":"2026-03-14T19:56:36.264382381Z"}
{"type":"log","step_name":"implement","message":"--- Tool: Bash('ls -la /workspace/internal/adapters/web/templates/') ---","timestamp":"2026-03-14T19:56:36.468755949Z"}
{"type":"log","step_name":"implement","message":"--- Tool: Grep('apiWire|apiStepDef|layerOf|positions|nodes|edges') ---","timestamp":"2026-03-14T19:56:40.91954387Z"}
{"type":"log","step_name":"implement","message":"--- Tool: Read('/workspace/internal/adapters/web/templates/project_detail...') ---","timestamp":"2026-03-14T19:57:06.476850986Z"}
{"type":"log","step_name":"implement","message":"--- Tool: Read('/workspace/internal/adapters/web/static/style.css') ---","timestamp":"2026-03-14T19:57:07.176539611Z"}
{"type":"log","step_name":"implement","message":"Now let me read the current CSS more carefully and check for existing tests.","timestamp":"2026-03-14T20:01:58.666125364Z"}
{"type":"log","step_name":"implement","message":"--- Tool: Read('/workspace/internal/adapters/web/static/style.css') ---","timestamp":"2026-03-14T20:01:59.182458245Z"}
{"type":"log","step_name":"implement","message":"--- Tool: Glob('internal/adapters/web/*_test.go') ---","timestamp":"2026-03-14T20:01:59.601590203Z"}
{"type":"log","step_name":"implement","message":"--- Tool: Grep('TestWorkflow|showWorkflow|dag|DAG|workflow.*test') ---","timestamp":"2026-03-14T20:02:05.174620973Z"}
{"type":"log","step_name":"implement","message":"--- Tool: Read('/workspace/internal/adapters/web/handler_test.go') ---","timestamp":"2026-03-14T20:02:10.035034746Z"}
{"type":"log","step_name":"implement","message":"Now I have a clear understanding of the codebase. Let me implement the changes:","timestamp":"2026-03-14T20:02:18.953471878Z"}
{"type":"log","step_name":"implement","timestamp":"2026-03-14T20:02:18.953491595Z"}
{"type":"log","step_name":"implement","message":"1. Replace the `showWorkflow()` function with wire-column routing for failure paths","timestamp":"2026-03-14T20:02:18.953495563Z"}
{"type":"log","step_name":"implement","message":"2. Update CSS","timestamp":"2026-03-14T20:02:18.95349907Z"}
{"type":"log","step_name":"implement","message":"3. Update tests","timestamp":"2026-03-14T20:02:18.953502386Z"}
{"type":"log","step_name":"implement","message":"--- Tool: Edit('/workspace/internal/adapters/web/templates/project_detail...') ---","timestamp":"2026-03-14T20:04:01.552684862Z"}
{"type":"log","step_name":"implement","message":"Now update the CSS to support the new wire column layout:","timestamp":"2026-03-14T20:04:04.965030508Z"}
{"type":"log","step_name":"implement","message":"--- Tool: Edit('/workspace/internal/adapters/web/static/style.css') ---","timestamp":"2026-03-14T20:04:06.343510378Z"}
{"type":"log","step_name":"implement","message":"--- Tool: Edit('/workspace/internal/adapters/web/static/style.css') ---","timestamp":"2026-03-14T20:04:10.820342775Z"}
{"type":"log","step_name":"implement","message":"Now update the test to check for the new features:","timestamp":"2026-03-14T20:04:13.444161573Z"}
{"type":"log","step_name":"implement","message":"--- Tool: Edit('/workspace/internal/adapters/web/handler_test.go') ---","timestamp":"2026-03-14T20:04:21.630351196Z"}
{"type":"log","step_name":"implement","message":"Now let me run the tests:","timestamp":"2026-03-14T20:04:23.799049034Z"}
{"type":"log","step_name":"implement","message":"--- Tool: Bash('go test ./... 2\u003e\u00261') ---","timestamp":"2026-03-14T20:04:24.579820974Z"}
{"type":"log","step_name":"implement","message":"The test fails because `dag-merge-dot` is no longer in the template (since we removed the old merge pattern code). Let me fix the test:","timestamp":"2026-03-14T20:05:22.46059608Z"}
{"type":"log","step_name":"implement","message":"--- Tool: Edit('/workspace/internal/adapters/web/handler_test.go') ---","timestamp":"2026-03-14T20:05:24.416209288Z"}
{"type":"log","step_name":"implement","message":"Wait, there are now two `dag-link-node` assertions. Let me check:","timestamp":"2026-03-14T20:05:27.129668832Z"}
{"type":"log","step_name":"implement","message":"--- Tool: Grep('dag-link-node') ---","timestamp":"2026-03-14T20:05:27.517622482Z"}
{"type":"log","step_name":"implement","message":"--- Tool: Edit('/workspace/internal/adapters/web/handler_test.go') ---","timestamp":"2026-03-14T20:05:33.948310864Z"}
{"type":"log","step_name":"implement","message":"Now remove the duplicate assertion at the end:","timestamp":"2026-03-14T20:05:36.824537736Z"}
{"type":"log","step_name":"implement","message":"--- Tool: Edit('/workspace/internal/adapters/web/handler_test.go') ---","timestamp":"2026-03-14T20:05:40.010934998Z"}
{"type":"log","step_name":"implement","message":"--- Tool: Bash('go test ./internal/adapters/web/... 2\u003e\u00261') ---","timestamp":"2026-03-14T20:05:43.295237766Z"}
{"type":"log","step_name":"implement","message":"Web tests pass. Now let me run the full test suite:","timestamp":"2026-03-14T20:05:49.042752332Z"}
{"type":"log","step_name":"implement","message":"--- Tool: Bash('go test ./... 2\u003e\u00261') ---","timestamp":"2026-03-14T20:05:49.586987528Z"}
{"type":"log","step_name":"implement","message":"All tests pass. Here's a summary of the changes:","timestamp":"2026-03-14T20:06:02.232999078Z"}
{"type":"log","step_name":"implement","timestamp":"2026-03-14T20:06:02.233027762Z"}
{"type":"log","step_name":"implement","message":"**`internal/adapters/web/templates/project_detail.html`** - Rewrote the `showWorkflow()` function:","timestamp":"2026-03-14T20:06:02.23303194Z"}
{"type":"log","step_name":"implement","message":"- **Color system**: Added `resultColor()` function mapping result types to colors (green for success, red for failure, then blue/yellow/magenta/cyan/orange for custom results)","timestamp":"2026-03-14T20:06:02.233035727Z"}
{"type":"log","step_name":"implement","message":"- **Wire column routing**: Non-success terminal wires are routed through offset \"wire columns\" to the right of all nodes — horizontal segment from source node's right edge to the column, then vertical down to the terminal — avoiding overlapping paths","timestamp":"2026-03-14T20:06:02.233047769Z"}
{"type":"log","step_name":"implement","message":"- **Terminal repositioning**: Terminals that only receive non-success wires (e.g., ABORT) are repositioned under their wire column","timestamp":"2026-03-14T20:06:02.233055785Z"}
{"type":"log","step_name":"implement","message":"- **Colored arrowhead markers**: Dynamically generated SVG markers per color","timestamp":"2026-03-14T20:06:02.233063028Z"}
{"type":"log","step_name":"implement","message":"- **Preserved**: Sugiyama layout, barycenter ordering, bezier curves for non-terminal wires","timestamp":"2026-03-14T20:06:02.233070432Z"}
{"type":"log","step_name":"implement","timestamp":"2026-03-14T20:06:02.233078337Z"}
{"type":"log","step_name":"implement","message":"**`internal/adapters/web/static/style.css`**:","timestamp":"2026-03-14T20:06:02.233081763Z"}
{"type":"log","step_name":"implement","message":"- Changed `#workflow-dag` to `overflow: auto` (both axes) for wider SVGs","timestamp":"2026-03-14T20:06:02.23308535Z"}
{"type":"log","step_name":"implement","message":"- Added `.dag-link-node` class for junction dots","timestamp":"2026-03-14T20:06:02.233089628Z"}
{"type":"log","step_name":"implement","timestamp":"2026-03-14T20:06:02.233093375Z"}
{"type":"log","step_name":"implement","message":"**`internal/adapters/web/handler_test.go`**:","timestamp":"2026-03-14T20:06:02.233096752Z"}
{"type":"log","step_name":"implement","message":"- Updated `TestProjectDetail_RendersLayoutEngine` assertions to check for new features (`resultColor`, `wireColumns`, `isFailureResult`, `colorPalette`, `wireColStart`, `dag-link-node`)","timestamp":"2026-03-14T20:06:02.23310141Z"}
{"type":"log","step_name":"implement","timestamp":"2026-03-14T20:06:02.233105388Z"}
{"type":"log","step_name":"implement","message":"CLOCHE_RESULT:success","timestamp":"2026-03-14T20:06:02.233108614Z"}
{"type":"log","step_name":"implement","message":"All tests pass. Here's a summary of the changes:","timestamp":"2026-03-14T20:06:02.252857167Z"}
{"type":"log","step_name":"implement","timestamp":"2026-03-14T20:06:02.252885391Z"}
{"type":"log","step_name":"implement","message":"**`internal/adapters/web/templates/project_detail.html`** - Rewrote the `showWorkflow()` function:","timestamp":"2026-03-14T20:06:02.2528905Z"}
{"type":"log","step_name":"implement","message":"- **Color system**: Added `resultColor()` function mapping result types to colors (green for success, red for failure, then blue/yellow/magenta/cyan/orange for custom results)","timestamp":"2026-03-14T20:06:02.25289549Z"}
{"type":"log","step_name":"implement","message":"- **Wire column routing**: Non-success terminal wires are routed through offset \"wire columns\" to the right of all nodes — horizontal segment from source node's right edge to the column, then vertical down to the terminal — avoiding overlapping paths","timestamp":"2026-03-14T20:06:02.252900669Z"}
{"type":"log","step_name":"implement","message":"- **Terminal repositioning**: Terminals that only receive non-success wires (e.g., ABORT) are repositioned under their wire column","timestamp":"2026-03-14T20:06:02.252906721Z"}
{"type":"log","step_name":"implement","message":"- **Colored arrowhead markers**: Dynamically generated SVG markers per color","timestamp":"2026-03-14T20:06:02.25291159Z"}
{"type":"log","step_name":"implement","message":"- **Preserved**: Sugiyama layout, barycenter ordering, bezier curves for non-terminal wires","timestamp":"2026-03-14T20:06:02.252915898Z"}
{"type":"log","step_name":"implement","timestamp":"2026-03-14T20:06:02.252920166Z"}
{"type":"log","step_name":"implement","message":"**`internal/adapters/web/static/style.css`**:","timestamp":"2026-03-14T20:06:02.252923963Z"}
{"type":"log","step_name":"implement","message":"- Changed `#workflow-dag` to `overflow: auto` (both axes) for wider SVGs","timestamp":"2026-03-14T20:06:02.252928532Z"}
{"type":"log","step_name":"implement","message":"- Added `.dag-link-node` class for junction dots","timestamp":"2026-03-14T20:06:02.252933321Z"}
{"type":"log","step_name":"implement","timestamp":"2026-03-14T20:06:02.25293803Z"}
{"type":"log","step_name":"implement","message":"**`internal/adapters/web/handler_test.go`**:","timestamp":"2026-03-14T20:06:02.252942147Z"}
{"type":"log","step_name":"implement","message":"- Updated `TestProjectDetail_RendersLayoutEngine` assertions to check for new features (`resultColor`, `wireColumns`, `isFailureResult`, `colorPalette`, `wireColStart`, `dag-link-node`)","timestamp":"2026-03-14T20:06:02.252948259Z"}
{"type":"log","step_name":"implement","timestamp":"2026-03-14T20:06:02.252953509Z"}
{"type":"log","step_name":"implement","message":"CLOCHE_RESULT:success","timestamp":"2026-03-14T20:06:02.583597577Z"}
{"type":"step_completed","step_name":"implement","result":"success","timestamp":"2026-03-14T20:06:02.774336055Z"}
{"type":"step_started","step_name":"test","timestamp":"2026-03-14T20:06:02.827966008Z"}
{"type":"log","step_name":"test","message":"?   \tgithub.com/cloche-dev/cloche/api/clochepb\t[no test files]","timestamp":"2026-03-14T20:06:03.6448023Z"}
{"type":"log","step_name":"test","message":"ok  \tgithub.com/cloche-dev/cloche/cmd/cloche\t10.041s","timestamp":"2026-03-14T20:06:14.043729667Z"}
{"type":"log","step_name":"test","message":"?   \tgithub.com/cloche-dev/cloche/cmd/cloche-agent\t[no test files]","timestamp":"2026-03-14T20:06:14.04392782Z"}
{"type":"log","step_name":"test","message":"?   \tgithub.com/cloche-dev/cloche/cmd/cloched\t[no test files]","timestamp":"2026-03-14T20:06:14.043935104Z"}
{"type":"log","step_name":"test","message":"ok  \tgithub.com/cloche-dev/cloche/internal/adapters/agents/generic\t(cached)","timestamp":"2026-03-14T20:06:14.043939562Z"}
{"type":"log","step_name":"test","message":"ok  \tgithub.com/cloche-dev/cloche/internal/adapters/agents/prompt\t(cached)","timestamp":"2026-03-14T20:06:14.043945253Z"}
{"type":"log","step_name":"test","message":"ok  \tgithub.com/cloche-dev/cloche/internal/adapters/docker\t(cached)","timestamp":"2026-03-14T20:06:14.043947948Z"}
{"type":"log","step_name":"test","message":"ok  \tgithub.com/cloche-dev/cloche/internal/adapters/grpc\t(cached)","timestamp":"2026-03-14T20:06:14.043951725Z"}
{"type":"log","step_name":"test","message":"ok  \tgithub.com/cloche-dev/cloche/internal/adapters/local\t(cached)","timestamp":"2026-03-14T20:06:14.04395444Z"}
{"type":"log","step_name":"test","message":"ok  \tgithub.com/cloche-dev/cloche/internal/adapters/sqlite\t(cached)","timestamp":"2026-03-14T20:06:14.043956995Z"}
{"type":"log","step_name":"test","message":"ok  \tgithub.com/cloche-dev/cloche/internal/adapters/web\t(cached)","timestamp":"2026-03-14T20:06:14.04395996Z"}
{"type":"log","step_name":"test","message":"ok  \tgithub.com/cloche-dev/cloche/internal/agent\t(cached)","timestamp":"2026-03-14T20:06:14.043962495Z"}
{"type":"log","step_name":"test","message":"ok  \tgithub.com/cloche-dev/cloche/internal/config\t(cached)","timestamp":"2026-03-14T20:06:14.04396482Z"}
{"type":"log","step_name":"test","message":"ok  \tgithub.com/cloche-dev/cloche/internal/domain\t(cached)","timestamp":"2026-03-14T20:06:14.043967575Z"}
{"type":"log","step_name":"test","message":"ok  \tgithub.com/cloche-dev/cloche/internal/dsl\t(cached)","timestamp":"2026-03-14T20:06:14.043969889Z"}
{"type":"log","step_name":"test","message":"ok  \tgithub.com/cloche-dev/cloche/internal/engine\t(cached)","timestamp":"2026-03-14T20:06:14.043972284Z"}
{"type":"log","step_name":"test","message":"ok  \tgithub.com/cloche-dev/cloche/internal/evolution\t(cached)","timestamp":"2026-03-14T20:06:14.043976141Z"}
{"type":"log","step_name":"test","message":"ok  \tgithub.com/cloche-dev/cloche/internal/host\t(cached)","timestamp":"2026-03-14T20:06:14.043979307Z"}
{"type":"log","step_name":"test","message":"ok  \tgithub.com/cloche-dev/cloche/internal/logstream\t(cached)","timestamp":"2026-03-14T20:06:14.043981531Z"}
{"type":"log","step_name":"test","message":"?   \tgithub.com/cloche-dev/cloche/internal/ports\t[no test files]","timestamp":"2026-03-14T20:06:14.043984036Z"}
{"type":"log","step_name":"test","message":"ok  \tgithub.com/cloche-dev/cloche/internal/protocol\t(cached)","timestamp":"2026-03-14T20:06:14.043986691Z"}
{"type":"log","step_name":"test","message":"ok  \tgithub.com/cloche-dev/cloche/internal/runcontext\t(cached)","timestamp":"2026-03-14T20:06:14.043989165Z"}
{"type":"log","step_name":"test","message":"ok  \tgithub.com/cloche-dev/cloche/internal/version\t(cached)","timestamp":"2026-03-14T20:06:14.04399165Z"}
{"type":"log","step_name":"test","message":"ok  \tgithub.com/cloche-dev/cloche/test/integration\t(cached)","timestamp":"2026-03-14T20:06:14.043994125Z"}
{"type":"step_completed","step_name":"test","result":"success","timestamp":"2026-03-14T20:06:14.123053005Z"}
{"type":"step_started","step_name":"update-docs","timestamp":"2026-03-14T20:06:14.137924815Z"}
{"type":"log","step_name":"update-docs","message":"--- Tool: Read('/workspace/internal/adapters/web/handler_test.go') ---","timestamp":"2026-03-14T20:06:20.611165408Z"}
{"type":"log","step_name":"update-docs","message":"--- Tool: Read('/workspace/internal/adapters/web/templates/project_detail...') ---","timestamp":"2026-03-14T20:06:21.023263817Z"}
{"type":"log","step_name":"update-docs","message":"--- Tool: Read('/workspace/internal/adapters/web/static/style.css') ---","timestamp":"2026-03-14T20:06:21.296038065Z"}
{"type":"log","step_name":"update-docs","message":"Now let me check the relevant documentation files.","timestamp":"2026-03-14T20:06:25.053432237Z"}
{"type":"log","step_name":"update-docs","message":"--- Tool: Glob('docs/**/*.md') ---","timestamp":"2026-03-14T20:06:25.671650957Z"}
{"type":"log","step_name":"update-docs","message":"--- Tool: Grep('workflow.*graph|DAG|dag|wire.*path|workflow.*UI|web.*UI') ---","timestamp":"2026-03-14T20:06:27.153654771Z"}
{"type":"log","step_name":"update-docs","message":"--- Tool: Grep('workflow.*graph|DAG|dag|wire.*path|wire.*column|offset|co...') ---","timestamp":"2026-03-14T20:06:32.196411156Z"}
{"type":"log","step_name":"update-docs","message":"--- Tool: Read('/workspace/docs/plans/2026-03-06-project-pages-design.md') ---","timestamp":"2026-03-14T20:06:41.063410448Z"}
{"type":"log","step_name":"update-docs","message":"Now I can see the documentation is outdated. The implementation uses a wire-column approach with per-result coloring, not the merge bus described in the docs. Let me update.","timestamp":"2026-03-14T20:06:44.597809511Z"}
{"type":"log","step_name":"update-docs","message":"--- Tool: Edit('/workspace/docs/plans/2026-03-06-project-pages-design.md') ---","timestamp":"2026-03-14T20:06:57.258627662Z"}
{"type":"log","step_name":"update-docs","message":"Now let me verify the edit is correct.","timestamp":"2026-03-14T20:06:59.850581145Z"}
{"type":"log","step_name":"update-docs","message":"--- Tool: Read('/workspace/docs/plans/2026-03-06-project-pages-design.md') ---","timestamp":"2026-03-14T20:07:00.120497429Z"}
{"type":"log","step_name":"update-docs","message":"The documentation now accurately reflects the implementation. No other doc files need updating — the USAGE.md already mentions colorized wires correctly, and workflows.md doesn't describe rendering.","timestamp":"2026-03-14T20:07:03.405950318Z"}
{"type":"log","step_name":"update-docs","timestamp":"2026-03-14T20:07:03.405973491Z"}
{"type":"log","step_name":"update-docs","message":"CLOCHE_RESULT:success","timestamp":"2026-03-14T20:07:03.405977769Z"}
{"type":"log","step_name":"update-docs","message":"The documentation now accurately reflects the implementation. No other doc files need updating — the USAGE.md already mentions colorized wires correctly, and workflows.md doesn't describe rendering.","timestamp":"2026-03-14T20:07:03.428103968Z"}
{"type":"log","step_name":"update-docs","timestamp":"2026-03-14T20:07:03.428122502Z"}
{"type":"log","step_name":"update-docs","message":"CLOCHE_RESULT:success","timestamp":"2026-03-14T20:07:03.793068468Z"}
{"type":"step_completed","step_name":"update-docs","result":"success","timestamp":"2026-03-14T20:07:03.895085462Z"}
{"type":"run_completed","result":"succeeded","timestamp":"2026-03-14T20:07:03.929726222Z"}
