{"type":"step_started","step_name":"implement","timestamp":"2026-03-09T00:39:47.983622524Z"}
{"type":"log","step_name":"implement","message":"All tests pass across the entire project.","timestamp":"2026-03-09T00:43:18.882433188Z"}
{"type":"log","step_name":"implement","timestamp":"2026-03-09T00:43:18.882501137Z"}
{"type":"log","step_name":"implement","message":"## Summary","timestamp":"2026-03-09T00:43:18.882510625Z"}
{"type":"log","step_name":"implement","timestamp":"2026-03-09T00:43:18.882515264Z"}
{"type":"log","step_name":"implement","message":"The bug was that expanding a prompt file in the Project Info page showed git commit history (SHA, date, commit message) instead of the actual file contents.","timestamp":"2026-03-09T00:43:18.882519552Z"}
{"type":"log","step_name":"implement","timestamp":"2026-03-09T00:43:18.88252901Z"}
{"type":"log","step_name":"implement","message":"**Changes made:**","timestamp":"2026-03-09T00:43:18.882533418Z"}
{"type":"log","step_name":"implement","timestamp":"2026-03-09T00:43:18.882537686Z"}
{"type":"log","step_name":"implement","message":"1. **`internal/adapters/web/handler.go`**: Added a new `handleAPIPromptContent` endpoint (`GET /api/projects/{name}/info/prompt-content?file=...`) that reads and returns the actual file contents of a prompt file. Includes path traversal protection by validating the file path starts with `.cloche/prompts/`.","timestamp":"2026-03-09T00:43:18.882541834Z"}
{"type":"log","step_name":"implement","timestamp":"2026-03-09T00:43:18.882562333Z"}
{"type":"log","step_name":"implement","message":"2. **`internal/adapters/web/templates/project_detail.html`**: Changed the `\u003cdetails\u003e` expansion to show a `\u003cpre\u003e` block with file contents (lazy-loaded on expand) instead of listing git commits. Removed the unused `toggleDiff` function.","timestamp":"2026-03-09T00:43:18.882566701Z"}
{"type":"log","step_name":"implement","timestamp":"2026-03-09T00:43:18.882577121Z"}
{"type":"log","step_name":"implement","message":"3. **`internal/adapters/web/handler_test.go`**: Added `TestAPIPromptContent` with 4 subtests covering: successful content retrieval, missing file parameter, path traversal rejection, and nonexistent file handling.","timestamp":"2026-03-09T00:43:18.882581559Z"}
{"type":"log","step_name":"implement","timestamp":"2026-03-09T00:43:18.882591157Z"}
{"type":"log","step_name":"implement","message":"CLOCHE_RESULT:success","timestamp":"2026-03-09T00:43:19.19482202Z"}
{"type":"step_completed","step_name":"implement","result":"success","timestamp":"2026-03-09T00:43:19.198250411Z"}
{"type":"step_started","step_name":"test","timestamp":"2026-03-09T00:43:19.198284376Z"}
{"type":"step_completed","step_name":"test","result":"success","timestamp":"2026-03-09T00:43:19.676933686Z"}
{"type":"step_started","step_name":"update-docs","timestamp":"2026-03-09T00:43:19.676953383Z"}
{"type":"log","step_name":"update-docs","message":"All 27 tests pass. The docs don't need changes — the web dashboard API is internal and not documented in `docs/USAGE.md`.","timestamp":"2026-03-09T00:46:11.890637343Z"}
{"type":"log","step_name":"update-docs","timestamp":"2026-03-09T00:46:11.890688169Z"}
{"type":"log","step_name":"update-docs","message":"**Summary of the fix (already in working tree):**","timestamp":"2026-03-09T00:46:11.890692637Z"}
{"type":"log","step_name":"update-docs","timestamp":"2026-03-09T00:46:11.890696785Z"}
{"type":"log","step_name":"update-docs","message":"The bug was in `project_detail.html`. The original Prompts section expansion rendered git commit history (`sha`, `date`, `message`) from the `/info` API response. The fix:","timestamp":"2026-03-09T00:46:11.890700292Z"}
{"type":"log","step_name":"update-docs","timestamp":"2026-03-09T00:46:11.89070448Z"}
{"type":"log","step_name":"update-docs","message":"1. **Template** (`project_detail.html`): Replaced commit history rendering with a `\u003cpre\u003eLoading...\u003c/pre\u003e` element and a toggle event listener that lazy-loads actual file contents from a new endpoint","timestamp":"2026-03-09T00:46:11.890707756Z"}
{"type":"log","step_name":"update-docs","message":"2. **Backend** (`handler.go`): Added `handleAPIPromptContent` endpoint at `GET /api/projects/{name}/info/prompt-content` that reads and returns the prompt file's contents (with path traversal protection)","timestamp":"2026-03-09T00:46:11.890712224Z"}
{"type":"log","step_name":"update-docs","message":"3. **Route registration**: Added the new route in `NewHandler`","timestamp":"2026-03-09T00:46:11.890716663Z"}
{"type":"log","step_name":"update-docs","message":"4. **Tests** (`handler_test.go`): Added `TestAPIPromptContent` covering success, missing param, path traversal rejection, and 404 cases","timestamp":"2026-03-09T00:46:11.89072066Z"}
{"type":"log","step_name":"update-docs","timestamp":"2026-03-09T00:46:11.890725339Z"}
{"type":"log","step_name":"update-docs","message":"CLOCHE_RESULT:success","timestamp":"2026-03-09T00:46:12.127683286Z"}
{"type":"step_completed","step_name":"update-docs","result":"success","timestamp":"2026-03-09T00:46:12.131347881Z"}
{"type":"run_completed","result":"succeeded","timestamp":"2026-03-09T00:46:12.131436038Z"}
