{"type":"run_title","message":"Task: V2: Database schema — tasks, attempts, attempt_logs tables","timestamp":"2026-03-18T18:19:25.318870549Z"}
{"type":"step_started","step_name":"implement","timestamp":"2026-03-18T18:19:25.319233936Z"}
{"type":"log","step_name":"implement","message":"--- Tool: Agent('Explore the codebase to understand:","timestamp":"2026-03-18T18:19:45.578160044Z"}
{"type":"log","step_name":"implement","message":"1. The current SQLite...') ---","timestamp":"2026-03-18T18:19:45.578211491Z"}
{"type":"log","step_name":"implement","message":"--- Tool: Glob('**/ports/**/*.go') ---","timestamp":"2026-03-18T18:19:50.1886555Z"}
{"type":"log","step_name":"implement","message":"--- Tool: Glob('**/adapters/**/*.go') ---","timestamp":"2026-03-18T18:19:50.206498394Z"}
{"type":"log","step_name":"implement","message":"--- Tool: Glob('**/domain/**/*.go') ---","timestamp":"2026-03-18T18:19:50.400171797Z"}
{"type":"log","step_name":"implement","message":"--- Tool: Glob('**/*.sql') ---","timestamp":"2026-03-18T18:19:50.596268982Z"}
{"type":"log","step_name":"implement","message":"--- Tool: Bash('find /workspace -name \"*test*.go\" -type f | head -20') ---","timestamp":"2026-03-18T18:19:50.695670437Z"}
{"type":"log","step_name":"implement","message":"--- Tool: Glob('internal/ports/*.go') ---","timestamp":"2026-03-18T18:19:57.000767634Z"}
{"type":"log","step_name":"implement","message":"--- Tool: Glob('internal/adapters/sqlite*/*.go') ---","timestamp":"2026-03-18T18:19:57.175010914Z"}
{"type":"log","step_name":"implement","message":"--- Tool: Glob('internal/domain/*.go') ---","timestamp":"2026-03-18T18:19:57.293951418Z"}
{"type":"log","step_name":"implement","message":"--- Tool: Read('/workspace/internal/ports/store.go') ---","timestamp":"2026-03-18T18:20:00.352323302Z"}
{"type":"log","step_name":"implement","message":"--- Tool: Read('/workspace/internal/adapters/sqlite/store.go') ---","timestamp":"2026-03-18T18:20:00.682315296Z"}
{"type":"log","step_name":"implement","message":"--- Tool: Read('/workspace/internal/domain/run.go') ---","timestamp":"2026-03-18T18:20:01.125100517Z"}
{"type":"log","step_name":"implement","message":"--- Tool: Read('/workspace/internal/adapters/sqlite/store_test.go') ---","timestamp":"2026-03-18T18:20:01.190901745Z"}
{"type":"log","step_name":"implement","message":"Let me check what references exist to the store interfaces and the Run domain types across the codebase.","timestamp":"2026-03-18T18:20:15.093717945Z"}
{"type":"log","step_name":"implement","message":"--- Tool: Grep('RunStore|TaskStore|AttemptStore') ---","timestamp":"2026-03-18T18:20:15.236063477Z"}
{"type":"log","step_name":"implement","message":"--- Tool: Grep('attempt_id|AttemptID') ---","timestamp":"2026-03-18T18:20:16.142294942Z"}
{"type":"log","step_name":"implement","message":"--- Tool: Grep('\\.TaskID|\\.TaskTitle') ---","timestamp":"2026-03-18T18:20:16.340579132Z"}
{"type":"step_completed","step_name":"implement","result":"success","timestamp":"2026-03-18T18:20:17.646006293Z"}
{"type":"step_started","step_name":"test","timestamp":"2026-03-18T18:20:17.783923366Z"}
{"type":"log","step_name":"test","message":"go: downloading github.com/stretchr/testify v1.11.1","timestamp":"2026-03-18T18:20:19.93333927Z"}
{"type":"log","step_name":"test","message":"go: downloading google.golang.org/grpc v1.79.1","timestamp":"2026-03-18T18:20:19.933371862Z"}
{"type":"log","step_name":"test","message":"go: downloading modernc.org/sqlite v1.46.1","timestamp":"2026-03-18T18:20:19.95175099Z"}
{"type":"log","step_name":"test","message":"go: downloading google.golang.org/protobuf v1.36.11","timestamp":"2026-03-18T18:20:19.957012915Z"}
{"type":"log","step_name":"test","message":"go: downloading github.com/BurntSushi/toml v1.6.0","timestamp":"2026-03-18T18:20:19.986591861Z"}
{"type":"log","step_name":"test","message":"go: downloading github.com/pmezard/go-difflib v1.0.0","timestamp":"2026-03-18T18:20:26.804636854Z"}
{"type":"log","step_name":"test","message":"go: downloading github.com/davecgh/go-spew v1.1.1","timestamp":"2026-03-18T18:20:26.804778322Z"}
{"type":"log","step_name":"test","message":"go: downloading gopkg.in/yaml.v3 v3.0.1","timestamp":"2026-03-18T18:20:26.805260503Z"}
{"type":"log","step_name":"test","message":"go: downloading golang.org/x/sys v0.39.0","timestamp":"2026-03-18T18:20:27.294474741Z"}
{"type":"log","step_name":"test","message":"go: downloading golang.org/x/net v0.48.0","timestamp":"2026-03-18T18:20:27.294645273Z"}
{"type":"log","step_name":"test","message":"go: downloading google.golang.org/genproto/googleapis/rpc v0.0.0-20251202230838-ff82c1b0f217","timestamp":"2026-03-18T18:20:27.295037364Z"}
{"type":"log","step_name":"test","message":"go: downloading golang.org/x/text v0.32.0","timestamp":"2026-03-18T18:20:27.71679295Z"}
{"type":"log","step_name":"test","message":"go: downloading modernc.org/libc v1.67.6","timestamp":"2026-03-18T18:20:34.671041392Z"}
{"type":"log","step_name":"test","message":"go: downloading modernc.org/memory v1.11.0","timestamp":"2026-03-18T18:20:36.54712021Z"}
{"type":"log","step_name":"test","message":"go: downloading golang.org/x/exp v0.0.0-20251023183803-a4bb9ffd2546","timestamp":"2026-03-18T18:20:36.547146119Z"}
{"type":"log","step_name":"test","message":"go: downloading github.com/dustin/go-humanize v1.0.1","timestamp":"2026-03-18T18:20:36.547152721Z"}
{"type":"log","step_name":"test","message":"go: downloading github.com/google/uuid v1.6.0","timestamp":"2026-03-18T18:20:36.547220519Z"}
{"type":"log","step_name":"test","message":"go: downloading modernc.org/mathutil v1.7.1","timestamp":"2026-03-18T18:20:36.547235377Z"}
{"type":"log","step_name":"test","message":"go: downloading github.com/remyoudompheng/bigfft v0.0.0-20230129092748-24d4a6f8daec","timestamp":"2026-03-18T18:20:36.613342685Z"}
{"type":"error","message":"workflow cancelled: context canceled","timestamp":"2026-03-18T18:20:39.156821466Z"}
{"type":"run_completed","result":"failed","timestamp":"2026-03-18T18:20:39.156910615Z"}
error: workflow cancelled: context canceled
