{"type":"step_started","step_name":"implement","timestamp":"2026-03-09T15:34:48.132894008Z"}
{"type":"log","step_name":"implement","message":"Build and tests pass. Here's what I changed:","timestamp":"2026-03-09T15:36:22.205159205Z"}
{"type":"log","step_name":"implement","timestamp":"2026-03-09T15:36:22.205205152Z"}
{"type":"log","step_name":"implement","message":"**Backend** (`handler.go`): Added a `content` field to the prompt file API response that reads and returns the actual file contents.","timestamp":"2026-03-09T15:36:22.2052093Z"}
{"type":"log","step_name":"implement","timestamp":"2026-03-09T15:36:22.205217014Z"}
{"type":"log","step_name":"implement","message":"**Frontend** (`project_detail.html`): The `\u003cdetails\u003e` expansion now shows the file content in a `\u003cpre\u003e` block as the primary view. The git commit history is moved into a nested `\u003cdetails\u003e` element labeled \"History (N commits)\" so it's still accessible but not the default view.","timestamp":"2026-03-09T15:36:22.205243184Z"}
{"type":"log","step_name":"implement","timestamp":"2026-03-09T15:36:22.205256409Z"}
{"type":"log","step_name":"implement","message":"CLOCHE_RESULT:success","timestamp":"2026-03-09T15:36:22.515701439Z"}
{"type":"step_completed","step_name":"implement","result":"success","timestamp":"2026-03-09T15:36:22.518190737Z"}
{"type":"step_started","step_name":"test","timestamp":"2026-03-09T15:36:22.518217638Z"}
{"type":"step_completed","step_name":"test","result":"success","timestamp":"2026-03-09T15:36:39.770439994Z"}
{"type":"step_started","step_name":"update-docs","timestamp":"2026-03-09T15:36:39.770473909Z"}
{"type":"log","step_name":"update-docs","message":"The fix addresses both root causes:","timestamp":"2026-03-09T15:41:02.783119979Z"}
{"type":"log","step_name":"update-docs","timestamp":"2026-03-09T15:41:02.783153172Z"}
{"type":"log","step_name":"update-docs","message":"**Backend (`handler.go`)**:","timestamp":"2026-03-09T15:41:02.783157611Z"}
{"type":"log","step_name":"update-docs","message":"- Added `Content string` field to the `promptFile` struct so file contents are included in the API response","timestamp":"2026-03-09T15:41:02.783161338Z"}
{"type":"log","step_name":"update-docs","message":"- Added `os.ReadFile` call to read the actual prompt file contents before appending to the response","timestamp":"2026-03-09T15:41:02.783165966Z"}
{"type":"log","step_name":"update-docs","timestamp":"2026-03-09T15:41:02.78317321Z"}
{"type":"log","step_name":"update-docs","message":"**Frontend (`project_detail.html`)**:","timestamp":"2026-03-09T15:41:02.783177007Z"}
{"type":"log","step_name":"update-docs","message":"- Added file content display: when expanding a prompt file, the actual file contents are shown in a `\u003cpre\u003e` block (or \"Empty file\" if content is empty)","timestamp":"2026-03-09T15:41:02.783181325Z"}
{"type":"log","step_name":"update-docs","message":"- Wrapped git history in a nested `\u003cdetails\u003e` element (collapsed by default) so commits don't dominate the view — previously they were rendered directly in an open `\u003cdiv\u003e`","timestamp":"2026-03-09T15:41:02.78318907Z"}
{"type":"log","step_name":"update-docs","timestamp":"2026-03-09T15:41:02.78319423Z"}
{"type":"log","step_name":"update-docs","message":"CLOCHE_RESULT:success","timestamp":"2026-03-09T15:41:03.077975455Z"}
{"type":"step_completed","step_name":"update-docs","result":"success","timestamp":"2026-03-09T15:41:03.081426649Z"}
{"type":"run_completed","result":"succeeded","timestamp":"2026-03-09T15:41:03.081492834Z"}
