{"type":"run_title","message":"Task: Move cloche daemon state to ~/.config/cloche/","timestamp":"2026-03-14T19:48:38.64516347Z"}
{"type":"step_started","step_name":"implement","timestamp":"2026-03-14T19:48:38.64533215Z"}
{"type":"log","step_name":"implement","message":"--- Tool: Agent('Find where the cloche daemon configures its state directo...') ---","timestamp":"2026-03-14T19:48:50.641162829Z"}
{"type":"log","step_name":"implement","message":"--- Tool: Grep('cloche\\.db') ---","timestamp":"2026-03-14T19:48:53.150456759Z"}
{"type":"log","step_name":"implement","message":"--- Tool: Grep('\\.sock|socket') ---","timestamp":"2026-03-14T19:48:53.406042715Z"}
{"type":"log","step_name":"implement","message":"--- Tool: Grep('state.*dir|config.*dir|XDG_|HOME') ---","timestamp":"2026-03-14T19:48:53.735381062Z"}
{"type":"log","step_name":"implement","message":"--- Tool: Read('/workspace/cmd/cloched/main.go') ---","timestamp":"2026-03-14T19:48:56.604852823Z"}
{"type":"log","step_name":"implement","message":"--- Tool: Read('/workspace/internal/config/config_test.go') ---","timestamp":"2026-03-14T19:48:56.819616785Z"}
{"type":"log","step_name":"implement","message":"--- Tool: Read('/workspace/internal/adapters/sqlite/store.go') ---","timestamp":"2026-03-14T19:48:57.040769841Z"}
{"type":"log","step_name":"implement","message":"--- Tool: Glob('internal/config/**') ---","timestamp":"2026-03-14T19:48:57.056488062Z"}
{"type":"log","step_name":"implement","message":"--- Tool: Read('/workspace/internal/config/config.go') ---","timestamp":"2026-03-14T19:49:00.24740558Z"}
{"type":"log","step_name":"implement","message":"--- Tool: Grep('\\.config|\\.cloche|LoadGlobal') ---","timestamp":"2026-03-14T19:49:01.12663771Z"}
{"type":"log","step_name":"implement","message":"--- Tool: Read('/workspace/cmd/cloche/main.go') ---","timestamp":"2026-03-14T19:49:05.426239832Z"}
{"type":"log","step_name":"implement","message":"--- Tool: Grep('CLOCHE_LISTEN|CLOCHE_DB|unix://|/tmp/cloche') ---","timestamp":"2026-03-14T19:49:05.998191317Z"}
{"type":"log","step_name":"implement","message":"--- Tool: Grep('log.*file|logs.*dir|logfile') ---","timestamp":"2026-03-14T19:49:12.275890672Z"}
{"type":"log","step_name":"implement","message":"--- Tool: Grep('environ|getenv|home|config|state') ---","timestamp":"2026-03-14T19:49:12.720978547Z"}
{"type":"log","step_name":"implement","message":"--- Tool: Read('/workspace/cmd/cloche/help.go') ---","timestamp":"2026-03-14T19:49:16.426952864Z"}
{"type":"log","step_name":"implement","message":"--- Tool: Read('/workspace/cmd/cloche/help.go') ---","timestamp":"2026-03-14T19:49:21.240781976Z"}
{"type":"log","step_name":"implement","message":"--- Tool: Grep('CLOCHE_ADDR|CLOCHE_DB|CLOCHE_LISTEN|CLOCHE_HTTP|CLOCHE_RU...') ---","timestamp":"2026-03-14T19:49:21.887305533Z"}
{"type":"log","step_name":"implement","message":"--- Tool: Bash('grep -r \"UserHomeDir\\|\\.config\" /workspace --include=\"*.g...') ---","timestamp":"2026-03-14T19:49:28.106407733Z"}
{"type":"log","step_name":"implement","message":"--- Tool: Read('/workspace/cmd/cloche/help.go') ---","timestamp":"2026-03-14T19:49:30.985995366Z"}
{"type":"log","step_name":"implement","message":"--- Tool: Read('/workspace/cmd/cloche/help.go') ---","timestamp":"2026-03-14T19:49:35.715472607Z"}
{"type":"log","step_name":"implement","message":"Now let me read the key files.","timestamp":"2026-03-14T19:49:54.26598196Z"}
{"type":"log","step_name":"implement","message":"--- Tool: Read('/workspace/cmd/cloched/main.go') ---","timestamp":"2026-03-14T19:49:54.271619814Z"}
{"type":"log","step_name":"implement","message":"--- Tool: Read('/workspace/cmd/cloche/main.go') ---","timestamp":"2026-03-14T19:49:55.584947506Z"}
{"type":"log","step_name":"implement","message":"--- Tool: Read('/workspace/internal/config/config.go') ---","timestamp":"2026-03-14T19:49:55.720394942Z"}
{"type":"log","step_name":"implement","message":"--- Tool: Read('/workspace/cmd/cloche/project.go') ---","timestamp":"2026-03-14T19:49:56.056813401Z"}
{"type":"log","step_name":"implement","message":"Now let me check the help text and find all socket default references.","timestamp":"2026-03-14T19:50:09.344864569Z"}
{"type":"log","step_name":"implement","message":"--- Tool: Grep('unix:///tmp/cloche\\.sock') ---","timestamp":"2026-03-14T19:50:09.353483171Z"}
{"type":"log","step_name":"implement","message":"--- Tool: Grep('\"cloche\\.db\"') ---","timestamp":"2026-03-14T19:50:09.398142513Z"}
{"type":"log","step_name":"implement","message":"Now I have a clear picture. I need to:","timestamp":"2026-03-14T19:50:16.094286873Z"}
{"type":"log","step_name":"implement","timestamp":"2026-03-14T19:50:16.094307572Z"}
{"type":"log","step_name":"implement","message":"1. Add a `StateDir()` function to the config package that returns `~/.config/cloche/`","timestamp":"2026-03-14T19:50:16.094309867Z"}
{"type":"log","step_name":"implement","message":"2. Update the daemon default for DB to `~/.config/cloche/cloche.db`","timestamp":"2026-03-14T19:50:16.094314065Z"}
{"type":"log","step_name":"implement","message":"3. Update the daemon default for socket to `unix://~/.config/cloche/cloche.sock`","timestamp":"2026-03-14T19:50:16.094318022Z"}
{"type":"log","step_name":"implement","message":"4. Update all client-side socket defaults to match","timestamp":"2026-03-14T19:50:16.094323883Z"}
{"type":"log","step_name":"implement","message":"5. Ensure the directory is created on daemon startup","timestamp":"2026-03-14T19:50:16.094327179Z"}
{"type":"log","step_name":"implement","message":"6. Update help text","timestamp":"2026-03-14T19:50:16.094329283Z"}
{"type":"log","step_name":"implement","timestamp":"2026-03-14T19:50:16.094331097Z"}
{"type":"log","step_name":"implement","message":"Let me also check for existing tests.","timestamp":"2026-03-14T19:50:16.09433282Z"}
{"type":"log","step_name":"implement","message":"--- Tool: Glob('internal/config/*_test.go') ---","timestamp":"2026-03-14T19:50:16.097543433Z"}
{"type":"log","step_name":"implement","message":"--- Tool: Glob('cmd/cloched/*_test.go') ---","timestamp":"2026-03-14T19:50:16.470245942Z"}
{"type":"log","step_name":"implement","message":"--- Tool: Read('/workspace/internal/config/config_test.go') ---","timestamp":"2026-03-14T19:50:19.03087528Z"}
{"type":"log","step_name":"implement","message":"Now let me read the help.go to see the exact lines I need to update.","timestamp":"2026-03-14T19:50:23.327741333Z"}
{"type":"log","step_name":"implement","message":"--- Tool: Read('/workspace/cmd/cloche/help.go') ---","timestamp":"2026-03-14T19:50:23.739131259Z"}
{"type":"log","step_name":"implement","message":"--- Tool: Read('/workspace/cmd/cloche/help.go') ---","timestamp":"2026-03-14T19:50:24.625271825Z"}
{"type":"log","step_name":"implement","message":"--- Tool: Read('/workspace/cmd/cloche/main.go') ---","timestamp":"2026-03-14T19:50:24.992394831Z"}
{"type":"log","step_name":"implement","message":"Now I have all the context. Let me implement the changes.","timestamp":"2026-03-14T19:50:30.465907096Z"}
{"type":"log","step_name":"implement","timestamp":"2026-03-14T19:50:30.46592503Z"}
{"type":"log","step_name":"implement","message":"**Plan:**","timestamp":"2026-03-14T19:50:30.465928206Z"}
{"type":"log","step_name":"implement","message":"1. Add `StateDir()` to `internal/config/config.go` — returns `~/.config/cloche/` and ensures the directory exists","timestamp":"2026-03-14T19:50:30.465931222Z"}
{"type":"log","step_name":"implement","message":"2. Add `DefaultSocketAddr()` and `DefaultDBPath()` helpers","timestamp":"2026-03-14T19:50:30.465935119Z"}
{"type":"log","step_name":"implement","message":"3. Update `cmd/cloched/main.go` to use new defaults","timestamp":"2026-03-14T19:50:30.465938806Z"}
{"type":"log","step_name":"implement","message":"4. Update all 3 socket references in `cmd/cloche/main.go` and `cmd/cloche/project.go`","timestamp":"2026-03-14T19:50:30.465942523Z"}
{"type":"log","step_name":"implement","message":"5. Update help text","timestamp":"2026-03-14T19:50:30.465945959Z"}
{"type":"log","step_name":"implement","message":"6. Add tests","timestamp":"2026-03-14T19:50:30.465950087Z"}
{"type":"log","step_name":"implement","message":"7. Update docs","timestamp":"2026-03-14T19:50:30.465953424Z"}
{"type":"log","step_name":"implement","message":"--- Tool: Edit('/workspace/internal/config/config.go') ---","timestamp":"2026-03-14T19:50:35.023034849Z"}
{"type":"log","step_name":"implement","message":"Now update the daemon defaults:","timestamp":"2026-03-14T19:50:37.332523258Z"}
{"type":"log","step_name":"implement","message":"--- Tool: Edit('/workspace/cmd/cloched/main.go') ---","timestamp":"2026-03-14T19:50:40.350160205Z"}
{"type":"log","step_name":"implement","message":"Now update all client-side socket defaults:","timestamp":"2026-03-14T19:50:43.793447742Z"}
{"type":"log","step_name":"implement","message":"--- Tool: Edit('/workspace/cmd/cloche/main.go') ---","timestamp":"2026-03-14T19:50:44.751296032Z"}
{"type":"log","step_name":"implement","message":"--- Tool: Edit('/workspace/cmd/cloche/project.go') ---","timestamp":"2026-03-14T19:50:48.538313817Z"}
{"type":"log","step_name":"implement","message":"Now I need to add the config import to the files that need it. Let me check current imports.","timestamp":"2026-03-14T19:50:52.533098458Z"}
{"type":"log","step_name":"implement","message":"--- Tool: Read('/workspace/cmd/cloche/main.go') ---","timestamp":"2026-03-14T19:50:52.984336265Z"}
{"type":"log","step_name":"implement","message":"--- Tool: Read('/workspace/cmd/cloche/project.go') ---","timestamp":"2026-03-14T19:50:53.096823352Z"}
{"type":"log","step_name":"implement","message":"--- Tool: Edit('/workspace/cmd/cloche/main.go') ---","timestamp":"2026-03-14T19:50:57.670362005Z"}
{"type":"log","step_name":"implement","message":"--- Tool: Edit('/workspace/cmd/cloche/project.go') ---","timestamp":"2026-03-14T19:51:02.380100607Z"}
{"type":"log","step_name":"implement","message":"Now update the help text:","timestamp":"2026-03-14T19:51:05.471833905Z"}
{"type":"log","step_name":"implement","message":"--- Tool: Edit('/workspace/cmd/cloche/help.go') ---","timestamp":"2026-03-14T19:51:06.591150058Z"}
{"type":"log","step_name":"implement","message":"--- Tool: Edit('/workspace/cmd/cloche/help.go') ---","timestamp":"2026-03-14T19:51:09.706288646Z"}
{"type":"log","step_name":"implement","message":"Now add tests for the new functions:","timestamp":"2026-03-14T19:51:15.770336304Z"}
{"type":"log","step_name":"implement","message":"--- Tool: Read('/workspace/internal/config/config_test.go') ---","timestamp":"2026-03-14T19:51:16.370170868Z"}
{"type":"log","step_name":"implement","message":"--- Tool: Edit('/workspace/internal/config/config_test.go') ---","timestamp":"2026-03-14T19:51:24.089899742Z"}
{"type":"log","step_name":"implement","message":"Now let's run the tests:","timestamp":"2026-03-14T19:51:26.493914215Z"}
{"type":"log","step_name":"implement","message":"--- Tool: Bash('go test ./... 2\u003e\u00261') ---","timestamp":"2026-03-14T19:51:27.319748914Z"}
{"type":"log","step_name":"implement","message":"All tests pass. Let me also update the docs:","timestamp":"2026-03-14T19:52:20.755511276Z"}
{"type":"log","step_name":"implement","message":"--- Tool: Edit('/workspace/docs/USAGE.md') ---","timestamp":"2026-03-14T19:52:21.755417016Z"}
{"type":"log","step_name":"implement","message":"--- Tool: Grep('CLOCHE_LISTEN|CLOCHE_ADDR.*unix|cloche\\.db') ---","timestamp":"2026-03-14T19:52:25.159696807Z"}
{"type":"log","step_name":"implement","message":"--- Tool: Read('/workspace/docs/USAGE.md') ---","timestamp":"2026-03-14T19:52:27.798764116Z"}
{"type":"log","step_name":"implement","message":"--- Tool: Edit('/workspace/docs/USAGE.md') ---","timestamp":"2026-03-14T19:52:31.440219811Z"}
{"type":"log","step_name":"implement","message":"--- Tool: Edit('/workspace/docs/USAGE.md') ---","timestamp":"2026-03-14T19:52:34.909649312Z"}
{"type":"log","step_name":"implement","message":"Let me run the tests one more time to confirm everything still passes:","timestamp":"2026-03-14T19:52:37.703475172Z"}
{"type":"log","step_name":"implement","message":"--- Tool: Bash('go test ./... 2\u003e\u00261') ---","timestamp":"2026-03-14T19:52:38.230291854Z"}
{"type":"log","step_name":"implement","message":"All tests pass.","timestamp":"2026-03-14T19:52:46.64876926Z"}
{"type":"log","step_name":"implement","timestamp":"2026-03-14T19:52:46.648786843Z"}
{"type":"log","step_name":"implement","message":"## Summary of changes","timestamp":"2026-03-14T19:52:46.648797343Z"}
{"type":"log","step_name":"implement","timestamp":"2026-03-14T19:52:46.648799507Z"}
{"type":"log","step_name":"implement","message":"**`internal/config/config.go`** — Added four new functions:","timestamp":"2026-03-14T19:52:46.64880131Z"}
{"type":"log","step_name":"implement","message":"- `StateDir()` — returns `~/.config/cloche/` (falls back to temp dir if HOME unavailable)","timestamp":"2026-03-14T19:52:46.648805618Z"}
{"type":"log","step_name":"implement","message":"- `EnsureStateDir()` — creates the state directory and returns its path","timestamp":"2026-03-14T19:52:46.648810377Z"}
{"type":"log","step_name":"implement","message":"- `DefaultDBPath()` — returns `~/.config/cloche/cloche.db`","timestamp":"2026-03-14T19:52:46.648814876Z"}
{"type":"log","step_name":"implement","message":"- `DefaultSocketAddr()` — returns `unix://~/.config/cloche/cloche.sock`","timestamp":"2026-03-14T19:52:46.64881687Z"}
{"type":"log","step_name":"implement","timestamp":"2026-03-14T19:52:46.648819134Z"}
{"type":"log","step_name":"implement","message":"**`cmd/cloched/main.go`** — Daemon now calls `EnsureStateDir()` on startup and uses `DefaultDBPath()` / `DefaultSocketAddr()` as fallback defaults instead of `\"cloche.db\"` / `\"unix:///tmp/cloche.sock\"`.","timestamp":"2026-03-14T19:52:46.648820967Z"}
{"type":"log","step_name":"implement","timestamp":"2026-03-14T19:52:46.648823592Z"}
{"type":"log","step_name":"implement","message":"**`cmd/cloche/main.go`** and **`cmd/cloche/project.go`** — All three places where the client defaults to a socket address now use `config.DefaultSocketAddr()`.","timestamp":"2026-03-14T19:52:46.648825456Z"}
{"type":"log","step_name":"implement","timestamp":"2026-03-14T19:52:46.648827901Z"}
{"type":"log","step_name":"implement","message":"**`cmd/cloche/help.go`** and **`docs/USAGE.md`** — Updated help text and documentation to reflect new default paths.","timestamp":"2026-03-14T19:52:46.648829654Z"}
{"type":"log","step_name":"implement","timestamp":"2026-03-14T19:52:46.648831828Z"}
{"type":"log","step_name":"implement","message":"**`internal/config/config_test.go`** — Added tests for `StateDir`, `EnsureStateDir`, `DefaultDBPath`, and `DefaultSocketAddr`.","timestamp":"2026-03-14T19:52:46.648833702Z"}
{"type":"log","step_name":"implement","timestamp":"2026-03-14T19:52:46.648835846Z"}
{"type":"log","step_name":"implement","message":"Env var overrides (`CLOCHE_DB`, `CLOCHE_LISTEN`, `CLOCHE_ADDR`) and config file overrides still work as before.","timestamp":"2026-03-14T19:52:46.648837709Z"}
{"type":"log","step_name":"implement","timestamp":"2026-03-14T19:52:46.648839983Z"}
{"type":"log","step_name":"implement","message":"CLOCHE_RESULT:success","timestamp":"2026-03-14T19:52:46.648841897Z"}
{"type":"log","step_name":"implement","message":"All tests pass.","timestamp":"2026-03-14T19:52:46.670305836Z"}
{"type":"log","step_name":"implement","timestamp":"2026-03-14T19:52:46.670319131Z"}
{"type":"log","step_name":"implement","message":"## Summary of changes","timestamp":"2026-03-14T19:52:46.670321395Z"}
{"type":"log","step_name":"implement","timestamp":"2026-03-14T19:52:46.670323369Z"}
{"type":"log","step_name":"implement","message":"**`internal/config/config.go`** — Added four new functions:","timestamp":"2026-03-14T19:52:46.670328038Z"}
{"type":"log","step_name":"implement","message":"- `StateDir()` — returns `~/.config/cloche/` (falls back to temp dir if HOME unavailable)","timestamp":"2026-03-14T19:52:46.670330362Z"}
{"type":"log","step_name":"implement","message":"- `EnsureStateDir()` — creates the state directory and returns its path","timestamp":"2026-03-14T19:52:46.670332446Z"}
{"type":"log","step_name":"implement","message":"- `DefaultDBPath()` — returns `~/.config/cloche/cloche.db`","timestamp":"2026-03-14T19:52:46.67033449Z"}
{"type":"log","step_name":"implement","message":"- `DefaultSocketAddr()` — returns `unix://~/.config/cloche/cloche.sock`","timestamp":"2026-03-14T19:52:46.670336383Z"}
{"type":"log","step_name":"implement","timestamp":"2026-03-14T19:52:46.670338578Z"}
{"type":"log","step_name":"implement","message":"**`cmd/cloched/main.go`** — Daemon now calls `EnsureStateDir()` on startup and uses `DefaultDBPath()` / `DefaultSocketAddr()` as fallback defaults instead of `\"cloche.db\"` / `\"unix:///tmp/cloche.sock\"`.","timestamp":"2026-03-14T19:52:46.670340381Z"}
{"type":"log","step_name":"implement","timestamp":"2026-03-14T19:52:46.670342806Z"}
{"type":"log","step_name":"implement","message":"**`cmd/cloche/main.go`** and **`cmd/cloche/project.go`** — All three places where the client defaults to a socket address now use `config.DefaultSocketAddr()`.","timestamp":"2026-03-14T19:52:46.670346493Z"}
{"type":"log","step_name":"implement","timestamp":"2026-03-14T19:52:46.670348967Z"}
{"type":"log","step_name":"implement","message":"**`cmd/cloche/help.go`** and **`docs/USAGE.md`** — Updated help text and documentation to reflect new default paths.","timestamp":"2026-03-14T19:52:46.670351011Z"}
{"type":"log","step_name":"implement","timestamp":"2026-03-14T19:52:46.670353005Z"}
{"type":"log","step_name":"implement","message":"**`internal/config/config_test.go`** — Added tests for `StateDir`, `EnsureStateDir`, `DefaultDBPath`, and `DefaultSocketAddr`.","timestamp":"2026-03-14T19:52:46.670354738Z"}
{"type":"log","step_name":"implement","timestamp":"2026-03-14T19:52:46.670356772Z"}
{"type":"log","step_name":"implement","message":"Env var overrides (`CLOCHE_DB`, `CLOCHE_LISTEN`, `CLOCHE_ADDR`) and config file overrides still work as before.","timestamp":"2026-03-14T19:52:46.670358585Z"}
{"type":"log","step_name":"implement","timestamp":"2026-03-14T19:52:46.670360749Z"}
{"type":"log","step_name":"implement","message":"CLOCHE_RESULT:success","timestamp":"2026-03-14T19:52:46.970525535Z"}
{"type":"step_completed","step_name":"implement","result":"success","timestamp":"2026-03-14T19:52:47.010625854Z"}
{"type":"step_started","step_name":"test","timestamp":"2026-03-14T19:52:47.029843333Z"}
{"type":"log","step_name":"test","message":"?   \tgithub.com/cloche-dev/cloche/api/clochepb\t[no test files]","timestamp":"2026-03-14T19:52:47.357452759Z"}
{"type":"log","step_name":"test","message":"ok  \tgithub.com/cloche-dev/cloche/cmd/cloche\t10.042s","timestamp":"2026-03-14T19:52:57.704891632Z"}
{"type":"log","step_name":"test","message":"?   \tgithub.com/cloche-dev/cloche/cmd/cloche-agent\t[no test files]","timestamp":"2026-03-14T19:52:57.704928742Z"}
{"type":"log","step_name":"test","message":"?   \tgithub.com/cloche-dev/cloche/cmd/cloched\t[no test files]","timestamp":"2026-03-14T19:52:57.704931978Z"}
{"type":"log","step_name":"test","message":"ok  \tgithub.com/cloche-dev/cloche/internal/adapters/agents/generic\t(cached)","timestamp":"2026-03-14T19:52:57.704939332Z"}
{"type":"log","step_name":"test","message":"ok  \tgithub.com/cloche-dev/cloche/internal/adapters/agents/prompt\t(cached)","timestamp":"2026-03-14T19:52:57.704941957Z"}
{"type":"log","step_name":"test","message":"ok  \tgithub.com/cloche-dev/cloche/internal/adapters/docker\t(cached)","timestamp":"2026-03-14T19:52:57.704944392Z"}
{"type":"log","step_name":"test","message":"ok  \tgithub.com/cloche-dev/cloche/internal/adapters/grpc\t(cached)","timestamp":"2026-03-14T19:52:57.704949572Z"}
{"type":"log","step_name":"test","message":"ok  \tgithub.com/cloche-dev/cloche/internal/adapters/local\t(cached)","timestamp":"2026-03-14T19:52:57.704952106Z"}
{"type":"log","step_name":"test","message":"ok  \tgithub.com/cloche-dev/cloche/internal/adapters/sqlite\t(cached)","timestamp":"2026-03-14T19:52:57.704954531Z"}
{"type":"log","step_name":"test","message":"ok  \tgithub.com/cloche-dev/cloche/internal/adapters/web\t(cached)","timestamp":"2026-03-14T19:52:57.704956986Z"}
{"type":"log","step_name":"test","message":"ok  \tgithub.com/cloche-dev/cloche/internal/agent\t(cached)","timestamp":"2026-03-14T19:52:57.70495947Z"}
{"type":"log","step_name":"test","message":"ok  \tgithub.com/cloche-dev/cloche/internal/config\t(cached)","timestamp":"2026-03-14T19:52:57.704963017Z"}
{"type":"log","step_name":"test","message":"ok  \tgithub.com/cloche-dev/cloche/internal/domain\t(cached)","timestamp":"2026-03-14T19:52:57.704965452Z"}
{"type":"log","step_name":"test","message":"ok  \tgithub.com/cloche-dev/cloche/internal/dsl\t(cached)","timestamp":"2026-03-14T19:52:57.704967796Z"}
{"type":"log","step_name":"test","message":"ok  \tgithub.com/cloche-dev/cloche/internal/engine\t(cached)","timestamp":"2026-03-14T19:52:57.704970221Z"}
{"type":"log","step_name":"test","message":"ok  \tgithub.com/cloche-dev/cloche/internal/evolution\t(cached)","timestamp":"2026-03-14T19:52:57.704977534Z"}
{"type":"log","step_name":"test","message":"ok  \tgithub.com/cloche-dev/cloche/internal/host\t(cached)","timestamp":"2026-03-14T19:52:57.704979909Z"}
{"type":"log","step_name":"test","message":"ok  \tgithub.com/cloche-dev/cloche/internal/logstream\t(cached)","timestamp":"2026-03-14T19:52:57.704983205Z"}
{"type":"log","step_name":"test","message":"?   \tgithub.com/cloche-dev/cloche/internal/ports\t[no test files]","timestamp":"2026-03-14T19:52:57.70498565Z"}
{"type":"log","step_name":"test","message":"ok  \tgithub.com/cloche-dev/cloche/internal/protocol\t(cached)","timestamp":"2026-03-14T19:52:57.704993234Z"}
{"type":"log","step_name":"test","message":"ok  \tgithub.com/cloche-dev/cloche/internal/runcontext\t(cached)","timestamp":"2026-03-14T19:52:57.704996771Z"}
{"type":"log","step_name":"test","message":"ok  \tgithub.com/cloche-dev/cloche/internal/version\t(cached)","timestamp":"2026-03-14T19:52:57.705005147Z"}
{"type":"log","step_name":"test","message":"ok  \tgithub.com/cloche-dev/cloche/test/integration\t(cached)","timestamp":"2026-03-14T19:52:57.705008784Z"}
{"type":"step_completed","step_name":"test","result":"success","timestamp":"2026-03-14T19:52:57.802538108Z"}
{"type":"step_started","step_name":"update-docs","timestamp":"2026-03-14T19:52:57.811643631Z"}
{"type":"log","step_name":"update-docs","message":"Let me read the modified source files and existing documentation in parallel.","timestamp":"2026-03-14T19:53:05.270187612Z"}
{"type":"log","step_name":"update-docs","message":"--- Tool: Bash('git diff HEAD -- cmd/cloched/main.go internal/config/conf...') ---","timestamp":"2026-03-14T19:53:06.703787294Z"}
{"type":"log","step_name":"update-docs","message":"--- Tool: Read('/workspace/docs/USAGE.md') ---","timestamp":"2026-03-14T19:53:07.015719347Z"}
{"type":"log","step_name":"update-docs","message":"Now let me check the diff for USAGE.md specifically.","timestamp":"2026-03-14T19:53:12.086960758Z"}
{"type":"log","step_name":"update-docs","message":"--- Tool: Bash('git diff HEAD -- docs/USAGE.md') ---","timestamp":"2026-03-14T19:53:12.498182485Z"}
{"type":"log","step_name":"update-docs","message":"The documentation has already been updated to reflect the `~/.config/cloche/` state directory change. Let me verify the docs match the source code:","timestamp":"2026-03-14T19:53:21.328517047Z"}
{"type":"log","step_name":"update-docs","timestamp":"2026-03-14T19:53:21.328550249Z"}
{"type":"log","step_name":"update-docs","message":"- **USAGE.md**: `CLOCHE_LISTEN` default → `unix://~/.config/cloche/cloche.sock` — matches `config.DefaultSocketAddr()`","timestamp":"2026-03-14T19:53:21.32855608Z"}
{"type":"log","step_name":"update-docs","message":"- **USAGE.md**: `CLOCHE_DB` default → `~/.config/cloche/cloche.db` — matches `config.DefaultDBPath()`","timestamp":"2026-03-14T19:53:21.328582871Z"}
{"type":"log","step_name":"update-docs","message":"- **USAGE.md**: `CLOCHE_ADDR` default → `unix://~/.config/cloche/cloche.sock` — matches `config.DefaultSocketAddr()`","timestamp":"2026-03-14T19:53:21.328590075Z"}
{"type":"log","step_name":"update-docs","message":"- **help.go**: Both `CLOCHE_ADDR` references updated to `unix://~/.config/cloche/cloche.sock` — matches","timestamp":"2026-03-14T19:53:21.328595806Z"}
{"type":"log","step_name":"update-docs","timestamp":"2026-03-14T19:53:21.328600975Z"}
{"type":"log","step_name":"update-docs","message":"Let me also check if there are other docs that reference the old paths.","timestamp":"2026-03-14T19:53:21.328605744Z"}
{"type":"log","step_name":"update-docs","message":"--- Tool: Grep('/tmp/cloche') ---","timestamp":"2026-03-14T19:53:22.04006305Z"}
{"type":"log","step_name":"update-docs","message":"--- Tool: Grep('/tmp/cloche') ---","timestamp":"2026-03-14T19:53:25.234606147Z"}
{"type":"log","step_name":"update-docs","message":"That's in a historical design/plan document — those are meant to capture the original plan, not current behavior. No need to update.","timestamp":"2026-03-14T19:53:30.564723165Z"}
{"type":"log","step_name":"update-docs","timestamp":"2026-03-14T19:53:30.564748352Z"}
{"type":"log","step_name":"update-docs","message":"All documentation in USAGE.md and help.go already reflects the `~/.config/cloche/` state directory change. No additional doc updates needed.","timestamp":"2026-03-14T19:53:30.564763231Z"}
{"type":"log","step_name":"update-docs","timestamp":"2026-03-14T19:53:30.564767609Z"}
{"type":"log","step_name":"update-docs","message":"CLOCHE_RESULT:success","timestamp":"2026-03-14T19:53:30.564771186Z"}
{"type":"log","step_name":"update-docs","message":"That's in a historical design/plan document — those are meant to capture the original plan, not current behavior. No need to update.","timestamp":"2026-03-14T19:53:30.599846279Z"}
{"type":"log","step_name":"update-docs","timestamp":"2026-03-14T19:53:30.599870655Z"}
{"type":"log","step_name":"update-docs","message":"All documentation in USAGE.md and help.go already reflects the `~/.config/cloche/` state directory change. No additional doc updates needed.","timestamp":"2026-03-14T19:53:30.599874302Z"}
{"type":"log","step_name":"update-docs","timestamp":"2026-03-14T19:53:30.599877719Z"}
{"type":"log","step_name":"update-docs","message":"CLOCHE_RESULT:success","timestamp":"2026-03-14T19:53:31.153372402Z"}
{"type":"step_completed","step_name":"update-docs","result":"success","timestamp":"2026-03-14T19:53:31.449924974Z"}
{"type":"run_completed","result":"succeeded","timestamp":"2026-03-14T19:53:31.562684015Z"}
