{"type":"run_title","message":"Task: V2: ID format — colon-delimited attempt:workflow:step","timestamp":"2026-03-18T19:00:45.355686677Z"}
{"type":"step_started","step_name":"implement","timestamp":"2026-03-18T19:00:45.356003586Z"}
{"type":"log","step_name":"implement","message":"--- Tool: Agent('Find all code related to run ID generation, parsing, and ...') ---","timestamp":"2026-03-18T19:01:07.886606188Z"}
{"type":"log","step_name":"implement","message":"--- Tool: Glob('**/*.go') ---","timestamp":"2026-03-18T19:01:09.336162729Z"}
{"type":"log","step_name":"implement","message":"--- Tool: Grep('RunID|run.?[Ii][Dd]|GenerateID|NewRun') ---","timestamp":"2026-03-18T19:01:14.544981088Z"}
{"type":"log","step_name":"implement","message":"--- Tool: Grep('runid|run_id') ---","timestamp":"2026-03-18T19:01:15.570240461Z"}
{"type":"log","step_name":"implement","message":"--- Tool: Glob('**/runid*') ---","timestamp":"2026-03-18T19:01:15.910347983Z"}
{"type":"log","step_name":"implement","message":"--- Tool: Glob('**/id*.go') ---","timestamp":"2026-03-18T19:01:15.922708309Z"}
{"type":"log","step_name":"implement","message":"--- Tool: Read('/workspace/internal/domain/run.go') ---","timestamp":"2026-03-18T19:01:30.216430185Z"}
{"type":"log","step_name":"implement","message":"--- Tool: Read('/workspace/internal/domain/namegen.go') ---","timestamp":"2026-03-18T19:01:30.674702722Z"}
{"type":"log","step_name":"implement","message":"--- Tool: Read('/workspace/internal/domain/namegen_test.go') ---","timestamp":"2026-03-18T19:01:31.179394659Z"}
{"type":"log","step_name":"implement","message":"--- Tool: Read('/workspace/internal/domain/run_test.go') ---","timestamp":"2026-03-18T19:01:31.336542501Z"}
{"type":"log","step_name":"implement","message":"Now let me find where `GenerateRunID` is called and where run IDs are parsed/destructured.","timestamp":"2026-03-18T19:01:35.655307773Z"}
{"type":"log","step_name":"implement","message":"--- Tool: Grep('GenerateRunID') ---","timestamp":"2026-03-18T19:01:36.579650073Z"}
{"type":"log","step_name":"implement","message":"--- Tool: Grep('ParseRunID|parseRunID|SplitRunID|splitRunID') ---","timestamp":"2026-03-18T19:01:37.177649374Z"}
{"type":"log","step_name":"implement","message":"--- Tool: Grep('strings\\.Split.*runID|strings\\.Split.*RunID|strings\\.Spli...') ---","timestamp":"2026-03-18T19:01:38.28122809Z"}
{"type":"step_completed","step_name":"implement","result":"success","timestamp":"2026-03-18T19:01:41.651473871Z"}
{"type":"step_started","step_name":"test","timestamp":"2026-03-18T19:01:41.657402082Z"}
{"type":"log","step_name":"test","message":"go: downloading google.golang.org/grpc v1.79.1","timestamp":"2026-03-18T19:01:41.777651771Z"}
{"type":"log","step_name":"test","message":"go: downloading github.com/stretchr/testify v1.11.1","timestamp":"2026-03-18T19:01:41.780653739Z"}
{"type":"log","step_name":"test","message":"go: downloading google.golang.org/protobuf v1.36.11","timestamp":"2026-03-18T19:01:41.781468339Z"}
{"type":"log","step_name":"test","message":"go: downloading github.com/BurntSushi/toml v1.6.0","timestamp":"2026-03-18T19:01:41.782228697Z"}
{"type":"log","step_name":"test","message":"go: downloading modernc.org/sqlite v1.46.1","timestamp":"2026-03-18T19:01:41.782415811Z"}
{"type":"log","step_name":"test","message":"go: downloading gopkg.in/yaml.v3 v3.0.1","timestamp":"2026-03-18T19:01:46.99576119Z"}
{"type":"log","step_name":"test","message":"go: downloading github.com/davecgh/go-spew v1.1.1","timestamp":"2026-03-18T19:01:46.995785746Z"}
{"type":"log","step_name":"test","message":"go: downloading github.com/pmezard/go-difflib v1.0.0","timestamp":"2026-03-18T19:01:46.995788992Z"}
{"type":"log","step_name":"test","message":"go: downloading golang.org/x/sys v0.39.0","timestamp":"2026-03-18T19:01:47.400368763Z"}
{"type":"log","step_name":"test","message":"go: downloading golang.org/x/net v0.48.0","timestamp":"2026-03-18T19:01:47.400480193Z"}
{"type":"log","step_name":"test","message":"go: downloading google.golang.org/genproto/googleapis/rpc v0.0.0-20251202230838-ff82c1b0f217","timestamp":"2026-03-18T19:01:47.400540788Z"}
{"type":"log","step_name":"test","message":"go: downloading golang.org/x/text v0.32.0","timestamp":"2026-03-18T19:01:47.699799092Z"}
{"type":"log","step_name":"test","message":"go: downloading modernc.org/libc v1.67.6","timestamp":"2026-03-18T19:01:55.270604718Z"}
{"type":"log","step_name":"test","message":"go: downloading modernc.org/memory v1.11.0","timestamp":"2026-03-18T19:01:57.093315685Z"}
{"type":"log","step_name":"test","message":"go: downloading github.com/dustin/go-humanize v1.0.1","timestamp":"2026-03-18T19:01:57.093346493Z"}
{"type":"log","step_name":"test","message":"go: downloading github.com/google/uuid v1.6.0","timestamp":"2026-03-18T19:01:57.093384816Z"}
{"type":"log","step_name":"test","message":"go: downloading modernc.org/mathutil v1.7.1","timestamp":"2026-03-18T19:01:57.093389875Z"}
{"type":"log","step_name":"test","message":"go: downloading golang.org/x/exp v0.0.0-20251023183803-a4bb9ffd2546","timestamp":"2026-03-18T19:01:57.093459898Z"}
{"type":"log","step_name":"test","message":"go: downloading github.com/remyoudompheng/bigfft v0.0.0-20230129092748-24d4a6f8daec","timestamp":"2026-03-18T19:01:57.140966122Z"}
{"type":"log","step_name":"test","message":"?   \tgithub.com/cloche-dev/cloche/api/clochepb\t[no test files]","timestamp":"2026-03-18T19:02:08.453081576Z"}
{"type":"log","step_name":"test","message":"ok  \tgithub.com/cloche-dev/cloche/cmd/cloche\t10.041s","timestamp":"2026-03-18T19:02:19.085149151Z"}
{"type":"log","step_name":"test","message":"?   \tgithub.com/cloche-dev/cloche/cmd/cloche-agent\t[no test files]","timestamp":"2026-03-18T19:02:19.085172956Z"}
{"type":"log","step_name":"test","message":"?   \tgithub.com/cloche-dev/cloche/cmd/cloched\t[no test files]","timestamp":"2026-03-18T19:02:19.085186481Z"}
{"type":"log","step_name":"test","message":"ok  \tgithub.com/cloche-dev/cloche/internal/adapters/agents/generic\t0.019s","timestamp":"2026-03-18T19:02:19.085190339Z"}
{"type":"log","step_name":"test","message":"ok  \tgithub.com/cloche-dev/cloche/internal/adapters/agents/prompt\t0.037s","timestamp":"2026-03-18T19:02:19.085193885Z"}
{"type":"log","step_name":"test","message":"ok  \tgithub.com/cloche-dev/cloche/internal/adapters/docker\t0.005s","timestamp":"2026-03-18T19:02:19.085197642Z"}
{"type":"log","step_name":"test","message":"ok  \tgithub.com/cloche-dev/cloche/internal/adapters/grpc\t4.826s","timestamp":"2026-03-18T19:02:22.638253457Z"}
{"type":"log","step_name":"test","message":"ok  \tgithub.com/cloche-dev/cloche/internal/adapters/local\t0.006s","timestamp":"2026-03-18T19:02:22.638282041Z"}
{"type":"log","step_name":"test","message":"ok  \tgithub.com/cloche-dev/cloche/internal/adapters/sqlite\t0.485s","timestamp":"2026-03-18T19:02:22.638288734Z"}
{"type":"log","step_name":"test","message":"ok  \tgithub.com/cloche-dev/cloche/internal/adapters/web\t0.726s","timestamp":"2026-03-18T19:02:22.638294204Z"}
{"type":"log","step_name":"test","message":"ok  \tgithub.com/cloche-dev/cloche/internal/agent\t0.455s","timestamp":"2026-03-18T19:02:22.638298693Z"}
{"type":"log","step_name":"test","message":"ok  \tgithub.com/cloche-dev/cloche/internal/config\t0.009s","timestamp":"2026-03-18T19:02:22.638305516Z"}
{"type":"log","step_name":"test","message":"ok  \tgithub.com/cloche-dev/cloche/internal/domain\t0.005s","timestamp":"2026-03-18T19:02:22.638309814Z"}
{"type":"log","step_name":"test","message":"ok  \tgithub.com/cloche-dev/cloche/internal/dsl\t0.005s","timestamp":"2026-03-18T19:02:22.638313882Z"}
{"type":"log","step_name":"test","message":"ok  \tgithub.com/cloche-dev/cloche/internal/engine\t0.204s","timestamp":"2026-03-18T19:02:22.638317949Z"}
{"type":"log","step_name":"test","message":"ok  \tgithub.com/cloche-dev/cloche/internal/evolution\t9.089s","timestamp":"2026-03-18T19:02:27.01105835Z"}
{"type":"log","step_name":"test","message":"ok  \tgithub.com/cloche-dev/cloche/internal/host\t17.479s","timestamp":"2026-03-18T19:02:35.418170306Z"}
{"type":"log","step_name":"test","message":"ok  \tgithub.com/cloche-dev/cloche/internal/logstream\t0.053s","timestamp":"2026-03-18T19:02:35.418198419Z"}
{"type":"log","step_name":"test","message":"?   \tgithub.com/cloche-dev/cloche/internal/ports\t[no test files]","timestamp":"2026-03-18T19:02:35.418204561Z"}
{"type":"log","step_name":"test","message":"ok  \tgithub.com/cloche-dev/cloche/internal/protocol\t0.003s","timestamp":"2026-03-18T19:02:35.418209851Z"}
{"type":"log","step_name":"test","message":"ok  \tgithub.com/cloche-dev/cloche/internal/runcontext\t0.006s","timestamp":"2026-03-18T19:02:35.41821458Z"}
{"type":"log","step_name":"test","message":"ok  \tgithub.com/cloche-dev/cloche/internal/version\t0.002s","timestamp":"2026-03-18T19:02:35.418222525Z"}
{"type":"log","step_name":"test","message":"ok  \tgithub.com/cloche-dev/cloche/test/integration\t0.053s","timestamp":"2026-03-18T19:02:35.418227224Z"}
{"type":"step_completed","step_name":"test","result":"success","timestamp":"2026-03-18T19:02:35.590568036Z"}
{"type":"step_started","step_name":"update-docs","timestamp":"2026-03-18T19:02:35.594058427Z"}
{"type":"log","step_name":"update-docs","timestamp":"2026-03-18T19:02:50.779014672Z"}
{"type":"log","step_name":"update-docs","timestamp":"2026-03-18T19:02:50.779033388Z"}
{"type":"log","step_name":"update-docs","message":"I'll start by understanding the current state of the codebase and documentation, then compare them.","timestamp":"2026-03-18T19:02:50.779037796Z"}
{"type":"log","step_name":"update-docs","message":"--- Tool: Agent('Search the codebase thoroughly for the run ID format. I n...') ---","timestamp":"2026-03-18T19:02:55.379099514Z"}
{"type":"log","step_name":"update-docs","message":"--- Tool: Glob('**/*.go') ---","timestamp":"2026-03-18T19:02:56.613310548Z"}
{"type":"log","step_name":"update-docs","message":"--- Tool: Grep('RunID|run_id|runID') ---","timestamp":"2026-03-18T19:02:57.069311228Z"}
{"type":"log","step_name":"update-docs","message":"--- Tool: Grep('generateID|NewID|newID') ---","timestamp":"2026-03-18T19:02:57.46318329Z"}
{"type":"log","step_name":"update-docs","message":"--- Tool: Grep('adjective|noun') ---","timestamp":"2026-03-18T19:02:57.603012265Z"}
{"type":"log","step_name":"update-docs","message":"--- Tool: Grep('RunID|run.?id|GenerateID|NewRunID|attempt.*workflow.*step') ---","timestamp":"2026-03-18T19:03:02.194837097Z"}
{"type":"log","step_name":"update-docs","message":"--- Tool: Glob('docs/**/*.md') ---","timestamp":"2026-03-18T19:03:02.238841499Z"}
{"type":"log","step_name":"update-docs","message":"--- Tool: Read('/workspace/internal/domain/run.go') ---","timestamp":"2026-03-18T19:03:05.954867313Z"}
{"type":"log","step_name":"update-docs","message":"--- Tool: Grep('colon|attempt|a[0-9a-z]{3}:|GenerateRunID|generateRunID|N...') ---","timestamp":"2026-03-18T19:03:07.921453603Z"}
{"type":"log","step_name":"update-docs","message":"--- Tool: Grep('GenerateRunID|generateRunID|func.*[Gg]enerate.*[Ii][Dd]|f...') ---","timestamp":"2026-03-18T19:03:12.962368211Z"}
{"type":"log","step_name":"update-docs","message":"--- Tool: Grep('runid|run.id|adjective|noun.*list|word.*list') ---","timestamp":"2026-03-18T19:03:14.824920669Z"}
{"type":"log","step_name":"update-docs","message":"--- Tool: Read('/workspace/internal/domain/namegen.go') ---","timestamp":"2026-03-18T19:03:18.120538909Z"}
{"type":"log","step_name":"update-docs","message":"--- Tool: Read('/workspace/internal/domain/attempt.go') ---","timestamp":"2026-03-18T19:03:18.128131869Z"}
{"type":"log","step_name":"update-docs","message":"--- Tool: Read('/workspace/internal/domain/namegen_test.go') ---","timestamp":"2026-03-18T19:03:18.475114863Z"}
{"type":"step_completed","step_name":"update-docs","result":"success","timestamp":"2026-03-18T19:03:19.046669185Z"}
{"type":"run_completed","result":"succeeded","timestamp":"2026-03-18T19:03:19.054141026Z"}
