{"type":"step_started","step_name":"implement","timestamp":"2026-03-10T00:21:39.012120873Z"}
{"type":"log","step_name":"implement","message":"The feature is already fully implemented with comprehensive tests:","timestamp":"2026-03-10T00:24:05.491208646Z"}
{"type":"log","step_name":"implement","timestamp":"2026-03-10T00:24:05.491259913Z"}
{"type":"log","step_name":"implement","message":"1. **API endpoint**: `DELETE /api/runs/{id}/container` in `handleAPIDeleteContainer` (handler.go:627)","timestamp":"2026-03-10T00:24:05.491264982Z"}
{"type":"log","step_name":"implement","message":"2. **Template**: Delete Container button shown for ended runs with containers (run_detail.html:19-24)","timestamp":"2026-03-10T00:24:05.491275873Z"}
{"type":"log","step_name":"implement","message":"3. **JavaScript**: `deleteContainer()` function with UI updates (run_detail.html:250-268)","timestamp":"2026-03-10T00:24:05.491280431Z"}
{"type":"log","step_name":"implement","message":"4. **Polling updates**: Container status with delete button in polling code (run_detail.html:146-153)","timestamp":"2026-03-10T00:24:05.491284649Z"}
{"type":"log","step_name":"implement","message":"5. **Tests**: Multiple test cases covering success, stopped containers, not found, and no manager scenarios","timestamp":"2026-03-10T00:24:05.491293877Z"}
{"type":"log","step_name":"implement","timestamp":"2026-03-10T00:24:05.491298235Z"}
{"type":"log","step_name":"implement","message":"All tests pass.","timestamp":"2026-03-10T00:24:05.491302052Z"}
{"type":"log","step_name":"implement","timestamp":"2026-03-10T00:24:05.4913061Z"}
{"type":"log","step_name":"implement","message":"CLOCHE_RESULT:success","timestamp":"2026-03-10T00:24:05.762124935Z"}
{"type":"step_completed","step_name":"implement","result":"success","timestamp":"2026-03-10T00:24:05.767327856Z"}
{"type":"step_started","step_name":"test","timestamp":"2026-03-10T00:24:05.767369635Z"}
{"type":"step_completed","step_name":"test","result":"success","timestamp":"2026-03-10T00:24:06.156383866Z"}
{"type":"step_started","step_name":"update-docs","timestamp":"2026-03-10T00:24:06.156403493Z"}
{"type":"log","step_name":"update-docs","message":"The documentation already covers:","timestamp":"2026-03-10T00:24:52.261597058Z"}
{"type":"log","step_name":"update-docs","message":"- `cloche delete` CLI command (USAGE.md lines 235-242)","timestamp":"2026-03-10T00:24:52.261621133Z"}
{"type":"log","step_name":"update-docs","message":"- Web dashboard setup via `CLOCHE_HTTP` (USAGE.md lines 41-43)","timestamp":"2026-03-10T00:24:52.261625461Z"}
{"type":"log","step_name":"update-docs","message":"- Container lifecycle and `--keep-container` behavior (USAGE.md lines 37-39, 163)","timestamp":"2026-03-10T00:24:52.261629128Z"}
{"type":"log","step_name":"update-docs","timestamp":"2026-03-10T00:24:52.261638706Z"}
{"type":"log","step_name":"update-docs","message":"The web portal UI features (buttons, detail views) are not documented in any of the markdown files - the docs focus on CLI usage and configuration. The Delete Container button in the web portal is a UI feature that doesn't need separate documentation beyond what's already covered by the `cloche delete` CLI reference (which documents the same underlying capability).","timestamp":"2026-03-10T00:24:52.261642163Z"}
{"type":"log","step_name":"update-docs","timestamp":"2026-03-10T00:24:52.261647253Z"}
{"type":"log","step_name":"update-docs","message":"No documentation changes needed.","timestamp":"2026-03-10T00:24:52.261650589Z"}
{"type":"log","step_name":"update-docs","timestamp":"2026-03-10T00:24:52.261654066Z"}
{"type":"log","step_name":"update-docs","message":"CLOCHE_RESULT:success","timestamp":"2026-03-10T00:24:52.50458514Z"}
{"type":"step_completed","step_name":"update-docs","result":"success","timestamp":"2026-03-10T00:24:52.506270337Z"}
{"type":"run_completed","result":"succeeded","timestamp":"2026-03-10T00:24:52.506333917Z"}
