{"type":"run_title","message":"Task: Sort Runs page: running status on top, then by time","timestamp":"2026-03-10T21:35:06.278525962Z"}
{"type":"step_started","step_name":"implement","timestamp":"2026-03-10T21:35:06.278740599Z"}
{"type":"log","step_name":"implement","message":"All tests pass. Here's a summary of the changes:","timestamp":"2026-03-10T21:38:39.923975491Z"}
{"type":"log","step_name":"implement","timestamp":"2026-03-10T21:38:39.924019023Z"}
{"type":"log","step_name":"implement","message":"**SQL layer** (`internal/adapters/sqlite/store.go`): Changed `ORDER BY` in all 4 query variants of `ListRuns` and `ListRunsByProject` from `started_at DESC` to `CASE WHEN state = 'running' THEN 0 ELSE 1 END, started_at DESC`. This sorts running runs first, then by most recent start time within each group.","timestamp":"2026-03-10T21:38:39.924023311Z"}
{"type":"log","step_name":"implement","timestamp":"2026-03-10T21:38:39.924035735Z"}
{"type":"log","step_name":"implement","message":"**JavaScript polling** (`internal/adapters/web/templates/runs.html`): Added a sort in `groupRuns()` so that top-level runs maintain the running-first ordering during live polling updates.","timestamp":"2026-03-10T21:38:39.924039011Z"}
{"type":"log","step_name":"implement","timestamp":"2026-03-10T21:38:39.924049742Z"}
{"type":"log","step_name":"implement","message":"**Test** (`internal/adapters/sqlite/store_test.go`): Added `TestListRunsSortRunningFirst` verifying that `ListRuns`, `ListRunsByProject`, and `ListRuns` with a `since` filter all return running runs before non-running ones, with time-descending ordering within each group.","timestamp":"2026-03-10T21:38:39.924053348Z"}
{"type":"log","step_name":"implement","timestamp":"2026-03-10T21:38:39.924068928Z"}
{"type":"log","step_name":"implement","message":"CLOCHE_RESULT:success","timestamp":"2026-03-10T21:38:40.214832555Z"}
{"type":"step_completed","step_name":"implement","result":"success","timestamp":"2026-03-10T21:38:40.235965901Z"}
{"type":"step_started","step_name":"test","timestamp":"2026-03-10T21:38:40.239193589Z"}
{"type":"log","step_name":"test","message":"?   \tgithub.com/cloche-dev/cloche/api/clochepb\t[no test files]","timestamp":"2026-03-10T21:38:40.5059064Z"}
{"type":"log","step_name":"test","message":"ok  \tgithub.com/cloche-dev/cloche/cmd/cloche\t(cached)","timestamp":"2026-03-10T21:38:40.547155583Z"}
{"type":"log","step_name":"test","message":"?   \tgithub.com/cloche-dev/cloche/cmd/cloche-agent\t[no test files]","timestamp":"2026-03-10T21:38:40.547187574Z"}
{"type":"log","step_name":"test","message":"?   \tgithub.com/cloche-dev/cloche/cmd/cloched\t[no test files]","timestamp":"2026-03-10T21:38:40.584231145Z"}
{"type":"log","step_name":"test","message":"ok  \tgithub.com/cloche-dev/cloche/internal/adapters/agents/generic\t(cached)","timestamp":"2026-03-10T21:38:40.584498081Z"}
{"type":"log","step_name":"test","message":"ok  \tgithub.com/cloche-dev/cloche/internal/adapters/agents/prompt\t(cached)","timestamp":"2026-03-10T21:38:40.584509403Z"}
{"type":"log","step_name":"test","message":"ok  \tgithub.com/cloche-dev/cloche/internal/adapters/docker\t(cached)","timestamp":"2026-03-10T21:38:40.584517799Z"}
{"type":"log","step_name":"test","message":"ok  \tgithub.com/cloche-dev/cloche/internal/adapters/grpc\t(cached)","timestamp":"2026-03-10T21:38:40.584811445Z"}
{"type":"log","step_name":"test","message":"ok  \tgithub.com/cloche-dev/cloche/internal/adapters/local\t(cached)","timestamp":"2026-03-10T21:38:40.584820452Z"}
{"type":"log","step_name":"test","message":"ok  \tgithub.com/cloche-dev/cloche/internal/adapters/sqlite\t(cached)","timestamp":"2026-03-10T21:38:40.584823017Z"}
{"type":"log","step_name":"test","message":"ok  \tgithub.com/cloche-dev/cloche/internal/adapters/web\t(cached)","timestamp":"2026-03-10T21:38:40.584900013Z"}
{"type":"log","step_name":"test","message":"ok  \tgithub.com/cloche-dev/cloche/internal/agent\t(cached)","timestamp":"2026-03-10T21:38:40.584910733Z"}
{"type":"log","step_name":"test","message":"ok  \tgithub.com/cloche-dev/cloche/internal/config\t(cached)","timestamp":"2026-03-10T21:38:40.584913929Z"}
{"type":"log","step_name":"test","message":"ok  \tgithub.com/cloche-dev/cloche/internal/domain\t(cached)","timestamp":"2026-03-10T21:38:40.584997558Z"}
{"type":"log","step_name":"test","message":"ok  \tgithub.com/cloche-dev/cloche/internal/dsl\t(cached)","timestamp":"2026-03-10T21:38:40.585049166Z"}
{"type":"log","step_name":"test","message":"ok  \tgithub.com/cloche-dev/cloche/internal/engine\t(cached)","timestamp":"2026-03-10T21:38:40.58505659Z"}
{"type":"log","step_name":"test","message":"ok  \tgithub.com/cloche-dev/cloche/internal/evolution\t(cached)","timestamp":"2026-03-10T21:38:40.585067581Z"}
{"type":"log","step_name":"test","message":"ok  \tgithub.com/cloche-dev/cloche/internal/host\t(cached)","timestamp":"2026-03-10T21:38:40.619017879Z"}
{"type":"log","step_name":"test","message":"ok  \tgithub.com/cloche-dev/cloche/internal/logstream\t(cached)","timestamp":"2026-03-10T21:38:40.6190447Z"}
{"type":"log","step_name":"test","message":"?   \tgithub.com/cloche-dev/cloche/internal/ports\t[no test files]","timestamp":"2026-03-10T21:38:40.619047115Z"}
{"type":"log","step_name":"test","message":"ok  \tgithub.com/cloche-dev/cloche/internal/protocol\t(cached)","timestamp":"2026-03-10T21:38:40.619093994Z"}
{"type":"log","step_name":"test","message":"ok  \tgithub.com/cloche-dev/cloche/test/integration\t(cached)","timestamp":"2026-03-10T21:38:40.619169958Z"}
{"type":"step_completed","step_name":"test","result":"success","timestamp":"2026-03-10T21:38:40.661761014Z"}
{"type":"step_started","step_name":"update-docs","timestamp":"2026-03-10T21:38:40.664909742Z"}
{"type":"log","step_name":"update-docs","message":"The only documentation that mentions `ListRuns` ordering is in historical plan/implementation docs (`docs/plans/2026-02-20-cloche-implementation.md`), which describe the original `ORDER BY started_at DESC`. These are historical design documents — they describe what was planned at the time, not current behavior. Updating them would misrepresent the historical record.","timestamp":"2026-03-10T21:39:03.3289912Z"}
{"type":"log","step_name":"update-docs","timestamp":"2026-03-10T21:39:03.329030405Z"}
{"type":"log","step_name":"update-docs","message":"No user-facing documentation (USAGE.md, workflows.md, INSTALL.md) describes run sorting behavior.","timestamp":"2026-03-10T21:39:03.329034703Z"}
{"type":"log","step_name":"update-docs","timestamp":"2026-03-10T21:39:03.329042007Z"}
{"type":"log","step_name":"update-docs","message":"No documentation changes are needed — the sorting change is a UI/query behavior change with no corresponding documentation that needs updating.","timestamp":"2026-03-10T21:39:03.329045513Z"}
{"type":"log","step_name":"update-docs","timestamp":"2026-03-10T21:39:03.329049621Z"}
{"type":"log","step_name":"update-docs","message":"CLOCHE_RESULT:success","timestamp":"2026-03-10T21:39:03.655127342Z"}
{"type":"step_completed","step_name":"update-docs","result":"success","timestamp":"2026-03-10T21:39:03.673428376Z"}
{"type":"run_completed","result":"succeeded","timestamp":"2026-03-10T21:39:03.679867861Z"}
