{"type":"run_title","message":"Task: Offset failure/non-success wires in web UI workflow graph","timestamp":"2026-03-13T17:35:20.236006059Z"}
{"type":"step_started","step_name":"implement","timestamp":"2026-03-13T17:35:20.236760123Z"}
{"type":"log","step_name":"implement","message":"--- Tool: Agent('Find all files related to web UI workflow graph rendering...') ---","timestamp":"2026-03-13T17:35:31.770659551Z"}
{"type":"log","step_name":"implement","message":"--- Tool: Glob('**/*.html') ---","timestamp":"2026-03-13T17:35:33.043028636Z"}
{"type":"log","step_name":"implement","message":"--- Tool: Glob('**/*.js') ---","timestamp":"2026-03-13T17:35:33.059904202Z"}
{"type":"log","step_name":"implement","message":"--- Tool: Glob('**/*.ts') ---","timestamp":"2026-03-13T17:35:33.239673285Z"}
{"type":"log","step_name":"implement","message":"--- Tool: Glob('**/*.tsx') ---","timestamp":"2026-03-13T17:35:33.448070084Z"}
{"type":"log","step_name":"implement","message":"--- Tool: Glob('**/*.css') ---","timestamp":"2026-03-13T17:35:33.463471576Z"}
{"type":"log","step_name":"implement","message":"--- Tool: Glob('**/*.tmpl') ---","timestamp":"2026-03-13T17:35:33.659594199Z"}
{"type":"log","step_name":"implement","message":"--- Tool: Glob('**/*.svg') ---","timestamp":"2026-03-13T17:35:33.869982079Z"}
{"type":"log","step_name":"implement","message":"--- Tool: Bash('find /workspace -type f -name \"*.go\" | head -50') ---","timestamp":"2026-03-13T17:35:33.915843598Z"}
{"type":"log","step_name":"implement","message":"--- Tool: Grep('workflow|graph|wire|connector|svg|canvas|diagram|mermaid|...') ---","timestamp":"2026-03-13T17:35:35.990832968Z"}
{"type":"log","step_name":"implement","message":"--- Tool: Read('/workspace/internal/adapters/web') ---","timestamp":"2026-03-13T17:35:36.188447678Z"}
{"type":"log","step_name":"implement","message":"--- Tool: Bash('find /workspace/internal/adapters/web -type f | sort') ---","timestamp":"2026-03-13T17:35:36.20214917Z"}
{"type":"log","step_name":"implement","message":"--- Tool: Read('/workspace/internal/adapters/web/handler.go') ---","timestamp":"2026-03-13T17:35:37.2829916Z"}
{"type":"log","step_name":"implement","message":"--- Tool: Read('/workspace/internal/adapters/web/templates/layout.html') ---","timestamp":"2026-03-13T17:35:37.523488064Z"}
{"type":"log","step_name":"implement","message":"--- Tool: Read('/workspace/internal/adapters/web/templates/run_detail.html') ---","timestamp":"2026-03-13T17:35:37.741755373Z"}
{"type":"log","step_name":"implement","message":"--- Tool: Read('/workspace/internal/adapters/web/static/style.css') ---","timestamp":"2026-03-13T17:35:37.876910433Z"}
{"type":"log","step_name":"implement","message":"--- Tool: Bash('grep -r \"dag\\|graph\\|workflow\\|svg\" /workspace/internal/a...') ---","timestamp":"2026-03-13T17:35:40.15532679Z"}
{"type":"log","step_name":"implement","message":"--- Tool: Read('/workspace/internal/adapters/web/templates/project_detail...') ---","timestamp":"2026-03-13T17:35:40.455295194Z"}
{"type":"log","step_name":"implement","message":"--- Tool: Read('/workspace/internal/adapters/web/templates/projects.html') ---","timestamp":"2026-03-13T17:35:40.50809238Z"}
{"type":"log","step_name":"implement","message":"--- Tool: Bash('grep -n \"workflow\\|dag\\|svg\\|graph\" /workspace/internal/a...') ---","timestamp":"2026-03-13T17:35:42.410633857Z"}
{"type":"log","step_name":"implement","message":"--- Tool: Read('/workspace/internal/adapters/web/handler.go') ---","timestamp":"2026-03-13T17:35:42.646867594Z"}
{"type":"log","step_name":"implement","message":"--- Tool: Read('/workspace/internal/adapters/web/handler.go') ---","timestamp":"2026-03-13T17:35:44.147212513Z"}
{"type":"log","step_name":"implement","message":"--- Tool: Bash('grep -n \"apiWorkflow\\|type.*Workflow\\|type.*Step\" /worksp...') ---","timestamp":"2026-03-13T17:35:44.424942958Z"}
{"type":"log","step_name":"implement","message":"--- Tool: Read('/workspace/internal/adapters/web/handler.go') ---","timestamp":"2026-03-13T17:35:46.029603039Z"}
{"type":"log","step_name":"implement","message":"--- Tool: Bash('grep -B5 -A10 \"type apiWire\\|type apiStepDef\\|type apiWor...') ---","timestamp":"2026-03-13T17:35:46.253662989Z"}
{"type":"log","step_name":"implement","message":"--- Tool: Read('/workspace/internal/adapters/web/handler.go') ---","timestamp":"2026-03-13T17:35:47.749375098Z"}
{"type":"log","step_name":"implement","message":"--- Tool: Bash('find /workspace -type f \\( -name \"*.html\" -o -name \"*.css...') ---","timestamp":"2026-03-13T17:35:47.982278388Z"}
{"type":"log","step_name":"implement","message":"--- Tool: Bash('grep -r \"Step\\|Wiring\\|Wire\" /workspace/internal/domain/w...') ---","timestamp":"2026-03-13T17:35:49.769606417Z"}
{"type":"log","step_name":"implement","message":"--- Tool: Read('/workspace/internal/domain/workflow.go') ---","timestamp":"2026-03-13T17:35:49.990369813Z"}
{"type":"log","step_name":"implement","message":"--- Tool: Bash('find /workspace -type f -name \"*.go\" | xargs grep -l \"svg...') ---","timestamp":"2026-03-13T17:35:51.416826586Z"}
{"type":"log","step_name":"implement","message":"--- Tool: Bash('grep -n \"svg\\|SVG\\|dag\\|DAG\" /workspace/internal/adapters...') ---","timestamp":"2026-03-13T17:35:52.601151725Z"}
{"type":"log","step_name":"implement","message":"--- Tool: Bash('find /workspace -type f \\( -name \"go.mod\" -o -name \"packa...') ---","timestamp":"2026-03-13T17:35:53.916291313Z"}
{"type":"log","step_name":"implement","message":"--- Tool: Bash('find /workspace -type f -name \"*.js\" -o -name \"*.tsx\" -o ...') ---","timestamp":"2026-03-13T17:35:55.704521493Z"}
{"type":"log","step_name":"implement","message":"--- Tool: Bash('find /workspace/internal/adapters/web -type f | sort') ---","timestamp":"2026-03-13T17:35:56.936534197Z"}
{"type":"log","step_name":"implement","message":"--- Tool: Read('/workspace/internal/adapters/web/templates/runs.html') ---","timestamp":"2026-03-13T17:35:58.267140659Z"}
{"type":"log","step_name":"implement","message":"--- Tool: Bash('find /workspace -name \"workflows.md\" -o -name \"*workflow*...') ---","timestamp":"2026-03-13T17:35:59.92996327Z"}
{"type":"log","step_name":"implement","message":"--- Tool: Bash('grep -l \"workflow\\|graph\\|dag\\|svg\" /workspace/docs/*.md') ---","timestamp":"2026-03-13T17:36:01.217470592Z"}
{"type":"log","step_name":"implement","message":"Let me read the core rendering code.","timestamp":"2026-03-13T17:36:20.461176907Z"}
{"type":"log","step_name":"implement","message":"--- Tool: Read('/workspace/internal/adapters/web/templates/project_detail...') ---","timestamp":"2026-03-13T17:36:20.468760077Z"}
{"type":"log","step_name":"implement","message":"--- Tool: Read('/workspace/internal/adapters/web/static/style.css') ---","timestamp":"2026-03-13T17:36:20.852828758Z"}
{"type":"log","step_name":"implement","message":"Let me check the existing test to understand what workflow data looks like and what the tests verify.","timestamp":"2026-03-13T17:38:29.996148645Z"}
{"type":"log","step_name":"implement","message":"--- Tool: Grep('dag-|workflow-dag|showWorkflow') ---","timestamp":"2026-03-13T17:38:30.973213411Z"}
{"type":"log","step_name":"implement","message":"--- Tool: Grep('result.*success|result.*failed|\"success\"|\"failed\"') ---","timestamp":"2026-03-13T17:38:32.226108091Z"}
{"type":"log","step_name":"implement","message":"Now let me check the handler test more carefully around the DAG test and also look at some example workflow files to understand result conventions.","timestamp":"2026-03-13T17:38:38.348600698Z"}
{"type":"log","step_name":"implement","message":"--- Tool: Read('/workspace/internal/adapters/web/handler_test.go') ---","timestamp":"2026-03-13T17:38:39.34378994Z"}
{"type":"log","step_name":"implement","message":"--- Tool: Glob('**/*.cloche') ---","timestamp":"2026-03-13T17:38:39.627278297Z"}
{"type":"log","step_name":"implement","message":"--- Tool: Read('/workspace/.cloche/develop.cloche') ---","timestamp":"2026-03-13T17:38:42.460981824Z"}
{"type":"log","step_name":"implement","message":"--- Tool: Read('/workspace/examples/mini-redis/develop.cloche') ---","timestamp":"2026-03-13T17:38:42.767982515Z"}
{"type":"log","step_name":"implement","message":"Now I have a clear picture. The graph renders left-to-right with Sugiyama-style layering. I need to offset non-success wires (fail, give-up, etc.) below the main success path. Let me implement this.","timestamp":"2026-03-13T17:41:53.842634619Z"}
{"type":"log","step_name":"implement","message":"--- Tool: ToolSearch ---","timestamp":"2026-03-13T17:41:54.212287507Z"}
{"type":"log","step_name":"implement","message":"--- Tool: TodoWrite ---","timestamp":"2026-03-13T17:42:02.041997041Z"}
{"type":"log","step_name":"implement","message":"Now let me make all the edits. I'll start with the JS changes in `project_detail.html`.","timestamp":"2026-03-13T17:42:05.650902732Z"}
{"type":"log","step_name":"implement","message":"--- Tool: Edit('/workspace/internal/adapters/web/templates/project_detail...') ---","timestamp":"2026-03-13T17:42:07.703274932Z"}
{"type":"log","step_name":"implement","message":"--- Tool: Edit('/workspace/internal/adapters/web/templates/project_detail...') ---","timestamp":"2026-03-13T17:42:11.67623017Z"}
{"type":"log","step_name":"implement","message":"--- Tool: Edit('/workspace/internal/adapters/web/templates/project_detail...') ---","timestamp":"2026-03-13T17:42:17.550917102Z"}
{"type":"log","step_name":"implement","message":"--- Tool: TodoWrite ---","timestamp":"2026-03-13T17:42:22.050217179Z"}
{"type":"log","step_name":"implement","message":"Now the normal wire drawing with success helper and offset:","timestamp":"2026-03-13T17:42:24.940964177Z"}
{"type":"log","step_name":"implement","message":"--- Tool: Edit('/workspace/internal/adapters/web/templates/project_detail...') ---","timestamp":"2026-03-13T17:42:33.693424825Z"}
{"type":"log","step_name":"implement","message":"Now the single terminal wire drawing:","timestamp":"2026-03-13T17:42:35.946524235Z"}
{"type":"log","step_name":"implement","message":"--- Tool: Edit('/workspace/internal/adapters/web/templates/project_detail...') ---","timestamp":"2026-03-13T17:42:42.085460463Z"}
{"type":"log","step_name":"implement","message":"Now the multi-terminal merge pattern:","timestamp":"2026-03-13T17:42:44.985012936Z"}
{"type":"log","step_name":"implement","message":"--- Tool: Edit('/workspace/internal/adapters/web/templates/project_detail...') ---","timestamp":"2026-03-13T17:42:57.843828218Z"}
{"type":"log","step_name":"implement","message":"Now add the CSS styling:","timestamp":"2026-03-13T17:43:01.167896376Z"}
{"type":"log","step_name":"implement","message":"--- Tool: Edit('/workspace/internal/adapters/web/static/style.css') ---","timestamp":"2026-03-13T17:43:02.653672309Z"}
{"type":"log","step_name":"implement","message":"Now add the test assertions:","timestamp":"2026-03-13T17:43:05.118447494Z"}
{"type":"log","step_name":"implement","message":"--- Tool: Edit('/workspace/internal/adapters/web/handler_test.go') ---","timestamp":"2026-03-13T17:43:07.651161098Z"}
{"type":"log","step_name":"implement","message":"--- Tool: TodoWrite ---","timestamp":"2026-03-13T17:43:15.802853946Z"}
{"type":"log","step_name":"implement","message":"Let me verify the edited file looks correct, then run tests.","timestamp":"2026-03-13T17:43:20.217099152Z"}
{"type":"log","step_name":"implement","message":"--- Tool: Read('/workspace/internal/adapters/web/templates/project_detail...') ---","timestamp":"2026-03-13T17:43:20.720527554Z"}
{"type":"log","step_name":"implement","message":"Code looks correct. Now let me run the tests.","timestamp":"2026-03-13T17:43:23.703435524Z"}
{"type":"log","step_name":"implement","message":"--- Tool: Bash('go test ./... 2\u003e\u00261') ---","timestamp":"2026-03-13T17:43:24.540438946Z"}
{"type":"log","step_name":"implement","message":"All tests pass.","timestamp":"2026-03-13T17:44:09.748486827Z"}
{"type":"log","step_name":"implement","message":"--- Tool: TodoWrite ---","timestamp":"2026-03-13T17:44:14.652649576Z"}
{"type":"log","step_name":"implement","message":"All tests pass. Here's a summary of the changes:","timestamp":"2026-03-13T17:44:26.993340148Z"}
{"type":"log","step_name":"implement","timestamp":"2026-03-13T17:44:26.993363332Z"}
{"type":"log","step_name":"implement","message":"**`internal/adapters/web/templates/project_detail.html`** — Modified `showWorkflow()`:","timestamp":"2026-03-13T17:44:26.993368652Z"}
{"type":"log","step_name":"implement","message":"- Added `nonsuccOffset = 35` constant for vertical displacement of non-success wires","timestamp":"2026-03-13T17:44:26.993381145Z"}
{"type":"log","step_name":"implement","message":"- Added `isSuccessResult()` helper that recognizes \"success\", \"ok\", \"done\", \"pass\" as happy-path results","timestamp":"2026-03-13T17:44:26.993384912Z"}
{"type":"log","step_name":"implement","message":"- Added `arrowhead-fail` SVG marker using the failure color (`--badge-failed-text`)","timestamp":"2026-03-13T17:44:26.993392917Z"}
{"type":"log","step_name":"implement","message":"- **Normal wires**: non-success results get bezier control points offset +35px downward, creating curves that bow below the main success spine","timestamp":"2026-03-13T17:44:26.99341526Z"}
{"type":"log","step_name":"implement","message":"- **Single terminal wires**: same offset logic applied","timestamp":"2026-03-13T17:44:26.993419097Z"}
{"type":"log","step_name":"implement","message":"- **Multi-terminal merge pattern**: each source curve is individually offset based on its result; merge dots and collector line adjust to cover offset positions","timestamp":"2026-03-13T17:44:26.993422553Z"}
{"type":"log","step_name":"implement","message":"- SVG height increased by `nonsuccOffset` to prevent clipping","timestamp":"2026-03-13T17:44:26.99342622Z"}
{"type":"log","step_name":"implement","timestamp":"2026-03-13T17:44:26.993430038Z"}
{"type":"log","step_name":"implement","message":"**`internal/adapters/web/static/style.css`** — Added `.dag-edge-nonsuccess` class with failure stroke color and 0.7 opacity to visually de-emphasize failure paths.","timestamp":"2026-03-13T17:44:26.993434145Z"}
{"type":"log","step_name":"implement","timestamp":"2026-03-13T17:44:26.993439325Z"}
{"type":"log","step_name":"implement","message":"**`internal/adapters/web/handler_test.go`** — Added 4 assertions verifying the new offset features are present in the rendered page.","timestamp":"2026-03-13T17:44:26.993443603Z"}
{"type":"log","step_name":"implement","timestamp":"2026-03-13T17:44:26.993448412Z"}
{"type":"log","step_name":"implement","message":"CLOCHE_RESULT:success","timestamp":"2026-03-13T17:44:26.993451678Z"}
{"type":"log","step_name":"implement","message":"All tests pass. Here's a summary of the changes:","timestamp":"2026-03-13T17:44:27.023426273Z"}
{"type":"log","step_name":"implement","timestamp":"2026-03-13T17:44:27.023442523Z"}
{"type":"log","step_name":"implement","message":"**`internal/adapters/web/templates/project_detail.html`** — Modified `showWorkflow()`:","timestamp":"2026-03-13T17:44:27.023446661Z"}
{"type":"log","step_name":"implement","message":"- Added `nonsuccOffset = 35` constant for vertical displacement of non-success wires","timestamp":"2026-03-13T17:44:27.023450629Z"}
{"type":"log","step_name":"implement","message":"- Added `isSuccessResult()` helper that recognizes \"success\", \"ok\", \"done\", \"pass\" as happy-path results","timestamp":"2026-03-13T17:44:27.023454135Z"}
{"type":"log","step_name":"implement","message":"- Added `arrowhead-fail` SVG marker using the failure color (`--badge-failed-text`)","timestamp":"2026-03-13T17:44:27.023458073Z"}
{"type":"log","step_name":"implement","message":"- **Normal wires**: non-success results get bezier control points offset +35px downward, creating curves that bow below the main success spine","timestamp":"2026-03-13T17:44:27.023461549Z"}
{"type":"log","step_name":"implement","message":"- **Single terminal wires**: same offset logic applied","timestamp":"2026-03-13T17:44:27.023465397Z"}
{"type":"log","step_name":"implement","message":"- **Multi-terminal merge pattern**: each source curve is individually offset based on its result; merge dots and collector line adjust to cover offset positions","timestamp":"2026-03-13T17:44:27.023469204Z"}
{"type":"log","step_name":"implement","message":"- SVG height increased by `nonsuccOffset` to prevent clipping","timestamp":"2026-03-13T17:44:27.023474023Z"}
{"type":"log","step_name":"implement","timestamp":"2026-03-13T17:44:27.023478852Z"}
{"type":"log","step_name":"implement","message":"**`internal/adapters/web/static/style.css`** — Added `.dag-edge-nonsuccess` class with failure stroke color and 0.7 opacity to visually de-emphasize failure paths.","timestamp":"2026-03-13T17:44:27.02348305Z"}
{"type":"log","step_name":"implement","timestamp":"2026-03-13T17:44:27.023487198Z"}
{"type":"log","step_name":"implement","message":"**`internal/adapters/web/handler_test.go`** — Added 4 assertions verifying the new offset features are present in the rendered page.","timestamp":"2026-03-13T17:44:27.023490604Z"}
{"type":"log","step_name":"implement","timestamp":"2026-03-13T17:44:27.023494181Z"}
{"type":"log","step_name":"implement","message":"CLOCHE_RESULT:success","timestamp":"2026-03-13T17:44:27.488637933Z"}
{"type":"step_completed","step_name":"implement","result":"success","timestamp":"2026-03-13T17:44:27.513455407Z"}
{"type":"step_started","step_name":"test","timestamp":"2026-03-13T17:44:27.517222612Z"}
{"type":"log","step_name":"test","message":"?   \tgithub.com/cloche-dev/cloche/api/clochepb\t[no test files]","timestamp":"2026-03-13T17:44:27.806312421Z"}
{"type":"log","step_name":"test","message":"ok  \tgithub.com/cloche-dev/cloche/cmd/cloche\t0.032s","timestamp":"2026-03-13T17:44:28.139834401Z"}
{"type":"log","step_name":"test","message":"?   \tgithub.com/cloche-dev/cloche/cmd/cloche-agent\t[no test files]","timestamp":"2026-03-13T17:44:28.139858677Z"}
{"type":"log","step_name":"test","message":"?   \tgithub.com/cloche-dev/cloche/cmd/cloched\t[no test files]","timestamp":"2026-03-13T17:44:28.139861643Z"}
{"type":"log","step_name":"test","message":"ok  \tgithub.com/cloche-dev/cloche/internal/adapters/agents/generic\t(cached)","timestamp":"2026-03-13T17:44:28.139867995Z"}
{"type":"log","step_name":"test","message":"ok  \tgithub.com/cloche-dev/cloche/internal/adapters/agents/prompt\t(cached)","timestamp":"2026-03-13T17:44:28.139872353Z"}
{"type":"log","step_name":"test","message":"ok  \tgithub.com/cloche-dev/cloche/internal/adapters/docker\t(cached)","timestamp":"2026-03-13T17:44:28.139875409Z"}
{"type":"log","step_name":"test","message":"ok  \tgithub.com/cloche-dev/cloche/internal/adapters/grpc\t(cached)","timestamp":"2026-03-13T17:44:28.13988149Z"}
{"type":"log","step_name":"test","message":"ok  \tgithub.com/cloche-dev/cloche/internal/adapters/local\t(cached)","timestamp":"2026-03-13T17:44:28.139883825Z"}
{"type":"log","step_name":"test","message":"ok  \tgithub.com/cloche-dev/cloche/internal/adapters/sqlite\t(cached)","timestamp":"2026-03-13T17:44:28.139886149Z"}
{"type":"log","step_name":"test","message":"ok  \tgithub.com/cloche-dev/cloche/internal/adapters/web\t(cached)","timestamp":"2026-03-13T17:44:28.139888704Z"}
{"type":"log","step_name":"test","message":"ok  \tgithub.com/cloche-dev/cloche/internal/agent\t(cached)","timestamp":"2026-03-13T17:44:28.139891168Z"}
{"type":"log","step_name":"test","message":"ok  \tgithub.com/cloche-dev/cloche/internal/config\t(cached)","timestamp":"2026-03-13T17:44:28.139893523Z"}
{"type":"log","step_name":"test","message":"ok  \tgithub.com/cloche-dev/cloche/internal/domain\t(cached)","timestamp":"2026-03-13T17:44:28.139896078Z"}
{"type":"log","step_name":"test","message":"ok  \tgithub.com/cloche-dev/cloche/internal/dsl\t(cached)","timestamp":"2026-03-13T17:44:28.139898562Z"}
{"type":"log","step_name":"test","message":"ok  \tgithub.com/cloche-dev/cloche/internal/engine\t(cached)","timestamp":"2026-03-13T17:44:28.139901037Z"}
{"type":"log","step_name":"test","message":"ok  \tgithub.com/cloche-dev/cloche/internal/evolution\t(cached)","timestamp":"2026-03-13T17:44:28.13990792Z"}
{"type":"log","step_name":"test","message":"ok  \tgithub.com/cloche-dev/cloche/internal/host\t(cached)","timestamp":"2026-03-13T17:44:28.142915951Z"}
{"type":"log","step_name":"test","message":"ok  \tgithub.com/cloche-dev/cloche/internal/logstream\t(cached)","timestamp":"2026-03-13T17:44:28.142938003Z"}
{"type":"log","step_name":"test","message":"?   \tgithub.com/cloche-dev/cloche/internal/ports\t[no test files]","timestamp":"2026-03-13T17:44:28.142940979Z"}
{"type":"log","step_name":"test","message":"ok  \tgithub.com/cloche-dev/cloche/internal/protocol\t(cached)","timestamp":"2026-03-13T17:44:28.142945537Z"}
{"type":"log","step_name":"test","message":"ok  \tgithub.com/cloche-dev/cloche/internal/runcontext\t(cached)","timestamp":"2026-03-13T17:44:28.142975764Z"}
{"type":"log","step_name":"test","message":"ok  \tgithub.com/cloche-dev/cloche/test/integration\t(cached)","timestamp":"2026-03-13T17:44:28.143002986Z"}
{"type":"step_completed","step_name":"test","result":"success","timestamp":"2026-03-13T17:44:28.174725582Z"}
{"type":"step_started","step_name":"update-docs","timestamp":"2026-03-13T17:44:28.178479282Z"}
{"type":"log","step_name":"update-docs","message":"Let me examine the source changes and relevant documentation.","timestamp":"2026-03-13T17:44:38.159006799Z"}
{"type":"log","step_name":"update-docs","message":"--- Tool: Bash('git diff HEAD -- internal/adapters/web/static/style.css i...') ---","timestamp":"2026-03-13T17:44:39.114375319Z"}
{"type":"log","step_name":"update-docs","message":"--- Tool: Bash('git diff --cached -- internal/adapters/web/handler_test.go') ---","timestamp":"2026-03-13T17:44:39.56075946Z"}
{"type":"log","step_name":"update-docs","message":"--- Tool: Glob('docs/**/*.md') ---","timestamp":"2026-03-13T17:44:39.789747764Z"}
{"type":"log","step_name":"update-docs","message":"The changes are purely UI-level (CSS class + JavaScript SVG rendering in the workflow graph). Let me check if any docs describe the web UI graph rendering.","timestamp":"2026-03-13T17:44:44.328810059Z"}
{"type":"log","step_name":"update-docs","message":"--- Tool: Grep('workflow.*graph|DAG.*render|web.*UI|svg|dag-edge|wire.*of...') ---","timestamp":"2026-03-13T17:44:45.850702169Z"}
{"type":"log","step_name":"update-docs","message":"--- Tool: Read('/workspace/docs/plans/2026-03-06-project-pages-design.md') ---","timestamp":"2026-03-13T17:44:48.232108097Z"}
{"type":"log","step_name":"update-docs","message":"The relevant documentation is in the DAG rendering section (lines 159-170). It describes the graph rendering but doesn't mention the non-success wire offset behavior. Let me update it.","timestamp":"2026-03-13T17:44:51.893311804Z"}
{"type":"log","step_name":"update-docs","message":"--- Tool: Edit('/workspace/docs/plans/2026-03-06-project-pages-design.md') ---","timestamp":"2026-03-13T17:44:57.229101489Z"}
{"type":"log","step_name":"update-docs","message":"--- Tool: Read('/workspace/docs/plans/2026-03-06-project-pages-design.md') ---","timestamp":"2026-03-13T17:45:00.155325708Z"}
{"type":"log","step_name":"update-docs","message":"Documentation updated. The only relevant doc was `docs/plans/2026-03-06-project-pages-design.md` — I added a paragraph describing the non-success wire offset behavior and updated the merge bus paragraph to mention that non-success wires within a bus are also offset.","timestamp":"2026-03-13T17:45:04.762920301Z"}
{"type":"log","step_name":"update-docs","timestamp":"2026-03-13T17:45:04.762941451Z"}
{"type":"log","step_name":"update-docs","message":"No other docs reference the DAG rendering internals, so no further changes are needed.","timestamp":"2026-03-13T17:45:04.762945428Z"}
{"type":"log","step_name":"update-docs","timestamp":"2026-03-13T17:45:04.762950057Z"}
{"type":"log","step_name":"update-docs","message":"CLOCHE_RESULT:success","timestamp":"2026-03-13T17:45:04.762953694Z"}
{"type":"log","step_name":"update-docs","message":"Documentation updated. The only relevant doc was `docs/plans/2026-03-06-project-pages-design.md` — I added a paragraph describing the non-success wire offset behavior and updated the merge bus paragraph to mention that non-success wires within a bus are also offset.","timestamp":"2026-03-13T17:45:04.782126828Z"}
{"type":"log","step_name":"update-docs","timestamp":"2026-03-13T17:45:04.782141586Z"}
{"type":"log","step_name":"update-docs","message":"No other docs reference the DAG rendering internals, so no further changes are needed.","timestamp":"2026-03-13T17:45:04.782145383Z"}
{"type":"log","step_name":"update-docs","timestamp":"2026-03-13T17:45:04.78214927Z"}
{"type":"log","step_name":"update-docs","message":"CLOCHE_RESULT:success","timestamp":"2026-03-13T17:45:05.130511576Z"}
{"type":"step_completed","step_name":"update-docs","result":"success","timestamp":"2026-03-13T17:45:05.150377879Z"}
{"type":"run_completed","result":"succeeded","timestamp":"2026-03-13T17:45:05.158342532Z"}
