{"type":"run_title","message":"Task: V2: Database schema — tasks, attempts, attempt_logs tables","timestamp":"2026-03-18T21:55:18.005529999Z"}
{"type":"step_started","step_name":"implement","timestamp":"2026-03-18T21:55:18.005765293Z"}
{"type":"log","step_name":"implement","message":"--- Tool: Agent('I need to understand the existing codebase for implementi...') ---","timestamp":"2026-03-18T21:55:48.970967964Z"}
{"type":"log","step_name":"implement","message":"--- Tool: Glob('**/migrate_v2.go') ---","timestamp":"2026-03-18T21:55:50.910737805Z"}
{"type":"log","step_name":"implement","message":"--- Tool: Glob('**/store.go') ---","timestamp":"2026-03-18T21:55:50.921911888Z"}
{"type":"log","step_name":"implement","message":"--- Tool: Glob('internal/adapters/sqlite/**/*.go') ---","timestamp":"2026-03-18T21:55:51.125332873Z"}
{"type":"log","step_name":"implement","message":"--- Tool: Glob('internal/domain/**/*.go') ---","timestamp":"2026-03-18T21:55:51.177444628Z"}
{"type":"log","step_name":"implement","message":"--- Tool: Glob('internal/ports/store.go') ---","timestamp":"2026-03-18T21:55:54.275108898Z"}
{"type":"log","step_name":"implement","message":"--- Tool: Glob('**/migrate_v2.go') ---","timestamp":"2026-03-18T21:55:54.718975777Z"}
{"type":"log","step_name":"implement","message":"--- Tool: Glob('internal/adapters/sqlite/*.go') ---","timestamp":"2026-03-18T21:55:55.168938624Z"}
{"type":"log","step_name":"implement","message":"--- Tool: Glob('internal/domain/*.go') ---","timestamp":"2026-03-18T21:55:55.276782145Z"}
{"type":"log","step_name":"implement","message":"--- Tool: Read('/workspace/internal/ports/store.go') ---","timestamp":"2026-03-18T21:55:58.556676937Z"}
{"type":"log","step_name":"implement","message":"--- Tool: Read('/workspace/internal/adapters/sqlite/migrate_v2.go') ---","timestamp":"2026-03-18T21:55:58.997087186Z"}
{"type":"log","step_name":"implement","message":"--- Tool: Read('/workspace/internal/domain/task.go') ---","timestamp":"2026-03-18T21:55:59.436287348Z"}
{"type":"log","step_name":"implement","message":"--- Tool: Read('/workspace/internal/domain/attempt.go') ---","timestamp":"2026-03-18T21:55:59.443927133Z"}
{"type":"log","step_name":"implement","message":"--- Tool: Read('/workspace/internal/adapters/sqlite/store.go') ---","timestamp":"2026-03-18T21:55:59.931392723Z"}
{"type":"step_completed","step_name":"implement","result":"success","timestamp":"2026-03-18T21:56:02.080231031Z"}
{"type":"step_started","step_name":"test","timestamp":"2026-03-18T21:56:02.095893165Z"}
{"type":"log","step_name":"test","message":"go: downloading github.com/stretchr/testify v1.11.1","timestamp":"2026-03-18T21:56:02.277714097Z"}
{"type":"log","step_name":"test","message":"go: downloading google.golang.org/grpc v1.79.1","timestamp":"2026-03-18T21:56:02.277753572Z"}
{"type":"log","step_name":"test","message":"go: downloading google.golang.org/protobuf v1.36.11","timestamp":"2026-03-18T21:56:02.278607485Z"}
{"type":"log","step_name":"test","message":"go: downloading modernc.org/sqlite v1.46.1","timestamp":"2026-03-18T21:56:02.286853295Z"}
{"type":"log","step_name":"test","message":"go: downloading github.com/BurntSushi/toml v1.6.0","timestamp":"2026-03-18T21:56:02.292986254Z"}
{"type":"log","step_name":"test","message":"go: downloading gopkg.in/yaml.v3 v3.0.1","timestamp":"2026-03-18T21:56:07.664311327Z"}
{"type":"log","step_name":"test","message":"go: downloading github.com/pmezard/go-difflib v1.0.0","timestamp":"2026-03-18T21:56:07.664344099Z"}
{"type":"log","step_name":"test","message":"go: downloading github.com/davecgh/go-spew v1.1.1","timestamp":"2026-03-18T21:56:07.664347165Z"}
{"type":"log","step_name":"test","message":"go: downloading golang.org/x/sys v0.39.0","timestamp":"2026-03-18T21:56:08.123381215Z"}
{"type":"log","step_name":"test","message":"go: downloading golang.org/x/net v0.48.0","timestamp":"2026-03-18T21:56:08.123492956Z"}
{"type":"log","step_name":"test","message":"go: downloading google.golang.org/genproto/googleapis/rpc v0.0.0-20251202230838-ff82c1b0f217","timestamp":"2026-03-18T21:56:08.123946683Z"}
{"type":"log","step_name":"test","message":"go: downloading golang.org/x/text v0.32.0","timestamp":"2026-03-18T21:56:08.512237403Z"}
{"type":"log","step_name":"test","message":"go: downloading modernc.org/libc v1.67.6","timestamp":"2026-03-18T21:56:15.828600789Z"}
{"type":"log","step_name":"test","message":"go: downloading modernc.org/memory v1.11.0","timestamp":"2026-03-18T21:56:17.742900468Z"}
{"type":"log","step_name":"test","message":"go: downloading github.com/google/uuid v1.6.0","timestamp":"2026-03-18T21:56:17.742926457Z"}
{"type":"log","step_name":"test","message":"go: downloading github.com/dustin/go-humanize v1.0.1","timestamp":"2026-03-18T21:56:17.742929453Z"}
{"type":"log","step_name":"test","message":"go: downloading golang.org/x/exp v0.0.0-20251023183803-a4bb9ffd2546","timestamp":"2026-03-18T21:56:17.742933781Z"}
{"type":"log","step_name":"test","message":"go: downloading modernc.org/mathutil v1.7.1","timestamp":"2026-03-18T21:56:17.742936376Z"}
{"type":"log","step_name":"test","message":"go: downloading github.com/remyoudompheng/bigfft v0.0.0-20230129092748-24d4a6f8daec","timestamp":"2026-03-18T21:56:17.789804554Z"}
{"type":"log","step_name":"test","message":"?   \tgithub.com/cloche-dev/cloche/api/clochepb\t[no test files]","timestamp":"2026-03-18T21:56:28.109183882Z"}
{"type":"log","step_name":"test","message":"ok  \tgithub.com/cloche-dev/cloche/cmd/cloche\t10.042s","timestamp":"2026-03-18T21:56:38.84405053Z"}
{"type":"log","step_name":"test","message":"?   \tgithub.com/cloche-dev/cloche/cmd/cloche-agent\t[no test files]","timestamp":"2026-03-18T21:56:38.844075568Z"}
{"type":"log","step_name":"test","message":"?   \tgithub.com/cloche-dev/cloche/cmd/cloched\t[no test files]","timestamp":"2026-03-18T21:56:38.844088642Z"}
{"type":"log","step_name":"test","message":"ok  \tgithub.com/cloche-dev/cloche/internal/adapters/agents/generic\t0.019s","timestamp":"2026-03-18T21:56:38.84409255Z"}
{"type":"log","step_name":"test","message":"ok  \tgithub.com/cloche-dev/cloche/internal/adapters/agents/prompt\t0.037s","timestamp":"2026-03-18T21:56:38.844095986Z"}
{"type":"log","step_name":"test","message":"ok  \tgithub.com/cloche-dev/cloche/internal/adapters/docker\t0.005s","timestamp":"2026-03-18T21:56:38.844099453Z"}
{"type":"log","step_name":"test","message":"ok  \tgithub.com/cloche-dev/cloche/internal/adapters/grpc\t4.886s","timestamp":"2026-03-18T21:56:41.401786661Z"}
{"type":"log","step_name":"test","message":"ok  \tgithub.com/cloche-dev/cloche/internal/adapters/local\t0.007s","timestamp":"2026-03-18T21:56:41.401814944Z"}
{"type":"log","step_name":"test","message":"ok  \tgithub.com/cloche-dev/cloche/internal/adapters/sqlite\t0.583s","timestamp":"2026-03-18T21:56:41.401820625Z"}
{"type":"log","step_name":"test","message":"ok  \tgithub.com/cloche-dev/cloche/internal/adapters/web\t0.847s","timestamp":"2026-03-18T21:56:41.401824402Z"}
{"type":"log","step_name":"test","message":"ok  \tgithub.com/cloche-dev/cloche/internal/agent\t0.461s","timestamp":"2026-03-18T21:56:41.401827868Z"}
{"type":"log","step_name":"test","message":"ok  \tgithub.com/cloche-dev/cloche/internal/config\t0.009s","timestamp":"2026-03-18T21:56:41.401831145Z"}
{"type":"log","step_name":"test","message":"ok  \tgithub.com/cloche-dev/cloche/internal/domain\t0.005s","timestamp":"2026-03-18T21:56:41.401834401Z"}
{"type":"log","step_name":"test","message":"ok  \tgithub.com/cloche-dev/cloche/internal/dsl\t0.005s","timestamp":"2026-03-18T21:56:41.401837827Z"}
{"type":"log","step_name":"test","message":"ok  \tgithub.com/cloche-dev/cloche/internal/engine\t0.206s","timestamp":"2026-03-18T21:56:41.401843708Z"}
{"type":"log","step_name":"test","message":"ok  \tgithub.com/cloche-dev/cloche/internal/evolution\t9.094s","timestamp":"2026-03-18T21:56:45.723635533Z"}
{"type":"log","step_name":"test","message":"ok  \tgithub.com/cloche-dev/cloche/internal/host\t17.475s","timestamp":"2026-03-18T21:56:54.107593337Z"}
{"type":"log","step_name":"test","message":"ok  \tgithub.com/cloche-dev/cloche/internal/logstream\t0.059s","timestamp":"2026-03-18T21:56:54.107615289Z"}
{"type":"log","step_name":"test","message":"?   \tgithub.com/cloche-dev/cloche/internal/ports\t[no test files]","timestamp":"2026-03-18T21:56:54.107617663Z"}
{"type":"log","step_name":"test","message":"ok  \tgithub.com/cloche-dev/cloche/internal/protocol\t0.003s","timestamp":"2026-03-18T21:56:54.107619627Z"}
{"type":"log","step_name":"test","message":"ok  \tgithub.com/cloche-dev/cloche/internal/runcontext\t0.007s","timestamp":"2026-03-18T21:56:54.107621671Z"}
{"type":"log","step_name":"test","message":"ok  \tgithub.com/cloche-dev/cloche/internal/version\t0.002s","timestamp":"2026-03-18T21:56:54.107625097Z"}
{"type":"log","step_name":"test","message":"ok  \tgithub.com/cloche-dev/cloche/test/integration\t0.050s","timestamp":"2026-03-18T21:56:54.107627051Z"}
{"type":"step_completed","step_name":"test","result":"success","timestamp":"2026-03-18T21:56:54.285550874Z"}
{"type":"step_started","step_name":"update-docs","timestamp":"2026-03-18T21:56:54.29020085Z"}
{"type":"log","step_name":"update-docs","timestamp":"2026-03-18T21:57:11.320332416Z"}
{"type":"log","step_name":"update-docs","timestamp":"2026-03-18T21:57:11.320350149Z"}
{"type":"log","step_name":"update-docs","message":"I'll start by understanding the current state of the codebase and documentation to identify what needs updating.","timestamp":"2026-03-18T21:57:11.320354067Z"}
{"type":"log","step_name":"update-docs","message":"--- Tool: Agent('I need to understand the current state of v2 database sch...') ---","timestamp":"2026-03-18T21:57:14.630899279Z"}
{"type":"log","step_name":"update-docs","message":"--- Tool: Glob('**/*migrate*') ---","timestamp":"2026-03-18T21:57:17.160912793Z"}
{"type":"log","step_name":"update-docs","message":"--- Tool: Glob('**/store.go') ---","timestamp":"2026-03-18T21:57:17.224353942Z"}
{"type":"log","step_name":"update-docs","message":"--- Tool: Glob('**/sqlite*') ---","timestamp":"2026-03-18T21:57:17.344866714Z"}
{"type":"log","step_name":"update-docs","message":"--- Tool: Glob('docs/**') ---","timestamp":"2026-03-18T21:57:17.484133251Z"}
{"type":"log","step_name":"update-docs","message":"--- Tool: Bash('find /workspace -type f -name \"*.go\" | grep -E \"(store|sc...') ---","timestamp":"2026-03-18T21:57:17.616539703Z"}
{"type":"log","step_name":"update-docs","message":"--- Tool: Glob('docs/**/*.md') ---","timestamp":"2026-03-18T21:57:20.31221949Z"}
{"type":"log","step_name":"update-docs","message":"--- Tool: Glob('**/migrate_v2.go') ---","timestamp":"2026-03-18T21:57:20.850495508Z"}
{"type":"log","step_name":"update-docs","message":"--- Tool: Grep('attempt_logs|TaskStore|AttemptStore|SaveTask|SaveAttempt') ---","timestamp":"2026-03-18T21:57:21.803438146Z"}
{"type":"log","step_name":"update-docs","message":"--- Tool: Read('/workspace/internal/adapters/sqlite/migrate_v2.go') ---","timestamp":"2026-03-18T21:57:31.202584268Z"}
{"type":"log","step_name":"update-docs","message":"--- Tool: Read('/workspace/internal/ports/store.go') ---","timestamp":"2026-03-18T21:57:31.2575709Z"}
{"type":"log","step_name":"update-docs","message":"--- Tool: Read('/workspace/docs/plans/2026-03-18-task-oriented-apis-desig...') ---","timestamp":"2026-03-18T21:57:31.479493233Z"}
{"type":"log","step_name":"update-docs","message":"Now let me check the actual domain types and other docs that might reference the schema.","timestamp":"2026-03-18T21:57:36.188627643Z"}
{"type":"log","step_name":"update-docs","message":"--- Tool: Grep('type Task struct|type Attempt struct|GenerateAttemptID') ---","timestamp":"2026-03-18T21:57:36.765815648Z"}
{"type":"log","step_name":"update-docs","message":"--- Tool: Grep('attempt_id|task_id|attempt_logs') ---","timestamp":"2026-03-18T21:57:38.612955727Z"}
{"type":"log","step_name":"update-docs","message":"--- Tool: Read('/workspace/docs/plans/2026-02-20-cloche-system-design.md') ---","timestamp":"2026-03-18T21:57:39.938837315Z"}
{"type":"step_completed","step_name":"update-docs","result":"success","timestamp":"2026-03-18T21:57:43.142899539Z"}
{"type":"run_completed","result":"succeeded","timestamp":"2026-03-18T21:57:43.149221684Z"}
