{"type":"run_title","message":"Task: Evolution: handleNewStep creates duplicate and orphaned steps in workflow","timestamp":"2026-03-15T16:07:26.075421377Z"}
{"type":"step_started","step_name":"implement","timestamp":"2026-03-15T16:07:26.075710163Z"}
{"type":"log","step_name":"implement","message":"--- Tool: Agent('I need to understand the evolution orchestrator code and ...') ---","timestamp":"2026-03-15T16:07:35.67513842Z"}
{"type":"log","step_name":"implement","message":"--- Tool: Glob('internal/evolution/**/*.go') ---","timestamp":"2026-03-15T16:07:35.760516654Z"}
{"type":"log","step_name":"implement","message":"--- Tool: Glob('**/orchestrator.go') ---","timestamp":"2026-03-15T16:07:37.520328286Z"}
{"type":"log","step_name":"implement","message":"--- Tool: Glob('**/evolution/**/*.go') ---","timestamp":"2026-03-15T16:07:37.543401741Z"}
{"type":"log","step_name":"implement","message":"--- Tool: Glob('**/workflow.go') ---","timestamp":"2026-03-15T16:07:37.692533891Z"}
{"type":"log","step_name":"implement","message":"--- Tool: Glob('**/*mutator*.go') ---","timestamp":"2026-03-15T16:07:37.9008167Z"}
{"type":"log","step_name":"implement","message":"--- Tool: Grep('func.*handleNewStep') ---","timestamp":"2026-03-15T16:07:38.133641618Z"}
{"type":"log","step_name":"implement","message":"--- Tool: Grep('func.*AddStep') ---","timestamp":"2026-03-15T16:07:38.324851459Z"}
{"type":"log","step_name":"implement","message":"--- Tool: Grep('func.*Validate') ---","timestamp":"2026-03-15T16:07:38.386268631Z"}
{"type":"log","step_name":"implement","message":"--- Tool: Read('/workspace/internal/evolution/orchestrator.go') ---","timestamp":"2026-03-15T16:07:39.465147731Z"}
{"type":"log","step_name":"implement","message":"--- Tool: Read('/workspace/internal/dsl/mutator.go') ---","timestamp":"2026-03-15T16:07:39.673269165Z"}
{"type":"log","step_name":"implement","message":"--- Tool: Read('/workspace/internal/domain/workflow.go') ---","timestamp":"2026-03-15T16:07:39.901266603Z"}
{"type":"log","step_name":"implement","message":"--- Tool: Read('/workspace/internal/evolution/evolution_test.go') ---","timestamp":"2026-03-15T16:07:39.930746011Z"}
{"type":"log","step_name":"implement","message":"--- Tool: Read('/workspace/internal/dsl/mutator_test.go') ---","timestamp":"2026-03-15T16:07:41.533901548Z"}
{"type":"log","step_name":"implement","message":"--- Tool: Read('/workspace/cmd/cloche/validate.go') ---","timestamp":"2026-03-15T16:07:41.75096129Z"}
{"type":"log","step_name":"implement","message":"--- Tool: Read('/workspace/internal/domain/workflow_test.go') ---","timestamp":"2026-03-15T16:07:41.859720689Z"}
{"type":"log","step_name":"implement","message":"--- Tool: Read('/workspace/internal/evolution/types.go') ---","timestamp":"2026-03-15T16:07:43.267357033Z"}
{"type":"log","step_name":"implement","message":"--- Tool: Grep('type (Lesson|EvolutionResult)') ---","timestamp":"2026-03-15T16:07:44.09150242Z"}
{"type":"log","step_name":"implement","message":"--- Tool: Read('/workspace/internal/evolution/orchestrator.go') ---","timestamp":"2026-03-15T16:08:00.429719103Z"}
{"type":"log","step_name":"implement","message":"--- Tool: Read('/workspace/internal/dsl/mutator.go') ---","timestamp":"2026-03-15T16:08:00.827917086Z"}
{"type":"log","step_name":"implement","message":"--- Tool: Read('/workspace/internal/evolution/evolution_test.go') ---","timestamp":"2026-03-15T16:08:01.053176821Z"}
{"type":"log","step_name":"implement","message":"Now let me read the workflow `Validate()` method and the DSL `Parse` function.","timestamp":"2026-03-15T16:08:06.013282527Z"}
{"type":"log","step_name":"implement","message":"--- Tool: Read('/workspace/internal/domain/workflow.go') ---","timestamp":"2026-03-15T16:08:07.044033926Z"}
{"type":"log","step_name":"implement","message":"Now I have a clear picture. Let me implement the fix:","timestamp":"2026-03-15T16:08:11.325277042Z"}
{"type":"log","step_name":"implement","timestamp":"2026-03-15T16:08:11.32530252Z"}
{"type":"log","step_name":"implement","message":"1. Add deduplication check in `handleNewStep` — skip if step already exists","timestamp":"2026-03-15T16:08:11.325308261Z"}
{"type":"log","step_name":"implement","message":"2. Validate the workflow after all mutations, rollback to snapshot if validation fails","timestamp":"2026-03-15T16:08:11.325314102Z"}
{"type":"log","step_name":"implement","message":"--- Tool: Edit('/workspace/internal/evolution/orchestrator.go') ---","timestamp":"2026-03-15T16:08:32.711666545Z"}
{"type":"log","step_name":"implement","message":"Now let me add the tests for the new behavior.","timestamp":"2026-03-15T16:08:35.530496272Z"}
{"type":"log","step_name":"implement","message":"--- Tool: Read('/workspace/internal/evolution/evolution_test.go') ---","timestamp":"2026-03-15T16:08:36.361469099Z"}
{"type":"log","step_name":"implement","message":"--- Tool: Edit('/workspace/internal/evolution/evolution_test.go') ---","timestamp":"2026-03-15T16:09:03.181514924Z"}
{"type":"log","step_name":"implement","message":"Now let's run the tests.","timestamp":"2026-03-15T16:09:05.819983798Z"}
{"type":"log","step_name":"implement","message":"--- Tool: Bash('go test ./... 2\u003e\u00261') ---","timestamp":"2026-03-15T16:09:06.484762328Z"}
{"type":"log","step_name":"implement","message":"All tests pass. Here's a summary of the changes:","timestamp":"2026-03-15T16:10:08.088766754Z"}
{"type":"log","step_name":"implement","timestamp":"2026-03-15T16:10:08.088789948Z"}
{"type":"log","step_name":"implement","message":"**`internal/evolution/orchestrator.go`** — Fixed `handleNewStep` with three changes:","timestamp":"2026-03-15T16:10:08.088815005Z"}
{"type":"log","step_name":"implement","timestamp":"2026-03-15T16:10:08.08882802Z"}
{"type":"log","step_name":"implement","message":"1. **Deduplication check** (lines ~167-172): Before adding a step, parses the current workflow and checks if a step with the same name already exists. If so, returns early (no-op).","timestamp":"2026-03-15T16:10:08.088831727Z"}
{"type":"log","step_name":"implement","timestamp":"2026-03-15T16:10:08.088840053Z"}
{"type":"log","step_name":"implement","message":"2. **Post-mutation validation** (lines ~207-213): After all mutations (AddStep, RewireResult, AddWiring), parses and validates the final workflow with `wf.Validate()`. This catches orphaned steps, unwired results, and other graph issues. If validation fails, the workflow file is not written.","timestamp":"2026-03-15T16:10:08.088843599Z"}
{"type":"log","step_name":"implement","timestamp":"2026-03-15T16:10:08.088852817Z"}
{"type":"log","step_name":"implement","message":"3. Stored the original workflow content in an `original` variable for the dedup parse, keeping the snapshot logic intact.","timestamp":"2026-03-15T16:10:08.088856263Z"}
{"type":"log","step_name":"implement","timestamp":"2026-03-15T16:10:08.088863878Z"}
{"type":"log","step_name":"implement","message":"**`internal/evolution/evolution_test.go`** — Added three test cases:","timestamp":"2026-03-15T16:10:08.088867985Z"}
{"type":"log","step_name":"implement","timestamp":"2026-03-15T16:10:08.08887573Z"}
{"type":"log","step_name":"implement","message":"- `TestHandleNewStepSkipsDuplicate`: Calls handleNewStep when the step already exists — verifies it's a no-op with no duplicate","timestamp":"2026-03-15T16:10:08.088879156Z"}
{"type":"log","step_name":"implement","message":"- `TestHandleNewStepNoDoneEdge`: Verifies a new step is added and properly wired even when the workflow has a `-\u003e done` edge that gets rewired","timestamp":"2026-03-15T16:10:08.088886641Z"}
{"type":"log","step_name":"implement","message":"- `TestHandleNewStepValidatesResultingWorkflow`: Verifies the resulting workflow after adding a step passes full `Validate()`","timestamp":"2026-03-15T16:10:08.088890859Z"}
{"type":"log","step_name":"implement","timestamp":"2026-03-15T16:10:08.088895307Z"}
{"type":"log","step_name":"implement","message":"CLOCHE_RESULT:success","timestamp":"2026-03-15T16:10:08.088898703Z"}
{"type":"log","step_name":"implement","message":"All tests pass. Here's a summary of the changes:","timestamp":"2026-03-15T16:10:08.110201373Z"}
{"type":"log","step_name":"implement","timestamp":"2026-03-15T16:10:08.110223524Z"}
{"type":"log","step_name":"implement","message":"**`internal/evolution/orchestrator.go`** — Fixed `handleNewStep` with three changes:","timestamp":"2026-03-15T16:10:08.110227522Z"}
{"type":"log","step_name":"implement","timestamp":"2026-03-15T16:10:08.11023172Z"}
{"type":"log","step_name":"implement","message":"1. **Deduplication check** (lines ~167-172): Before adding a step, parses the current workflow and checks if a step with the same name already exists. If so, returns early (no-op).","timestamp":"2026-03-15T16:10:08.110245005Z"}
{"type":"log","step_name":"implement","timestamp":"2026-03-15T16:10:08.110249273Z"}
{"type":"log","step_name":"implement","message":"2. **Post-mutation validation** (lines ~207-213): After all mutations (AddStep, RewireResult, AddWiring), parses and validates the final workflow with `wf.Validate()`. This catches orphaned steps, unwired results, and other graph issues. If validation fails, the workflow file is not written.","timestamp":"2026-03-15T16:10:08.110253Z"}
{"type":"log","step_name":"implement","timestamp":"2026-03-15T16:10:08.110257348Z"}
{"type":"log","step_name":"implement","message":"3. Stored the original workflow content in an `original` variable for the dedup parse, keeping the snapshot logic intact.","timestamp":"2026-03-15T16:10:08.110260554Z"}
{"type":"log","step_name":"implement","timestamp":"2026-03-15T16:10:08.110264682Z"}
{"type":"log","step_name":"implement","message":"**`internal/evolution/evolution_test.go`** — Added three test cases:","timestamp":"2026-03-15T16:10:08.11026895Z"}
{"type":"log","step_name":"implement","timestamp":"2026-03-15T16:10:08.110273689Z"}
{"type":"log","step_name":"implement","message":"- `TestHandleNewStepSkipsDuplicate`: Calls handleNewStep when the step already exists — verifies it's a no-op with no duplicate","timestamp":"2026-03-15T16:10:08.110277887Z"}
{"type":"log","step_name":"implement","message":"- `TestHandleNewStepNoDoneEdge`: Verifies a new step is added and properly wired even when the workflow has a `-\u003e done` edge that gets rewired","timestamp":"2026-03-15T16:10:08.110282726Z"}
{"type":"log","step_name":"implement","message":"- `TestHandleNewStepValidatesResultingWorkflow`: Verifies the resulting workflow after adding a step passes full `Validate()`","timestamp":"2026-03-15T16:10:08.110287916Z"}
{"type":"log","step_name":"implement","timestamp":"2026-03-15T16:10:08.110292695Z"}
{"type":"log","step_name":"implement","message":"CLOCHE_RESULT:success","timestamp":"2026-03-15T16:10:08.34607439Z"}
{"type":"step_completed","step_name":"implement","result":"success","timestamp":"2026-03-15T16:10:08.355577445Z"}
{"type":"step_started","step_name":"test","timestamp":"2026-03-15T16:10:08.359662964Z"}
{"type":"log","step_name":"test","message":"?   \tgithub.com/cloche-dev/cloche/api/clochepb\t[no test files]","timestamp":"2026-03-15T16:10:08.695479054Z"}
{"type":"log","step_name":"test","message":"ok  \tgithub.com/cloche-dev/cloche/cmd/cloche\t10.033s","timestamp":"2026-03-15T16:10:19.051612876Z"}
{"type":"log","step_name":"test","message":"?   \tgithub.com/cloche-dev/cloche/cmd/cloche-agent\t[no test files]","timestamp":"2026-03-15T16:10:19.051634777Z"}
{"type":"log","step_name":"test","message":"?   \tgithub.com/cloche-dev/cloche/cmd/cloched\t[no test files]","timestamp":"2026-03-15T16:10:19.051637402Z"}
{"type":"log","step_name":"test","message":"ok  \tgithub.com/cloche-dev/cloche/internal/adapters/agents/generic\t(cached)","timestamp":"2026-03-15T16:10:19.051640097Z"}
{"type":"log","step_name":"test","message":"ok  \tgithub.com/cloche-dev/cloche/internal/adapters/agents/prompt\t(cached)","timestamp":"2026-03-15T16:10:19.051642111Z"}
{"type":"log","step_name":"test","message":"ok  \tgithub.com/cloche-dev/cloche/internal/adapters/docker\t(cached)","timestamp":"2026-03-15T16:10:19.051645588Z"}
{"type":"log","step_name":"test","message":"ok  \tgithub.com/cloche-dev/cloche/internal/adapters/grpc\t(cached)","timestamp":"2026-03-15T16:10:19.051658662Z"}
{"type":"log","step_name":"test","message":"ok  \tgithub.com/cloche-dev/cloche/internal/adapters/local\t(cached)","timestamp":"2026-03-15T16:10:19.051660766Z"}
{"type":"log","step_name":"test","message":"ok  \tgithub.com/cloche-dev/cloche/internal/adapters/sqlite\t(cached)","timestamp":"2026-03-15T16:10:19.05166266Z"}
{"type":"log","step_name":"test","message":"ok  \tgithub.com/cloche-dev/cloche/internal/adapters/web\t(cached)","timestamp":"2026-03-15T16:10:19.051664664Z"}
{"type":"log","step_name":"test","message":"ok  \tgithub.com/cloche-dev/cloche/internal/agent\t(cached)","timestamp":"2026-03-15T16:10:19.051666547Z"}
{"type":"log","step_name":"test","message":"ok  \tgithub.com/cloche-dev/cloche/internal/config\t(cached)","timestamp":"2026-03-15T16:10:19.051668521Z"}
{"type":"log","step_name":"test","message":"ok  \tgithub.com/cloche-dev/cloche/internal/domain\t(cached)","timestamp":"2026-03-15T16:10:19.051670394Z"}
{"type":"log","step_name":"test","message":"ok  \tgithub.com/cloche-dev/cloche/internal/dsl\t(cached)","timestamp":"2026-03-15T16:10:19.051672258Z"}
{"type":"log","step_name":"test","message":"ok  \tgithub.com/cloche-dev/cloche/internal/engine\t(cached)","timestamp":"2026-03-15T16:10:19.051674262Z"}
{"type":"log","step_name":"test","message":"ok  \tgithub.com/cloche-dev/cloche/internal/evolution\t(cached)","timestamp":"2026-03-15T16:10:19.051679722Z"}
{"type":"log","step_name":"test","message":"ok  \tgithub.com/cloche-dev/cloche/internal/host\t(cached)","timestamp":"2026-03-15T16:10:19.051681766Z"}
{"type":"log","step_name":"test","message":"ok  \tgithub.com/cloche-dev/cloche/internal/logstream\t(cached)","timestamp":"2026-03-15T16:10:19.05168373Z"}
{"type":"log","step_name":"test","message":"?   \tgithub.com/cloche-dev/cloche/internal/ports\t[no test files]","timestamp":"2026-03-15T16:10:19.051685703Z"}
{"type":"log","step_name":"test","message":"ok  \tgithub.com/cloche-dev/cloche/internal/protocol\t(cached)","timestamp":"2026-03-15T16:10:19.051687617Z"}
{"type":"log","step_name":"test","message":"ok  \tgithub.com/cloche-dev/cloche/internal/runcontext\t(cached)","timestamp":"2026-03-15T16:10:19.051689531Z"}
{"type":"log","step_name":"test","message":"ok  \tgithub.com/cloche-dev/cloche/internal/version\t(cached)","timestamp":"2026-03-15T16:10:19.051691444Z"}
{"type":"log","step_name":"test","message":"ok  \tgithub.com/cloche-dev/cloche/test/integration\t(cached)","timestamp":"2026-03-15T16:10:19.051693328Z"}
{"type":"step_completed","step_name":"test","result":"success","timestamp":"2026-03-15T16:10:19.092724272Z"}
{"type":"step_started","step_name":"update-docs","timestamp":"2026-03-15T16:10:19.096446124Z"}
{"type":"log","step_name":"update-docs","message":"--- Tool: Read('/workspace/internal/evolution/orchestrator.go') ---","timestamp":"2026-03-15T16:10:27.488981531Z"}
{"type":"log","step_name":"update-docs","message":"--- Tool: Read('/workspace/internal/evolution/evolution_test.go') ---","timestamp":"2026-03-15T16:10:27.760216562Z"}
{"type":"log","step_name":"update-docs","message":"The code already has all three fixes implemented:","timestamp":"2026-03-15T16:10:40.105187616Z"}
{"type":"log","step_name":"update-docs","message":"1. **Deduplication check** (lines 157-162): Parses workflow and skips if step name exists","timestamp":"2026-03-15T16:10:40.105227842Z"}
{"type":"log","step_name":"update-docs","message":"2. **Post-mutation validation** (lines 210-216): Validates the resulting workflow graph","timestamp":"2026-03-15T16:10:40.105235176Z"}
{"type":"log","step_name":"update-docs","message":"3. **Tests** cover duplicate, no-done-edge, and validation scenarios","timestamp":"2026-03-15T16:10:40.105239514Z"}
{"type":"log","step_name":"update-docs","timestamp":"2026-03-15T16:10:40.105243612Z"}
{"type":"log","step_name":"update-docs","message":"Let me verify the tests pass and then check docs.","timestamp":"2026-03-15T16:10:40.105247259Z"}
{"type":"log","step_name":"update-docs","message":"--- Tool: Bash('go test ./internal/evolution/ -run \"TestHandleNewStep|Tes...') ---","timestamp":"2026-03-15T16:10:41.466453908Z"}
{"type":"log","step_name":"update-docs","message":"--- Tool: Agent('Search for documentation files (*.md) in the docs/ direct...') ---","timestamp":"2026-03-15T16:10:44.791424306Z"}
{"type":"log","step_name":"update-docs","message":"--- Tool: Glob('docs/**/*.md') ---","timestamp":"2026-03-15T16:10:46.74986098Z"}
{"type":"log","step_name":"update-docs","message":"--- Tool: Glob('.cloche/**/*.md') ---","timestamp":"2026-03-15T16:10:46.764394429Z"}
{"type":"log","step_name":"update-docs","message":"--- Tool: Grep('evolution|handleNewStep|new_step|mutation|workflow graph ...') ---","timestamp":"2026-03-15T16:10:50.01115636Z"}
{"type":"log","step_name":"update-docs","message":"--- Tool: Grep('evolution|handleNewStep|new_step|mutation|workflow graph ...') ---","timestamp":"2026-03-15T16:10:50.644202806Z"}
{"type":"log","step_name":"update-docs","message":"--- Tool: Read('/workspace/docs/plans/2026-02-24-self-evolution-design.md') ---","timestamp":"2026-03-15T16:10:52.497446277Z"}
{"type":"log","step_name":"update-docs","message":"--- Tool: Read('/workspace/docs/plans/2026-02-24-self-evolution-implement...') ---","timestamp":"2026-03-15T16:10:52.709286508Z"}
{"type":"log","step_name":"update-docs","message":"--- Tool: Grep('handleNewStep|new_step|step.*add|add.*step') ---","timestamp":"2026-03-15T16:10:53.053319452Z"}
{"type":"log","step_name":"update-docs","message":"--- Tool: Grep('evolution|handleNewStep|new_step|add.*step|step.*add') ---","timestamp":"2026-03-15T16:10:55.885512929Z"}
{"type":"log","step_name":"update-docs","message":"All 4 tests pass. Let me check the relevant design doc for any drift.","timestamp":"2026-03-15T16:11:06.676936098Z"}
{"type":"log","step_name":"update-docs","message":"--- Tool: Grep('add_step|dedup|duplicate|orphan|validation gate|Validate') ---","timestamp":"2026-03-15T16:11:08.26912845Z"}
{"type":"log","step_name":"update-docs","message":"The design doc already describes:","timestamp":"2026-03-15T16:11:14.759483064Z"}
{"type":"log","step_name":"update-docs","message":"- Deduplication in the Curator (line 56, 217)","timestamp":"2026-03-15T16:11:14.759501449Z"}
{"type":"log","step_name":"update-docs","message":"- The `add_step` operation (line 250)","timestamp":"2026-03-15T16:11:14.759505627Z"}
{"type":"log","step_name":"update-docs","message":"- Validation gate after mutations (lines 304-306)","timestamp":"2026-03-15T16:11:14.759509113Z"}
{"type":"log","step_name":"update-docs","timestamp":"2026-03-15T16:11:14.75951275Z"}
{"type":"log","step_name":"update-docs","message":"The design doc describes the intended behavior at a high level, and the implementation now matches it. The validation gate and dedup behavior described in the docs align with the code fixes. No documentation updates needed.","timestamp":"2026-03-15T16:11:14.759516327Z"}
{"type":"log","step_name":"update-docs","timestamp":"2026-03-15T16:11:14.759521126Z"}
{"type":"log","step_name":"update-docs","message":"CLOCHE_RESULT:success","timestamp":"2026-03-15T16:11:14.759524392Z"}
{"type":"log","step_name":"update-docs","message":"The design doc already describes:","timestamp":"2026-03-15T16:11:14.850856254Z"}
{"type":"log","step_name":"update-docs","message":"- Deduplication in the Curator (line 56, 217)","timestamp":"2026-03-15T16:11:14.850870361Z"}
{"type":"log","step_name":"update-docs","message":"- The `add_step` operation (line 250)","timestamp":"2026-03-15T16:11:14.850872756Z"}
{"type":"log","step_name":"update-docs","message":"- Validation gate after mutations (lines 304-306)","timestamp":"2026-03-15T16:11:14.850874659Z"}
{"type":"log","step_name":"update-docs","timestamp":"2026-03-15T16:11:14.850876723Z"}
{"type":"log","step_name":"update-docs","message":"The design doc describes the intended behavior at a high level, and the implementation now matches it. The validation gate and dedup behavior described in the docs align with the code fixes. No documentation updates needed.","timestamp":"2026-03-15T16:11:14.850878647Z"}
{"type":"log","step_name":"update-docs","timestamp":"2026-03-15T16:11:14.850880931Z"}
{"type":"log","step_name":"update-docs","message":"CLOCHE_RESULT:success","timestamp":"2026-03-15T16:11:15.057225508Z"}
{"type":"step_completed","step_name":"update-docs","result":"success","timestamp":"2026-03-15T16:11:15.069424416Z"}
{"type":"run_completed","result":"succeeded","timestamp":"2026-03-15T16:11:15.076506477Z"}
