## Task: Evolution: handleNewStep creates duplicate and orphaned steps in workflow

## Problem

The `handleNewStep()` method in `internal/evolution/orchestrator.go` adds new steps to the workflow but has no guard against adding a step that already exists. The evolution log shows this happening repeatedly:

- "The workflow definition contains a duplicate step declaration for 'check-preflight'" (evo log entry 2026-03-06T15:31:56)
- "The workflow definition contains a duplicate 'check-zero-step-failure-rate' step" (evo log 2026-03-07T09:05:35)
- "Four steps remain orphaned for 5+ evolution cycles" (evo log 2026-03-06T15:31:56)

The wiring logic also has issues: it only wires the new step by finding the FIRST edge that goes to "done" and rerouting it (line 179-188). This means:
- If the step was already added in a previous cycle, it gets duplicated
- If the rewire target doesn't match expectations, the step gets added but is unreachable (orphaned)
- Multiple evolution cycles compound the problem — each cycle adds more orphaned steps

## Root Causes

1. **No deduplication check**: `handleNewStep` doesn't check if a step with the same name already exists in the workflow before calling `o.mutator.AddStep()`
2. **Fragile wiring**: Only rewires the first `-> done` edge, which may not be the correct insertion point
3. **No graph validation after mutation**: The method doesn't validate that the resulting workflow graph is well-formed (no orphans, no duplicates)

## How to Fix

1. Before adding a step, parse the current workflow and check if a step with that name already exists — skip if so
2. After all mutations, validate the workflow graph with `wf.Validate()`
3. If validation fails, roll back to the snapshot and skip the change
4. Consider using the DSL Mutator to check for orphaned nodes

## How to Test

1. Call `handleNewStep` twice with the same lesson — second call should be a no-op
2. Call `handleNewStep` when the workflow has no `-> done` edges — should not create orphaned steps
3. After `handleNewStep`, parse and validate the resulting workflow — should pass `Validate()`
4. Regression test: start with a workflow that already has the step wired in, run handleNewStep — assert no duplicates
