{"type":"run_title","message":"Task: V2: Domain model — Task and Attempt types","timestamp":"2026-03-18T18:19:25.40554579Z"}
{"type":"step_started","step_name":"implement","timestamp":"2026-03-18T18:19:25.406127589Z"}
{"type":"log","step_name":"implement","message":"--- Tool: Read('/workspace/docs/plans/2026-03-18-task-oriented-apis-desig...') ---","timestamp":"2026-03-18T18:19:43.082730855Z"}
{"type":"log","step_name":"implement","message":"--- Tool: Read('/workspace/internal/domain') ---","timestamp":"2026-03-18T18:19:43.127554634Z"}
{"type":"log","step_name":"implement","message":"--- Tool: Bash('ls /workspace/internal/domain/') ---","timestamp":"2026-03-18T18:19:47.508644347Z"}
{"type":"log","step_name":"implement","message":"--- Tool: Glob('internal/domain/**/*.go') ---","timestamp":"2026-03-18T18:19:47.596580762Z"}
{"type":"log","step_name":"implement","message":"--- Tool: Read('/workspace/internal/domain/run.go') ---","timestamp":"2026-03-18T18:19:50.789623173Z"}
{"type":"log","step_name":"implement","message":"--- Tool: Read('/workspace/internal/domain/run_test.go') ---","timestamp":"2026-03-18T18:19:51.292075296Z"}
{"type":"log","step_name":"implement","message":"--- Tool: Read('/workspace/internal/domain/namegen.go') ---","timestamp":"2026-03-18T18:19:51.580597289Z"}
{"type":"log","step_name":"implement","message":"Now I have a clear picture. Let me implement the Task and Attempt domain types.","timestamp":"2026-03-18T18:19:58.768148888Z"}
{"type":"log","step_name":"implement","message":"--- Tool: Read('/workspace/internal/domain/output_path_test.go') ---","timestamp":"2026-03-18T18:19:59.437046995Z"}
{"type":"log","step_name":"implement","message":"Now let me create the new domain types.","timestamp":"2026-03-18T18:20:01.955852618Z"}
{"type":"log","step_name":"implement","message":"--- Tool: Write('/workspace/internal/domain/task.go') ---","timestamp":"2026-03-18T18:20:09.005285696Z"}
{"type":"log","step_name":"implement","message":"--- Tool: Write('/workspace/internal/domain/attempt.go') ---","timestamp":"2026-03-18T18:20:19.855094373Z"}
{"type":"step_completed","step_name":"implement","result":"success","timestamp":"2026-03-18T18:20:22.408125267Z"}
{"type":"step_started","step_name":"test","timestamp":"2026-03-18T18:20:22.538311438Z"}
{"type":"log","step_name":"test","message":"go: downloading github.com/stretchr/testify v1.11.1","timestamp":"2026-03-18T18:20:26.632367043Z"}
{"type":"log","step_name":"test","message":"go: downloading modernc.org/sqlite v1.46.1","timestamp":"2026-03-18T18:20:26.637962349Z"}
{"type":"log","step_name":"test","message":"go: downloading google.golang.org/grpc v1.79.1","timestamp":"2026-03-18T18:20:26.638453928Z"}
{"type":"log","step_name":"test","message":"go: downloading github.com/BurntSushi/toml v1.6.0","timestamp":"2026-03-18T18:20:26.646241096Z"}
{"type":"log","step_name":"test","message":"go: downloading google.golang.org/protobuf v1.36.11","timestamp":"2026-03-18T18:20:26.647265592Z"}
{"type":"log","step_name":"test","message":"go: downloading gopkg.in/yaml.v3 v3.0.1","timestamp":"2026-03-18T18:20:31.84623825Z"}
{"type":"log","step_name":"test","message":"go: downloading github.com/davecgh/go-spew v1.1.1","timestamp":"2026-03-18T18:20:31.84659796Z"}
{"type":"log","step_name":"test","message":"go: downloading github.com/pmezard/go-difflib v1.0.0","timestamp":"2026-03-18T18:20:31.846611616Z"}
{"type":"log","step_name":"test","message":"go: downloading golang.org/x/sys v0.39.0","timestamp":"2026-03-18T18:20:32.392519209Z"}
{"type":"log","step_name":"test","message":"go: downloading golang.org/x/net v0.48.0","timestamp":"2026-03-18T18:20:32.392592998Z"}
{"type":"log","step_name":"test","message":"go: downloading google.golang.org/genproto/googleapis/rpc v0.0.0-20251202230838-ff82c1b0f217","timestamp":"2026-03-18T18:20:32.39275785Z"}
{"type":"log","step_name":"test","message":"go: downloading golang.org/x/text v0.32.0","timestamp":"2026-03-18T18:20:32.925252551Z"}
{"type":"log","step_name":"test","message":"go: downloading modernc.org/libc v1.67.6","timestamp":"2026-03-18T18:20:39.513991783Z"}
{"type":"log","step_name":"test","message":"go: downloading modernc.org/memory v1.11.0","timestamp":"2026-03-18T18:20:41.189876332Z"}
{"type":"log","step_name":"test","message":"go: downloading github.com/google/uuid v1.6.0","timestamp":"2026-03-18T18:20:41.189906259Z"}
{"type":"log","step_name":"test","message":"go: downloading github.com/dustin/go-humanize v1.0.1","timestamp":"2026-03-18T18:20:41.189913392Z"}
{"type":"log","step_name":"test","message":"go: downloading modernc.org/mathutil v1.7.1","timestamp":"2026-03-18T18:20:41.189922059Z"}
{"type":"log","step_name":"test","message":"go: downloading golang.org/x/exp v0.0.0-20251023183803-a4bb9ffd2546","timestamp":"2026-03-18T18:20:41.189927679Z"}
{"type":"log","step_name":"test","message":"go: downloading github.com/remyoudompheng/bigfft v0.0.0-20230129092748-24d4a6f8daec","timestamp":"2026-03-18T18:20:41.254391641Z"}
{"type":"log","step_name":"test","message":"?   \tgithub.com/cloche-dev/cloche/api/clochepb\t[no test files]","timestamp":"2026-03-18T18:20:54.332926693Z"}
{"type":"error","message":"workflow cancelled: context canceled","timestamp":"2026-03-18T18:21:03.781784299Z"}
{"type":"run_completed","result":"failed","timestamp":"2026-03-18T18:21:03.78183798Z"}
error: workflow cancelled: context canceled
