{"type":"step_started","step_name":"implement","timestamp":"2026-03-05T00:33:20.97118243Z"}
{"type":"log","step_name":"implement","message":"Here's a summary of all changes made:","timestamp":"2026-03-05T00:35:40.823180865Z"}
{"type":"log","step_name":"implement","timestamp":"2026-03-05T00:35:40.823249505Z"}
{"type":"log","step_name":"implement","message":"**`internal/adapters/web/handler.go`:**","timestamp":"2026-03-05T00:35:40.823253793Z"}
{"type":"log","step_name":"implement","message":"1. Added `orchestrateFn` field (`func(ctx context.Context, projectDir string) (int, error)`) to the `Handler` struct","timestamp":"2026-03-05T00:35:40.82327369Z"}
{"type":"log","step_name":"implement","message":"2. Added `WithOrchestrateFunc` `HandlerOption` to set it","timestamp":"2026-03-05T00:35:40.823281645Z"}
{"type":"log","step_name":"implement","message":"3. Rewrote `handleAPITriggerOrchestrator` to:","timestamp":"2026-03-05T00:35:40.823288909Z"}
{"type":"log","step_name":"implement","message":"   - Return **501 Not Implemented** if `orchestrateFn` is nil","timestamp":"2026-03-05T00:35:40.823292365Z"}
{"type":"log","step_name":"implement","message":"   - Resolve the project name to its directory via `ListProjects` + `projectLabels`","timestamp":"2026-03-05T00:35:40.823296062Z"}
{"type":"log","step_name":"implement","message":"   - Return **404** if the project name doesn't match any known project","timestamp":"2026-03-05T00:35:40.823303797Z"}
{"type":"log","step_name":"implement","message":"   - Call `orchestrateFn` and return the dispatched count (or 500 on error)","timestamp":"2026-03-05T00:35:40.823311281Z"}
{"type":"log","step_name":"implement","message":"   - Return **202 Accepted** with `{\"status\":\"accepted\",\"project\":\"...\",\"dispatched\":N}`","timestamp":"2026-03-05T00:35:40.823315018Z"}
{"type":"log","step_name":"implement","timestamp":"2026-03-05T00:35:40.823326009Z"}
{"type":"log","step_name":"implement","message":"**`cmd/cloched/main.go`:**","timestamp":"2026-03-05T00:35:40.823329516Z"}
{"type":"log","step_name":"implement","message":"4. Extracted the orchestrate closure into a `orchestrateFn` variable shared between `srv.SetOrchestrateFunc(...)` and `web.WithOrchestrateFunc(...)`","timestamp":"2026-03-05T00:35:40.823333142Z"}
{"type":"log","step_name":"implement","message":"5. Passes `web.WithOrchestrateFunc(orchestrateFn)` when constructing the web handler (only if orchestrator is configured)","timestamp":"2026-03-05T00:35:40.823340797Z"}
{"type":"log","step_name":"implement","timestamp":"2026-03-05T00:35:40.823352289Z"}
{"type":"log","step_name":"implement","message":"**`internal/adapters/web/handler_test.go`:**","timestamp":"2026-03-05T00:35:40.823355925Z"}
{"type":"log","step_name":"implement","message":"6. Replaced the old stub test with 4 new tests:","timestamp":"2026-03-05T00:35:40.82336385Z"}
{"type":"log","step_name":"implement","message":"   - `TestAPITriggerOrchestrator_NilFunc` — verifies 501 when no function set","timestamp":"2026-03-05T00:35:40.823371315Z"}
{"type":"log","step_name":"implement","message":"   - `TestAPITriggerOrchestrator_CallsFunc` — verifies the function is called with the correct project dir and returns the dispatched count","timestamp":"2026-03-05T00:35:40.823379179Z"}
{"type":"log","step_name":"implement","message":"   - `TestAPITriggerOrchestrator_ProjectNotFound` — verifies 404 for unknown project","timestamp":"2026-03-05T00:35:40.823387094Z"}
{"type":"log","step_name":"implement","message":"   - `TestAPITriggerOrchestrator_Error` — verifies 500 when the orchestrate function returns an error","timestamp":"2026-03-05T00:35:40.823391092Z"}
{"type":"log","step_name":"implement","timestamp":"2026-03-05T00:35:40.82339525Z"}
{"type":"log","step_name":"implement","message":"CLOCHE_RESULT:success","timestamp":"2026-03-05T00:35:41.070975278Z"}
{"type":"step_completed","step_name":"implement","result":"success","timestamp":"2026-03-05T00:35:41.073083026Z"}
{"type":"step_started","step_name":"test","timestamp":"2026-03-05T00:35:41.073103395Z"}
{"type":"step_completed","step_name":"test","result":"fail","timestamp":"2026-03-05T00:35:51.694997607Z"}
{"type":"step_started","step_name":"fix","timestamp":"2026-03-05T00:35:51.695018847Z"}
{"type":"log","step_name":"fix","message":"Prompt is too long","timestamp":"2026-03-05T00:35:54.548766806Z"}
{"type":"step_completed","step_name":"fix","result":"fail","timestamp":"2026-03-05T00:35:54.549415661Z"}
{"type":"run_completed","result":"failed","timestamp":"2026-03-05T00:35:54.54946276Z"}
