{"type":"run_title","message":"Task: GEPA: Orchestrator population mode","timestamp":"2026-03-17T14:07:03.880878932Z"}
{"type":"step_started","step_name":"implement","timestamp":"2026-03-17T14:07:03.881455441Z"}
{"type":"log","step_name":"implement","message":"--- Tool: Agent('Thoroughly explore the internal/evolution/ directory. I n...') ---","timestamp":"2026-03-17T14:07:28.008959478Z"}
{"type":"log","step_name":"implement","message":"--- Tool: Glob('internal/evolution/**') ---","timestamp":"2026-03-17T14:07:30.984713609Z"}
{"type":"log","step_name":"implement","message":"--- Tool: Glob('internal/ports/**') ---","timestamp":"2026-03-17T14:07:31.184132642Z"}
{"type":"log","step_name":"implement","message":"--- Tool: Bash('find /workspace/internal/evolution -type f -name \"*.go\" |...') ---","timestamp":"2026-03-17T14:07:31.687004053Z"}
{"type":"log","step_name":"implement","message":"--- Tool: Read('/workspace/internal/evolution/orchestrator.go') ---","timestamp":"2026-03-17T14:07:32.950745918Z"}
{"type":"log","step_name":"implement","message":"--- Tool: Read('/workspace/internal/evolution/types.go') ---","timestamp":"2026-03-17T14:07:33.155871111Z"}
{"type":"log","step_name":"implement","message":"--- Tool: Read('/workspace/internal/evolution/curator.go') ---","timestamp":"2026-03-17T14:07:33.369779448Z"}
{"type":"log","step_name":"implement","message":"--- Tool: Read('/workspace/internal/evolution/collector.go') ---","timestamp":"2026-03-17T14:07:33.46439973Z"}
{"type":"log","step_name":"implement","message":"--- Tool: Read('/workspace/internal/evolution/classifier.go') ---","timestamp":"2026-03-17T14:07:35.101453811Z"}
{"type":"log","step_name":"implement","message":"--- Tool: Read('/workspace/internal/evolution/reflector.go') ---","timestamp":"2026-03-17T14:07:35.108428257Z"}
{"type":"log","step_name":"implement","message":"--- Tool: Read('/workspace/internal/evolution/scriptgen.go') ---","timestamp":"2026-03-17T14:07:35.337225802Z"}
{"type":"log","step_name":"implement","message":"--- Tool: Read('/workspace/internal/evolution/audit.go') ---","timestamp":"2026-03-17T14:07:35.453629857Z"}
{"type":"log","step_name":"implement","message":"--- Tool: Read('/workspace/internal/evolution/trigger.go') ---","timestamp":"2026-03-17T14:07:37.455248144Z"}
{"type":"log","step_name":"implement","message":"--- Tool: Read('/workspace/internal/evolution/llmclient.go') ---","timestamp":"2026-03-17T14:07:37.730571594Z"}
{"type":"log","step_name":"implement","message":"--- Tool: Read('/workspace/internal/ports/store.go') ---","timestamp":"2026-03-17T14:07:37.851821786Z"}
{"type":"log","step_name":"implement","message":"--- Tool: Read('/workspace/internal/evolution/evolution_test.go') ---","timestamp":"2026-03-17T14:07:39.356282948Z"}
{"type":"log","step_name":"implement","message":"--- Tool: Read('/workspace/internal/evolution/trigger_test.go') ---","timestamp":"2026-03-17T14:07:39.703435496Z"}
{"type":"log","step_name":"implement","message":"--- Tool: Read('/workspace/internal/evolution/corruption_test.go') ---","timestamp":"2026-03-17T14:07:39.83126163Z"}
{"type":"log","step_name":"implement","message":"--- Tool: Read('/workspace/internal/evolution/scriptgen_test.go') ---","timestamp":"2026-03-17T14:07:43.051594231Z"}
{"type":"log","step_name":"implement","message":"--- Tool: Read('/workspace/internal/ports/agent.go') ---","timestamp":"2026-03-17T14:07:43.252895513Z"}
{"type":"log","step_name":"implement","message":"--- Tool: Bash('ls -la /workspace/internal/evolution/ | head -30') ---","timestamp":"2026-03-17T14:07:45.694078799Z"}
{"type":"log","step_name":"implement","message":"--- Tool: Bash('wc -l /workspace/internal/evolution/*.go') ---","timestamp":"2026-03-17T14:07:45.847637688Z"}
{"type":"log","step_name":"implement","message":"--- Tool: Agent('Find and read ALL files related to \"population\" in the /w...') ---","timestamp":"2026-03-17T14:08:32.214517829Z"}
{"type":"log","step_name":"implement","message":"--- Tool: Glob('**/internal/evolution/**') ---","timestamp":"2026-03-17T14:08:34.036239374Z"}
{"type":"log","step_name":"implement","message":"--- Tool: Grep('population') ---","timestamp":"2026-03-17T14:08:34.442318919Z"}
{"type":"log","step_name":"implement","message":"--- Tool: Grep('AddCandidate|Promote|Pareto|EvaluateRun') ---","timestamp":"2026-03-17T14:08:34.614292616Z"}
{"type":"log","step_name":"implement","message":"--- Tool: Grep('(?i)population') ---","timestamp":"2026-03-17T14:08:36.468979286Z"}
{"type":"log","step_name":"implement","message":"--- Tool: Grep('(?i)fitness') ---","timestamp":"2026-03-17T14:08:36.66821676Z"}
{"type":"log","step_name":"implement","message":"--- Tool: Grep('(?i)evaluaterun') ---","timestamp":"2026-03-17T14:08:36.880598938Z"}
{"type":"log","step_name":"implement","message":"--- Tool: Read('/workspace/internal/evolution/types.go') ---","timestamp":"2026-03-17T14:08:38.342148776Z"}
{"type":"log","step_name":"implement","message":"--- Tool: Read('/workspace/internal/evolution/curator.go') ---","timestamp":"2026-03-17T14:08:38.360194639Z"}
{"type":"log","step_name":"implement","message":"--- Tool: Read('/workspace/internal/evolution/orchestrator.go') ---","timestamp":"2026-03-17T14:08:38.472106777Z"}
{"type":"log","step_name":"implement","message":"--- Tool: Bash('find /workspace -type f -name \"*.go\" | head -20') ---","timestamp":"2026-03-17T14:08:38.806942498Z"}
{"type":"log","step_name":"implement","message":"--- Tool: Read('/workspace/internal/evolution/collector.go') ---","timestamp":"2026-03-17T14:08:40.977929579Z"}
{"type":"log","step_name":"implement","message":"--- Tool: Read('/workspace/internal/evolution/classifier.go') ---","timestamp":"2026-03-17T14:08:41.119926233Z"}
{"type":"log","step_name":"implement","message":"--- Tool: Read('/workspace/internal/evolution/reflector.go') ---","timestamp":"2026-03-17T14:08:41.142114462Z"}
{"type":"log","step_name":"implement","message":"--- Tool: Read('/workspace/internal/evolution/llmclient.go') ---","timestamp":"2026-03-17T14:08:41.245938379Z"}
{"type":"log","step_name":"implement","message":"--- Tool: Read('/workspace/internal/evolution/scriptgen.go') ---","timestamp":"2026-03-17T14:08:45.085884518Z"}
{"type":"log","step_name":"implement","message":"--- Tool: Read('/workspace/internal/evolution/audit.go') ---","timestamp":"2026-03-17T14:08:45.227949913Z"}
{"type":"log","step_name":"implement","message":"--- Tool: Read('/workspace/internal/evolution/trigger.go') ---","timestamp":"2026-03-17T14:08:45.439304041Z"}
{"type":"log","step_name":"implement","message":"--- Tool: Read('/workspace/internal/evolution/corruption_test.go') ---","timestamp":"2026-03-17T14:08:45.674389382Z"}
{"type":"log","step_name":"implement","message":"--- Tool: Read('/workspace/internal/evolution/evolution_test.go') ---","timestamp":"2026-03-17T14:08:51.522309302Z"}
{"type":"log","step_name":"implement","message":"--- Tool: Bash('grep -r \"Population\\|AddCandidate\\|Promote\\|Pareto\" /work...') ---","timestamp":"2026-03-17T14:08:52.321489276Z"}
{"type":"log","step_name":"implement","message":"--- Tool: Bash('grep -r \"scriptedLLM\\|fakeLLM\" /workspace/internal/evolut...') ---","timestamp":"2026-03-17T14:08:55.120485379Z"}
{"type":"log","step_name":"implement","message":"--- Tool: Read('/workspace/internal/evolution/scriptgen_test.go') ---","timestamp":"2026-03-17T14:08:57.396708332Z"}
{"type":"log","step_name":"implement","message":"--- Tool: Read('/workspace/internal/evolution/trigger_test.go') ---","timestamp":"2026-03-17T14:08:57.474926796Z"}
{"type":"log","step_name":"implement","message":"--- Tool: Bash('grep -r \"EvolutionStore\\|CaptureStore\" /workspace/interna...') ---","timestamp":"2026-03-17T14:09:00.609579633Z"}
{"type":"log","step_name":"implement","message":"--- Tool: Read('/workspace/internal/ports/store.go') ---","timestamp":"2026-03-17T14:09:02.057887298Z"}
{"type":"log","step_name":"implement","message":"--- Tool: Bash('find /workspace -type f -name \"*.md\" | xargs grep -l \"pop...') ---","timestamp":"2026-03-17T14:09:02.527593491Z"}
{"type":"log","step_name":"implement","message":"--- Tool: Bash('find /workspace/docs -type f -name \"*.md\" 2\u003e/dev/null | h...') ---","timestamp":"2026-03-17T14:09:04.034437309Z"}
{"type":"log","step_name":"implement","message":"--- Tool: Bash('find /workspace/docs -name \"*evolution*\" -o -name \"*paret...') ---","timestamp":"2026-03-17T14:09:05.667430688Z"}
{"type":"log","step_name":"implement","message":"--- Tool: Read('/workspace/docs/plans/2026-02-24-self-evolution-design.md') ---","timestamp":"2026-03-17T14:09:07.058426684Z"}
{"type":"log","step_name":"implement","message":"--- Tool: Read('/workspace/docs/plans/2026-02-24-self-evolution-implement...') ---","timestamp":"2026-03-17T14:09:07.167596454Z"}
{"type":"log","step_name":"implement","message":"--- Tool: Read('/workspace/internal/evolution/orchestrator.go') ---","timestamp":"2026-03-17T14:09:33.490965205Z"}
{"type":"log","step_name":"implement","message":"--- Tool: Read('/workspace/internal/evolution/types.go') ---","timestamp":"2026-03-17T14:09:33.502249975Z"}
{"type":"log","step_name":"implement","message":"--- Tool: Read('/workspace/internal/evolution/curator.go') ---","timestamp":"2026-03-17T14:09:33.506615693Z"}
{"type":"log","step_name":"implement","message":"Now let me check the domain types for Run.","timestamp":"2026-03-17T14:09:41.865541212Z"}
{"type":"log","step_name":"implement","message":"--- Tool: Read('/workspace/internal/domain/run.go') ---","timestamp":"2026-03-17T14:09:42.285953563Z"}
{"type":"log","step_name":"implement","message":"--- Tool: Read('/workspace/internal/evolution/evolution_test.go') ---","timestamp":"2026-03-17T14:09:42.937356251Z"}
{"type":"log","step_name":"implement","message":"Now I have a clear picture of the codebase. Let me implement the population mode. I'll create the population type, add `Curate()` to the curator, and modify the orchestrator.","timestamp":"2026-03-17T14:10:03.664575848Z"}
{"type":"log","step_name":"implement","message":"--- Tool: Write('/workspace/internal/evolution/population.go') ---","timestamp":"2026-03-17T14:10:22.045149172Z"}
{"type":"log","step_name":"implement","message":"Now add the `Curate()` method to the Curator.","timestamp":"2026-03-17T14:10:28.092177267Z"}
{"type":"log","step_name":"implement","message":"--- Tool: Edit('/workspace/internal/evolution/curator.go') ---","timestamp":"2026-03-17T14:10:38.011220019Z"}
{"type":"log","step_name":"implement","message":"Now modify the orchestrator to support population mode.","timestamp":"2026-03-17T14:10:42.332308446Z"}
{"type":"log","step_name":"implement","message":"--- Tool: Edit('/workspace/internal/evolution/orchestrator.go') ---","timestamp":"2026-03-17T14:10:45.5759052Z"}
{"type":"log","step_name":"implement","message":"Now modify the `prompt_improvement` case in `Run()` to support population mode.","timestamp":"2026-03-17T14:10:49.525719729Z"}
{"type":"log","step_name":"implement","message":"--- Tool: Edit('/workspace/internal/evolution/orchestrator.go') ---","timestamp":"2026-03-17T14:10:54.532255357Z"}
{"type":"log","step_name":"implement","message":"Now add the `ScoreAndPromote` method to the orchestrator.","timestamp":"2026-03-17T14:10:57.816503484Z"}
{"type":"log","step_name":"implement","message":"--- Tool: Read('/workspace/internal/evolution/orchestrator.go') ---","timestamp":"2026-03-17T14:10:58.298156366Z"}
{"type":"log","step_name":"implement","message":"--- Tool: Edit('/workspace/internal/evolution/orchestrator.go') ---","timestamp":"2026-03-17T14:11:08.763002724Z"}
{"type":"log","step_name":"implement","message":"Now I need to add the `domain` import to orchestrator.go.","timestamp":"2026-03-17T14:11:12.579381787Z"}
{"type":"log","step_name":"implement","message":"--- Tool: Edit('/workspace/internal/evolution/orchestrator.go') ---","timestamp":"2026-03-17T14:11:14.305338808Z"}
{"type":"log","step_name":"implement","message":"Now let me write the integration tests.","timestamp":"2026-03-17T14:11:18.014677478Z"}
{"type":"log","step_name":"implement","message":"--- Tool: Write('/workspace/internal/evolution/population_test.go') ---","timestamp":"2026-03-17T14:12:17.471331189Z"}
{"type":"log","step_name":"implement","message":"Now let's run the tests.","timestamp":"2026-03-17T14:12:21.837040489Z"}
{"type":"log","step_name":"implement","message":"--- Tool: Bash('go test ./internal/evolution/... 2\u003e\u00261') ---","timestamp":"2026-03-17T14:12:22.529743471Z"}
{"type":"log","step_name":"implement","message":"All tests pass. Now let me run the full test suite.","timestamp":"2026-03-17T14:12:44.152256815Z"}
{"type":"log","step_name":"implement","message":"--- Tool: Bash('go test ./... 2\u003e\u00261') ---","timestamp":"2026-03-17T14:12:44.451885011Z"}
{"type":"log","step_name":"implement","message":"All tests pass across the entire project.","timestamp":"2026-03-17T14:13:27.585471221Z"}
{"type":"log","step_name":"implement","timestamp":"2026-03-17T14:13:27.585492791Z"}
{"type":"log","step_name":"implement","message":"CLOCHE_RESULT:success","timestamp":"2026-03-17T14:13:27.585496849Z"}
{"type":"log","step_name":"implement","message":"All tests pass across the entire project.","timestamp":"2026-03-17T14:13:27.624020387Z"}
{"type":"log","step_name":"implement","timestamp":"2026-03-17T14:13:27.624063038Z"}
{"type":"log","step_name":"implement","message":"CLOCHE_RESULT:success","timestamp":"2026-03-17T14:13:27.845986793Z"}
{"type":"step_completed","step_name":"implement","result":"success","timestamp":"2026-03-17T14:13:27.861015779Z"}
{"type":"step_started","step_name":"test","timestamp":"2026-03-17T14:13:27.864296047Z"}
{"type":"log","step_name":"test","message":"?   \tgithub.com/cloche-dev/cloche/api/clochepb\t[no test files]","timestamp":"2026-03-17T14:13:28.144141302Z"}
{"type":"log","step_name":"test","message":"ok  \tgithub.com/cloche-dev/cloche/cmd/cloche\t10.036s","timestamp":"2026-03-17T14:13:38.502383293Z"}
{"type":"log","step_name":"test","message":"?   \tgithub.com/cloche-dev/cloche/cmd/cloche-agent\t[no test files]","timestamp":"2026-03-17T14:13:38.502416516Z"}
{"type":"log","step_name":"test","message":"?   \tgithub.com/cloche-dev/cloche/cmd/cloched\t[no test files]","timestamp":"2026-03-17T14:13:38.502420333Z"}
{"type":"log","step_name":"test","message":"ok  \tgithub.com/cloche-dev/cloche/internal/adapters/agents/generic\t(cached)","timestamp":"2026-03-17T14:13:38.502426875Z"}
{"type":"log","step_name":"test","message":"ok  \tgithub.com/cloche-dev/cloche/internal/adapters/agents/prompt\t(cached)","timestamp":"2026-03-17T14:13:38.502430021Z"}
{"type":"log","step_name":"test","message":"ok  \tgithub.com/cloche-dev/cloche/internal/adapters/docker\t(cached)","timestamp":"2026-03-17T14:13:38.50243501Z"}
{"type":"log","step_name":"test","message":"ok  \tgithub.com/cloche-dev/cloche/internal/adapters/grpc\t(cached)","timestamp":"2026-03-17T14:13:38.502441613Z"}
{"type":"log","step_name":"test","message":"ok  \tgithub.com/cloche-dev/cloche/internal/adapters/local\t(cached)","timestamp":"2026-03-17T14:13:38.502444629Z"}
{"type":"log","step_name":"test","message":"ok  \tgithub.com/cloche-dev/cloche/internal/adapters/sqlite\t(cached)","timestamp":"2026-03-17T14:13:38.502447544Z"}
{"type":"log","step_name":"test","message":"ok  \tgithub.com/cloche-dev/cloche/internal/adapters/web\t(cached)","timestamp":"2026-03-17T14:13:38.50245042Z"}
{"type":"log","step_name":"test","message":"ok  \tgithub.com/cloche-dev/cloche/internal/agent\t(cached)","timestamp":"2026-03-17T14:13:38.502453285Z"}
{"type":"log","step_name":"test","message":"ok  \tgithub.com/cloche-dev/cloche/internal/config\t(cached)","timestamp":"2026-03-17T14:13:38.502456231Z"}
{"type":"log","step_name":"test","message":"ok  \tgithub.com/cloche-dev/cloche/internal/domain\t(cached)","timestamp":"2026-03-17T14:13:38.502459206Z"}
{"type":"log","step_name":"test","message":"ok  \tgithub.com/cloche-dev/cloche/internal/dsl\t(cached)","timestamp":"2026-03-17T14:13:38.502462072Z"}
{"type":"log","step_name":"test","message":"ok  \tgithub.com/cloche-dev/cloche/internal/engine\t(cached)","timestamp":"2026-03-17T14:13:38.502465007Z"}
{"type":"log","step_name":"test","message":"ok  \tgithub.com/cloche-dev/cloche/internal/evolution\t(cached)","timestamp":"2026-03-17T14:13:38.502471249Z"}
{"type":"log","step_name":"test","message":"ok  \tgithub.com/cloche-dev/cloche/internal/host\t(cached)","timestamp":"2026-03-17T14:13:38.502475116Z"}
{"type":"log","step_name":"test","message":"ok  \tgithub.com/cloche-dev/cloche/internal/logstream\t(cached)","timestamp":"2026-03-17T14:13:38.502477902Z"}
{"type":"log","step_name":"test","message":"?   \tgithub.com/cloche-dev/cloche/internal/ports\t[no test files]","timestamp":"2026-03-17T14:13:38.50248214Z"}
{"type":"log","step_name":"test","message":"ok  \tgithub.com/cloche-dev/cloche/internal/protocol\t(cached)","timestamp":"2026-03-17T14:13:38.502486838Z"}
{"type":"log","step_name":"test","message":"ok  \tgithub.com/cloche-dev/cloche/internal/runcontext\t(cached)","timestamp":"2026-03-17T14:13:38.502489684Z"}
{"type":"log","step_name":"test","message":"ok  \tgithub.com/cloche-dev/cloche/internal/version\t(cached)","timestamp":"2026-03-17T14:13:38.502492479Z"}
{"type":"log","step_name":"test","message":"ok  \tgithub.com/cloche-dev/cloche/test/integration\t(cached)","timestamp":"2026-03-17T14:13:38.502495264Z"}
{"type":"step_completed","step_name":"test","result":"success","timestamp":"2026-03-17T14:13:38.545683296Z"}
{"type":"step_started","step_name":"update-docs","timestamp":"2026-03-17T14:13:38.548919411Z"}
{"type":"log","step_name":"update-docs","message":"--- Tool: Read('/workspace/internal/evolution/orchestrator.go') ---","timestamp":"2026-03-17T14:13:45.139629064Z"}
{"type":"log","step_name":"update-docs","message":"--- Tool: Read('/workspace/internal/evolution/population.go') ---","timestamp":"2026-03-17T14:13:45.695841297Z"}
{"type":"log","step_name":"update-docs","message":"--- Tool: Read('/workspace/internal/evolution/curator.go') ---","timestamp":"2026-03-17T14:13:46.252348708Z"}
{"type":"log","step_name":"update-docs","message":"--- Tool: Glob('docs/**/*.md') ---","timestamp":"2026-03-17T14:13:46.460576106Z"}
{"type":"log","step_name":"update-docs","message":"--- Tool: Read('/workspace/docs/plans/2026-02-24-self-evolution-design.md') ---","timestamp":"2026-03-17T14:13:50.889680276Z"}
{"type":"log","step_name":"update-docs","message":"--- Tool: Read('/workspace/docs/plans/2026-02-24-self-evolution-implement...') ---","timestamp":"2026-03-17T14:13:51.408308056Z"}
{"type":"log","step_name":"update-docs","message":"--- Tool: Grep('population|Population|candidate|Candidate|Promote|ScoreAn...') ---","timestamp":"2026-03-17T14:13:53.028085994Z"}
{"type":"log","step_name":"update-docs","message":"The new population mode feature (Population, ScoreAndPromote, Pareto fitness) is not mentioned in any documentation. The most relevant doc is the self-evolution design. Let me update it.","timestamp":"2026-03-17T14:14:01.972475353Z"}
{"type":"log","step_name":"update-docs","message":"--- Tool: Read('/workspace/docs/plans/2026-02-24-self-evolution-design.md') ---","timestamp":"2026-03-17T14:14:04.209647591Z"}
{"type":"log","step_name":"update-docs","message":"--- Tool: Edit('/workspace/docs/plans/2026-02-24-self-evolution-design.md') ---","timestamp":"2026-03-17T14:14:25.984227201Z"}
{"type":"log","step_name":"update-docs","message":"Now let me also update the Future Work section to remove helpfulness tracking since population mode partially addresses it.","timestamp":"2026-03-17T14:14:31.162375877Z"}
{"type":"log","step_name":"update-docs","message":"--- Tool: Read('/workspace/docs/plans/2026-02-24-self-evolution-design.md') ---","timestamp":"2026-03-17T14:14:31.563747794Z"}
{"type":"log","step_name":"update-docs","message":"--- Tool: Edit('/workspace/docs/plans/2026-02-24-self-evolution-design.md') ---","timestamp":"2026-03-17T14:14:36.447824466Z"}
{"type":"log","step_name":"update-docs","message":"Let me verify the edits read correctly.","timestamp":"2026-03-17T14:14:39.884482033Z"}
{"type":"log","step_name":"update-docs","message":"--- Tool: Read('/workspace/docs/plans/2026-02-24-self-evolution-design.md') ---","timestamp":"2026-03-17T14:14:40.883983183Z"}
{"type":"log","step_name":"update-docs","message":"The documentation is valid and accurately reflects the source code. The update adds a \"Population Mode\" subsection under the Prompt Curator branch documenting:","timestamp":"2026-03-17T14:14:48.040802297Z"}
{"type":"log","step_name":"update-docs","timestamp":"2026-03-17T14:14:48.040818468Z"}
{"type":"log","step_name":"update-docs","message":"- The alternate flow when `Population` is set on the Orchestrator","timestamp":"2026-03-17T14:14:48.040821253Z"}
{"type":"log","step_name":"update-docs","message":"- `Curator.Curate()` producing content strings instead of writing to disk","timestamp":"2026-03-17T14:14:48.040823718Z"}
{"type":"log","step_name":"update-docs","message":"- `Population.AddCandidate()` with content + ancestor lessons","timestamp":"2026-03-17T14:14:48.040826613Z"}
{"type":"log","step_name":"update-docs","message":"- `FitnessScores` (success_rate, step_count, total_runs)","timestamp":"2026-03-17T14:14:48.040828677Z"}
{"type":"log","step_name":"update-docs","message":"- `ScoreAndPromote` with `EvaluateRun`, `FindPromotable` (Pareto dominance + min runs), and `Promote`","timestamp":"2026-03-17T14:14:48.040830631Z"}
{"type":"log","step_name":"update-docs","timestamp":"2026-03-17T14:14:48.040832905Z"}
{"type":"log","step_name":"update-docs","message":"CLOCHE_RESULT:success","timestamp":"2026-03-17T14:14:48.040834639Z"}
{"type":"log","step_name":"update-docs","message":"The documentation is valid and accurately reflects the source code. The update adds a \"Population Mode\" subsection under the Prompt Curator branch documenting:","timestamp":"2026-03-17T14:14:48.074576924Z"}
{"type":"log","step_name":"update-docs","timestamp":"2026-03-17T14:14:48.074591211Z"}
{"type":"log","step_name":"update-docs","message":"- The alternate flow when `Population` is set on the Orchestrator","timestamp":"2026-03-17T14:14:48.074594728Z"}
{"type":"log","step_name":"update-docs","message":"- `Curator.Curate()` producing content strings instead of writing to disk","timestamp":"2026-03-17T14:14:48.074598325Z"}
{"type":"log","step_name":"update-docs","message":"- `Population.AddCandidate()` with content + ancestor lessons","timestamp":"2026-03-17T14:14:48.074602052Z"}
{"type":"log","step_name":"update-docs","message":"- `FitnessScores` (success_rate, step_count, total_runs)","timestamp":"2026-03-17T14:14:48.074605609Z"}
{"type":"log","step_name":"update-docs","message":"- `ScoreAndPromote` with `EvaluateRun`, `FindPromotable` (Pareto dominance + min runs), and `Promote`","timestamp":"2026-03-17T14:14:48.074609796Z"}
{"type":"log","step_name":"update-docs","timestamp":"2026-03-17T14:14:48.074614686Z"}
{"type":"log","step_name":"update-docs","message":"CLOCHE_RESULT:success","timestamp":"2026-03-17T14:14:48.279579807Z"}
{"type":"step_completed","step_name":"update-docs","result":"success","timestamp":"2026-03-17T14:14:48.311676463Z"}
{"type":"run_completed","result":"succeeded","timestamp":"2026-03-17T14:14:48.317619593Z"}
