{"type":"step_started","step_name":"implement","timestamp":"2026-03-07T19:23:46.759682967Z"}
{"type":"log","step_name":"implement","message":"## Summary","timestamp":"2026-03-07T19:26:38.10695235Z"}
{"type":"log","step_name":"implement","timestamp":"2026-03-07T19:26:38.106996433Z"}
{"type":"log","step_name":"implement","message":"All acceptance criteria met:","timestamp":"2026-03-07T19:26:38.107001392Z"}
{"type":"log","step_name":"implement","timestamp":"2026-03-07T19:26:38.10700568Z"}
{"type":"log","step_name":"implement","message":"1. **`.cloche/version` created by `cloche init`** ŌĆö Already existed at `cmd/cloche/init.go:195` with content `\"1\\n\"`","timestamp":"2026-03-07T19:26:38.107009538Z"}
{"type":"log","step_name":"implement","timestamp":"2026-03-07T19:26:38.107038202Z"}
{"type":"log","step_name":"implement","message":"2. **`config.LoadVersion(projectDir)`** ŌĆö Added to `internal/config/config.go`. Reads the version file, returns `1` if missing.","timestamp":"2026-03-07T19:26:38.10704247Z"}
{"type":"log","step_name":"implement","timestamp":"2026-03-07T19:26:38.107051136Z"}
{"type":"log","step_name":"implement","message":"3. **`evolution/orchestrator.go` increments version** ŌĆö Added call to `config.IncrementVersion()` after Stage 5 audit when `len(result.Changes) \u003e 0`","timestamp":"2026-03-07T19:26:38.107055154Z"}
{"type":"log","step_name":"implement","timestamp":"2026-03-07T19:26:38.107065373Z"}
{"type":"log","step_name":"implement","message":"4. **Version exposed in `/api/projects/{name}/info`** ŌĆö Already existed in handler; fixed default from `0` to `1` to match the spec","timestamp":"2026-03-07T19:26:38.107069872Z"}
{"type":"log","step_name":"implement","timestamp":"2026-03-07T19:26:38.10707419Z"}
{"type":"log","step_name":"implement","message":"5. **`.cloche/version` not gitignored** ŌĆö Already correct, not listed in `.gitignore`","timestamp":"2026-03-07T19:26:38.107078067Z"}
{"type":"log","step_name":"implement","timestamp":"2026-03-07T19:26:38.107082235Z"}
{"type":"log","step_name":"implement","message":"Tests added: 5 new tests covering `LoadVersion` (file exists, missing, invalid) and `IncrementVersion` (existing file, missing file).","timestamp":"2026-03-07T19:26:38.107086243Z"}
{"type":"log","step_name":"implement","timestamp":"2026-03-07T19:26:38.107090571Z"}
{"type":"log","step_name":"implement","message":"CLOCHE_RESULT:success","timestamp":"2026-03-07T19:26:38.363895868Z"}
{"type":"step_completed","step_name":"implement","result":"success","timestamp":"2026-03-07T19:26:38.368231986Z"}
{"type":"step_started","step_name":"test","timestamp":"2026-03-07T19:26:38.368273855Z"}
{"type":"step_completed","step_name":"test","result":"success","timestamp":"2026-03-07T19:26:45.769344286Z"}
{"type":"step_started","step_name":"update-docs","timestamp":"2026-03-07T19:26:45.769372169Z"}
{"type":"log","step_name":"update-docs","message":"All acceptance criteria are met ŌĆö the implementation was already in place:","timestamp":"2026-03-07T19:28:16.758762335Z"}
{"type":"log","step_name":"update-docs","timestamp":"2026-03-07T19:28:16.758808964Z"}
{"type":"log","step_name":"update-docs","message":"1. **`.cloche/version` created with `1` by `cloche init`** ŌĆö `init.go:106,195`","timestamp":"2026-03-07T19:28:16.758813292Z"}
{"type":"log","step_name":"update-docs","message":"2. **`config.LoadVersion(projectDir)`** ŌĆö `config.go:105-119`","timestamp":"2026-03-07T19:28:16.758820806Z"}
{"type":"log","step_name":"update-docs","message":"3. **`evolution/orchestrator.go` increments version when `len(result.Changes) \u003e 0`** ŌĆö `orchestrator.go:108-112`","timestamp":"2026-03-07T19:28:16.75882834Z"}
{"type":"log","step_name":"update-docs","message":"4. **Version exposed in `/api/projects/{name}/info`** ŌĆö `handler.go:962-968,1022`","timestamp":"2026-03-07T19:28:16.758836055Z"}
{"type":"log","step_name":"update-docs","message":"5. **`.cloche/version` not gitignored** ŌĆö confirmed no matching pattern in `.gitignore`","timestamp":"2026-03-07T19:28:16.758843519Z"}
{"type":"log","step_name":"update-docs","timestamp":"2026-03-07T19:28:16.758850853Z"}
{"type":"log","step_name":"update-docs","message":"I updated `docs/USAGE.md` to fix three discrepancies:","timestamp":"2026-03-07T19:28:16.758854249Z"}
{"type":"log","step_name":"update-docs","message":"- `--image` ŌåÆ `--base-image` (matching actual CLI flag)","timestamp":"2026-03-07T19:28:16.758861253Z"}
{"type":"log","step_name":"update-docs","message":"- Default base image `ubuntu:24.04` ŌåÆ `cloche-base:latest`","timestamp":"2026-03-07T19:28:16.758869027Z"}
{"type":"log","step_name":"update-docs","message":"- Added `version`, `host.cloche`, and `scripts/prepare-prompt.sh` to the init description and project directory layout","timestamp":"2026-03-07T19:28:16.758878375Z"}
{"type":"log","step_name":"update-docs","timestamp":"2026-03-07T19:28:16.758888324Z"}
{"type":"log","step_name":"update-docs","message":"CLOCHE_RESULT:success","timestamp":"2026-03-07T19:28:17.063167902Z"}
{"type":"step_completed","step_name":"update-docs","result":"success","timestamp":"2026-03-07T19:28:17.065725307Z"}
{"type":"run_completed","result":"succeeded","timestamp":"2026-03-07T19:28:17.065800709Z"}
