{"type":"run_title","message":"Task: Run status should reflect most recent attempt, with active statuses outweighing terminal ones","timestamp":"2026-03-13T17:48:00.581637958Z"}
{"type":"step_started","step_name":"implement","timestamp":"2026-03-13T17:48:00.581826634Z"}
{"type":"log","step_name":"implement","message":"--- Tool: Agent('Explore how run status is computed in this Go project. I ...') ---","timestamp":"2026-03-13T17:48:10.856216859Z"}
{"type":"log","step_name":"implement","message":"--- Tool: Bash('find /workspace -type f -name \"*.go\" | grep -E \"(domain|p...') ---","timestamp":"2026-03-13T17:48:12.185404338Z"}
{"type":"log","step_name":"implement","message":"--- Tool: Read('/workspace/internal/domain/run.go') ---","timestamp":"2026-03-13T17:48:13.606440155Z"}
{"type":"log","step_name":"implement","message":"--- Tool: Read('/workspace/internal/domain/workflow.go') ---","timestamp":"2026-03-13T17:48:13.635529109Z"}
{"type":"log","step_name":"implement","message":"--- Tool: Read('/workspace/internal/ports/store.go') ---","timestamp":"2026-03-13T17:48:13.862169337Z"}
{"type":"log","step_name":"implement","message":"--- Tool: Read('/workspace/internal/domain/run_test.go') ---","timestamp":"2026-03-13T17:48:13.958028741Z"}
{"type":"log","step_name":"implement","message":"--- Tool: Grep('Status|status\\(\\)') ---","timestamp":"2026-03-13T17:48:15.54160334Z"}
{"type":"log","step_name":"implement","message":"--- Tool: Grep('Attempt|attempt') ---","timestamp":"2026-03-13T17:48:15.989505788Z"}
{"type":"log","step_name":"implement","message":"--- Tool: Grep('ComputeStatus') ---","timestamp":"2026-03-13T17:48:16.044645459Z"}
{"type":"log","step_name":"implement","message":"--- Tool: Bash('find /workspace/internal/adapters -type f -name \"*.go\" | ...') ---","timestamp":"2026-03-13T17:48:17.365594498Z"}
{"type":"log","step_name":"implement","message":"--- Tool: Bash('find /workspace/internal/host -type f -name \"*.go\" 2\u003e/dev...') ---","timestamp":"2026-03-13T17:48:18.836636831Z"}
{"type":"log","step_name":"implement","message":"--- Tool: Grep('RunState|RunSucceeded|RunFailed') ---","timestamp":"2026-03-13T17:48:20.321002501Z"}
{"type":"log","step_name":"implement","message":"--- Tool: Read('/workspace/internal/engine/engine.go') ---","timestamp":"2026-03-13T17:48:21.661242038Z"}
{"type":"log","step_name":"implement","message":"--- Tool: Read('/workspace/internal/host/executor.go') ---","timestamp":"2026-03-13T17:48:21.667783605Z"}
{"type":"log","step_name":"implement","message":"--- Tool: Read('/workspace/internal/host/loop.go') ---","timestamp":"2026-03-13T17:48:23.629312234Z"}
{"type":"log","step_name":"implement","message":"--- Tool: Read('/workspace/internal/host/runner.go') ---","timestamp":"2026-03-13T17:48:23.647495379Z"}
{"type":"log","step_name":"implement","message":"--- Tool: Grep('max_attempts|retry|attempt') ---","timestamp":"2026-03-13T17:48:25.255525663Z"}
{"type":"log","step_name":"implement","message":"--- Tool: Read('/workspace/internal/agent/runner.go') ---","timestamp":"2026-03-13T17:48:26.835879894Z"}
{"type":"log","step_name":"implement","message":"--- Tool: Read('/workspace/internal/evolution/reflector.go') ---","timestamp":"2026-03-13T17:48:26.870151488Z"}
{"type":"log","step_name":"implement","message":"--- Tool: Read('/workspace/internal/engine/engine_test.go') ---","timestamp":"2026-03-13T17:48:28.647971434Z"}
{"type":"log","step_name":"implement","message":"--- Tool: Read('/workspace/internal/domain/health.go') ---","timestamp":"2026-03-13T17:48:29.707044514Z"}
{"type":"log","step_name":"implement","message":"--- Tool: Bash('grep -r \"attempt_count\" /workspace/internal --include=\"*....') ---","timestamp":"2026-03-13T17:48:31.034830032Z"}
{"type":"log","step_name":"implement","message":"--- Tool: Read('/workspace/internal/adapters/agents/prompt/prompt.go') ---","timestamp":"2026-03-13T17:48:32.344079269Z"}
{"type":"log","step_name":"implement","message":"--- Tool: Bash('grep -n \"func.*Run\\|func.*Step\\|type Run\\|type Step\" /wor...') ---","timestamp":"2026-03-13T17:48:34.032754856Z"}
{"type":"log","step_name":"implement","message":"--- Tool: Bash('find /workspace/internal -name \"*.go\" -type f | xargs gre...') ---","timestamp":"2026-03-13T17:48:35.517550485Z"}
{"type":"log","step_name":"implement","message":"--- Tool: Bash('grep -A 20 \"max_attempts\" /workspace/internal/domain/work...') ---","timestamp":"2026-03-13T17:48:36.694372818Z"}
{"type":"log","step_name":"implement","message":"--- Tool: Read('/workspace/internal/host/task.go') ---","timestamp":"2026-03-13T17:48:37.999835114Z"}
{"type":"log","step_name":"implement","message":"Let me read the key files to understand the current implementation details.","timestamp":"2026-03-13T17:49:06.776395976Z"}
{"type":"log","step_name":"implement","message":"--- Tool: Read('/workspace/internal/domain/run.go') ---","timestamp":"2026-03-13T17:49:07.249462092Z"}
{"type":"log","step_name":"implement","message":"--- Tool: Read('/workspace/internal/domain/run_test.go') ---","timestamp":"2026-03-13T17:49:07.685936582Z"}
{"type":"log","step_name":"implement","message":"--- Tool: Read('/workspace/internal/domain/health.go') ---","timestamp":"2026-03-13T17:49:07.806333796Z"}
{"type":"log","step_name":"implement","message":"Now let me look at how status is displayed and how step executions relate to attempts.","timestamp":"2026-03-13T17:49:11.925839377Z"}
{"type":"log","step_name":"implement","message":"--- Tool: Agent('I need to understand how the status command works and how...') ---","timestamp":"2026-03-13T17:49:16.624025503Z"}
{"type":"log","step_name":"implement","message":"--- Tool: Glob('cmd/cloche/**/*.go') ---","timestamp":"2026-03-13T17:49:17.75121425Z"}
{"type":"log","step_name":"implement","message":"--- Tool: Glob('internal/domain/**/*.go') ---","timestamp":"2026-03-13T17:49:17.993087486Z"}
{"type":"log","step_name":"implement","message":"--- Tool: Glob('internal/adapters/**/*.go') ---","timestamp":"2026-03-13T17:49:18.316705427Z"}
{"type":"log","step_name":"implement","message":"--- Tool: Bash('find /workspace -name \"engine.go\" -type f') ---","timestamp":"2026-03-13T17:49:18.802823979Z"}
{"type":"log","step_name":"implement","message":"--- Tool: Grep('attempt') ---","timestamp":"2026-03-13T17:49:20.424420607Z"}
{"type":"log","step_name":"implement","message":"--- Tool: Grep('Status\\(\\)') ---","timestamp":"2026-03-13T17:49:20.631351332Z"}
{"type":"log","step_name":"implement","message":"--- Tool: Read('/workspace/cmd/cloche/main.go') ---","timestamp":"2026-03-13T17:49:20.764575074Z"}
{"type":"log","step_name":"implement","message":"--- Tool: Read('/workspace/internal/domain/run.go') ---","timestamp":"2026-03-13T17:49:22.274266689Z"}
{"type":"log","step_name":"implement","message":"--- Tool: Read('/workspace/internal/adapters/grpc/server.go') ---","timestamp":"2026-03-13T17:49:22.490914708Z"}
{"type":"log","step_name":"implement","message":"--- Tool: Read('/workspace/internal/engine/engine.go') ---","timestamp":"2026-03-13T17:49:22.507848664Z"}
{"type":"log","step_name":"implement","message":"--- Tool: Grep('attempt') ---","timestamp":"2026-03-13T17:49:24.34854878Z"}
{"type":"log","step_name":"implement","message":"--- Tool: Bash('find /workspace -name \"*.go\" -type f | xargs grep -l \"ret...') ---","timestamp":"2026-03-13T17:49:24.796712933Z"}
{"type":"log","step_name":"implement","message":"--- Tool: Read('/workspace/internal/adapters/agents/prompt/prompt.go') ---","timestamp":"2026-03-13T17:49:27.197905668Z"}
{"type":"log","step_name":"implement","message":"--- Tool: Read('/workspace/internal/adapters/agents/prompt/prompt_test.go') ---","timestamp":"2026-03-13T17:49:27.621950151Z"}
{"type":"log","step_name":"implement","message":"--- Tool: Read('/workspace/internal/host/executor.go') ---","timestamp":"2026-03-13T17:49:27.644269248Z"}
{"type":"log","step_name":"implement","message":"--- Tool: Bash('find /workspace -name \"*.md\" -type f | xargs grep -l \"att...') ---","timestamp":"2026-03-13T17:49:29.767641288Z"}
{"type":"log","step_name":"implement","message":"--- Tool: Read('/workspace/internal/domain/workflow.go') ---","timestamp":"2026-03-13T17:49:29.976309045Z"}
{"type":"log","step_name":"implement","message":"--- Tool: Read('/workspace/internal/adapters/sqlite/store.go') ---","timestamp":"2026-03-13T17:49:31.78252025Z"}
{"type":"log","step_name":"implement","message":"--- Tool: Bash('grep -n \"attempt\" /workspace/internal/adapters/sqlite/sto...') ---","timestamp":"2026-03-13T17:49:32.133467984Z"}
{"type":"log","step_name":"implement","message":"Let me look at the SQLite store and the gRPC server more carefully to understand the full status pipeline.","timestamp":"2026-03-13T17:50:11.612473735Z"}
{"type":"log","step_name":"implement","message":"--- Tool: Read('/workspace/internal/adapters/sqlite/store.go') ---","timestamp":"2026-03-13T17:50:12.070011099Z"}
{"type":"log","step_name":"implement","message":"--- Tool: Read('/workspace/internal/adapters/grpc/server.go') ---","timestamp":"2026-03-13T17:50:12.082477216Z"}
{"type":"log","step_name":"implement","message":"Now let me look at the host runner and how it manages child run statuses.","timestamp":"2026-03-13T17:50:17.244423088Z"}
{"type":"log","step_name":"implement","message":"--- Tool: Read('/workspace/internal/host/runner.go') ---","timestamp":"2026-03-13T17:50:17.722792471Z"}
{"type":"log","step_name":"implement","message":"--- Tool: Read('/workspace/internal/host/executor.go') ---","timestamp":"2026-03-13T17:50:17.974796827Z"}
{"type":"log","step_name":"implement","message":"Now let me read the engine code to understand the execution flow.","timestamp":"2026-03-13T17:50:21.246702401Z"}
{"type":"log","step_name":"implement","message":"--- Tool: Read('/workspace/internal/engine/engine.go') ---","timestamp":"2026-03-13T17:50:22.139401544Z"}
{"type":"log","step_name":"implement","message":"--- Tool: Read('/workspace/internal/engine/engine_test.go') ---","timestamp":"2026-03-13T17:50:22.16207938Z"}
{"type":"log","step_name":"implement","message":"Let me check for any web/dashboard code that might consume run status.","timestamp":"2026-03-13T17:50:53.999005264Z"}
{"type":"log","step_name":"implement","message":"--- Tool: Glob('internal/adapters/web/**/*.go') ---","timestamp":"2026-03-13T17:50:54.006916558Z"}
{"type":"log","step_name":"implement","message":"--- Tool: Grep('\\.State\\b') ---","timestamp":"2026-03-13T17:50:54.092547616Z"}
{"type":"log","step_name":"implement","message":"--- Tool: Read('/workspace/internal/adapters/web/handler.go') ---","timestamp":"2026-03-13T17:50:57.737583961Z"}
{"type":"log","step_name":"implement","message":"--- Tool: Grep('\\.State\\b|Status\\(\\)|ComputeStatus|run\\.State|RunState') ---","timestamp":"2026-03-13T17:51:01.834599799Z"}
{"type":"log","step_name":"implement","message":"--- Tool: Grep('Attempt|attempt') ---","timestamp":"2026-03-13T17:51:02.436388612Z"}
{"type":"log","step_name":"implement","message":"--- Tool: Read('/workspace/internal/adapters/web/handler.go') ---","timestamp":"2026-03-13T17:51:06.255499512Z"}
{"type":"log","step_name":"implement","message":"Let me understand how tasks relate to runs (task attempts).","timestamp":"2026-03-13T17:51:29.142044386Z"}
{"type":"log","step_name":"implement","message":"--- Tool: Read('/workspace/internal/adapters/web/handler.go') ---","timestamp":"2026-03-13T17:51:29.160878792Z"}
{"type":"log","step_name":"implement","message":"--- Tool: Grep('TaskID|task_id|TaskStatus|task_status') ---","timestamp":"2026-03-13T17:51:29.827045914Z"}
{"type":"log","step_name":"implement","message":"Now I have a clear understanding of the codebase. The task is about the `taskAggregateStatus` function in the web handler (line 530). Currently it picks the \"most important\" status by a fixed priority (failed \u003e running \u003e pending \u003e cancelled \u003e succeeded), which doesn't account for recency or the active-vs-terminal distinction properly.","timestamp":"2026-03-13T17:52:05.647367664Z"}
{"type":"log","step_name":"implement","timestamp":"2026-03-13T17:52:05.647396097Z"}
{"type":"log","step_name":"implement","message":"The new logic should be:","timestamp":"2026-03-13T17:52:05.647400085Z"}
{"type":"log","step_name":"implement","message":"1. Active statuses (running, pending) always outweigh terminal ones","timestamp":"2026-03-13T17:52:05.647407639Z"}
{"type":"log","step_name":"implement","message":"2. Among terminal-only statuses, the most recently started run determines the result","timestamp":"2026-03-13T17:52:05.647412729Z"}
{"type":"log","step_name":"implement","timestamp":"2026-03-13T17:52:05.647416716Z"}
{"type":"log","step_name":"implement","message":"Let me implement this as a domain function with tests.","timestamp":"2026-03-13T17:52:05.647419962Z"}
{"type":"log","step_name":"implement","message":"--- Tool: Read('/workspace/internal/domain/run.go') ---","timestamp":"2026-03-13T17:52:06.045240868Z"}
{"type":"log","step_name":"implement","message":"Now I'll add the domain function and update the web handler.","timestamp":"2026-03-13T17:52:08.862346137Z"}
{"type":"log","step_name":"implement","message":"--- Tool: Edit('/workspace/internal/domain/run.go') ---","timestamp":"2026-03-13T17:52:12.424807729Z"}
{"type":"log","step_name":"implement","message":"Now update the web handler to use the domain function:","timestamp":"2026-03-13T17:52:14.931905336Z"}
{"type":"log","step_name":"implement","message":"--- Tool: Edit('/workspace/internal/adapters/web/handler.go') ---","timestamp":"2026-03-13T17:52:19.003775556Z"}
{"type":"log","step_name":"implement","message":"Now add tests for the new domain function:","timestamp":"2026-03-13T17:52:21.234085851Z"}
{"type":"log","step_name":"implement","message":"--- Tool: Read('/workspace/internal/domain/run_test.go') ---","timestamp":"2026-03-13T17:52:21.430173995Z"}
{"type":"log","step_name":"implement","message":"--- Tool: Edit('/workspace/internal/domain/run_test.go') ---","timestamp":"2026-03-13T17:52:34.250308115Z"}
{"type":"log","step_name":"implement","message":"Now let me also check if there's an existing test for the old `taskAggregateStatus` in the web handler tests.","timestamp":"2026-03-13T17:52:37.598982561Z"}
{"type":"log","step_name":"implement","message":"--- Tool: Grep('taskAggregateStatus|TaskAggregateStatus') ---","timestamp":"2026-03-13T17:52:37.879166675Z"}
{"type":"log","step_name":"implement","message":"There's an existing test in the web handler. Let me check it and update it.","timestamp":"2026-03-13T17:52:40.692190362Z"}
{"type":"log","step_name":"implement","message":"--- Tool: Read('/workspace/internal/adapters/web/handler_test.go') ---","timestamp":"2026-03-13T17:52:40.939073023Z"}
{"type":"log","step_name":"implement","message":"--- Tool: Read('/workspace/internal/adapters/web/handler_test.go') ---","timestamp":"2026-03-13T17:52:43.617741015Z"}
{"type":"log","step_name":"implement","message":"Now I need to update the web handler test to match the new behavior. The key behavioral changes:","timestamp":"2026-03-13T17:53:08.376229249Z"}
{"type":"log","step_name":"implement","message":"1. Active statuses (running/pending) now always outweigh terminal ones","timestamp":"2026-03-13T17:53:08.376247443Z"}
{"type":"log","step_name":"implement","message":"2. Among terminal-only states, most recent attempt (by StartedAt) wins","timestamp":"2026-03-13T17:53:08.376251771Z"}
{"type":"log","step_name":"implement","message":"3. \"failed beats running\" → now \"running\" wins (active \u003e terminal)","timestamp":"2026-03-13T17:53:08.376255468Z"}
{"type":"log","step_name":"implement","message":"--- Tool: Edit('/workspace/internal/adapters/web/handler_test.go') ---","timestamp":"2026-03-13T17:53:18.290466114Z"}
{"type":"log","step_name":"implement","message":"Now update the integration test that expects \"failed\" when there's still a running run:","timestamp":"2026-03-13T17:53:21.062428661Z"}
{"type":"log","step_name":"implement","message":"--- Tool: Edit('/workspace/internal/adapters/web/handler_test.go') ---","timestamp":"2026-03-13T17:53:25.386928594Z"}
{"type":"log","step_name":"implement","message":"Now check if the `time` package is imported in the web handler test:","timestamp":"2026-03-13T17:53:29.824888435Z"}
{"type":"log","step_name":"implement","message":"--- Tool: Read('/workspace/internal/adapters/web/handler_test.go') ---","timestamp":"2026-03-13T17:53:30.065892602Z"}
{"type":"log","step_name":"implement","message":"Good, `time` is already imported. Now let's run the tests:","timestamp":"2026-03-13T17:53:32.529603623Z"}
{"type":"log","step_name":"implement","message":"--- Tool: Bash('go test ./internal/domain/... 2\u003e\u00261') ---","timestamp":"2026-03-13T17:53:33.142497913Z"}
{"type":"log","step_name":"implement","message":"Domain tests pass. Now the web handler tests:","timestamp":"2026-03-13T17:53:44.371352264Z"}
{"type":"log","step_name":"implement","message":"--- Tool: Bash('go test ./internal/adapters/web/... 2\u003e\u00261') ---","timestamp":"2026-03-13T17:53:45.064853747Z"}
{"type":"log","step_name":"implement","message":"All tests pass. Now run the full test suite:","timestamp":"2026-03-13T17:54:07.445603359Z"}
{"type":"log","step_name":"implement","message":"--- Tool: Bash('go test ./... 2\u003e\u00261') ---","timestamp":"2026-03-13T17:54:08.122925611Z"}
{"type":"log","step_name":"implement","message":"All tests pass. Let me verify the final state of the changed files:","timestamp":"2026-03-13T17:54:33.955224408Z"}
{"type":"log","step_name":"implement","message":"--- Tool: Read('/workspace/internal/domain/run.go') ---","timestamp":"2026-03-13T17:54:34.265191512Z"}
{"type":"log","step_name":"implement","message":"Here's a summary of the changes:","timestamp":"2026-03-13T17:54:41.535197559Z"}
{"type":"log","step_name":"implement","timestamp":"2026-03-13T17:54:41.535217778Z"}
{"type":"log","step_name":"implement","message":"**`internal/domain/run.go`** — Added `TaskAggregateStatus(runs []*Run) RunState` function that:","timestamp":"2026-03-13T17:54:41.535221906Z"}
{"type":"log","step_name":"implement","message":"- Returns `RunStateRunning` if any run is active and running","timestamp":"2026-03-13T17:54:41.535225863Z"}
{"type":"log","step_name":"implement","message":"- Returns `RunStatePending` if any run is active and pending (but none running)","timestamp":"2026-03-13T17:54:41.535236974Z"}
{"type":"log","step_name":"implement","message":"- For all-terminal runs, returns the state of the most recently started run (most recent attempt wins)","timestamp":"2026-03-13T17:54:41.535241413Z"}
{"type":"log","step_name":"implement","timestamp":"2026-03-13T17:54:41.535249228Z"}
{"type":"log","step_name":"implement","message":"**`internal/domain/run_test.go`** — Added `TestTaskAggregateStatus` with 11 test cases covering: empty input, single states, active outweighing terminal, running outweighing pending, and most-recent-attempt-wins for terminal-only cases.","timestamp":"2026-03-13T17:54:41.535252574Z"}
{"type":"log","step_name":"implement","timestamp":"2026-03-13T17:54:41.535257123Z"}
{"type":"log","step_name":"implement","message":"**`internal/adapters/web/handler.go`** — Replaced the old `taskAggregateStatus` (fixed priority: failed \u003e running \u003e pending \u003e cancelled \u003e succeeded) with a delegate to `domain.TaskAggregateStatus`.","timestamp":"2026-03-13T17:54:41.535260479Z"}
{"type":"log","step_name":"implement","timestamp":"2026-03-13T17:54:41.535265488Z"}
{"type":"log","step_name":"implement","message":"**`internal/adapters/web/handler_test.go`** — Updated test expectations to match new behavior: active statuses now always outweigh terminal ones (e.g., running + failed → running, not failed).","timestamp":"2026-03-13T17:54:41.535268905Z"}
{"type":"log","step_name":"implement","timestamp":"2026-03-13T17:54:41.535272682Z"}
{"type":"log","step_name":"implement","message":"CLOCHE_RESULT:success","timestamp":"2026-03-13T17:54:41.535275838Z"}
{"type":"log","step_name":"implement","message":"Here's a summary of the changes:","timestamp":"2026-03-13T17:54:41.557466894Z"}
{"type":"log","step_name":"implement","timestamp":"2026-03-13T17:54:41.557482203Z"}
{"type":"log","step_name":"implement","message":"**`internal/domain/run.go`** — Added `TaskAggregateStatus(runs []*Run) RunState` function that:","timestamp":"2026-03-13T17:54:41.557486151Z"}
{"type":"log","step_name":"implement","message":"- Returns `RunStateRunning` if any run is active and running","timestamp":"2026-03-13T17:54:41.557490018Z"}
{"type":"log","step_name":"implement","message":"- Returns `RunStatePending` if any run is active and pending (but none running)","timestamp":"2026-03-13T17:54:41.557493615Z"}
{"type":"log","step_name":"implement","message":"- For all-terminal runs, returns the state of the most recently started run (most recent attempt wins)","timestamp":"2026-03-13T17:54:41.557497212Z"}
{"type":"log","step_name":"implement","timestamp":"2026-03-13T17:54:41.557500718Z"}
{"type":"log","step_name":"implement","message":"**`internal/domain/run_test.go`** — Added `TestTaskAggregateStatus` with 11 test cases covering: empty input, single states, active outweighing terminal, running outweighing pending, and most-recent-attempt-wins for terminal-only cases.","timestamp":"2026-03-13T17:54:41.557504415Z"}
{"type":"log","step_name":"implement","timestamp":"2026-03-13T17:54:41.557508693Z"}
{"type":"log","step_name":"implement","message":"**`internal/adapters/web/handler.go`** — Replaced the old `taskAggregateStatus` (fixed priority: failed \u003e running \u003e pending \u003e cancelled \u003e succeeded) with a delegate to `domain.TaskAggregateStatus`.","timestamp":"2026-03-13T17:54:41.557511829Z"}
{"type":"log","step_name":"implement","timestamp":"2026-03-13T17:54:41.557515827Z"}
{"type":"log","step_name":"implement","message":"**`internal/adapters/web/handler_test.go`** — Updated test expectations to match new behavior: active statuses now always outweigh terminal ones (e.g., running + failed → running, not failed).","timestamp":"2026-03-13T17:54:41.557518953Z"}
{"type":"log","step_name":"implement","timestamp":"2026-03-13T17:54:41.5575227Z"}
{"type":"log","step_name":"implement","message":"CLOCHE_RESULT:success","timestamp":"2026-03-13T17:54:42.117933358Z"}
{"type":"step_completed","step_name":"implement","result":"success","timestamp":"2026-03-13T17:54:42.14714592Z"}
{"type":"step_started","step_name":"test","timestamp":"2026-03-13T17:54:42.150646122Z"}
{"type":"log","step_name":"test","message":"?   \tgithub.com/cloche-dev/cloche/api/clochepb\t[no test files]","timestamp":"2026-03-13T17:54:42.433893076Z"}
{"type":"log","step_name":"test","message":"ok  \tgithub.com/cloche-dev/cloche/cmd/cloche\t0.036s","timestamp":"2026-03-13T17:54:42.786647545Z"}
{"type":"log","step_name":"test","message":"?   \tgithub.com/cloche-dev/cloche/cmd/cloche-agent\t[no test files]","timestamp":"2026-03-13T17:54:42.786679826Z"}
{"type":"log","step_name":"test","message":"?   \tgithub.com/cloche-dev/cloche/cmd/cloched\t[no test files]","timestamp":"2026-03-13T17:54:42.786683774Z"}
{"type":"log","step_name":"test","message":"ok  \tgithub.com/cloche-dev/cloche/internal/adapters/agents/generic\t(cached)","timestamp":"2026-03-13T17:54:42.78669223Z"}
{"type":"log","step_name":"test","message":"ok  \tgithub.com/cloche-dev/cloche/internal/adapters/agents/prompt\t(cached)","timestamp":"2026-03-13T17:54:42.786694845Z"}
{"type":"log","step_name":"test","message":"ok  \tgithub.com/cloche-dev/cloche/internal/adapters/docker\t(cached)","timestamp":"2026-03-13T17:54:42.786697179Z"}
{"type":"log","step_name":"test","message":"ok  \tgithub.com/cloche-dev/cloche/internal/adapters/grpc\t(cached)","timestamp":"2026-03-13T17:54:42.78670263Z"}
{"type":"log","step_name":"test","message":"ok  \tgithub.com/cloche-dev/cloche/internal/adapters/local\t(cached)","timestamp":"2026-03-13T17:54:42.786705485Z"}
{"type":"log","step_name":"test","message":"ok  \tgithub.com/cloche-dev/cloche/internal/adapters/sqlite\t(cached)","timestamp":"2026-03-13T17:54:42.786707399Z"}
{"type":"log","step_name":"test","message":"ok  \tgithub.com/cloche-dev/cloche/internal/adapters/web\t(cached)","timestamp":"2026-03-13T17:54:42.786709262Z"}
{"type":"log","step_name":"test","message":"ok  \tgithub.com/cloche-dev/cloche/internal/agent\t(cached)","timestamp":"2026-03-13T17:54:42.786711987Z"}
{"type":"log","step_name":"test","message":"ok  \tgithub.com/cloche-dev/cloche/internal/config\t(cached)","timestamp":"2026-03-13T17:54:42.786721285Z"}
{"type":"log","step_name":"test","message":"ok  \tgithub.com/cloche-dev/cloche/internal/domain\t(cached)","timestamp":"2026-03-13T17:54:42.786733418Z"}
{"type":"log","step_name":"test","message":"ok  \tgithub.com/cloche-dev/cloche/internal/dsl\t(cached)","timestamp":"2026-03-13T17:54:42.786737225Z"}
{"type":"log","step_name":"test","message":"ok  \tgithub.com/cloche-dev/cloche/internal/engine\t(cached)","timestamp":"2026-03-13T17:54:42.786749469Z"}
{"type":"log","step_name":"test","message":"ok  \tgithub.com/cloche-dev/cloche/internal/evolution\t(cached)","timestamp":"2026-03-13T17:54:42.786759207Z"}
{"type":"log","step_name":"test","message":"ok  \tgithub.com/cloche-dev/cloche/internal/host\t(cached)","timestamp":"2026-03-13T17:54:42.786762133Z"}
{"type":"log","step_name":"test","message":"ok  \tgithub.com/cloche-dev/cloche/internal/logstream\t(cached)","timestamp":"2026-03-13T17:54:42.786775107Z"}
{"type":"log","step_name":"test","message":"?   \tgithub.com/cloche-dev/cloche/internal/ports\t[no test files]","timestamp":"2026-03-13T17:54:42.786779165Z"}
{"type":"log","step_name":"test","message":"ok  \tgithub.com/cloche-dev/cloche/internal/protocol\t(cached)","timestamp":"2026-03-13T17:54:42.786794514Z"}
{"type":"log","step_name":"test","message":"ok  \tgithub.com/cloche-dev/cloche/internal/runcontext\t(cached)","timestamp":"2026-03-13T17:54:42.78679779Z"}
{"type":"log","step_name":"test","message":"ok  \tgithub.com/cloche-dev/cloche/test/integration\t(cached)","timestamp":"2026-03-13T17:54:42.786801618Z"}
{"type":"step_completed","step_name":"test","result":"success","timestamp":"2026-03-13T17:54:42.8190654Z"}
{"type":"step_started","step_name":"update-docs","timestamp":"2026-03-13T17:54:42.828471351Z"}
{"type":"log","step_name":"update-docs","message":"--- Tool: Read('/workspace/internal/domain/run.go') ---","timestamp":"2026-03-13T17:54:49.157514664Z"}
{"type":"log","step_name":"update-docs","message":"--- Tool: Read('/workspace/internal/adapters/web/handler.go') ---","timestamp":"2026-03-13T17:54:49.666601456Z"}
{"type":"log","step_name":"update-docs","message":"--- Tool: Glob('docs/**/*.md') ---","timestamp":"2026-03-13T17:54:49.835836743Z"}
{"type":"log","step_name":"update-docs","message":"--- Tool: Grep('status|RunState|aggregate|attempt') ---","timestamp":"2026-03-13T17:54:54.534467194Z"}
{"type":"log","step_name":"update-docs","message":"--- Tool: Grep('task.*(status|state)|aggregate|most recent|outweigh|terminal') ---","timestamp":"2026-03-13T17:54:57.650748146Z"}
{"type":"log","step_name":"update-docs","message":"I found a relevant hit. Let me read the project pages design doc which has the old aggregate status priority.","timestamp":"2026-03-13T17:55:01.75359603Z"}
{"type":"log","step_name":"update-docs","message":"--- Tool: Read('/workspace/docs/plans/2026-03-06-project-pages-design.md') ---","timestamp":"2026-03-13T17:55:02.07618711Z"}
{"type":"log","step_name":"update-docs","message":"Line 135 has the old aggregate status priority: `succeeded \u003c cancelled \u003c pending \u003c running \u003c failed`. The new logic is different — active statuses (running, pending) outweigh terminal ones, and among terminal-only the most recently started run wins. Let me update this.","timestamp":"2026-03-13T17:55:06.006521942Z"}
{"type":"log","step_name":"update-docs","message":"--- Tool: Edit('/workspace/docs/plans/2026-03-06-project-pages-design.md') ---","timestamp":"2026-03-13T17:55:07.209827714Z"}
{"type":"log","step_name":"update-docs","message":"Now let me verify the edit is correct.","timestamp":"2026-03-13T17:55:09.194830631Z"}
{"type":"log","step_name":"update-docs","message":"--- Tool: Read('/workspace/docs/plans/2026-03-06-project-pages-design.md') ---","timestamp":"2026-03-13T17:55:09.826420627Z"}
{"type":"log","step_name":"update-docs","message":"Edit looks correct. Let me also check `docs/USAGE.md` and `docs/workflows.md` for any references to task status aggregation that might need updating.","timestamp":"2026-03-13T17:55:12.891108907Z"}
{"type":"log","step_name":"update-docs","message":"--- Tool: Grep('aggregate|task.*badge|status.*priority|worst.*status|high...') ---","timestamp":"2026-03-13T17:55:13.972837332Z"}
{"type":"log","step_name":"update-docs","message":"Only the one reference, which is now updated.","timestamp":"2026-03-13T17:55:16.392395224Z"}
{"type":"log","step_name":"update-docs","timestamp":"2026-03-13T17:55:16.392413479Z"}
{"type":"log","step_name":"update-docs","message":"CLOCHE_RESULT:success","timestamp":"2026-03-13T17:55:16.392417296Z"}
{"type":"log","step_name":"update-docs","message":"Only the one reference, which is now updated.","timestamp":"2026-03-13T17:55:16.428080332Z"}
{"type":"log","step_name":"update-docs","timestamp":"2026-03-13T17:55:16.42809493Z"}
{"type":"log","step_name":"update-docs","message":"CLOCHE_RESULT:success","timestamp":"2026-03-13T17:55:16.98500088Z"}
{"type":"step_completed","step_name":"update-docs","result":"success","timestamp":"2026-03-13T17:55:17.004147848Z"}
{"type":"run_completed","result":"succeeded","timestamp":"2026-03-13T17:55:17.010161298Z"}
