{"type":"run_title","message":"Task: Truncate error_message at write time in RunStore","timestamp":"2026-03-12T17:52:18.153275267Z"}
{"type":"step_started","step_name":"implement","timestamp":"2026-03-12T17:52:18.153459195Z"}
{"type":"log","step_name":"implement","message":"--- Tool: Agent('Find all code related to the RunStore's handling of error...') ---","timestamp":"2026-03-12T17:52:26.76495052Z"}
{"type":"log","step_name":"implement","message":"--- Tool: Glob('**/*.go') ---","timestamp":"2026-03-12T17:52:28.318374736Z"}
{"type":"log","step_name":"implement","message":"--- Tool: Grep('error_message') ---","timestamp":"2026-03-12T17:52:28.546621502Z"}
{"type":"log","step_name":"implement","message":"--- Tool: Grep('ErrorMessage') ---","timestamp":"2026-03-12T17:52:28.564472892Z"}
{"type":"log","step_name":"implement","message":"--- Tool: Grep('type RunStore') ---","timestamp":"2026-03-12T17:52:28.782409249Z"}
{"type":"log","step_name":"implement","message":"--- Tool: Read('/workspace/internal/ports/store.go') ---","timestamp":"2026-03-12T17:52:30.126552828Z"}
{"type":"log","step_name":"implement","message":"--- Tool: Read('/workspace/internal/domain/run.go') ---","timestamp":"2026-03-12T17:52:30.333933183Z"}
{"type":"log","step_name":"implement","message":"--- Tool: Read('/workspace/internal/adapters/sqlite/store.go') ---","timestamp":"2026-03-12T17:52:30.546641082Z"}
{"type":"log","step_name":"implement","message":"--- Tool: Read('/workspace/internal/adapters/sqlite/store_test.go') ---","timestamp":"2026-03-12T17:52:30.603403239Z"}
{"type":"log","step_name":"implement","message":"--- Tool: Grep('\\.Fail\\(') ---","timestamp":"2026-03-12T17:52:32.305719928Z"}
{"type":"log","step_name":"implement","message":"--- Tool: Grep('ErrorMessage\\s*=') ---","timestamp":"2026-03-12T17:52:32.726915395Z"}
{"type":"log","step_name":"implement","message":"--- Tool: Grep('run\\.Fail|ErrorMessage') ---","timestamp":"2026-03-12T17:52:32.994945679Z"}
{"type":"log","step_name":"implement","message":"--- Tool: Read('/workspace/internal/domain/run_test.go') ---","timestamp":"2026-03-12T17:52:36.129210104Z"}
{"type":"log","step_name":"implement","message":"--- Tool: Read('/workspace/internal/adapters/grpc/server.go') ---","timestamp":"2026-03-12T17:52:36.350135103Z"}
{"type":"log","step_name":"implement","message":"--- Tool: Read('/workspace/internal/host/runner.go') ---","timestamp":"2026-03-12T17:52:36.356221494Z"}
{"type":"log","step_name":"implement","message":"--- Tool: Read('/workspace/internal/adapters/web/handler.go') ---","timestamp":"2026-03-12T17:52:36.624195401Z"}
{"type":"log","step_name":"implement","message":"--- Tool: Bash('grep -n \"ErrorMessage\\|error_message\" /workspace/api/cloc...') ---","timestamp":"2026-03-12T17:52:38.955824107Z"}
{"type":"log","step_name":"implement","message":"--- Tool: Bash('find /workspace -name \"*.proto\" -type f') ---","timestamp":"2026-03-12T17:52:39.988905443Z"}
{"type":"log","step_name":"implement","message":"--- Tool: Read('/workspace/api/proto/cloche/v1/cloche.proto') ---","timestamp":"2026-03-12T17:52:40.955858187Z"}
{"type":"log","step_name":"implement","message":"Let me read the key files I'll need to modify.","timestamp":"2026-03-12T17:52:57.359383289Z"}
{"type":"log","step_name":"implement","message":"--- Tool: Read('/workspace/internal/domain/run.go') ---","timestamp":"2026-03-12T17:52:57.875614369Z"}
{"type":"log","step_name":"implement","message":"--- Tool: Read('/workspace/internal/adapters/sqlite/store.go') ---","timestamp":"2026-03-12T17:52:57.962209025Z"}
{"type":"log","step_name":"implement","message":"--- Tool: Read('/workspace/internal/adapters/sqlite/store_test.go') ---","timestamp":"2026-03-12T17:52:58.172410417Z"}
{"type":"log","step_name":"implement","message":"Now I have a clear picture. I'll add truncation at the store write boundary in `CreateRun` and `UpdateRun`, plus a helper and tests.","timestamp":"2026-03-12T17:53:05.941408732Z"}
{"type":"log","step_name":"implement","message":"--- Tool: Edit('/workspace/internal/adapters/sqlite/store.go') ---","timestamp":"2026-03-12T17:53:08.816232808Z"}
{"type":"log","step_name":"implement","message":"Now apply truncation in `CreateRun` and `UpdateRun`:","timestamp":"2026-03-12T17:53:12.248196082Z"}
{"type":"log","step_name":"implement","message":"--- Tool: Edit('/workspace/internal/adapters/sqlite/store.go') ---","timestamp":"2026-03-12T17:53:16.535977522Z"}
{"type":"log","step_name":"implement","message":"--- Tool: Edit('/workspace/internal/adapters/sqlite/store.go') ---","timestamp":"2026-03-12T17:53:20.493949794Z"}
{"type":"log","step_name":"implement","message":"Now add tests for the truncation behavior:","timestamp":"2026-03-12T17:53:22.926630008Z"}
{"type":"log","step_name":"implement","message":"--- Tool: Edit('/workspace/internal/adapters/sqlite/store_test.go') ---","timestamp":"2026-03-12T17:53:30.636252949Z"}
{"type":"log","step_name":"implement","message":"Now run the tests:","timestamp":"2026-03-12T17:53:32.449167021Z"}
{"type":"log","step_name":"implement","message":"--- Tool: Bash('go test ./... 2\u003e\u00261') ---","timestamp":"2026-03-12T17:53:33.219470493Z"}
{"type":"log","step_name":"implement","message":"All tests pass. Here's what I did:","timestamp":"2026-03-12T17:54:20.341487082Z"}
{"type":"log","step_name":"implement","timestamp":"2026-03-12T17:54:20.341525455Z"}
{"type":"log","step_name":"implement","message":"- Added `truncateErrorMessage()` helper in `internal/adapters/sqlite/store.go:449` that caps strings at 1000 characters, appending `\"... (truncated)\"` when exceeded","timestamp":"2026-03-12T17:54:20.341531216Z"}
{"type":"log","step_name":"implement","message":"- Applied truncation in both `CreateRun` and `UpdateRun` at the store write boundary","timestamp":"2026-03-12T17:54:20.341537007Z"}
{"type":"log","step_name":"implement","message":"- Added `TestRunErrorMessage_Truncation` covering: long messages truncated on create, long messages truncated on update, and short messages left intact","timestamp":"2026-03-12T17:54:20.341546805Z"}
{"type":"log","step_name":"implement","timestamp":"2026-03-12T17:54:20.341551574Z"}
{"type":"log","step_name":"implement","message":"The truncation happens at the persistence layer so the domain stays clean, and full error details remain available in step logs.","timestamp":"2026-03-12T17:54:20.341555432Z"}
{"type":"log","step_name":"implement","timestamp":"2026-03-12T17:54:20.34158611Z"}
{"type":"log","step_name":"implement","message":"CLOCHE_RESULT:success","timestamp":"2026-03-12T17:54:20.341590207Z"}
{"type":"log","step_name":"implement","message":"All tests pass. Here's what I did:","timestamp":"2026-03-12T17:54:20.366122763Z"}
{"type":"log","step_name":"implement","timestamp":"2026-03-12T17:54:20.366137431Z"}
{"type":"log","step_name":"implement","message":"- Added `truncateErrorMessage()` helper in `internal/adapters/sqlite/store.go:449` that caps strings at 1000 characters, appending `\"... (truncated)\"` when exceeded","timestamp":"2026-03-12T17:54:20.36614237Z"}
{"type":"log","step_name":"implement","message":"- Applied truncation in both `CreateRun` and `UpdateRun` at the store write boundary","timestamp":"2026-03-12T17:54:20.366147771Z"}
{"type":"log","step_name":"implement","message":"- Added `TestRunErrorMessage_Truncation` covering: long messages truncated on create, long messages truncated on update, and short messages left intact","timestamp":"2026-03-12T17:54:20.366152469Z"}
{"type":"log","step_name":"implement","timestamp":"2026-03-12T17:54:20.366156928Z"}
{"type":"log","step_name":"implement","message":"The truncation happens at the persistence layer so the domain stays clean, and full error details remain available in step logs.","timestamp":"2026-03-12T17:54:20.366161026Z"}
{"type":"log","step_name":"implement","timestamp":"2026-03-12T17:54:20.366165644Z"}
{"type":"log","step_name":"implement","message":"CLOCHE_RESULT:success","timestamp":"2026-03-12T17:54:20.696962398Z"}
{"type":"step_completed","step_name":"implement","result":"success","timestamp":"2026-03-12T17:54:20.719165008Z"}
{"type":"step_started","step_name":"test","timestamp":"2026-03-12T17:54:20.722408031Z"}
{"type":"log","step_name":"test","message":"?   \tgithub.com/cloche-dev/cloche/api/clochepb\t[no test files]","timestamp":"2026-03-12T17:54:20.973136719Z"}
{"type":"log","step_name":"test","message":"ok  \tgithub.com/cloche-dev/cloche/cmd/cloche\t0.019s","timestamp":"2026-03-12T17:54:21.288369569Z"}
{"type":"log","step_name":"test","message":"?   \tgithub.com/cloche-dev/cloche/cmd/cloche-agent\t[no test files]","timestamp":"2026-03-12T17:54:21.288398894Z"}
{"type":"log","step_name":"test","message":"?   \tgithub.com/cloche-dev/cloche/cmd/cloched\t[no test files]","timestamp":"2026-03-12T17:54:21.288401539Z"}
{"type":"log","step_name":"test","message":"ok  \tgithub.com/cloche-dev/cloche/internal/adapters/agents/generic\t(cached)","timestamp":"2026-03-12T17:54:21.288404645Z"}
{"type":"log","step_name":"test","message":"ok  \tgithub.com/cloche-dev/cloche/internal/adapters/agents/prompt\t(cached)","timestamp":"2026-03-12T17:54:21.288406939Z"}
{"type":"log","step_name":"test","message":"ok  \tgithub.com/cloche-dev/cloche/internal/adapters/docker\t(cached)","timestamp":"2026-03-12T17:54:21.288409394Z"}
{"type":"log","step_name":"test","message":"ok  \tgithub.com/cloche-dev/cloche/internal/adapters/grpc\t(cached)","timestamp":"2026-03-12T17:54:21.28841776Z"}
{"type":"log","step_name":"test","message":"ok  \tgithub.com/cloche-dev/cloche/internal/adapters/local\t(cached)","timestamp":"2026-03-12T17:54:21.288419793Z"}
{"type":"log","step_name":"test","message":"ok  \tgithub.com/cloche-dev/cloche/internal/adapters/sqlite\t(cached)","timestamp":"2026-03-12T17:54:21.288421717Z"}
{"type":"log","step_name":"test","message":"ok  \tgithub.com/cloche-dev/cloche/internal/adapters/web\t(cached)","timestamp":"2026-03-12T17:54:21.288423571Z"}
{"type":"log","step_name":"test","message":"ok  \tgithub.com/cloche-dev/cloche/internal/agent\t(cached)","timestamp":"2026-03-12T17:54:21.288425424Z"}
{"type":"log","step_name":"test","message":"ok  \tgithub.com/cloche-dev/cloche/internal/config\t(cached)","timestamp":"2026-03-12T17:54:21.288427298Z"}
{"type":"log","step_name":"test","message":"ok  \tgithub.com/cloche-dev/cloche/internal/domain\t(cached)","timestamp":"2026-03-12T17:54:21.288429161Z"}
{"type":"log","step_name":"test","message":"ok  \tgithub.com/cloche-dev/cloche/internal/dsl\t(cached)","timestamp":"2026-03-12T17:54:21.288431115Z"}
{"type":"log","step_name":"test","message":"ok  \tgithub.com/cloche-dev/cloche/internal/engine\t(cached)","timestamp":"2026-03-12T17:54:21.288432978Z"}
{"type":"log","step_name":"test","message":"ok  \tgithub.com/cloche-dev/cloche/internal/evolution\t(cached)","timestamp":"2026-03-12T17:54:21.288437517Z"}
{"type":"log","step_name":"test","message":"ok  \tgithub.com/cloche-dev/cloche/internal/host\t(cached)","timestamp":"2026-03-12T17:54:21.307420187Z"}
{"type":"log","step_name":"test","message":"ok  \tgithub.com/cloche-dev/cloche/internal/logstream\t(cached)","timestamp":"2026-03-12T17:54:21.307440826Z"}
{"type":"log","step_name":"test","message":"?   \tgithub.com/cloche-dev/cloche/internal/ports\t[no test files]","timestamp":"2026-03-12T17:54:21.30744313Z"}
{"type":"log","step_name":"test","message":"ok  \tgithub.com/cloche-dev/cloche/internal/protocol\t(cached)","timestamp":"2026-03-12T17:54:21.307460874Z"}
{"type":"log","step_name":"test","message":"ok  \tgithub.com/cloche-dev/cloche/internal/runcontext\t(cached)","timestamp":"2026-03-12T17:54:21.307674237Z"}
{"type":"log","step_name":"test","message":"ok  \tgithub.com/cloche-dev/cloche/test/integration\t(cached)","timestamp":"2026-03-12T17:54:21.307694656Z"}
{"type":"step_completed","step_name":"test","result":"success","timestamp":"2026-03-12T17:54:21.334138918Z"}
{"type":"step_started","step_name":"update-docs","timestamp":"2026-03-12T17:54:21.33712248Z"}
{"type":"log","step_name":"update-docs","message":"--- Tool: Read('/workspace/internal/adapters/sqlite/store.go') ---","timestamp":"2026-03-12T17:54:27.002656004Z"}
{"type":"log","step_name":"update-docs","message":"--- Tool: Glob('docs/**/*.md') ---","timestamp":"2026-03-12T17:54:27.309835834Z"}
{"type":"log","step_name":"update-docs","message":"--- Tool: Grep('error_message') ---","timestamp":"2026-03-12T17:54:32.20943176Z"}
{"type":"log","step_name":"update-docs","message":"--- Tool: Grep('ErrorMessage|error.message|truncat') ---","timestamp":"2026-03-12T17:54:32.993980322Z"}
{"type":"log","step_name":"update-docs","message":"The only docs mentioning `error_message` are in `docs/plans/2026-03-01-subdirectory-layout-and-poll-impl.md` — a historical implementation plan. These plans are point-in-time snapshots of code that was written, not living documentation of current behavior. There's no user-facing doc (USAGE.md, workflows.md, INSTALL.md, or the system design doc) that describes the `error_message` column or its storage behavior.","timestamp":"2026-03-12T17:54:38.680724268Z"}
{"type":"log","step_name":"update-docs","timestamp":"2026-03-12T17:54:38.680765767Z"}
{"type":"log","step_name":"update-docs","message":"No documentation changes are needed — the truncation is a purely internal store behavior, and no existing docs describe the error_message storage semantics.","timestamp":"2026-03-12T17:54:38.680769974Z"}
{"type":"log","step_name":"update-docs","timestamp":"2026-03-12T17:54:38.680773882Z"}
{"type":"log","step_name":"update-docs","message":"CLOCHE_RESULT:success","timestamp":"2026-03-12T17:54:38.680777138Z"}
{"type":"log","step_name":"update-docs","message":"The only docs mentioning `error_message` are in `docs/plans/2026-03-01-subdirectory-layout-and-poll-impl.md` — a historical implementation plan. These plans are point-in-time snapshots of code that was written, not living documentation of current behavior. There's no user-facing doc (USAGE.md, workflows.md, INSTALL.md, or the system design doc) that describes the `error_message` column or its storage behavior.","timestamp":"2026-03-12T17:54:38.764136477Z"}
{"type":"log","step_name":"update-docs","timestamp":"2026-03-12T17:54:38.764151796Z"}
{"type":"log","step_name":"update-docs","message":"No documentation changes are needed — the truncation is a purely internal store behavior, and no existing docs describe the error_message storage semantics.","timestamp":"2026-03-12T17:54:38.764155634Z"}
{"type":"log","step_name":"update-docs","timestamp":"2026-03-12T17:54:38.764159691Z"}
{"type":"log","step_name":"update-docs","message":"CLOCHE_RESULT:success","timestamp":"2026-03-12T17:54:39.098638229Z"}
{"type":"step_completed","step_name":"update-docs","result":"success","timestamp":"2026-03-12T17:54:39.116794506Z"}
{"type":"run_completed","result":"succeeded","timestamp":"2026-03-12T17:54:39.123171867Z"}
