{"type":"run_title","message":"Show agent tool call details in logs. Update logs so that tool calls by the agent show specific d...","timestamp":"2026-03-10T01:26:46.764719045Z"}
{"type":"step_started","step_name":"implement","timestamp":"2026-03-10T01:26:46.764899736Z"}
{"type":"log","step_name":"implement","message":"All tests pass.","timestamp":"2026-03-10T01:30:36.889389546Z"}
{"type":"log","step_name":"implement","timestamp":"2026-03-10T01:30:36.889415204Z"}
{"type":"log","step_name":"implement","message":"## Summary","timestamp":"2026-03-10T01:30:36.889421987Z"}
{"type":"log","step_name":"implement","timestamp":"2026-03-10T01:30:36.889426015Z"}
{"type":"log","step_name":"implement","message":"Updated `internal/logstream/parse.go` to show specific tool call details in agent logs:","timestamp":"2026-03-10T01:30:36.889427818Z"}
{"type":"log","step_name":"implement","timestamp":"2026-03-10T01:30:36.889438609Z"}
{"type":"log","step_name":"implement","message":"- **Before**: `--- Tool: Bash ---`, `--- Tool: Read ---`","timestamp":"2026-03-10T01:30:36.889440652Z"}
{"type":"log","step_name":"implement","message":"- **After**: `--- Tool: Bash('ls -al') ---`, `--- Tool: Read('/workspace/main.go') ---`","timestamp":"2026-03-10T01:30:36.889447916Z"}
{"type":"log","step_name":"implement","timestamp":"2026-03-10T01:30:36.889451914Z"}
{"type":"log","step_name":"implement","message":"Changes:","timestamp":"2026-03-10T01:30:36.889453607Z"}
{"type":"log","step_name":"implement","message":"1. Added `formatToolCall()` function that extracts the most informative parameter for each known tool (e.g., `command` for Bash, `file_path` for Read/Edit/Write, `pattern` for Glob/Grep, `description` for Agent). Long values are truncated at 80 chars.","timestamp":"2026-03-10T01:30:36.88945533Z"}
{"type":"log","step_name":"implement","message":"2. Updated `extractAssistantText()` and `extractBlockStart()` to parse tool `input` fields and use the new formatter.","timestamp":"2026-03-10T01:30:36.889463826Z"}
{"type":"log","step_name":"implement","message":"3. Added comprehensive tests for the new formatting logic.","timestamp":"2026-03-10T01:30:36.889467733Z"}
{"type":"log","step_name":"implement","timestamp":"2026-03-10T01:30:36.889471761Z"}
{"type":"log","step_name":"implement","message":"CLOCHE_RESULT:success","timestamp":"2026-03-10T01:30:37.200291568Z"}
{"type":"step_completed","step_name":"implement","result":"success","timestamp":"2026-03-10T01:30:37.204110593Z"}
{"type":"step_started","step_name":"test","timestamp":"2026-03-10T01:30:37.204142243Z"}
{"type":"step_completed","step_name":"test","result":"success","timestamp":"2026-03-10T01:30:37.601076072Z"}
{"type":"step_started","step_name":"update-docs","timestamp":"2026-03-10T01:30:37.601115356Z"}
{"type":"log","step_name":"update-docs","message":"No documentation references log parsing, tool calls, or the logstream package. The code changes are internal implementation details not covered by any existing docs.","timestamp":"2026-03-10T01:30:57.086368811Z"}
{"type":"log","step_name":"update-docs","timestamp":"2026-03-10T01:30:57.086399739Z"}
{"type":"log","step_name":"update-docs","message":"No documentation changes needed.","timestamp":"2026-03-10T01:30:57.086403967Z"}
{"type":"log","step_name":"update-docs","timestamp":"2026-03-10T01:30:57.086408335Z"}
{"type":"log","step_name":"update-docs","message":"CLOCHE_RESULT:success","timestamp":"2026-03-10T01:30:57.396909445Z"}
{"type":"step_completed","step_name":"update-docs","result":"success","timestamp":"2026-03-10T01:30:57.397939759Z"}
{"type":"run_completed","result":"succeeded","timestamp":"2026-03-10T01:30:57.398015161Z"}
