{"type":"run_title","message":"Task: UI: Show smart duration and relative time on Runs page","timestamp":"2026-03-10T21:29:23.696955337Z"}
{"type":"step_started","step_name":"implement","timestamp":"2026-03-10T21:29:23.697118976Z"}
{"type":"log","step_name":"implement","message":"Everything looks good. Here's a summary of the changes:","timestamp":"2026-03-10T21:33:12.259018254Z"}
{"type":"log","step_name":"implement","timestamp":"2026-03-10T21:33:12.25909548Z"}
{"type":"log","step_name":"implement","message":"## Changes Made","timestamp":"2026-03-10T21:33:12.259100059Z"}
{"type":"log","step_name":"implement","timestamp":"2026-03-10T21:33:12.259103576Z"}
{"type":"log","step_name":"implement","message":"**`internal/adapters/web/handler.go`:**","timestamp":"2026-03-10T21:33:12.259114286Z"}
{"type":"log","step_name":"implement","message":"- Added `formatSmartDuration(d)` — formats durations as \"3s\", \"5m\", \"1h20m\", etc.","timestamp":"2026-03-10T21:33:12.259118334Z"}
{"type":"log","step_name":"implement","message":"- Added `roundRelativeTime(d)` — rounds elapsed time to neat breakpoints: \u003c1m, 1m, 5m, 10m, 15m, 30m, 45m, 1h, 2h, ..., 1 day, N days","timestamp":"2026-03-10T21:33:12.259126619Z"}
{"type":"log","step_name":"implement","message":"- Added `formatRunTiming(state, startedAt, completedAt)` — combines duration + relative time based on run state:","timestamp":"2026-03-10T21:33:12.259134174Z"}
{"type":"log","step_name":"implement","message":"  - **Running:** just duration (\"20m\")","timestamp":"2026-03-10T21:33:12.259141397Z"}
{"type":"log","step_name":"implement","message":"  - **Completed/Failed/Cancelled:** duration + ago (\"20m, 1 hour ago\")","timestamp":"2026-03-10T21:33:12.259148431Z"}
{"type":"log","step_name":"implement","message":"  - **Pending:** empty","timestamp":"2026-03-10T21:33:12.259155905Z"}
{"type":"log","step_name":"implement","message":"- Added `formatRunTimingAt()` — testable version with explicit \"now\" parameter","timestamp":"2026-03-10T21:33:12.259160454Z"}
{"type":"log","step_name":"implement","message":"- Added `Timing` field to `apiRun` struct for JSON API","timestamp":"2026-03-10T21:33:12.259169471Z"}
{"type":"log","step_name":"implement","message":"- Registered `formatRunTiming` in the template FuncMap","timestamp":"2026-03-10T21:33:12.259180973Z"}
{"type":"log","step_name":"implement","timestamp":"2026-03-10T21:33:12.259189439Z"}
{"type":"log","step_name":"implement","message":"**`internal/adapters/web/templates/runs.html`:**","timestamp":"2026-03-10T21:33:12.259193927Z"}
{"type":"log","step_name":"implement","message":"- Replaced separate \"Started\" and \"Completed\" columns with a single \"Timing\" column","timestamp":"2026-03-10T21:33:12.259201211Z"}
{"type":"log","step_name":"implement","message":"- Updated both server-side template rendering and client-side JS polling to use the new timing field","timestamp":"2026-03-10T21:33:12.259205168Z"}
{"type":"log","step_name":"implement","timestamp":"2026-03-10T21:33:12.259212392Z"}
{"type":"log","step_name":"implement","message":"**`internal/adapters/web/handler_test.go`:**","timestamp":"2026-03-10T21:33:12.259216159Z"}
{"type":"log","step_name":"implement","message":"- Added tests for `formatSmartDuration`, `roundRelativeTime`, and `formatRunTimingAt`","timestamp":"2026-03-10T21:33:12.259223253Z"}
{"type":"log","step_name":"implement","timestamp":"2026-03-10T21:33:12.259232991Z"}
{"type":"log","step_name":"implement","message":"CLOCHE_RESULT:success","timestamp":"2026-03-10T21:33:12.568101355Z"}
{"type":"step_completed","step_name":"implement","result":"success","timestamp":"2026-03-10T21:33:12.580298041Z"}
{"type":"step_started","step_name":"test","timestamp":"2026-03-10T21:33:12.58414264Z"}
{"type":"log","step_name":"test","message":"?   \tgithub.com/cloche-dev/cloche/api/clochepb\t[no test files]","timestamp":"2026-03-10T21:33:12.841736729Z"}
{"type":"log","step_name":"test","message":"ok  \tgithub.com/cloche-dev/cloche/cmd/cloche\t(cached)","timestamp":"2026-03-10T21:33:12.886604441Z"}
{"type":"log","step_name":"test","message":"?   \tgithub.com/cloche-dev/cloche/cmd/cloche-agent\t[no test files]","timestamp":"2026-03-10T21:33:12.886629529Z"}
{"type":"log","step_name":"test","message":"?   \tgithub.com/cloche-dev/cloche/cmd/cloched\t[no test files]","timestamp":"2026-03-10T21:33:12.921136491Z"}
{"type":"log","step_name":"test","message":"ok  \tgithub.com/cloche-dev/cloche/internal/adapters/agents/generic\t(cached)","timestamp":"2026-03-10T21:33:12.921395092Z"}
{"type":"log","step_name":"test","message":"ok  \tgithub.com/cloche-dev/cloche/internal/adapters/agents/prompt\t(cached)","timestamp":"2026-03-10T21:33:12.921418326Z"}
{"type":"log","step_name":"test","message":"ok  \tgithub.com/cloche-dev/cloche/internal/adapters/docker\t(cached)","timestamp":"2026-03-10T21:33:12.921443875Z"}
{"type":"log","step_name":"test","message":"ok  \tgithub.com/cloche-dev/cloche/internal/adapters/grpc\t(cached)","timestamp":"2026-03-10T21:33:12.921814218Z"}
{"type":"log","step_name":"test","message":"ok  \tgithub.com/cloche-dev/cloche/internal/adapters/local\t(cached)","timestamp":"2026-03-10T21:33:12.921884361Z"}
{"type":"log","step_name":"test","message":"ok  \tgithub.com/cloche-dev/cloche/internal/adapters/sqlite\t(cached)","timestamp":"2026-03-10T21:33:12.921935709Z"}
{"type":"log","step_name":"test","message":"ok  \tgithub.com/cloche-dev/cloche/internal/adapters/web\t(cached)","timestamp":"2026-03-10T21:33:12.921942011Z"}
{"type":"log","step_name":"test","message":"ok  \tgithub.com/cloche-dev/cloche/internal/agent\t(cached)","timestamp":"2026-03-10T21:33:12.921950667Z"}
{"type":"log","step_name":"test","message":"ok  \tgithub.com/cloche-dev/cloche/internal/config\t(cached)","timestamp":"2026-03-10T21:33:12.922024537Z"}
{"type":"log","step_name":"test","message":"ok  \tgithub.com/cloche-dev/cloche/internal/domain\t(cached)","timestamp":"2026-03-10T21:33:12.922137412Z"}
{"type":"log","step_name":"test","message":"ok  \tgithub.com/cloche-dev/cloche/internal/dsl\t(cached)","timestamp":"2026-03-10T21:33:12.922143974Z"}
{"type":"log","step_name":"test","message":"ok  \tgithub.com/cloche-dev/cloche/internal/engine\t(cached)","timestamp":"2026-03-10T21:33:12.92214723Z"}
{"type":"log","step_name":"test","message":"ok  \tgithub.com/cloche-dev/cloche/internal/evolution\t(cached)","timestamp":"2026-03-10T21:33:12.922159053Z"}
{"type":"log","step_name":"test","message":"ok  \tgithub.com/cloche-dev/cloche/internal/host\t(cached)","timestamp":"2026-03-10T21:33:12.954826452Z"}
{"type":"log","step_name":"test","message":"ok  \tgithub.com/cloche-dev/cloche/internal/logstream\t(cached)","timestamp":"2026-03-10T21:33:12.954848294Z"}
{"type":"log","step_name":"test","message":"?   \tgithub.com/cloche-dev/cloche/internal/ports\t[no test files]","timestamp":"2026-03-10T21:33:12.954850638Z"}
{"type":"log","step_name":"test","message":"ok  \tgithub.com/cloche-dev/cloche/internal/protocol\t(cached)","timestamp":"2026-03-10T21:33:12.954861299Z"}
{"type":"log","step_name":"test","message":"ok  \tgithub.com/cloche-dev/cloche/test/integration\t(cached)","timestamp":"2026-03-10T21:33:12.954928907Z"}
{"type":"step_completed","step_name":"test","result":"success","timestamp":"2026-03-10T21:33:13.000664277Z"}
{"type":"step_started","step_name":"update-docs","timestamp":"2026-03-10T21:33:13.004681033Z"}
{"type":"log","step_name":"update-docs","message":"No documentation references the specific Runs page columns. The changes are purely UI (replacing two columns with one \"Timing\" column and adding helper functions), and no user-facing docs describe this level of detail.","timestamp":"2026-03-10T21:33:39.521324178Z"}
{"type":"log","step_name":"update-docs","timestamp":"2026-03-10T21:33:39.52137758Z"}
{"type":"log","step_name":"update-docs","message":"No documentation changes needed.","timestamp":"2026-03-10T21:33:39.521381918Z"}
{"type":"log","step_name":"update-docs","timestamp":"2026-03-10T21:33:39.521386537Z"}
{"type":"log","step_name":"update-docs","message":"CLOCHE_RESULT:success","timestamp":"2026-03-10T21:33:39.834156762Z"}
{"type":"step_completed","step_name":"update-docs","result":"success","timestamp":"2026-03-10T21:33:39.852470925Z"}
{"type":"run_completed","result":"succeeded","timestamp":"2026-03-10T21:33:39.858934354Z"}
