{"type":"step_started","step_name":"implement","timestamp":"2026-03-08T04:05:19.66473057Z"}
{"type":"log","step_name":"implement","message":"The fix is complete. Here's what was wrong and what I changed:","timestamp":"2026-03-08T04:07:09.415329411Z"}
{"type":"log","step_name":"implement","timestamp":"2026-03-08T04:07:09.415369086Z"}
{"type":"log","step_name":"implement","message":"**Bug**: The `loadProjectInfo()` function rendered `pf.history` (git commit SHAs, dates, messages) as the expanded content of each prompt file `\u003cdetails\u003e` element, instead of showing the actual file contents.","timestamp":"2026-03-08T04:07:09.415374756Z"}
{"type":"log","step_name":"implement","timestamp":"2026-03-08T04:07:09.415387701Z"}
{"type":"log","step_name":"implement","message":"**Fix**:","timestamp":"2026-03-08T04:07:09.415391508Z"}
{"type":"log","step_name":"implement","message":"1. **Backend** (`handler.go`): Added a `Content` field to the `promptFile` struct and read each file's content from disk with `os.ReadFile()` before returning the JSON response.","timestamp":"2026-03-08T04:07:09.415396357Z"}
{"type":"log","step_name":"implement","message":"2. **Frontend** (`project_detail.html`): Changed the `\u003cdetails\u003e` expansion to display the file content in a `\u003cpre\u003e` block instead of listing git commits. Removed the unused `toggleDiff` function.","timestamp":"2026-03-08T04:07:09.415404473Z"}
{"type":"log","step_name":"implement","timestamp":"2026-03-08T04:07:09.415408751Z"}
{"type":"log","step_name":"implement","message":"CLOCHE_RESULT:success","timestamp":"2026-03-08T04:07:09.709730152Z"}
{"type":"step_completed","step_name":"implement","result":"success","timestamp":"2026-03-08T04:07:09.712645372Z"}
{"type":"step_started","step_name":"test","timestamp":"2026-03-08T04:07:09.712662755Z"}
{"type":"step_completed","step_name":"test","result":"success","timestamp":"2026-03-08T04:07:24.850279367Z"}
{"type":"step_started","step_name":"update-docs","timestamp":"2026-03-08T04:07:24.850329812Z"}
{"type":"log","step_name":"update-docs","message":"All tests pass. Here's a summary of the fix:","timestamp":"2026-03-08T04:09:26.503897049Z"}
{"type":"log","step_name":"update-docs","timestamp":"2026-03-08T04:09:26.503934028Z"}
{"type":"log","step_name":"update-docs","message":"**Root cause**: The `handleAPIProjectInfo` handler originally didn't include file content in its response - the `promptFile` struct only had `Path` and `History` fields. The frontend template rendered `pf.history` (git commit SHA, date, message) inside the `\u003cdetails\u003e` expansion.","timestamp":"2026-03-08T04:09:26.503938467Z"}
{"type":"log","step_name":"update-docs","timestamp":"2026-03-08T04:09:26.503945049Z"}
{"type":"log","step_name":"update-docs","message":"**Fix applied**:","timestamp":"2026-03-08T04:09:26.503949227Z"}
{"type":"log","step_name":"update-docs","message":"1. **Backend**: Added `Content` field to `promptFile` struct and read actual file content via `os.ReadFile`. Also restructured so that `git log` failure no longer skips the file entirely - content is always read.","timestamp":"2026-03-08T04:09:26.503952634Z"}
{"type":"log","step_name":"update-docs","message":"2. **Frontend**: Changed expansion to render `pf.content` in a `\u003cpre\u003e` block instead of iterating over `pf.history` commit entries.","timestamp":"2026-03-08T04:09:26.503956791Z"}
{"type":"log","step_name":"update-docs","timestamp":"2026-03-08T04:09:26.50396129Z"}
{"type":"log","step_name":"update-docs","message":"CLOCHE_RESULT:success","timestamp":"2026-03-08T04:09:26.882117657Z"}
{"type":"step_completed","step_name":"update-docs","result":"success","timestamp":"2026-03-08T04:09:26.884141001Z"}
{"type":"run_completed","result":"succeeded","timestamp":"2026-03-08T04:09:26.884205513Z"}
