[
  {
    "id": "cloche-c1y",
    "title": "Group cloche runs by task on Bead UI",
    "description": "Group cloche runs by task, so that main/develop/finalize runs for the same task are clearly tied together. Drop list-tasks runs from the main Runs page and add a new section on the Project page for tracking list-task results.",
    "status": "open",
    "priority": 2,
    "issue_type": "feature",
    "owner": "lucas@perfectlunacy.com",
    "created_at": "2026-03-12T18:53:30.804693666-07:00",
    "created_by": "lucas",
    "updated_at": "2026-03-12T18:53:30.804693666-07:00",
    "labels": [
      "bead-ui",
      "cloche"
    ],
    "dependency_count": 0,
    "dependent_count": 0
  }
]
