{"type":"run_title","message":"Task: GEPA: Candidate selector","timestamp":"2026-03-17T14:07:30.345827405Z"}
{"type":"step_started","step_name":"implement","timestamp":"2026-03-17T14:07:30.347310857Z"}
{"type":"log","step_name":"implement","message":"--- Tool: Agent('Explore the internal/evolution/ directory and any related...') ---","timestamp":"2026-03-17T14:07:38.869390449Z"}
{"type":"log","step_name":"implement","message":"--- Tool: Bash('find /workspace/internal -type f -name \"*.go\" | head -20') ---","timestamp":"2026-03-17T14:07:40.215768116Z"}
{"type":"log","step_name":"implement","message":"--- Tool: Bash('ls -la /workspace/internal/evolution/ 2\u003e\u00261 || echo \"Direc...') ---","timestamp":"2026-03-17T14:07:42.124185822Z"}
{"type":"log","step_name":"implement","message":"--- Tool: Read('/workspace/internal/evolution/types.go') ---","timestamp":"2026-03-17T14:07:44.833702141Z"}
{"type":"log","step_name":"implement","message":"--- Tool: Read('/workspace/internal/evolution/curator.go') ---","timestamp":"2026-03-17T14:07:44.913252655Z"}
{"type":"log","step_name":"implement","message":"--- Tool: Read('/workspace/internal/evolution/audit.go') ---","timestamp":"2026-03-17T14:07:45.086700488Z"}
{"type":"log","step_name":"implement","message":"--- Tool: Read('/workspace/internal/evolution/orchestrator.go') ---","timestamp":"2026-03-17T14:07:45.719498321Z"}
{"type":"log","step_name":"implement","message":"--- Tool: Read('/workspace/internal/evolution/collector.go') ---","timestamp":"2026-03-17T14:07:48.258981271Z"}
{"type":"log","step_name":"implement","message":"--- Tool: Read('/workspace/internal/evolution/classifier.go') ---","timestamp":"2026-03-17T14:07:48.613911796Z"}
{"type":"log","step_name":"implement","message":"--- Tool: Read('/workspace/internal/evolution/reflector.go') ---","timestamp":"2026-03-17T14:07:48.842386364Z"}
{"type":"log","step_name":"implement","message":"--- Tool: Read('/workspace/internal/evolution/scriptgen.go') ---","timestamp":"2026-03-17T14:07:49.315094332Z"}
{"type":"log","step_name":"implement","message":"--- Tool: Read('/workspace/internal/domain/run.go') ---","timestamp":"2026-03-17T14:07:51.215824274Z"}
{"type":"log","step_name":"implement","message":"--- Tool: Bash('grep -r \"Pareto\\|pareto\\|fitness\\|Fitness\\|front\" /worksp...') ---","timestamp":"2026-03-17T14:07:51.797941908Z"}
{"type":"log","step_name":"implement","message":"--- Tool: Read('/workspace/internal/ports') ---","timestamp":"2026-03-17T14:07:51.819164481Z"}
{"type":"log","step_name":"implement","message":"--- Tool: Bash('ls -la /workspace/internal/ports/') ---","timestamp":"2026-03-17T14:07:53.265487252Z"}
{"type":"log","step_name":"implement","message":"--- Tool: Bash('find /workspace/internal/ports -name \"*.go\" -type f') ---","timestamp":"2026-03-17T14:07:53.383297236Z"}
{"type":"log","step_name":"implement","message":"--- Tool: Read('/workspace/internal/ports/store.go') ---","timestamp":"2026-03-17T14:07:55.127166038Z"}
{"type":"log","step_name":"implement","message":"--- Tool: Bash('find /workspace/internal -name \"*test.go\" | grep evolution') ---","timestamp":"2026-03-17T14:07:55.257854172Z"}
{"type":"log","step_name":"implement","message":"--- Tool: Read('/workspace/internal/evolution/evolution_test.go') ---","timestamp":"2026-03-17T14:07:56.873577858Z"}
{"type":"log","step_name":"implement","message":"--- Tool: Read('/workspace/internal/evolution/trigger.go') ---","timestamp":"2026-03-17T14:07:56.903400839Z"}
{"type":"log","step_name":"implement","message":"--- Tool: Bash('find /workspace -name \"*.md\" -type f | xargs grep -l \"evo...') ---","timestamp":"2026-03-17T14:07:59.434180418Z"}
{"type":"log","step_name":"implement","message":"--- Tool: Read('/workspace/docs/plans/2026-02-24-self-evolution-design.md') ---","timestamp":"2026-03-17T14:08:01.511857368Z"}
{"type":"log","step_name":"implement","message":"--- Tool: Read('/workspace/internal/evolution/llmclient.go') ---","timestamp":"2026-03-17T14:08:04.041639016Z"}
{"type":"log","step_name":"implement","message":"--- Tool: Read('/workspace/internal/domain/workflow.go') ---","timestamp":"2026-03-17T14:08:04.447421948Z"}
{"type":"log","step_name":"implement","message":"--- Tool: Bash('head -50 /workspace/internal/dsl/parser.go') ---","timestamp":"2026-03-17T14:08:04.556780046Z"}
{"type":"log","step_name":"implement","message":"--- Tool: Read('/workspace/internal/evolution/reflector.go') ---","timestamp":"2026-03-17T14:08:06.675929638Z"}
{"type":"log","step_name":"implement","message":"--- Tool: Bash('grep -n \"func\\|//\\|error\\|Error\" /workspace/internal/evol...') ---","timestamp":"2026-03-17T14:08:07.122235046Z"}
{"type":"log","step_name":"implement","message":"--- Tool: Bash('grep -r \"score\\|Score\\|objective\\|Objective\\|metric\\|Metr...') ---","timestamp":"2026-03-17T14:08:09.662236996Z"}
{"type":"log","step_name":"implement","message":"--- Tool: Read('/workspace/internal/evolution/corruption_test.go') ---","timestamp":"2026-03-17T14:08:09.75504544Z"}
{"type":"log","step_name":"implement","message":"--- Tool: Bash('head -30 /workspace/internal/evolution/*.go | grep -A 2 \"...') ---","timestamp":"2026-03-17T14:08:11.802928607Z"}
{"type":"log","step_name":"implement","message":"--- Tool: Bash('grep -h \"^import\" -A 20 /workspace/internal/evolution/*.g...') ---","timestamp":"2026-03-17T14:08:12.042424042Z"}
{"type":"log","step_name":"implement","message":"--- Tool: Bash('ls -lh /workspace/internal/evolution/') ---","timestamp":"2026-03-17T14:08:12.269322448Z"}
{"type":"log","step_name":"implement","message":"--- Tool: Bash('find /workspace/internal/domain -name \"*.go\" -type f ! -n...') ---","timestamp":"2026-03-17T14:08:14.26394451Z"}
{"type":"log","step_name":"implement","message":"--- Tool: Grep('Candidate|GEPA|ParetoFront|Pareto') ---","timestamp":"2026-03-17T14:08:52.400508091Z"}
{"type":"log","step_name":"implement","message":"--- Tool: Read('/workspace/internal/evolution/types.go') ---","timestamp":"2026-03-17T14:08:52.418451441Z"}
{"type":"log","step_name":"implement","message":"Now I have a clear picture. I need to define Candidate/FitnessScores types and implement the selector. Let me create the files.","timestamp":"2026-03-17T14:08:55.156639784Z"}
{"type":"log","step_name":"implement","message":"--- Tool: Write('/workspace/internal/evolution/selector.go') ---","timestamp":"2026-03-17T14:09:01.389378658Z"}
{"type":"log","step_name":"implement","message":"--- Tool: Write('/workspace/internal/evolution/selector_test.go') ---","timestamp":"2026-03-17T14:09:19.440589221Z"}
{"type":"log","step_name":"implement","message":"--- Tool: Bash('go test ./internal/evolution/ -run TestSelectCandidate -c...') ---","timestamp":"2026-03-17T14:09:25.470890461Z"}
{"type":"log","step_name":"implement","message":"All selector tests pass. Now let me run the full test suite.","timestamp":"2026-03-17T14:09:37.852535334Z"}
{"type":"log","step_name":"implement","message":"--- Tool: Bash('go test ./... 2\u003e\u00261') ---","timestamp":"2026-03-17T14:09:38.089471765Z"}
{"type":"log","step_name":"implement","message":"All tests pass across the entire project.","timestamp":"2026-03-17T14:10:23.42329197Z"}
{"type":"log","step_name":"implement","timestamp":"2026-03-17T14:10:23.423309824Z"}
{"type":"log","step_name":"implement","message":"**Summary:** Created `internal/evolution/selector.go` with:","timestamp":"2026-03-17T14:10:23.423312038Z"}
{"type":"log","step_name":"implement","message":"- `Candidate` and `FitnessScores` types","timestamp":"2026-03-17T14:10:23.423313952Z"}
{"type":"log","step_name":"implement","message":"- `SelectCandidate` function implementing 70/30 Pareto front vs exploration strategy","timestamp":"2026-03-17T14:10:23.423315996Z"}
{"type":"log","step_name":"implement","message":"- Returns `nil` when no candidates exist","timestamp":"2026-03-17T14:10:23.423320143Z"}
{"type":"log","step_name":"implement","timestamp":"2026-03-17T14:10:23.423324171Z"}
{"type":"log","step_name":"implement","message":"Tests in `internal/evolution/selector_test.go` cover:","timestamp":"2026-03-17T14:10:23.423325964Z"}
{"type":"log","step_name":"implement","message":"- Empty/nil input returns nil","timestamp":"2026-03-17T14:10:23.423330773Z"}
{"type":"log","step_name":"implement","message":"- Only front candidates available","timestamp":"2026-03-17T14:10:23.423332747Z"}
{"type":"log","step_name":"implement","message":"- Only non-front candidates available","timestamp":"2026-03-17T14:10:23.423337416Z"}
{"type":"log","step_name":"implement","message":"- 70/30 distribution verification (10k iterations, ±5% tolerance)","timestamp":"2026-03-17T14:10:23.4233395Z"}
{"type":"log","step_name":"implement","message":"- Correct candidate data returned","timestamp":"2026-03-17T14:10:23.423342045Z"}
{"type":"log","step_name":"implement","message":"- Pareto front IDs not matching any candidate (graceful fallback)","timestamp":"2026-03-17T14:10:23.42334465Z"}
{"type":"log","step_name":"implement","timestamp":"2026-03-17T14:10:23.423347194Z"}
{"type":"log","step_name":"implement","message":"CLOCHE_RESULT:success","timestamp":"2026-03-17T14:10:23.423349308Z"}
{"type":"log","step_name":"implement","message":"All tests pass across the entire project.","timestamp":"2026-03-17T14:10:23.522783081Z"}
{"type":"log","step_name":"implement","timestamp":"2026-03-17T14:10:23.522803009Z"}
{"type":"log","step_name":"implement","message":"**Summary:** Created `internal/evolution/selector.go` with:","timestamp":"2026-03-17T14:10:23.522807467Z"}
{"type":"log","step_name":"implement","message":"- `Candidate` and `FitnessScores` types","timestamp":"2026-03-17T14:10:23.52281961Z"}
{"type":"log","step_name":"implement","message":"- `SelectCandidate` function implementing 70/30 Pareto front vs exploration strategy","timestamp":"2026-03-17T14:10:23.522823507Z"}
{"type":"log","step_name":"implement","message":"- Returns `nil` when no candidates exist","timestamp":"2026-03-17T14:10:23.522828096Z"}
{"type":"log","step_name":"implement","timestamp":"2026-03-17T14:10:23.522832004Z"}
{"type":"log","step_name":"implement","message":"Tests in `internal/evolution/selector_test.go` cover:","timestamp":"2026-03-17T14:10:23.52283527Z"}
{"type":"log","step_name":"implement","message":"- Empty/nil input returns nil","timestamp":"2026-03-17T14:10:23.522838776Z"}
{"type":"log","step_name":"implement","message":"- Only front candidates available","timestamp":"2026-03-17T14:10:23.522842824Z"}
{"type":"log","step_name":"implement","message":"- Only non-front candidates available","timestamp":"2026-03-17T14:10:23.522847383Z"}
{"type":"log","step_name":"implement","message":"- 70/30 distribution verification (10k iterations, ±5% tolerance)","timestamp":"2026-03-17T14:10:23.522852142Z"}
{"type":"log","step_name":"implement","message":"- Correct candidate data returned","timestamp":"2026-03-17T14:10:23.522857371Z"}
{"type":"log","step_name":"implement","message":"- Pareto front IDs not matching any candidate (graceful fallback)","timestamp":"2026-03-17T14:10:23.522861349Z"}
{"type":"log","step_name":"implement","timestamp":"2026-03-17T14:10:23.522865176Z"}
{"type":"log","step_name":"implement","message":"CLOCHE_RESULT:success","timestamp":"2026-03-17T14:10:23.773217293Z"}
{"type":"step_completed","step_name":"implement","result":"success","timestamp":"2026-03-17T14:10:23.791935257Z"}
{"type":"step_started","step_name":"test","timestamp":"2026-03-17T14:10:23.802749078Z"}
{"type":"log","step_name":"test","message":"?   \tgithub.com/cloche-dev/cloche/api/clochepb\t[no test files]","timestamp":"2026-03-17T14:10:24.094644173Z"}
{"type":"log","step_name":"test","message":"ok  \tgithub.com/cloche-dev/cloche/cmd/cloche\t10.043s","timestamp":"2026-03-17T14:10:34.451926331Z"}
{"type":"log","step_name":"test","message":"?   \tgithub.com/cloche-dev/cloche/cmd/cloche-agent\t[no test files]","timestamp":"2026-03-17T14:10:34.451966507Z"}
{"type":"log","step_name":"test","message":"?   \tgithub.com/cloche-dev/cloche/cmd/cloched\t[no test files]","timestamp":"2026-03-17T14:10:34.451971276Z"}
{"type":"log","step_name":"test","message":"ok  \tgithub.com/cloche-dev/cloche/internal/adapters/agents/generic\t(cached)","timestamp":"2026-03-17T14:10:34.451979141Z"}
{"type":"log","step_name":"test","message":"ok  \tgithub.com/cloche-dev/cloche/internal/adapters/agents/prompt\t(cached)","timestamp":"2026-03-17T14:10:34.451983129Z"}
{"type":"log","step_name":"test","message":"ok  \tgithub.com/cloche-dev/cloche/internal/adapters/docker\t(cached)","timestamp":"2026-03-17T14:10:34.45198925Z"}
{"type":"log","step_name":"test","message":"ok  \tgithub.com/cloche-dev/cloche/internal/adapters/grpc\t(cached)","timestamp":"2026-03-17T14:10:34.451997125Z"}
{"type":"log","step_name":"test","message":"ok  \tgithub.com/cloche-dev/cloche/internal/adapters/local\t(cached)","timestamp":"2026-03-17T14:10:34.452000802Z"}
{"type":"log","step_name":"test","message":"ok  \tgithub.com/cloche-dev/cloche/internal/adapters/sqlite\t(cached)","timestamp":"2026-03-17T14:10:34.452004319Z"}
{"type":"log","step_name":"test","message":"ok  \tgithub.com/cloche-dev/cloche/internal/adapters/web\t(cached)","timestamp":"2026-03-17T14:10:34.452007785Z"}
{"type":"log","step_name":"test","message":"ok  \tgithub.com/cloche-dev/cloche/internal/agent\t(cached)","timestamp":"2026-03-17T14:10:34.452011352Z"}
{"type":"log","step_name":"test","message":"ok  \tgithub.com/cloche-dev/cloche/internal/config\t(cached)","timestamp":"2026-03-17T14:10:34.452014959Z"}
{"type":"log","step_name":"test","message":"ok  \tgithub.com/cloche-dev/cloche/internal/domain\t(cached)","timestamp":"2026-03-17T14:10:34.452018535Z"}
{"type":"log","step_name":"test","message":"ok  \tgithub.com/cloche-dev/cloche/internal/dsl\t(cached)","timestamp":"2026-03-17T14:10:34.452022944Z"}
{"type":"log","step_name":"test","message":"ok  \tgithub.com/cloche-dev/cloche/internal/engine\t(cached)","timestamp":"2026-03-17T14:10:34.452026851Z"}
{"type":"log","step_name":"test","message":"ok  \tgithub.com/cloche-dev/cloche/internal/evolution\t(cached)","timestamp":"2026-03-17T14:10:34.452036249Z"}
{"type":"log","step_name":"test","message":"ok  \tgithub.com/cloche-dev/cloche/internal/host\t(cached)","timestamp":"2026-03-17T14:10:34.452043372Z"}
{"type":"log","step_name":"test","message":"ok  \tgithub.com/cloche-dev/cloche/internal/logstream\t(cached)","timestamp":"2026-03-17T14:10:34.452046809Z"}
{"type":"log","step_name":"test","message":"?   \tgithub.com/cloche-dev/cloche/internal/ports\t[no test files]","timestamp":"2026-03-17T14:10:34.452051888Z"}
{"type":"log","step_name":"test","message":"ok  \tgithub.com/cloche-dev/cloche/internal/protocol\t(cached)","timestamp":"2026-03-17T14:10:34.452055385Z"}
{"type":"log","step_name":"test","message":"ok  \tgithub.com/cloche-dev/cloche/internal/runcontext\t(cached)","timestamp":"2026-03-17T14:10:34.452058892Z"}
{"type":"log","step_name":"test","message":"ok  \tgithub.com/cloche-dev/cloche/internal/version\t(cached)","timestamp":"2026-03-17T14:10:34.452062358Z"}
{"type":"log","step_name":"test","message":"ok  \tgithub.com/cloche-dev/cloche/test/integration\t(cached)","timestamp":"2026-03-17T14:10:34.452065715Z"}
{"type":"step_completed","step_name":"test","result":"success","timestamp":"2026-03-17T14:10:34.62653237Z"}
{"type":"step_started","step_name":"update-docs","timestamp":"2026-03-17T14:10:34.775645354Z"}
{"type":"log","step_name":"update-docs","message":"--- Tool: Read('/workspace/internal/evolution/selector.go') ---","timestamp":"2026-03-17T14:10:42.250336604Z"}
{"type":"log","step_name":"update-docs","message":"--- Tool: Read('/workspace/internal/evolution/selector_test.go') ---","timestamp":"2026-03-17T14:10:42.396466322Z"}
{"type":"log","step_name":"update-docs","message":"--- Tool: Glob('docs/**/*.md') ---","timestamp":"2026-03-17T14:10:42.726205833Z"}
{"type":"log","step_name":"update-docs","message":"Let me check the relevant evolution docs for any references to selector or candidate selection.","timestamp":"2026-03-17T14:10:47.701105544Z"}
{"type":"log","step_name":"update-docs","message":"--- Tool: Grep('selector|SelectCandidate|candidate.*select|Pareto') ---","timestamp":"2026-03-17T14:10:48.717854974Z"}
{"type":"log","step_name":"update-docs","message":"--- Tool: Grep('evolution') ---","timestamp":"2026-03-17T14:10:49.241012599Z"}
{"type":"log","step_name":"update-docs","message":"The new `selector.go` adds a candidate selection mechanism to the `internal/evolution/` package. The existing docs describe the evolution pipeline (collector, classifier, reflector, curator, scriptgen, audit, orchestrator, trigger) but don't mention candidate selection or Pareto front selection. Let me check if the self-evolution design doc has a section that should reference this.","timestamp":"2026-03-17T14:10:56.072848858Z"}
{"type":"log","step_name":"update-docs","message":"--- Tool: Grep('candidate|pareto|selector|GEPA|genetic|population') ---","timestamp":"2026-03-17T14:10:57.353325678Z"}
{"type":"log","step_name":"update-docs","message":"No existing documentation references candidates, Pareto fronts, selectors, or GEPA. The new `selector.go` is a new component in the evolution package that isn't covered by any current docs. Since there's no existing documentation section that is out of date — the new code simply adds functionality not yet documented — no documentation updates are needed.","timestamp":"2026-03-17T14:11:03.169421263Z"}
{"type":"log","step_name":"update-docs","timestamp":"2026-03-17T14:11:03.169438996Z"}
{"type":"log","step_name":"update-docs","message":"CLOCHE_RESULT:success","timestamp":"2026-03-17T14:11:03.169442252Z"}
{"type":"log","step_name":"update-docs","message":"No existing documentation references candidates, Pareto fronts, selectors, or GEPA. The new `selector.go` is a new component in the evolution package that isn't covered by any current docs. Since there's no existing documentation section that is out of date — the new code simply adds functionality not yet documented — no documentation updates are needed.","timestamp":"2026-03-17T14:11:03.197850376Z"}
{"type":"log","step_name":"update-docs","timestamp":"2026-03-17T14:11:03.197864663Z"}
{"type":"log","step_name":"update-docs","message":"CLOCHE_RESULT:success","timestamp":"2026-03-17T14:11:03.427335755Z"}
{"type":"step_completed","step_name":"update-docs","result":"success","timestamp":"2026-03-17T14:11:03.449873617Z"}
{"type":"run_completed","result":"succeeded","timestamp":"2026-03-17T14:11:03.456879414Z"}
