{"type":"step_started","step_name":"implement","timestamp":"2026-03-06T20:49:05.107802249Z"}
{"type":"log","step_name":"implement","message":"All tests pass. Summary of changes:","timestamp":"2026-03-06T20:50:36.861531688Z"}
{"type":"log","step_name":"implement","timestamp":"2026-03-06T20:50:36.861586271Z"}
{"type":"log","step_name":"implement","message":"1. **`internal/config/config.go:59`** — Changed `\"config\"` to `\"config.toml\"` in `Load()`","timestamp":"2026-03-06T20:50:36.86159065Z"}
{"type":"log","step_name":"implement","message":"2. **`internal/config/config_test.go`** — Updated all three test cases to write `config.toml` instead of `config`","timestamp":"2026-03-06T20:50:36.861598635Z"}
{"type":"log","step_name":"implement","message":"3. **`cmd/cloche/init.go`** — Added `defaultConfigTOML` variable and included `config.toml` in the init files slice","timestamp":"2026-03-06T20:50:36.861606269Z"}
{"type":"log","step_name":"implement","message":"4. **`.cloche/config`** — Renamed to `.cloche/config.toml`","timestamp":"2026-03-06T20:50:36.861618583Z"}
{"type":"log","step_name":"implement","timestamp":"2026-03-06T20:50:36.861626037Z"}
{"type":"log","step_name":"implement","message":"CLOCHE_RESULT:success","timestamp":"2026-03-06T20:50:37.200782885Z"}
{"type":"step_completed","step_name":"implement","result":"success","timestamp":"2026-03-06T20:50:37.204720949Z"}
{"type":"step_started","step_name":"test","timestamp":"2026-03-06T20:50:37.204754362Z"}
{"type":"step_completed","step_name":"test","result":"success","timestamp":"2026-03-06T20:50:47.982582516Z"}
{"type":"step_started","step_name":"update-docs","timestamp":"2026-03-06T20:50:47.982605871Z"}
{"type":"log","step_name":"update-docs","message":"Two changes made to `docs/USAGE.md`:","timestamp":"2026-03-06T20:51:58.29699372Z"}
{"type":"log","step_name":"update-docs","message":"1. **Line 124**: Added `config.toml` to the `cloche init` description","timestamp":"2026-03-06T20:51:58.297017725Z"}
{"type":"log","step_name":"update-docs","message":"2. **Line 567**: Added `config.toml` to the project directory layout tree","timestamp":"2026-03-06T20:51:58.297020571Z"}
{"type":"log","step_name":"update-docs","timestamp":"2026-03-06T20:51:58.297023085Z"}
{"type":"log","step_name":"update-docs","message":"No other discrepancies found — all CLI subcommands, flags, environment variables, and workflow DSL documentation match the current code.","timestamp":"2026-03-06T20:51:58.297024969Z"}
{"type":"log","step_name":"update-docs","timestamp":"2026-03-06T20:51:58.297027794Z"}
{"type":"log","step_name":"update-docs","message":"CLOCHE_RESULT:success","timestamp":"2026-03-06T20:51:58.749060174Z"}
{"type":"step_completed","step_name":"update-docs","result":"success","timestamp":"2026-03-06T20:51:58.750832294Z"}
{"type":"run_completed","result":"succeeded","timestamp":"2026-03-06T20:51:58.750918507Z"}
