{"type":"run_title","message":"Task: GEPA: Fitness evaluation and Pareto front","timestamp":"2026-03-17T14:53:56.249676648Z"}
{"type":"step_started","step_name":"implement","timestamp":"2026-03-17T14:53:56.250145385Z"}
{"type":"log","step_name":"implement","message":"--- Tool: Agent('I need to understand the project structure for implementi...') ---","timestamp":"2026-03-17T14:54:11.139594101Z"}
{"type":"log","step_name":"implement","message":"--- Tool: Glob('**/internal/domain/*.go') ---","timestamp":"2026-03-17T14:54:12.319849135Z"}
{"type":"log","step_name":"implement","message":"--- Tool: Glob('**/internal/evolution/*.go') ---","timestamp":"2026-03-17T14:54:12.546952823Z"}
{"type":"log","step_name":"implement","message":"--- Tool: Glob('go.mod') ---","timestamp":"2026-03-17T14:54:12.752461041Z"}
{"type":"log","step_name":"implement","message":"--- Tool: Bash('find /workspace -name \"*test.go\" -type f | head -20') ---","timestamp":"2026-03-17T14:54:13.000341871Z"}
{"type":"log","step_name":"implement","message":"--- Tool: Grep('jsonl|JSONL|json\\.Marshal|json\\.Unmarshal') ---","timestamp":"2026-03-17T14:54:13.588822044Z"}
{"type":"log","step_name":"implement","message":"--- Tool: Read('/workspace/internal/domain/run.go') ---","timestamp":"2026-03-17T14:54:15.541363059Z"}
{"type":"log","step_name":"implement","message":"--- Tool: Read('/workspace/go.mod') ---","timestamp":"2026-03-17T14:54:15.558748786Z"}
{"type":"log","step_name":"implement","message":"--- Tool: Read('/workspace/internal/evolution/fitness.go') ---","timestamp":"2026-03-17T14:54:15.661589558Z"}
{"type":"log","step_name":"implement","message":"--- Tool: Read('/workspace/internal/evolution/types.go') ---","timestamp":"2026-03-17T14:54:15.872952189Z"}
{"type":"log","step_name":"implement","message":"--- Tool: Read('/workspace/internal/domain/run_test.go') ---","timestamp":"2026-03-17T14:54:15.964622802Z"}
{"type":"log","step_name":"implement","message":"--- Tool: Read('/workspace/internal/evolution/fitness_test.go') ---","timestamp":"2026-03-17T14:54:17.895274221Z"}
{"type":"log","step_name":"implement","message":"--- Tool: Read('/workspace/internal/evolution/population.go') ---","timestamp":"2026-03-17T14:54:18.292006262Z"}
{"type":"log","step_name":"implement","message":"--- Tool: Grep('LoadFitness|RecordFitness') ---","timestamp":"2026-03-17T14:54:18.874089259Z"}
{"type":"log","step_name":"implement","message":"--- Tool: Read('/workspace/internal/domain/workflow.go') ---","timestamp":"2026-03-17T14:54:22.326929509Z"}
{"type":"log","step_name":"implement","message":"--- Tool: Grep('\\.jsonl') ---","timestamp":"2026-03-17T14:54:22.769329431Z"}
{"type":"log","step_name":"implement","message":"--- Tool: Read('/workspace/internal/evolution/audit.go') ---","timestamp":"2026-03-17T14:54:24.243052632Z"}
{"type":"log","step_name":"implement","message":"--- Tool: Read('/workspace/internal/evolution/collector.go') ---","timestamp":"2026-03-17T14:54:24.250983584Z"}
{"type":"log","step_name":"implement","message":"It looks like `fitness.go` already exists. Let me read the current state of these files.","timestamp":"2026-03-17T14:54:48.814156429Z"}
{"type":"log","step_name":"implement","message":"--- Tool: Read('/workspace/internal/evolution/fitness.go') ---","timestamp":"2026-03-17T14:54:48.910311087Z"}
{"type":"log","step_name":"implement","message":"--- Tool: Read('/workspace/internal/evolution/fitness_test.go') ---","timestamp":"2026-03-17T14:54:49.179606515Z"}
{"type":"log","step_name":"implement","message":"--- Tool: Read('/workspace/internal/evolution/types.go') ---","timestamp":"2026-03-17T14:54:49.441989738Z"}
{"type":"log","step_name":"implement","message":"The implementation already exists. There's a duplicate `FitnessRecord` in `types.go` that likely causes a compilation error. Let me check.","timestamp":"2026-03-17T14:54:55.822705831Z"}
{"type":"log","step_name":"implement","message":"--- Tool: Bash('go build ./internal/evolution/ 2\u003e\u00261') ---","timestamp":"2026-03-17T14:54:56.538365766Z"}
{"type":"log","step_name":"implement","message":"As expected — duplicate `FitnessRecord` in `types.go`. The one in `fitness.go` is the correct one. Let me check if the `types.go` version is referenced anywhere.","timestamp":"2026-03-17T14:55:04.98773007Z"}
{"type":"log","step_name":"implement","message":"--- Tool: Grep('CandidateID|Score.*float64.*json:\"score\"') ---","timestamp":"2026-03-17T14:55:06.266806237Z"}
{"type":"log","step_name":"implement","message":"--- Tool: Read('/workspace/internal/evolution/types_test.go') ---","timestamp":"2026-03-17T14:55:10.090645874Z"}
{"type":"log","step_name":"implement","message":"The `types.go` has an older `FitnessRecord` with different fields (`CandidateID`, `Score`, `Details`) that's used in `types_test.go`. I need to rename this to avoid the conflict. The `fitness.go` version is the correct GEPA one. Let me rename the `types.go` version to something distinct.","timestamp":"2026-03-17T14:55:14.706312662Z"}
{"type":"log","step_name":"implement","message":"--- Tool: Edit('/workspace/internal/evolution/types.go') ---","timestamp":"2026-03-17T14:55:16.530760347Z"}
{"type":"log","step_name":"implement","message":"Now update references in `types_test.go`.","timestamp":"2026-03-17T14:55:20.332460124Z"}
{"type":"log","step_name":"implement","message":"--- Tool: Read('/workspace/internal/evolution/types_test.go') ---","timestamp":"2026-03-17T14:55:20.652684246Z"}
{"type":"log","step_name":"implement","message":"--- Tool: Edit('/workspace/internal/evolution/types_test.go') ---","timestamp":"2026-03-17T14:55:46.684130264Z"}
{"type":"log","step_name":"implement","message":"Now check if `FitnessRecord` from types.go (now `CandidateScore`) is used elsewhere.","timestamp":"2026-03-17T14:55:50.982448755Z"}
{"type":"log","step_name":"implement","message":"--- Tool: Grep('types\\.FitnessRecord|evolution\\.FitnessRecord') ---","timestamp":"2026-03-17T14:55:52.657864934Z"}
{"type":"log","step_name":"implement","message":"Good — only in the test file which uses `evolution.FitnessRecord` correctly (the fitness.go version). Now let me check for any other references to the old `CandidateScore` fields pattern.","timestamp":"2026-03-17T14:55:59.7699563Z"}
{"type":"log","step_name":"implement","message":"--- Tool: Grep('FitnessRecord') ---","timestamp":"2026-03-17T14:56:00.521902122Z"}
{"type":"log","step_name":"implement","message":"No other files reference `FitnessRecord`. Now let me check if there are any other references to `CandidateScore` in population.go or elsewhere that need updating.","timestamp":"2026-03-17T14:56:06.039961325Z"}
{"type":"log","step_name":"implement","message":"--- Tool: Grep('CandidateScore') ---","timestamp":"2026-03-17T14:56:07.562718486Z"}
{"type":"log","step_name":"implement","message":"Good. Now let me run the tests.","timestamp":"2026-03-17T14:56:11.608507977Z"}
{"type":"log","step_name":"implement","message":"--- Tool: Bash('go test ./... 2\u003e\u00261') ---","timestamp":"2026-03-17T14:56:12.28395628Z"}
{"type":"log","step_name":"implement","message":"All tests pass. The implementation was already in place — the only issue was a duplicate `FitnessRecord` type declaration in `types.go` that conflicted with the correct one in `fitness.go`. I renamed it to `CandidateScore` and updated the corresponding tests.","timestamp":"2026-03-17T14:57:16.141188237Z"}
{"type":"log","step_name":"implement","timestamp":"2026-03-17T14:57:16.141213264Z"}
{"type":"log","step_name":"implement","message":"To summarize what's implemented in `internal/evolution/fitness.go`:","timestamp":"2026-03-17T14:57:16.141218184Z"}
{"type":"log","step_name":"implement","message":"- **`EvaluateRun`** — extracts metrics from `domain.Run` (success/fail, retry count, duration)","timestamp":"2026-03-17T14:57:16.141222752Z"}
{"type":"log","step_name":"implement","message":"- **`RecordFitness`** / **`LoadFitness`** — JSONL I/O to fitness files","timestamp":"2026-03-17T14:57:16.141228293Z"}
{"type":"log","step_name":"implement","message":"- **`AggregateFitness`** — groups by candidate, computes success rate + efficiency","timestamp":"2026-03-17T14:57:16.141234454Z"}
{"type":"log","step_name":"implement","message":"- **`ComputeParetoFront`** — returns non-dominated set","timestamp":"2026-03-17T14:57:16.141240195Z"}
{"type":"log","step_name":"implement","message":"- **`Dominates`** — multi-objective comparison (success rate, efficiency)","timestamp":"2026-03-17T14:57:16.141250665Z"}
{"type":"log","step_name":"implement","message":"- **`FitnessPath`** — standard path helper","timestamp":"2026-03-17T14:57:16.141256496Z"}
{"type":"log","step_name":"implement","timestamp":"2026-03-17T14:57:16.141261806Z"}
{"type":"log","step_name":"implement","message":"Table-driven unit tests in `fitness_test.go` cover all functions with known Pareto fronts.","timestamp":"2026-03-17T14:57:16.141266846Z"}
{"type":"log","step_name":"implement","timestamp":"2026-03-17T14:57:16.141272546Z"}
{"type":"log","step_name":"implement","message":"CLOCHE_RESULT:success","timestamp":"2026-03-17T14:57:16.141277636Z"}
{"type":"log","step_name":"implement","message":"All tests pass. The implementation was already in place — the only issue was a duplicate `FitnessRecord` type declaration in `types.go` that conflicted with the correct one in `fitness.go`. I renamed it to `CandidateScore` and updated the corresponding tests.","timestamp":"2026-03-17T14:57:16.345094469Z"}
{"type":"log","step_name":"implement","timestamp":"2026-03-17T14:57:16.34511128Z"}
{"type":"log","step_name":"implement","message":"To summarize what's implemented in `internal/evolution/fitness.go`:","timestamp":"2026-03-17T14:57:16.345114226Z"}
{"type":"log","step_name":"implement","message":"- **`EvaluateRun`** — extracts metrics from `domain.Run` (success/fail, retry count, duration)","timestamp":"2026-03-17T14:57:16.3451165Z"}
{"type":"log","step_name":"implement","message":"- **`RecordFitness`** / **`LoadFitness`** — JSONL I/O to fitness files","timestamp":"2026-03-17T14:57:16.345118935Z"}
{"type":"log","step_name":"implement","message":"- **`AggregateFitness`** — groups by candidate, computes success rate + efficiency","timestamp":"2026-03-17T14:57:16.345121139Z"}
{"type":"log","step_name":"implement","message":"- **`ComputeParetoFront`** — returns non-dominated set","timestamp":"2026-03-17T14:57:16.345123303Z"}
{"type":"log","step_name":"implement","message":"- **`Dominates`** — multi-objective comparison (success rate, efficiency)","timestamp":"2026-03-17T14:57:16.345125387Z"}
{"type":"log","step_name":"implement","message":"- **`FitnessPath`** — standard path helper","timestamp":"2026-03-17T14:57:16.345127581Z"}
{"type":"log","step_name":"implement","timestamp":"2026-03-17T14:57:16.345129795Z"}
{"type":"log","step_name":"implement","message":"Table-driven unit tests in `fitness_test.go` cover all functions with known Pareto fronts.","timestamp":"2026-03-17T14:57:16.345132681Z"}
{"type":"log","step_name":"implement","timestamp":"2026-03-17T14:57:16.345135065Z"}
{"type":"log","step_name":"implement","message":"CLOCHE_RESULT:success","timestamp":"2026-03-17T14:57:16.572171252Z"}
{"type":"step_completed","step_name":"implement","result":"success","timestamp":"2026-03-17T14:57:16.750664571Z"}
{"type":"step_started","step_name":"test","timestamp":"2026-03-17T14:57:16.857647825Z"}
{"type":"log","step_name":"test","message":"?   \tgithub.com/cloche-dev/cloche/api/clochepb\t[no test files]","timestamp":"2026-03-17T14:57:17.255419378Z"}
{"type":"log","step_name":"test","message":"ok  \tgithub.com/cloche-dev/cloche/cmd/cloche\t10.044s","timestamp":"2026-03-17T14:57:27.591284007Z"}
{"type":"log","step_name":"test","message":"?   \tgithub.com/cloche-dev/cloche/cmd/cloche-agent\t[no test files]","timestamp":"2026-03-17T14:57:27.591316749Z"}
{"type":"log","step_name":"test","message":"?   \tgithub.com/cloche-dev/cloche/cmd/cloched\t[no test files]","timestamp":"2026-03-17T14:57:27.591322439Z"}
{"type":"log","step_name":"test","message":"ok  \tgithub.com/cloche-dev/cloche/internal/adapters/agents/generic\t(cached)","timestamp":"2026-03-17T14:57:27.591325856Z"}
{"type":"log","step_name":"test","message":"ok  \tgithub.com/cloche-dev/cloche/internal/adapters/agents/prompt\t(cached)","timestamp":"2026-03-17T14:57:27.591328501Z"}
{"type":"log","step_name":"test","message":"ok  \tgithub.com/cloche-dev/cloche/internal/adapters/docker\t(cached)","timestamp":"2026-03-17T14:57:27.591331046Z"}
{"type":"log","step_name":"test","message":"ok  \tgithub.com/cloche-dev/cloche/internal/adapters/grpc\t(cached)","timestamp":"2026-03-17T14:57:27.591334142Z"}
{"type":"log","step_name":"test","message":"ok  \tgithub.com/cloche-dev/cloche/internal/adapters/local\t(cached)","timestamp":"2026-03-17T14:57:27.591336586Z"}
{"type":"log","step_name":"test","message":"ok  \tgithub.com/cloche-dev/cloche/internal/adapters/sqlite\t(cached)","timestamp":"2026-03-17T14:57:27.591338971Z"}
{"type":"log","step_name":"test","message":"ok  \tgithub.com/cloche-dev/cloche/internal/adapters/web\t(cached)","timestamp":"2026-03-17T14:57:27.591341415Z"}
{"type":"log","step_name":"test","message":"ok  \tgithub.com/cloche-dev/cloche/internal/agent\t(cached)","timestamp":"2026-03-17T14:57:27.59134405Z"}
{"type":"log","step_name":"test","message":"ok  \tgithub.com/cloche-dev/cloche/internal/config\t(cached)","timestamp":"2026-03-17T14:57:27.591346575Z"}
{"type":"log","step_name":"test","message":"ok  \tgithub.com/cloche-dev/cloche/internal/domain\t(cached)","timestamp":"2026-03-17T14:57:27.59134905Z"}
{"type":"log","step_name":"test","message":"ok  \tgithub.com/cloche-dev/cloche/internal/dsl\t(cached)","timestamp":"2026-03-17T14:57:27.591352637Z"}
{"type":"log","step_name":"test","message":"ok  \tgithub.com/cloche-dev/cloche/internal/engine\t(cached)","timestamp":"2026-03-17T14:57:27.591355131Z"}
{"type":"log","step_name":"test","message":"ok  \tgithub.com/cloche-dev/cloche/internal/evolution\t(cached)","timestamp":"2026-03-17T14:57:27.591362014Z"}
{"type":"log","step_name":"test","message":"ok  \tgithub.com/cloche-dev/cloche/internal/host\t(cached)","timestamp":"2026-03-17T14:57:27.59136484Z"}
{"type":"log","step_name":"test","message":"ok  \tgithub.com/cloche-dev/cloche/internal/logstream\t(cached)","timestamp":"2026-03-17T14:57:27.591367344Z"}
{"type":"log","step_name":"test","message":"?   \tgithub.com/cloche-dev/cloche/internal/ports\t[no test files]","timestamp":"2026-03-17T14:57:27.591369969Z"}
{"type":"log","step_name":"test","message":"ok  \tgithub.com/cloche-dev/cloche/internal/protocol\t(cached)","timestamp":"2026-03-17T14:57:27.591372664Z"}
{"type":"log","step_name":"test","message":"ok  \tgithub.com/cloche-dev/cloche/internal/runcontext\t(cached)","timestamp":"2026-03-17T14:57:27.591375169Z"}
{"type":"log","step_name":"test","message":"ok  \tgithub.com/cloche-dev/cloche/internal/version\t(cached)","timestamp":"2026-03-17T14:57:27.591379026Z"}
{"type":"log","step_name":"test","message":"ok  \tgithub.com/cloche-dev/cloche/test/integration\t(cached)","timestamp":"2026-03-17T14:57:27.591381421Z"}
{"type":"step_completed","step_name":"test","result":"success","timestamp":"2026-03-17T14:57:27.722920094Z"}
{"type":"step_started","step_name":"update-docs","timestamp":"2026-03-17T14:57:27.803616201Z"}
{"type":"log","step_name":"update-docs","message":"--- Tool: Read('/workspace/internal/evolution/types.go') ---","timestamp":"2026-03-17T14:57:35.920234576Z"}
{"type":"log","step_name":"update-docs","message":"--- Tool: Glob('internal/evolution/*.go') ---","timestamp":"2026-03-17T14:57:36.07586478Z"}
{"type":"log","step_name":"update-docs","message":"--- Tool: Glob('internal/domain/*.go') ---","timestamp":"2026-03-17T14:57:36.137391813Z"}
{"type":"log","step_name":"update-docs","message":"There's already a `fitness.go` and `fitness_test.go`. Let me read them and the domain types.","timestamp":"2026-03-17T14:57:38.879654238Z"}
{"type":"log","step_name":"update-docs","message":"--- Tool: Read('/workspace/internal/evolution/fitness.go') ---","timestamp":"2026-03-17T14:57:39.32794401Z"}
{"type":"log","step_name":"update-docs","message":"--- Tool: Read('/workspace/internal/evolution/fitness_test.go') ---","timestamp":"2026-03-17T14:57:39.774234752Z"}
{"type":"log","step_name":"update-docs","message":"--- Tool: Read('/workspace/internal/domain/run.go') ---","timestamp":"2026-03-17T14:57:39.996103779Z"}
{"type":"log","step_name":"update-docs","message":"The implementation already exists with all required functions. Let me verify the tests pass.","timestamp":"2026-03-17T14:57:47.445513363Z"}
{"type":"log","step_name":"update-docs","message":"--- Tool: Bash('go test ./internal/evolution/ -run \"TestEvaluateRun|TestR...') ---","timestamp":"2026-03-17T14:57:51.30803892Z"}
{"type":"log","step_name":"update-docs","message":"All fitness functions already exist and all tests pass. Now let me check if any documentation needs updating.","timestamp":"2026-03-17T14:57:55.209033691Z"}
{"type":"log","step_name":"update-docs","message":"--- Tool: Grep('fitness|pareto|GEPA') ---","timestamp":"2026-03-17T14:57:55.903839408Z"}
{"type":"log","step_name":"update-docs","message":"No documentation references fitness or Pareto front concepts. The implementation is complete — `internal/evolution/fitness.go` contains all requested functions (EvaluateRun, RecordFitness, LoadFitness, AggregateFitness, ComputeParetoFront, Dominates) and `internal/evolution/fitness_test.go` has comprehensive table-driven tests. All tests pass. No documentation changes needed.","timestamp":"2026-03-17T14:57:59.819734085Z"}
{"type":"log","step_name":"update-docs","timestamp":"2026-03-17T14:57:59.819763731Z"}
{"type":"log","step_name":"update-docs","message":"CLOCHE_RESULT:success","timestamp":"2026-03-17T14:57:59.819767669Z"}
{"type":"log","step_name":"update-docs","message":"No documentation references fitness or Pareto front concepts. The implementation is complete — `internal/evolution/fitness.go` contains all requested functions (EvaluateRun, RecordFitness, LoadFitness, AggregateFitness, ComputeParetoFront, Dominates) and `internal/evolution/fitness_test.go` has comprehensive table-driven tests. All tests pass. No documentation changes needed.","timestamp":"2026-03-17T14:57:59.841594588Z"}
{"type":"log","step_name":"update-docs","timestamp":"2026-03-17T14:57:59.841618122Z"}
{"type":"log","step_name":"update-docs","message":"CLOCHE_RESULT:success","timestamp":"2026-03-17T14:58:00.145049144Z"}
{"type":"step_completed","step_name":"update-docs","result":"success","timestamp":"2026-03-17T14:58:00.289837789Z"}
{"type":"run_completed","result":"succeeded","timestamp":"2026-03-17T14:58:00.560618141Z"}
