{"type":"run_title","message":"Task: Web UI: Prompt file accordions show git log instead of file contents","timestamp":"2026-03-11T21:14:12.651482266Z"}
{"type":"step_started","step_name":"implement","timestamp":"2026-03-11T21:14:12.651947753Z"}
{"type":"log","step_name":"implement","message":"--- Tool: Agent('Find the code responsible for the Web UI project detail p...') ---","timestamp":"2026-03-11T21:14:22.616737869Z"}
{"type":"log","step_name":"implement","message":"--- Tool: Glob('**/*.html') ---","timestamp":"2026-03-11T21:14:24.149411041Z"}
{"type":"log","step_name":"implement","message":"--- Tool: Glob('**/*.tmpl') ---","timestamp":"2026-03-11T21:14:24.269796464Z"}
{"type":"log","step_name":"implement","message":"--- Tool: Glob('**/web/**') ---","timestamp":"2026-03-11T21:14:24.476454534Z"}
{"type":"log","step_name":"implement","message":"--- Tool: Glob('**/http/**') ---","timestamp":"2026-03-11T21:14:24.685124737Z"}
{"type":"log","step_name":"implement","message":"--- Tool: Grep('prompt.*accordion|accordion.*prompt') ---","timestamp":"2026-03-11T21:14:24.885591119Z"}
{"type":"log","step_name":"implement","message":"--- Tool: Read('/workspace/internal/adapters/web/templates/project_detail...') ---","timestamp":"2026-03-11T21:14:26.052672773Z"}
{"type":"log","step_name":"implement","message":"--- Tool: Read('/workspace/internal/adapters/web/handler.go') ---","timestamp":"2026-03-11T21:14:26.309748176Z"}
{"type":"log","step_name":"implement","message":"--- Tool: Grep('prompt|accordion') ---","timestamp":"2026-03-11T21:14:26.470757514Z"}
{"type":"log","step_name":"implement","message":"--- Tool: Read('/workspace/internal/adapters/web/handler.go') ---","timestamp":"2026-03-11T21:14:29.065314147Z"}
{"type":"log","step_name":"implement","message":"--- Tool: Bash('grep -n \"handleAPIPromptDiff\" /workspace/internal/adapter...') ---","timestamp":"2026-03-11T21:14:29.478233121Z"}
{"type":"log","step_name":"implement","message":"--- Tool: Bash('grep -n \"handleAPIProjectInfo\" /workspace/internal/adapte...') ---","timestamp":"2026-03-11T21:14:33.003324797Z"}
{"type":"log","step_name":"implement","message":"--- Tool: Read('/workspace/internal/adapters/web/handler.go') ---","timestamp":"2026-03-11T21:14:33.328396319Z"}
{"type":"log","step_name":"implement","message":"--- Tool: Bash('grep -n \"prompt.*content\\|file.*content\\|show.*file\" /wor...') ---","timestamp":"2026-03-11T21:14:41.089727362Z"}
{"type":"log","step_name":"implement","message":"--- Tool: Bash('grep -n \"GET /api/projects\" /workspace/internal/adapters/...') ---","timestamp":"2026-03-11T21:14:42.114851888Z"}
{"type":"log","step_name":"implement","message":"--- Tool: Bash('grep -n \"toggleDiff\\|prompt-file-content\\|show.*prompt\" /...') ---","timestamp":"2026-03-11T21:14:44.452929068Z"}
{"type":"log","step_name":"implement","message":"--- Tool: Bash('grep -rn \"prompt.*show\\|show.*prompt\\|file.*content\" /wor...') ---","timestamp":"2026-03-11T21:14:44.813047217Z"}
{"type":"log","step_name":"implement","message":"--- Tool: Read('/workspace/internal/adapters/web/templates/project_detail...') ---","timestamp":"2026-03-11T21:14:46.608999369Z"}
{"type":"log","step_name":"implement","message":"--- Tool: Read('/workspace/internal/adapters/web/handler.go') ---","timestamp":"2026-03-11T21:14:47.958810363Z"}
{"type":"log","step_name":"implement","message":"--- Tool: Bash('grep -n \"prompt.*diff\\|show.*file\\|file.*display\" /worksp...') ---","timestamp":"2026-03-11T21:14:49.804757021Z"}
{"type":"log","step_name":"implement","message":"--- Tool: Grep('git show|git diff|git log') ---","timestamp":"2026-03-11T21:14:50.236670214Z"}
{"type":"log","step_name":"implement","message":"--- Tool: Bash('grep -n \"func (h \\*Handler) handleAPI\" /workspace/interna...') ---","timestamp":"2026-03-11T21:14:51.780473672Z"}
{"type":"log","step_name":"implement","message":"--- Tool: Read('/workspace/internal/adapters/web/handler.go') ---","timestamp":"2026-03-11T21:14:52.951136416Z"}
{"type":"log","step_name":"implement","message":"--- Tool: Bash('grep -rn \"TODO\\|FIXME\\|BUG\" /workspace/internal/adapters/...') ---","timestamp":"2026-03-11T21:14:54.638843551Z"}
{"type":"log","step_name":"implement","message":"--- Tool: Read('/workspace/internal/adapters/web/handler.go') ---","timestamp":"2026-03-11T21:14:54.987019992Z"}
{"type":"log","step_name":"implement","message":"--- Tool: Read('/workspace/internal/adapters/web/templates/project_detail...') ---","timestamp":"2026-03-11T21:15:07.600309958Z"}
{"type":"log","step_name":"implement","message":"--- Tool: Read('/workspace/internal/adapters/web/handler.go') ---","timestamp":"2026-03-11T21:15:07.713489206Z"}
{"type":"log","step_name":"implement","message":"Now I understand the bug. The prompt file accordions show git log commit entries (SHA, date, message) instead of the actual file contents. The fix needs to:","timestamp":"2026-03-11T21:15:22.872885476Z"}
{"type":"log","step_name":"implement","timestamp":"2026-03-11T21:15:22.872905574Z"}
{"type":"log","step_name":"implement","message":"1. Include the file contents in the API response","timestamp":"2026-03-11T21:15:22.872909521Z"}
{"type":"log","step_name":"implement","message":"2. Display file contents in the accordion instead of git log lines","timestamp":"2026-03-11T21:15:22.872913218Z"}
{"type":"log","step_name":"implement","message":"--- Tool: Edit('/workspace/internal/adapters/web/handler.go') ---","timestamp":"2026-03-11T21:15:24.229838954Z"}
{"type":"log","step_name":"implement","message":"Now add the file content reading before the git log call:","timestamp":"2026-03-11T21:15:27.480934928Z"}
{"type":"log","step_name":"implement","message":"--- Tool: Edit('/workspace/internal/adapters/web/handler.go') ---","timestamp":"2026-03-11T21:15:29.502933576Z"}
{"type":"log","step_name":"implement","message":"--- Tool: Edit('/workspace/internal/adapters/web/handler.go') ---","timestamp":"2026-03-11T21:15:33.136790821Z"}
{"type":"log","step_name":"implement","message":"Now update the template to show file contents instead of git log entries:","timestamp":"2026-03-11T21:15:35.75118497Z"}
{"type":"log","step_name":"implement","message":"--- Tool: Edit('/workspace/internal/adapters/web/templates/project_detail...') ---","timestamp":"2026-03-11T21:15:41.745588618Z"}
{"type":"log","step_name":"implement","message":"Now let me run the tests:","timestamp":"2026-03-11T21:15:44.744782054Z"}
{"type":"log","step_name":"implement","message":"--- Tool: Bash('go test ./... 2\u003e\u00261') ---","timestamp":"2026-03-11T21:15:45.587949701Z"}
{"type":"log","step_name":"implement","message":"All tests pass. Now let me check if there are existing tests for the project info handler to see if I should add a test for the new `content` field.","timestamp":"2026-03-11T21:16:28.390099894Z"}
{"type":"log","step_name":"implement","message":"--- Tool: Grep('handleAPIProjectInfo|prompt_files|PromptDiff|promptDiff') ---","timestamp":"2026-03-11T21:16:29.514279134Z"}
{"type":"log","step_name":"implement","message":"--- Tool: Grep('ProjectInfo|project.*/info') ---","timestamp":"2026-03-11T21:16:33.451230453Z"}
{"type":"log","step_name":"implement","message":"--- Tool: Glob('*_test.go') ---","timestamp":"2026-03-11T21:16:37.590284707Z"}
{"type":"log","step_name":"implement","message":"--- Tool: Grep('func Test') ---","timestamp":"2026-03-11T21:16:41.671794052Z"}
{"type":"log","step_name":"implement","message":"--- Tool: Read('/workspace/internal/adapters/web/handler_test.go') ---","timestamp":"2026-03-11T21:16:44.987513548Z"}
{"type":"log","step_name":"implement","message":"Now let me look at how existing project API tests work to understand the pattern for creating a test for the project info API:","timestamp":"2026-03-11T21:16:49.056295906Z"}
{"type":"log","step_name":"implement","message":"--- Tool: Read('/workspace/internal/adapters/web/handler_test.go') ---","timestamp":"2026-03-11T21:16:49.669679349Z"}
{"type":"log","step_name":"implement","message":"Now I need to write a test. The `handleAPIProjectInfo` endpoint requires a real project directory with git repo and prompt files. Let me write a test that creates a temp directory with the necessary structure.","timestamp":"2026-03-11T21:16:53.993217837Z"}
{"type":"log","step_name":"implement","message":"--- Tool: Read('/workspace/internal/adapters/web/handler_test.go') ---","timestamp":"2026-03-11T21:16:54.150926363Z"}
{"type":"log","step_name":"implement","message":"Now let me write a test for the project info API that verifies prompt file contents are returned:","timestamp":"2026-03-11T21:16:57.620282099Z"}
{"type":"log","step_name":"implement","message":"--- Tool: Edit('/workspace/internal/adapters/web/handler_test.go') ---","timestamp":"2026-03-11T21:17:06.974195806Z"}
{"type":"log","step_name":"implement","message":"I need to add `\"os/exec\"` to the imports:","timestamp":"2026-03-11T21:17:10.056338574Z"}
{"type":"log","step_name":"implement","message":"--- Tool: Read('/workspace/internal/adapters/web/handler_test.go') ---","timestamp":"2026-03-11T21:17:10.666761946Z"}
{"type":"log","step_name":"implement","message":"--- Tool: Edit('/workspace/internal/adapters/web/handler_test.go') ---","timestamp":"2026-03-11T21:17:16.892160975Z"}
{"type":"log","step_name":"implement","message":"--- Tool: Bash('go test ./... 2\u003e\u00261') ---","timestamp":"2026-03-11T21:17:22.559281588Z"}
{"type":"log","step_name":"implement","message":"All tests pass, including the new test.","timestamp":"2026-03-11T21:17:32.406960287Z"}
{"type":"log","step_name":"implement","timestamp":"2026-03-11T21:17:32.406984132Z"}
{"type":"log","step_name":"implement","message":"## Summary","timestamp":"2026-03-11T21:17:32.406989422Z"}
{"type":"log","step_name":"implement","timestamp":"2026-03-11T21:17:32.406994251Z"}
{"type":"log","step_name":"implement","message":"**Bug:** The prompt file accordions on the project detail page were showing git log entries (SHA, date, commit message) instead of the actual file contents.","timestamp":"2026-03-11T21:17:32.406998849Z"}
{"type":"log","step_name":"implement","timestamp":"2026-03-11T21:17:32.407002857Z"}
{"type":"log","step_name":"implement","message":"**Changes:**","timestamp":"2026-03-11T21:17:32.407006083Z"}
{"type":"log","step_name":"implement","timestamp":"2026-03-11T21:17:32.407009359Z"}
{"type":"log","step_name":"implement","message":"1. **`internal/adapters/web/handler.go`** — Added a `Content` field to the `promptFile` struct and populated it by reading the file from disk via `os.ReadFile()` in `handleAPIProjectInfo`.","timestamp":"2026-03-11T21:17:32.407012776Z"}
{"type":"log","step_name":"implement","timestamp":"2026-03-11T21:17:32.407017184Z"}
{"type":"log","step_name":"implement","message":"2. **`internal/adapters/web/templates/project_detail.html`** — Changed the accordion body to render the file contents in a `\u003cpre\u003e` block instead of iterating over git log history entries.","timestamp":"2026-03-11T21:17:32.40702033Z"}
{"type":"log","step_name":"implement","timestamp":"2026-03-11T21:17:32.407024338Z"}
{"type":"log","step_name":"implement","message":"3. **`internal/adapters/web/handler_test.go`** — Added `TestAPIProjectInfo_PromptFileContent` to verify the API returns actual file contents in the `content` field.","timestamp":"2026-03-11T21:17:32.407027493Z"}
{"type":"log","step_name":"implement","timestamp":"2026-03-11T21:17:32.40703122Z"}
{"type":"log","step_name":"implement","message":"CLOCHE_RESULT:success","timestamp":"2026-03-11T21:17:32.407034406Z"}
{"type":"log","step_name":"implement","message":"All tests pass, including the new test.","timestamp":"2026-03-11T21:17:32.425907748Z"}
{"type":"log","step_name":"implement","timestamp":"2026-03-11T21:17:32.425926784Z"}
{"type":"log","step_name":"implement","message":"## Summary","timestamp":"2026-03-11T21:17:32.425930752Z"}
{"type":"log","step_name":"implement","timestamp":"2026-03-11T21:17:32.425934218Z"}
{"type":"log","step_name":"implement","message":"**Bug:** The prompt file accordions on the project detail page were showing git log entries (SHA, date, commit message) instead of the actual file contents.","timestamp":"2026-03-11T21:17:32.425937454Z"}
{"type":"log","step_name":"implement","timestamp":"2026-03-11T21:17:32.425944488Z"}
{"type":"log","step_name":"implement","message":"**Changes:**","timestamp":"2026-03-11T21:17:32.425947974Z"}
{"type":"log","step_name":"implement","timestamp":"2026-03-11T21:17:32.42595131Z"}
{"type":"log","step_name":"implement","message":"1. **`internal/adapters/web/handler.go`** — Added a `Content` field to the `promptFile` struct and populated it by reading the file from disk via `os.ReadFile()` in `handleAPIProjectInfo`.","timestamp":"2026-03-11T21:17:32.425956761Z"}
{"type":"log","step_name":"implement","timestamp":"2026-03-11T21:17:32.425962111Z"}
{"type":"log","step_name":"implement","message":"2. **`internal/adapters/web/templates/project_detail.html`** — Changed the accordion body to render the file contents in a `\u003cpre\u003e` block instead of iterating over git log history entries.","timestamp":"2026-03-11T21:17:32.425966259Z"}
{"type":"log","step_name":"implement","timestamp":"2026-03-11T21:17:32.425971749Z"}
{"type":"log","step_name":"implement","message":"3. **`internal/adapters/web/handler_test.go`** — Added `TestAPIProjectInfo_PromptFileContent` to verify the API returns actual file contents in the `content` field.","timestamp":"2026-03-11T21:17:32.425975897Z"}
{"type":"log","step_name":"implement","timestamp":"2026-03-11T21:17:32.425980756Z"}
{"type":"log","step_name":"implement","message":"CLOCHE_RESULT:success","timestamp":"2026-03-11T21:17:32.986691827Z"}
{"type":"step_completed","step_name":"implement","result":"success","timestamp":"2026-03-11T21:17:33.007556042Z"}
{"type":"step_started","step_name":"test","timestamp":"2026-03-11T21:17:33.011066941Z"}
{"type":"log","step_name":"test","message":"?   \tgithub.com/cloche-dev/cloche/api/clochepb\t[no test files]","timestamp":"2026-03-11T21:17:33.26153452Z"}
{"type":"log","step_name":"test","message":"ok  \tgithub.com/cloche-dev/cloche/cmd/cloche\t(cached)","timestamp":"2026-03-11T21:17:33.308362585Z"}
{"type":"log","step_name":"test","message":"?   \tgithub.com/cloche-dev/cloche/cmd/cloche-agent\t[no test files]","timestamp":"2026-03-11T21:17:33.308395527Z"}
{"type":"log","step_name":"test","message":"?   \tgithub.com/cloche-dev/cloche/cmd/cloched\t[no test files]","timestamp":"2026-03-11T21:17:33.355278335Z"}
{"type":"log","step_name":"test","message":"ok  \tgithub.com/cloche-dev/cloche/internal/adapters/agents/generic\t(cached)","timestamp":"2026-03-11T21:17:33.35550357Z"}
{"type":"log","step_name":"test","message":"ok  \tgithub.com/cloche-dev/cloche/internal/adapters/agents/prompt\t(cached)","timestamp":"2026-03-11T21:17:33.355568012Z"}
{"type":"log","step_name":"test","message":"ok  \tgithub.com/cloche-dev/cloche/internal/adapters/docker\t(cached)","timestamp":"2026-03-11T21:17:33.355589282Z"}
{"type":"log","step_name":"test","message":"ok  \tgithub.com/cloche-dev/cloche/internal/adapters/grpc\t(cached)","timestamp":"2026-03-11T21:17:33.3612902Z"}
{"type":"log","step_name":"test","message":"ok  \tgithub.com/cloche-dev/cloche/internal/adapters/local\t(cached)","timestamp":"2026-03-11T21:17:33.361326398Z"}
{"type":"log","step_name":"test","message":"ok  \tgithub.com/cloche-dev/cloche/internal/adapters/sqlite\t(cached)","timestamp":"2026-03-11T21:17:33.36144934Z"}
{"type":"log","step_name":"test","message":"ok  \tgithub.com/cloche-dev/cloche/internal/adapters/web\t(cached)","timestamp":"2026-03-11T21:17:33.36149174Z"}
{"type":"log","step_name":"test","message":"ok  \tgithub.com/cloche-dev/cloche/internal/agent\t(cached)","timestamp":"2026-03-11T21:17:33.361636162Z"}
{"type":"log","step_name":"test","message":"ok  \tgithub.com/cloche-dev/cloche/internal/config\t(cached)","timestamp":"2026-03-11T21:17:33.3616831Z"}
{"type":"log","step_name":"test","message":"ok  \tgithub.com/cloche-dev/cloche/internal/domain\t(cached)","timestamp":"2026-03-11T21:17:33.361698089Z"}
{"type":"log","step_name":"test","message":"ok  \tgithub.com/cloche-dev/cloche/internal/dsl\t(cached)","timestamp":"2026-03-11T21:17:33.36174647Z"}
{"type":"log","step_name":"test","message":"ok  \tgithub.com/cloche-dev/cloche/internal/engine\t(cached)","timestamp":"2026-03-11T21:17:33.361800602Z"}
{"type":"log","step_name":"test","message":"ok  \tgithub.com/cloche-dev/cloche/internal/evolution\t(cached)","timestamp":"2026-03-11T21:17:33.361811182Z"}
{"type":"log","step_name":"test","message":"ok  \tgithub.com/cloche-dev/cloche/internal/host\t(cached)","timestamp":"2026-03-11T21:17:33.361831059Z"}
{"type":"log","step_name":"test","message":"ok  \tgithub.com/cloche-dev/cloche/internal/logstream\t(cached)","timestamp":"2026-03-11T21:17:33.361853932Z"}
{"type":"log","step_name":"test","message":"?   \tgithub.com/cloche-dev/cloche/internal/ports\t[no test files]","timestamp":"2026-03-11T21:17:33.361858762Z"}
{"type":"log","step_name":"test","message":"ok  \tgithub.com/cloche-dev/cloche/internal/protocol\t(cached)","timestamp":"2026-03-11T21:17:33.361885332Z"}
{"type":"log","step_name":"test","message":"ok  \tgithub.com/cloche-dev/cloche/test/integration\t(cached)","timestamp":"2026-03-11T21:17:33.373681752Z"}
{"type":"step_completed","step_name":"test","result":"success","timestamp":"2026-03-11T21:17:33.420715545Z"}
{"type":"step_started","step_name":"update-docs","timestamp":"2026-03-11T21:17:33.425672069Z"}
{"type":"log","step_name":"update-docs","message":"Let me examine the current changes and documentation to determine if any docs need updating.","timestamp":"2026-03-11T21:17:42.811121229Z"}
{"type":"log","step_name":"update-docs","message":"--- Tool: Read('/workspace/internal/adapters/web/handler.go') ---","timestamp":"2026-03-11T21:17:43.340967351Z"}
{"type":"log","step_name":"update-docs","message":"--- Tool: Read('/workspace/internal/adapters/web/templates/project_detail...') ---","timestamp":"2026-03-11T21:17:43.638544546Z"}
{"type":"log","step_name":"update-docs","message":"Let me find the relevant API handler for project info that serves prompt file content.","timestamp":"2026-03-11T21:17:47.859301043Z"}
{"type":"log","step_name":"update-docs","message":"--- Tool: Grep('prompt_files|promptFiles|PromptFile') ---","timestamp":"2026-03-11T21:17:49.237035781Z"}
{"type":"log","step_name":"update-docs","message":"--- Tool: Bash('git diff HEAD internal/adapters/web/handler.go') ---","timestamp":"2026-03-11T21:17:49.883695491Z"}
{"type":"log","step_name":"update-docs","message":"Now let me check if any documentation references this feature or the project info API.","timestamp":"2026-03-11T21:17:55.8765983Z"}
{"type":"log","step_name":"update-docs","message":"--- Tool: Grep('prompt.file|prompt_file|project.info|project-info|project...') ---","timestamp":"2026-03-11T21:17:56.902602367Z"}
{"type":"log","step_name":"update-docs","message":"--- Tool: Glob('docs/**/*.md') ---","timestamp":"2026-03-11T21:17:57.001646013Z"}
{"type":"log","step_name":"update-docs","message":"--- Tool: Grep('prompt.file|prompt_file|accordion|project.info') ---","timestamp":"2026-03-11T21:18:01.416811765Z"}
{"type":"log","step_name":"update-docs","message":"--- Tool: Read('/workspace/docs/plans/2026-03-06-project-pages-design.md') ---","timestamp":"2026-03-11T21:18:03.860578699Z"}
{"type":"log","step_name":"update-docs","message":"The design doc's API response for `/api/projects/{name}/info` doesn't include the `content` field in `prompt_files`. The implementation now adds it. Let me update the doc.","timestamp":"2026-03-11T21:18:07.634099768Z"}
{"type":"log","step_name":"update-docs","message":"--- Tool: Edit('/workspace/docs/plans/2026-03-06-project-pages-design.md') ---","timestamp":"2026-03-11T21:18:10.052736523Z"}
{"type":"log","step_name":"update-docs","message":"--- Tool: Edit('/workspace/docs/plans/2026-03-06-project-pages-design.md') ---","timestamp":"2026-03-11T21:18:16.282367414Z"}
{"type":"log","step_name":"update-docs","message":"Now let me verify the edits are correct.","timestamp":"2026-03-11T21:18:18.366262536Z"}
{"type":"log","step_name":"update-docs","message":"--- Tool: Read('/workspace/docs/plans/2026-03-06-project-pages-design.md') ---","timestamp":"2026-03-11T21:18:19.109387643Z"}
{"type":"log","step_name":"update-docs","message":"Documentation updated. The design doc now reflects the implementation:","timestamp":"2026-03-11T21:18:24.025395306Z"}
{"type":"log","step_name":"update-docs","timestamp":"2026-03-11T21:18:24.025414863Z"}
{"type":"log","step_name":"update-docs","message":"1. **Display section**: Updated from \"Prompt file history\" to \"Prompt files\", noting the accordion shows current file contents alongside git history.","timestamp":"2026-03-11T21:18:24.02541887Z"}
{"type":"log","step_name":"update-docs","message":"2. **API response example**: Added the `content` field to the `prompt_files` JSON schema.","timestamp":"2026-03-11T21:18:24.02542417Z"}
{"type":"log","step_name":"update-docs","timestamp":"2026-03-11T21:18:24.02542915Z"}
{"type":"log","step_name":"update-docs","message":"No other documentation files reference this feature in a way that needs updating.","timestamp":"2026-03-11T21:18:24.025433508Z"}
{"type":"log","step_name":"update-docs","timestamp":"2026-03-11T21:18:24.025438237Z"}
{"type":"log","step_name":"update-docs","message":"CLOCHE_RESULT:success","timestamp":"2026-03-11T21:18:24.025441453Z"}
{"type":"log","step_name":"update-docs","message":"Documentation updated. The design doc now reflects the implementation:","timestamp":"2026-03-11T21:18:24.047459447Z"}
{"type":"log","step_name":"update-docs","timestamp":"2026-03-11T21:18:24.047475918Z"}
{"type":"log","step_name":"update-docs","message":"1. **Display section**: Updated from \"Prompt file history\" to \"Prompt files\", noting the accordion shows current file contents alongside git history.","timestamp":"2026-03-11T21:18:24.047480507Z"}
{"type":"log","step_name":"update-docs","message":"2. **API response example**: Added the `content` field to the `prompt_files` JSON schema.","timestamp":"2026-03-11T21:18:24.047485306Z"}
{"type":"log","step_name":"update-docs","timestamp":"2026-03-11T21:18:24.047489624Z"}
{"type":"log","step_name":"update-docs","message":"No other documentation files reference this feature in a way that needs updating.","timestamp":"2026-03-11T21:18:24.047493391Z"}
{"type":"log","step_name":"update-docs","timestamp":"2026-03-11T21:18:24.047497679Z"}
{"type":"log","step_name":"update-docs","message":"CLOCHE_RESULT:success","timestamp":"2026-03-11T21:18:24.402949609Z"}
{"type":"step_completed","step_name":"update-docs","result":"success","timestamp":"2026-03-11T21:18:24.42180504Z"}
{"type":"run_completed","result":"succeeded","timestamp":"2026-03-11T21:18:24.4283071Z"}
