{"type":"step_started","step_name":"implement","timestamp":"2026-03-09T19:57:19.354574008Z"}
{"type":"log","step_name":"implement","message":"All tests pass across the entire project. Here's a summary of what was done:","timestamp":"2026-03-09T19:59:54.570586402Z"}
{"type":"log","step_name":"implement","timestamp":"2026-03-09T19:59:54.570628221Z"}
{"type":"log","step_name":"implement","message":"**Changes made:**","timestamp":"2026-03-09T19:59:54.570631117Z"}
{"type":"log","step_name":"implement","timestamp":"2026-03-09T19:59:54.570633621Z"}
{"type":"log","step_name":"implement","message":"1. **`handler.go`** — Added `GET /projects/{name}/runs` route and `handleProjectRuns` handler that resolves a project label to its directory, fetches runs filtered by that project, and renders the runs template. Also added `ProjectFilterLabel` to both `handleRunsList` and `handleProjectRuns` template data.","timestamp":"2026-03-09T19:59:54.570635866Z"}
{"type":"log","step_name":"implement","timestamp":"2026-03-09T19:59:54.570649541Z"}
{"type":"log","step_name":"implement","message":"2. **`projects.html`** — Changed \"View Runs\" link from `/runs?project={{.Dir}}` to `/projects/{{.Label}}/runs`","timestamp":"2026-03-09T19:59:54.570651786Z"}
{"type":"log","step_name":"implement","timestamp":"2026-03-09T19:59:54.570656695Z"}
{"type":"log","step_name":"implement","message":"3. **`project_detail.html`** — Changed \"View all runs\" link from `/runs?project={{.Dir}}` to `/projects/{{.Label}}/runs`","timestamp":"2026-03-09T19:59:54.570658969Z"}
{"type":"log","step_name":"implement","timestamp":"2026-03-09T19:59:54.570663668Z"}
{"type":"log","step_name":"implement","message":"4. **`runs.html`** — Updated dropdown option values to use labels instead of dirs, and updated `filterByProject()` JS to navigate to `/projects/{label}/runs`","timestamp":"2026-03-09T19:59:54.570668227Z"}
{"type":"log","step_name":"implement","timestamp":"2026-03-09T19:59:54.570673286Z"}
{"type":"log","step_name":"implement","message":"5. **`handler_test.go`** — Added `TestProjectRuns` (verifies filtered results) and `TestProjectRuns_NotFound` (verifies 404 for unknown projects)","timestamp":"2026-03-09T19:59:54.570675711Z"}
{"type":"log","step_name":"implement","timestamp":"2026-03-09T19:59:54.570681011Z"}
{"type":"log","step_name":"implement","message":"**Backwards compatibility:** The old `/runs?project=...` URL still works via the existing `handleRunsList` handler.","timestamp":"2026-03-09T19:59:54.570683536Z"}
{"type":"log","step_name":"implement","timestamp":"2026-03-09T19:59:54.57069097Z"}
{"type":"log","step_name":"implement","message":"CLOCHE_RESULT:success","timestamp":"2026-03-09T19:59:54.828331071Z"}
{"type":"step_completed","step_name":"implement","result":"success","timestamp":"2026-03-09T19:59:54.834396489Z"}
{"type":"step_started","step_name":"test","timestamp":"2026-03-09T19:59:54.83442875Z"}
{"type":"step_completed","step_name":"test","result":"success","timestamp":"2026-03-09T19:59:55.186059797Z"}
{"type":"step_started","step_name":"update-docs","timestamp":"2026-03-09T19:59:55.186082931Z"}
{"type":"log","step_name":"update-docs","message":"All tests pass. The feature described in cloche-9lt is already fully implemented:","timestamp":"2026-03-09T20:00:21.543453064Z"}
{"type":"log","step_name":"update-docs","timestamp":"2026-03-09T20:00:21.543491326Z"}
{"type":"log","step_name":"update-docs","message":"- Route `GET /projects/{name}/runs` exists (handler.go:124)","timestamp":"2026-03-09T20:00:21.543496626Z"}
{"type":"log","step_name":"update-docs","message":"- Handler `handleProjectRuns` filters runs by project label (handler.go:808-860)","timestamp":"2026-03-09T20:00:21.543501365Z"}
{"type":"log","step_name":"update-docs","message":"- Templates link to `/projects/{{.Label}}/runs` (projects.html:27, project_detail.html:8)","timestamp":"2026-03-09T20:00:21.543505814Z"}
{"type":"log","step_name":"update-docs","message":"- The runs page JS `filterByProject` redirects to the new URL (runs.html:56)","timestamp":"2026-03-09T20:00:21.543510011Z"}
{"type":"log","step_name":"update-docs","message":"- The old `/runs?project=...` still works for backwards compatibility (handler.go:225-278)","timestamp":"2026-03-09T20:00:21.543514199Z"}
{"type":"log","step_name":"update-docs","message":"- Tests `TestProjectRuns` and `TestProjectRuns_NotFound` cover the new route (handler_test.go:298-323)","timestamp":"2026-03-09T20:00:21.543518487Z"}
{"type":"log","step_name":"update-docs","timestamp":"2026-03-09T20:00:21.543523267Z"}
{"type":"log","step_name":"update-docs","message":"CLOCHE_RESULT:success","timestamp":"2026-03-09T20:00:21.91639768Z"}
{"type":"step_completed","step_name":"update-docs","result":"success","timestamp":"2026-03-09T20:00:21.918035727Z"}
{"type":"run_completed","result":"succeeded","timestamp":"2026-03-09T20:00:21.918102123Z"}
