{"type":"run_title","message":"Task: Project runs URL should use clean path instead of query param","timestamp":"2026-03-13T17:35:09.404696093Z"}
{"type":"step_started","step_name":"implement","timestamp":"2026-03-13T17:35:09.405284023Z"}
{"type":"log","step_name":"implement","message":"--- Tool: Agent('Find all code related to project runs URLs. I need to und...') ---","timestamp":"2026-03-13T17:35:24.540760354Z"}
{"type":"log","step_name":"implement","message":"--- Tool: Grep('runs\\?project') ---","timestamp":"2026-03-13T17:35:26.20424762Z"}
{"type":"log","step_name":"implement","message":"--- Tool: Grep('project.*query|query.*project') ---","timestamp":"2026-03-13T17:35:26.447506446Z"}
{"type":"log","step_name":"implement","message":"--- Tool: Grep('runs.*Handler|HandleFunc.*runs') ---","timestamp":"2026-03-13T17:35:26.673924222Z"}
{"type":"log","step_name":"implement","message":"--- Tool: Grep('Route|Mux|Router|Handler') ---","timestamp":"2026-03-13T17:35:27.108107524Z"}
{"type":"log","step_name":"implement","message":"--- Tool: Glob('**/*.html') ---","timestamp":"2026-03-13T17:35:27.402192584Z"}
{"type":"log","step_name":"implement","message":"--- Tool: Glob('**/*.js') ---","timestamp":"2026-03-13T17:35:27.420740728Z"}
{"type":"log","step_name":"implement","message":"--- Tool: Read('/workspace/internal/adapters/web/handler.go') ---","timestamp":"2026-03-13T17:35:28.457728233Z"}
{"type":"log","step_name":"implement","message":"--- Tool: Read('/workspace/internal/adapters/web/templates/runs.html') ---","timestamp":"2026-03-13T17:35:28.65824422Z"}
{"type":"log","step_name":"implement","message":"--- Tool: Read('/workspace/docs/plans/2026-03-06-project-pages-design.md') ---","timestamp":"2026-03-13T17:35:28.770621839Z"}
{"type":"log","step_name":"implement","message":"--- Tool: Bash('wc -l /workspace/internal/adapters/web/handler.go') ---","timestamp":"2026-03-13T17:35:30.802483575Z"}
{"type":"log","step_name":"implement","message":"--- Tool: Read('/workspace/internal/adapters/web/handler.go') ---","timestamp":"2026-03-13T17:35:31.952711294Z"}
{"type":"log","step_name":"implement","message":"--- Tool: Bash('grep -n \"handleAPI\" /workspace/internal/adapters/web/hand...') ---","timestamp":"2026-03-13T17:35:33.369992843Z"}
{"type":"log","step_name":"implement","message":"--- Tool: Read('/workspace/internal/adapters/web/handler.go') ---","timestamp":"2026-03-13T17:35:34.492339951Z"}
{"type":"log","step_name":"implement","message":"--- Tool: Read('/workspace/internal/adapters/web/handler_test.go') ---","timestamp":"2026-03-13T17:35:36.495590289Z"}
{"type":"log","step_name":"implement","message":"--- Tool: Bash('grep -n \"project\" /workspace/internal/adapters/web/handle...') ---","timestamp":"2026-03-13T17:35:38.297087104Z"}
{"type":"log","step_name":"implement","message":"--- Tool: Read('/workspace/internal/adapters/web/handler_test.go') ---","timestamp":"2026-03-13T17:35:39.482046568Z"}
{"type":"log","step_name":"implement","message":"--- Tool: Read('/workspace/internal/adapters/web/templates/projects.html') ---","timestamp":"2026-03-13T17:35:40.719321561Z"}
{"type":"log","step_name":"implement","message":"--- Tool: Read('/workspace/internal/adapters/web/templates/project_detail...') ---","timestamp":"2026-03-13T17:35:41.742625638Z"}
{"type":"log","step_name":"implement","message":"--- Tool: Bash('grep -n \"projectLabels\\|projectLabel\\|ProjectLabel\" /work...') ---","timestamp":"2026-03-13T17:35:43.439047896Z"}
{"type":"log","step_name":"implement","message":"--- Tool: Read('/workspace/internal/adapters/web/handler.go') ---","timestamp":"2026-03-13T17:35:44.517695902Z"}
{"type":"log","step_name":"implement","message":"--- Tool: Bash('grep -n \"resolveProjectDir\" /workspace/internal/adapters/...') ---","timestamp":"2026-03-13T17:35:47.431346697Z"}
{"type":"log","step_name":"implement","message":"--- Tool: Read('/workspace/internal/adapters/web/handler.go') ---","timestamp":"2026-03-13T17:35:48.62627954Z"}
{"type":"log","step_name":"implement","message":"--- Tool: Read('/workspace/internal/adapters/web/templates/layout.html') ---","timestamp":"2026-03-13T17:35:49.747685985Z"}
{"type":"log","step_name":"implement","message":"--- Tool: Read('/workspace/internal/adapters/web/templates/run_detail.html') ---","timestamp":"2026-03-13T17:35:51.207902436Z"}
{"type":"log","step_name":"implement","message":"--- Tool: Bash('find /workspace -type f \\( -name \"*.go\" -o -name \"*.md\" -...') ---","timestamp":"2026-03-13T17:35:53.145860688Z"}
{"type":"log","step_name":"implement","message":"--- Tool: Read('/workspace/internal/adapters/web/handler.go') ---","timestamp":"2026-03-13T17:35:54.525586907Z"}
{"type":"log","step_name":"implement","message":"--- Tool: Read('/workspace/internal/adapters/web/handler.go') ---","timestamp":"2026-03-13T17:35:56.135279825Z"}
{"type":"log","step_name":"implement","message":"--- Tool: Bash('grep -n \"apiGroupedEntry\\|groupAndSortRuns\" /workspace/in...') ---","timestamp":"2026-03-13T17:35:57.980415995Z"}
{"type":"log","step_name":"implement","message":"--- Tool: Read('/workspace/internal/adapters/web/handler.go') ---","timestamp":"2026-03-13T17:35:59.094656553Z"}
{"type":"log","step_name":"implement","message":"--- Tool: Bash('grep -n \"type apiRun struct\" /workspace/internal/adapters...') ---","timestamp":"2026-03-13T17:36:01.058635743Z"}
{"type":"log","step_name":"implement","message":"--- Tool: Read('/workspace/internal/adapters/web/handler.go') ---","timestamp":"2026-03-13T17:36:02.201631322Z"}
{"type":"log","step_name":"implement","message":"Let me read the key files to understand the exact implementation.","timestamp":"2026-03-13T17:36:28.463682764Z"}
{"type":"log","step_name":"implement","message":"--- Tool: Read('/workspace/internal/adapters/web/handler.go') ---","timestamp":"2026-03-13T17:36:29.000425891Z"}
{"type":"log","step_name":"implement","message":"--- Tool: Read('/workspace/internal/adapters/web/handler.go') ---","timestamp":"2026-03-13T17:36:29.487226681Z"}
{"type":"log","step_name":"implement","message":"--- Tool: Read('/workspace/internal/adapters/web/handler.go') ---","timestamp":"2026-03-13T17:36:30.121861041Z"}
{"type":"log","step_name":"implement","message":"--- Tool: Read('/workspace/internal/adapters/web/templates/runs.html') ---","timestamp":"2026-03-13T17:36:30.798370207Z"}
{"type":"log","step_name":"implement","message":"--- Tool: Read('/workspace/internal/adapters/web/templates/projects.html') ---","timestamp":"2026-03-13T17:36:31.382445226Z"}
{"type":"log","step_name":"implement","message":"--- Tool: Read('/workspace/internal/adapters/web/templates/project_detail...') ---","timestamp":"2026-03-13T17:36:31.685926896Z"}
{"type":"log","step_name":"implement","message":"Now let me check `resolveProjectDir` and the tests.","timestamp":"2026-03-13T17:36:35.667056847Z"}
{"type":"log","step_name":"implement","message":"--- Tool: Grep('func \\(h \\*Handler\\) resolveProjectDir') ---","timestamp":"2026-03-13T17:36:37.089499186Z"}
{"type":"log","step_name":"implement","message":"--- Tool: Read('/workspace/internal/adapters/web/handler_test.go') ---","timestamp":"2026-03-13T17:36:38.68130738Z"}
{"type":"log","step_name":"implement","message":"Now let me check for any other references to the query param pattern across the codebase.","timestamp":"2026-03-13T17:37:19.817606761Z"}
{"type":"log","step_name":"implement","message":"--- Tool: Grep('runs\\?project') ---","timestamp":"2026-03-13T17:37:20.657305026Z"}
{"type":"log","step_name":"implement","message":"--- Tool: Grep('ProjectFilter') ---","timestamp":"2026-03-13T17:37:20.771483011Z"}
{"type":"log","step_name":"implement","message":"--- Tool: ToolSearch ---","timestamp":"2026-03-13T17:37:23.350356551Z"}
{"type":"log","step_name":"implement","message":"--- Tool: TodoWrite ---","timestamp":"2026-03-13T17:37:28.499882308Z"}
{"type":"log","step_name":"implement","message":"Let me read the full `handleRunsList` context to understand the template data structure better.","timestamp":"2026-03-13T17:37:31.349649041Z"}
{"type":"log","step_name":"implement","message":"--- Tool: Read('/workspace/internal/adapters/web/handler.go') ---","timestamp":"2026-03-13T17:37:31.97215695Z"}
{"type":"log","step_name":"implement","message":"Now let me implement the changes. First, I'll update `handleProjectRuns` to render the runs page directly and add the backward compat redirect in `handleRunsList`.","timestamp":"2026-03-13T17:37:34.883954485Z"}
{"type":"log","step_name":"implement","message":"--- Tool: Edit('/workspace/internal/adapters/web/handler.go') ---","timestamp":"2026-03-13T17:37:37.175385772Z"}
{"type":"log","step_name":"implement","message":"Now refactor `handleRunsList` to redirect when `?project=` is provided, and extract common logic into `renderRunsList`.","timestamp":"2026-03-13T17:37:39.996273086Z"}
{"type":"log","step_name":"implement","message":"--- Tool: Edit('/workspace/internal/adapters/web/handler.go') ---","timestamp":"2026-03-13T17:37:54.774352655Z"}
{"type":"log","step_name":"implement","message":"--- Tool: TodoWrite ---","timestamp":"2026-03-13T17:37:58.889258882Z"}
{"type":"log","step_name":"implement","message":"Now add the `/api/projects/{name}/runs` endpoint. First, let me add the route registration and update the API handler.","timestamp":"2026-03-13T17:38:01.425349729Z"}
{"type":"log","step_name":"implement","message":"--- Tool: Edit('/workspace/internal/adapters/web/handler.go') ---","timestamp":"2026-03-13T17:38:02.777445638Z"}
{"type":"log","step_name":"implement","message":"Now update `handleAPIRuns` to redirect when `?project=` is provided, and add `handleAPIProjectRuns`.","timestamp":"2026-03-13T17:38:05.606877098Z"}
{"type":"log","step_name":"implement","message":"--- Tool: Edit('/workspace/internal/adapters/web/handler.go') ---","timestamp":"2026-03-13T17:38:11.748307168Z"}
{"type":"log","step_name":"implement","message":"--- Tool: TodoWrite ---","timestamp":"2026-03-13T17:38:15.672470088Z"}
{"type":"log","step_name":"implement","message":"Now update the `runs.html` template to use clean URLs. I need to:","timestamp":"2026-03-13T17:38:20.095284453Z"}
{"type":"log","step_name":"implement","message":"1. Add a `dirToLabel` JS map for looking up project labels from dir paths","timestamp":"2026-03-13T17:38:20.095306435Z"}
{"type":"log","step_name":"implement","message":"2. Change `filterByProject` to navigate to `/projects/\u003clabel\u003e/runs`","timestamp":"2026-03-13T17:38:20.095310983Z"}
{"type":"log","step_name":"implement","message":"3. Change the API polling URL to use `/api/projects/\u003clabel\u003e/runs`","timestamp":"2026-03-13T17:38:20.095315021Z"}
{"type":"log","step_name":"implement","message":"--- Tool: Edit('/workspace/internal/adapters/web/templates/runs.html') ---","timestamp":"2026-03-13T17:38:28.56034006Z"}
{"type":"log","step_name":"implement","message":"Now I need to add the `jsonMap` template function. Let me find where template functions are registered.","timestamp":"2026-03-13T17:38:31.372734733Z"}
{"type":"log","step_name":"implement","message":"--- Tool: Grep('template\\.FuncMap|funcMap|FuncMap') ---","timestamp":"2026-03-13T17:38:32.668279347Z"}
{"type":"log","step_name":"implement","message":"--- Tool: Read('/workspace/internal/adapters/web/handler.go') ---","timestamp":"2026-03-13T17:38:35.676403055Z"}
{"type":"log","step_name":"implement","message":"--- Tool: Edit('/workspace/internal/adapters/web/handler.go') ---","timestamp":"2026-03-13T17:38:39.739470943Z"}
{"type":"log","step_name":"implement","message":"Now I need to add the `jsonMap` function. Let me find where the other template helper functions are defined.","timestamp":"2026-03-13T17:38:42.062973154Z"}
{"type":"log","step_name":"implement","message":"--- Tool: Grep('func shortContainerID') ---","timestamp":"2026-03-13T17:38:42.703612442Z"}
{"type":"log","step_name":"implement","message":"--- Tool: Edit('/workspace/internal/adapters/web/handler.go') ---","timestamp":"2026-03-13T17:38:46.663273862Z"}
{"type":"log","step_name":"implement","message":"--- Tool: TodoWrite ---","timestamp":"2026-03-13T17:38:50.634481453Z"}
{"type":"log","step_name":"implement","message":"Now let me update the tests. The existing tests use `/runs?project=` and `/api/runs?project=` which should now redirect. I need to update them to test the new clean URL pattern and the redirects.","timestamp":"2026-03-13T17:38:54.195755505Z"}
{"type":"log","step_name":"implement","message":"--- Tool: Read('/workspace/internal/adapters/web/handler_test.go') ---","timestamp":"2026-03-13T17:38:54.521104922Z"}
{"type":"log","step_name":"implement","message":"--- Tool: Read('/workspace/internal/adapters/web/handler_test.go') ---","timestamp":"2026-03-13T17:38:57.446064Z"}
{"type":"log","step_name":"implement","message":"Now let me update the test for `TestRunsList_ProjectFilter` to test both the redirect and the clean URL:","timestamp":"2026-03-13T17:39:00.821957819Z"}
{"type":"log","step_name":"implement","message":"--- Tool: Edit('/workspace/internal/adapters/web/handler_test.go') ---","timestamp":"2026-03-13T17:39:10.745207934Z"}
{"type":"log","step_name":"implement","message":"Now update the API test similarly:","timestamp":"2026-03-13T17:39:13.300069496Z"}
{"type":"log","step_name":"implement","message":"--- Tool: Edit('/workspace/internal/adapters/web/handler_test.go') ---","timestamp":"2026-03-13T17:39:22.836593621Z"}
{"type":"log","step_name":"implement","message":"--- Tool: TodoWrite ---","timestamp":"2026-03-13T17:39:27.432052533Z"}
{"type":"log","step_name":"implement","message":"--- Tool: Bash('go test ./... 2\u003e\u00261') ---","timestamp":"2026-03-13T17:39:30.35581043Z"}
{"type":"log","step_name":"implement","message":"All tests pass. Let me verify the key changes are correct by reviewing the final state.","timestamp":"2026-03-13T17:40:13.910483285Z"}
{"type":"log","step_name":"implement","message":"--- Tool: TodoWrite ---","timestamp":"2026-03-13T17:40:15.667671935Z"}
{"type":"log","step_name":"implement","message":"All tests pass. Here's a summary of the changes:","timestamp":"2026-03-13T17:40:25.219218658Z"}
{"type":"log","step_name":"implement","timestamp":"2026-03-13T17:40:25.219258413Z"}
{"type":"log","step_name":"implement","message":"**handler.go:**","timestamp":"2026-03-13T17:40:25.219262782Z"}
{"type":"log","step_name":"implement","message":"- `handleProjectRuns` now renders the runs page directly at `/projects/{name}/runs` instead of redirecting to `/runs?project=`","timestamp":"2026-03-13T17:40:25.219266318Z"}
{"type":"log","step_name":"implement","message":"- `handleRunsList` redirects legacy `/runs?project=\u003cdir\u003e` URLs to `/projects/\u003clabel\u003e/runs`","timestamp":"2026-03-13T17:40:25.219270777Z"}
{"type":"log","step_name":"implement","message":"- New `renderRunsList` helper extracts shared rendering logic","timestamp":"2026-03-13T17:40:25.219275405Z"}
{"type":"log","step_name":"implement","message":"- New `handleAPIProjectRuns` serves `/api/projects/{name}/runs`  ","timestamp":"2026-03-13T17:40:25.219279163Z"}
{"type":"log","step_name":"implement","message":"- `handleAPIRuns` redirects legacy `/api/runs?project=\u003cdir\u003e` to `/api/projects/\u003clabel\u003e/runs`","timestamp":"2026-03-13T17:40:25.21928326Z"}
{"type":"log","step_name":"implement","message":"- New `renderAPIRuns` helper extracts shared API logic","timestamp":"2026-03-13T17:40:25.219287598Z"}
{"type":"log","step_name":"implement","message":"- Added `jsonMap` template function to serialize dir-to-label mapping for JS","timestamp":"2026-03-13T17:40:25.219291576Z"}
{"type":"log","step_name":"implement","message":"- Registered the new `/api/projects/{name}/runs` route","timestamp":"2026-03-13T17:40:25.219295744Z"}
{"type":"log","step_name":"implement","timestamp":"2026-03-13T17:40:25.219299631Z"}
{"type":"log","step_name":"implement","message":"**runs.html:**","timestamp":"2026-03-13T17:40:25.219302917Z"}
{"type":"log","step_name":"implement","message":"- `filterByProject()` now navigates to `/projects/\u003clabel\u003e/runs` clean URLs","timestamp":"2026-03-13T17:40:25.219306224Z"}
{"type":"log","step_name":"implement","message":"- API polling uses `/api/projects/\u003clabel\u003e/runs` instead of query params","timestamp":"2026-03-13T17:40:25.219310241Z"}
{"type":"log","step_name":"implement","message":"- Added `dirToLabel` JS map for dir→label lookup","timestamp":"2026-03-13T17:40:25.219313968Z"}
{"type":"log","step_name":"implement","timestamp":"2026-03-13T17:40:25.219318727Z"}
{"type":"log","step_name":"implement","message":"**handler_test.go:**","timestamp":"2026-03-13T17:40:25.219322013Z"}
{"type":"log","step_name":"implement","message":"- `TestRunsList_ProjectFilter` tests clean URL rendering and legacy redirect","timestamp":"2026-03-13T17:40:25.219325901Z"}
{"type":"log","step_name":"implement","message":"- `TestAPIRuns_ProjectFilter` tests clean API URL and legacy redirect","timestamp":"2026-03-13T17:40:25.219329748Z"}
{"type":"log","step_name":"implement","timestamp":"2026-03-13T17:40:25.219333505Z"}
{"type":"log","step_name":"implement","message":"CLOCHE_RESULT:success","timestamp":"2026-03-13T17:40:25.219336691Z"}
{"type":"log","step_name":"implement","message":"All tests pass. Here's a summary of the changes:","timestamp":"2026-03-13T17:40:25.301215667Z"}
{"type":"log","step_name":"implement","timestamp":"2026-03-13T17:40:25.301233611Z"}
{"type":"log","step_name":"implement","message":"**handler.go:**","timestamp":"2026-03-13T17:40:25.301237508Z"}
{"type":"log","step_name":"implement","message":"- `handleProjectRuns` now renders the runs page directly at `/projects/{name}/runs` instead of redirecting to `/runs?project=`","timestamp":"2026-03-13T17:40:25.301241065Z"}
{"type":"log","step_name":"implement","message":"- `handleRunsList` redirects legacy `/runs?project=\u003cdir\u003e` URLs to `/projects/\u003clabel\u003e/runs`","timestamp":"2026-03-13T17:40:25.301244882Z"}
{"type":"log","step_name":"implement","message":"- New `renderRunsList` helper extracts shared rendering logic","timestamp":"2026-03-13T17:40:25.301249281Z"}
{"type":"log","step_name":"implement","message":"- New `handleAPIProjectRuns` serves `/api/projects/{name}/runs`  ","timestamp":"2026-03-13T17:40:25.301256484Z"}
{"type":"log","step_name":"implement","message":"- `handleAPIRuns` redirects legacy `/api/runs?project=\u003cdir\u003e` to `/api/projects/\u003clabel\u003e/runs`","timestamp":"2026-03-13T17:40:25.301260322Z"}
{"type":"log","step_name":"implement","message":"- New `renderAPIRuns` helper extracts shared API logic","timestamp":"2026-03-13T17:40:25.301264199Z"}
{"type":"log","step_name":"implement","message":"- Added `jsonMap` template function to serialize dir-to-label mapping for JS","timestamp":"2026-03-13T17:40:25.301267615Z"}
{"type":"log","step_name":"implement","message":"- Registered the new `/api/projects/{name}/runs` route","timestamp":"2026-03-13T17:40:25.301271162Z"}
{"type":"log","step_name":"implement","timestamp":"2026-03-13T17:40:25.301274619Z"}
{"type":"log","step_name":"implement","message":"**runs.html:**","timestamp":"2026-03-13T17:40:25.301277855Z"}
{"type":"log","step_name":"implement","message":"- `filterByProject()` now navigates to `/projects/\u003clabel\u003e/runs` clean URLs","timestamp":"2026-03-13T17:40:25.301281151Z"}
{"type":"log","step_name":"implement","message":"- API polling uses `/api/projects/\u003clabel\u003e/runs` instead of query params","timestamp":"2026-03-13T17:40:25.301284938Z"}
{"type":"log","step_name":"implement","message":"- Added `dirToLabel` JS map for dir→label lookup","timestamp":"2026-03-13T17:40:25.301288585Z"}
{"type":"log","step_name":"implement","timestamp":"2026-03-13T17:40:25.301292382Z"}
{"type":"log","step_name":"implement","message":"**handler_test.go:**","timestamp":"2026-03-13T17:40:25.301295618Z"}
{"type":"log","step_name":"implement","message":"- `TestRunsList_ProjectFilter` tests clean URL rendering and legacy redirect","timestamp":"2026-03-13T17:40:25.301299115Z"}
{"type":"log","step_name":"implement","message":"- `TestAPIRuns_ProjectFilter` tests clean API URL and legacy redirect","timestamp":"2026-03-13T17:40:25.301302611Z"}
{"type":"log","step_name":"implement","timestamp":"2026-03-13T17:40:25.301306158Z"}
{"type":"log","step_name":"implement","message":"CLOCHE_RESULT:success","timestamp":"2026-03-13T17:40:25.63668918Z"}
{"type":"step_completed","step_name":"implement","result":"success","timestamp":"2026-03-13T17:40:25.743814657Z"}
{"type":"step_started","step_name":"test","timestamp":"2026-03-13T17:40:25.74695102Z"}
{"type":"log","step_name":"test","message":"?   \tgithub.com/cloche-dev/cloche/api/clochepb\t[no test files]","timestamp":"2026-03-13T17:40:26.036894586Z"}
{"type":"log","step_name":"test","message":"ok  \tgithub.com/cloche-dev/cloche/cmd/cloche\t0.017s","timestamp":"2026-03-13T17:40:26.332510755Z"}
{"type":"log","step_name":"test","message":"?   \tgithub.com/cloche-dev/cloche/cmd/cloche-agent\t[no test files]","timestamp":"2026-03-13T17:40:26.332533378Z"}
{"type":"log","step_name":"test","message":"?   \tgithub.com/cloche-dev/cloche/cmd/cloched\t[no test files]","timestamp":"2026-03-13T17:40:26.332535812Z"}
{"type":"log","step_name":"test","message":"ok  \tgithub.com/cloche-dev/cloche/internal/adapters/agents/generic\t(cached)","timestamp":"2026-03-13T17:40:26.332539059Z"}
{"type":"log","step_name":"test","message":"ok  \tgithub.com/cloche-dev/cloche/internal/adapters/agents/prompt\t(cached)","timestamp":"2026-03-13T17:40:26.332542996Z"}
{"type":"log","step_name":"test","message":"ok  \tgithub.com/cloche-dev/cloche/internal/adapters/docker\t(cached)","timestamp":"2026-03-13T17:40:26.33254495Z"}
{"type":"log","step_name":"test","message":"ok  \tgithub.com/cloche-dev/cloche/internal/adapters/grpc\t(cached)","timestamp":"2026-03-13T17:40:26.332547685Z"}
{"type":"log","step_name":"test","message":"ok  \tgithub.com/cloche-dev/cloche/internal/adapters/local\t(cached)","timestamp":"2026-03-13T17:40:26.332549659Z"}
{"type":"log","step_name":"test","message":"ok  \tgithub.com/cloche-dev/cloche/internal/adapters/sqlite\t(cached)","timestamp":"2026-03-13T17:40:26.332551502Z"}
{"type":"log","step_name":"test","message":"ok  \tgithub.com/cloche-dev/cloche/internal/adapters/web\t(cached)","timestamp":"2026-03-13T17:40:26.332553315Z"}
{"type":"log","step_name":"test","message":"ok  \tgithub.com/cloche-dev/cloche/internal/agent\t(cached)","timestamp":"2026-03-13T17:40:26.332555139Z"}
{"type":"log","step_name":"test","message":"ok  \tgithub.com/cloche-dev/cloche/internal/config\t(cached)","timestamp":"2026-03-13T17:40:26.332571881Z"}
{"type":"log","step_name":"test","message":"ok  \tgithub.com/cloche-dev/cloche/internal/domain\t(cached)","timestamp":"2026-03-13T17:40:26.332573964Z"}
{"type":"log","step_name":"test","message":"ok  \tgithub.com/cloche-dev/cloche/internal/dsl\t(cached)","timestamp":"2026-03-13T17:40:26.332577411Z"}
{"type":"log","step_name":"test","message":"ok  \tgithub.com/cloche-dev/cloche/internal/engine\t(cached)","timestamp":"2026-03-13T17:40:26.332579295Z"}
{"type":"log","step_name":"test","message":"ok  \tgithub.com/cloche-dev/cloche/internal/evolution\t(cached)","timestamp":"2026-03-13T17:40:26.332582691Z"}
{"type":"log","step_name":"test","message":"ok  \tgithub.com/cloche-dev/cloche/internal/host\t(cached)","timestamp":"2026-03-13T17:40:26.352783152Z"}
{"type":"log","step_name":"test","message":"ok  \tgithub.com/cloche-dev/cloche/internal/logstream\t(cached)","timestamp":"2026-03-13T17:40:26.352851701Z"}
{"type":"log","step_name":"test","message":"?   \tgithub.com/cloche-dev/cloche/internal/ports\t[no test files]","timestamp":"2026-03-13T17:40:26.352855659Z"}
{"type":"log","step_name":"test","message":"ok  \tgithub.com/cloche-dev/cloche/internal/protocol\t(cached)","timestamp":"2026-03-13T17:40:26.352869665Z"}
{"type":"log","step_name":"test","message":"ok  \tgithub.com/cloche-dev/cloche/internal/runcontext\t(cached)","timestamp":"2026-03-13T17:40:26.35287233Z"}
{"type":"log","step_name":"test","message":"ok  \tgithub.com/cloche-dev/cloche/test/integration\t(cached)","timestamp":"2026-03-13T17:40:26.352921453Z"}
{"type":"step_completed","step_name":"test","result":"success","timestamp":"2026-03-13T17:40:26.385934892Z"}
{"type":"step_started","step_name":"update-docs","timestamp":"2026-03-13T17:40:26.388855277Z"}
{"type":"log","step_name":"update-docs","message":"--- Tool: Read('/workspace/internal/adapters/web/handler.go') ---","timestamp":"2026-03-13T17:40:33.065475576Z"}
{"type":"log","step_name":"update-docs","message":"--- Tool: Glob('docs/**/*.md') ---","timestamp":"2026-03-13T17:40:33.394066913Z"}
{"type":"log","step_name":"update-docs","message":"--- Tool: Grep('runs\\?project|project=|/runs\\?|project_path|projects/.*runs') ---","timestamp":"2026-03-13T17:40:37.895858146Z"}
{"type":"log","step_name":"update-docs","message":"--- Tool: Grep('runs\\?project|project=|/runs\\?|projects/.*/runs') ---","timestamp":"2026-03-13T17:40:38.800839669Z"}
{"type":"log","step_name":"update-docs","message":"Found the relevant doc. Let me read the design doc that references the old URL pattern.","timestamp":"2026-03-13T17:40:41.239047792Z"}
{"type":"log","step_name":"update-docs","message":"--- Tool: Read('/workspace/docs/plans/2026-03-06-project-pages-design.md') ---","timestamp":"2026-03-13T17:40:41.619776809Z"}
{"type":"log","step_name":"update-docs","message":"The doc at line 31 references the old URL pattern `/runs?project=X`. The source code now uses `/projects/{name}/runs` as the clean URL. Let me update that line.","timestamp":"2026-03-13T17:40:45.508491839Z"}
{"type":"log","step_name":"update-docs","message":"--- Tool: Edit('/workspace/docs/plans/2026-03-06-project-pages-design.md') ---","timestamp":"2026-03-13T17:40:48.33186316Z"}
{"type":"log","step_name":"update-docs","message":"Let me verify the edit and check for any other docs referencing the old pattern.","timestamp":"2026-03-13T17:40:51.209648664Z"}
{"type":"log","step_name":"update-docs","message":"--- Tool: Read('/workspace/docs/plans/2026-03-06-project-pages-design.md') ---","timestamp":"2026-03-13T17:40:52.103886535Z"}
{"type":"log","step_name":"update-docs","message":"--- Tool: Grep('runs\\?project|/runs\\?') ---","timestamp":"2026-03-13T17:40:52.828368683Z"}
{"type":"log","step_name":"update-docs","message":"No more references to the old URL pattern in docs. The only documentation that referenced `/runs?project=X` was `docs/plans/2026-03-06-project-pages-design.md` at line 31, and it's now updated to reflect the clean `/projects/{name}/runs` URL path.","timestamp":"2026-03-13T17:40:56.931226812Z"}
{"type":"log","step_name":"update-docs","timestamp":"2026-03-13T17:40:56.931246819Z"}
{"type":"log","step_name":"update-docs","message":"CLOCHE_RESULT:success","timestamp":"2026-03-13T17:40:56.931250707Z"}
{"type":"log","step_name":"update-docs","message":"No more references to the old URL pattern in docs. The only documentation that referenced `/runs?project=X` was `docs/plans/2026-03-06-project-pages-design.md` at line 31, and it's now updated to reflect the clean `/projects/{name}/runs` URL path.","timestamp":"2026-03-13T17:40:56.955800963Z"}
{"type":"log","step_name":"update-docs","timestamp":"2026-03-13T17:40:56.955812936Z"}
{"type":"log","step_name":"update-docs","message":"CLOCHE_RESULT:success","timestamp":"2026-03-13T17:40:57.317278577Z"}
{"type":"step_completed","step_name":"update-docs","result":"success","timestamp":"2026-03-13T17:40:57.336582254Z"}
{"type":"run_completed","result":"succeeded","timestamp":"2026-03-13T17:40:57.343063013Z"}
