{"type":"step_started","step_name":"implement","timestamp":"2026-03-09T15:20:04.993737177Z"}
{"type":"log","step_name":"implement","message":"Build succeeds. Here's a summary of the fix:","timestamp":"2026-03-09T15:22:14.794915987Z"}
{"type":"log","step_name":"implement","timestamp":"2026-03-09T15:22:14.79494946Z"}
{"type":"log","step_name":"implement","message":"**Root cause:** Two bugs in `handleAPIStepContent`:","timestamp":"2026-03-09T15:22:14.794952265Z"}
{"type":"log","step_name":"implement","timestamp":"2026-03-09T15:22:14.794957826Z"}
{"type":"log","step_name":"implement","message":"1. **`file(...)` wrapper not unwrapped** — The DSL parser stores prompt values as `file(\".cloche/prompts/implement.md\")` (literal string with the `file()` wrapper). The handler tried to use this directly as a file path, so `os.ReadFile` failed.","timestamp":"2026-03-09T15:22:14.79496022Z"}
{"type":"log","step_name":"implement","timestamp":"2026-03-09T15:22:14.79497061Z"}
{"type":"log","step_name":"implement","message":"2. **Wrong config key names** — The handler checked for `command` and `script` config keys, but the DSL uses `run` for script steps.","timestamp":"2026-03-09T15:22:14.794972474Z"}
{"type":"log","step_name":"implement","timestamp":"2026-03-09T15:22:14.794979787Z"}
{"type":"log","step_name":"implement","message":"**Changes:**","timestamp":"2026-03-09T15:22:14.794981591Z"}
{"type":"log","step_name":"implement","message":"- `handler.go`: Added `extractFilePath()` helper to unwrap `file(\"...\")` references. Changed the handler to check for `run` config key and use `extractFilePath` on both `prompt` and `run` values.","timestamp":"2026-03-09T15:22:14.794983444Z"}
{"type":"log","step_name":"implement","message":"- `project_detail.html`: Updated the drawer to display the `run` config key (instead of `command`/`script`) and unwrap `file(...)` for cleaner display.","timestamp":"2026-03-09T15:22:14.794987813Z"}
{"type":"log","step_name":"implement","timestamp":"2026-03-09T15:22:14.794992171Z"}
{"type":"log","step_name":"implement","message":"CLOCHE_RESULT:success","timestamp":"2026-03-09T15:22:15.098024389Z"}
{"type":"step_completed","step_name":"implement","result":"success","timestamp":"2026-03-09T15:22:15.101393655Z"}
{"type":"step_started","step_name":"test","timestamp":"2026-03-09T15:22:15.10142798Z"}
{"type":"step_completed","step_name":"test","result":"success","timestamp":"2026-03-09T15:22:25.855723657Z"}
{"type":"step_started","step_name":"update-docs","timestamp":"2026-03-09T15:22:25.855748965Z"}
{"type":"log","step_name":"update-docs","message":"All tests pass. Let me verify the fix is complete by reviewing the summary of changes:","timestamp":"2026-03-09T15:31:25.339311029Z"}
{"type":"log","step_name":"update-docs","timestamp":"2026-03-09T15:31:25.339353039Z"}
{"type":"log","step_name":"update-docs","message":"**Bug**: The `handleAPIStepContent` handler passed the raw DSL config value (e.g., `file(\".cloche/prompts/implement.md\")`) directly to `os.ReadFile` instead of extracting the inner path first. This caused every file read to fail silently, resulting in the drawer showing the filename but never loading the content.","timestamp":"2026-03-09T15:31:25.339357778Z"}
{"type":"log","step_name":"update-docs","timestamp":"2026-03-09T15:31:25.33936418Z"}
{"type":"log","step_name":"update-docs","message":"**Fix applied** (already in working tree):","timestamp":"2026-03-09T15:31:25.339367706Z"}
{"type":"log","step_name":"update-docs","timestamp":"2026-03-09T15:31:25.339371183Z"}
{"type":"log","step_name":"update-docs","message":"1. **`handler.go`**: Added `extractFilePath()` function that unwraps `file(\"...\")` DSL references. Updated `handleAPIStepContent` to use it before reading files. Also updated config key names from `command`/`script` to `run` to match the current DSL.","timestamp":"2026-03-09T15:31:25.339374399Z"}
{"type":"log","step_name":"update-docs","timestamp":"2026-03-09T15:31:25.339379529Z"}
{"type":"log","step_name":"update-docs","message":"2. **`project_detail.html`**: Updated the drawer's metadata display to unwrap `file(\"...\")` for the filename shown to users, and updated config key names from `command`/`script` to `run`.","timestamp":"2026-03-09T15:31:25.339383917Z"}
{"type":"log","step_name":"update-docs","timestamp":"2026-03-09T15:31:25.339388796Z"}
{"type":"log","step_name":"update-docs","message":"3. **`handler_test.go`**: Added test cases for `extractFilePath` covering `file(\"...\")` references and plain strings.","timestamp":"2026-03-09T15:31:25.339392974Z"}
{"type":"log","step_name":"update-docs","timestamp":"2026-03-09T15:31:25.339397834Z"}
{"type":"log","step_name":"update-docs","message":"CLOCHE_RESULT:success","timestamp":"2026-03-09T15:31:25.627391277Z"}
{"type":"step_completed","step_name":"update-docs","result":"success","timestamp":"2026-03-09T15:31:25.631823363Z"}
{"type":"run_completed","result":"succeeded","timestamp":"2026-03-09T15:31:25.631936337Z"}
