{"type":"run_title","message":"Task: Show parent/child run relationships in web UI","timestamp":"2026-03-10T17:24:55.383375212Z"}
{"type":"step_started","step_name":"implement","timestamp":"2026-03-10T17:24:55.383537409Z"}
{"type":"log","step_name":"implement","message":"All tests pass. Here's a summary of the changes:","timestamp":"2026-03-10T17:33:46.226177283Z"}
{"type":"log","step_name":"implement","timestamp":"2026-03-10T17:33:46.226220044Z"}
{"type":"log","step_name":"implement","message":"**Domain \u0026 Storage:**","timestamp":"2026-03-10T17:33:46.226224402Z"}
{"type":"log","step_name":"implement","message":"- Added `ParentRunID` field to `domain.Run`","timestamp":"2026-03-10T17:33:46.22622824Z"}
{"type":"log","step_name":"implement","message":"- Added `parent_run_id` column to SQLite migration, CreateRun, UpdateRun, scanRun","timestamp":"2026-03-10T17:33:46.226231817Z"}
{"type":"log","step_name":"implement","message":"- Added `ListChildRuns()` method to `RunStore` interface and SQLite implementation","timestamp":"2026-03-10T17:33:46.226235864Z"}
{"type":"log","step_name":"implement","timestamp":"2026-03-10T17:33:46.226243729Z"}
{"type":"log","step_name":"implement","message":"**Parent-child linking:**","timestamp":"2026-03-10T17:33:46.226252015Z"}
{"type":"log","step_name":"implement","message":"- Added `HostRunID` field to `host.Executor`","timestamp":"2026-03-10T17:33:46.226255581Z"}
{"type":"log","step_name":"implement","message":"- After dispatching a child workflow run, the executor sets `ParentRunID` on the child run","timestamp":"2026-03-10T17:33:46.226258948Z"}
{"type":"log","step_name":"implement","message":"- `host.Runner` passes the orchestrator run ID to the executor","timestamp":"2026-03-10T17:33:46.226266222Z"}
{"type":"log","step_name":"implement","timestamp":"2026-03-10T17:33:46.226269909Z"}
{"type":"log","step_name":"implement","message":"**Web UI - Run Detail page:**","timestamp":"2026-03-10T17:33:46.226273085Z"}
{"type":"log","step_name":"implement","message":"- Breadcrumb shows parent run link: `Runs / parent-id / child-id`","timestamp":"2026-03-10T17:33:46.226281681Z"}
{"type":"log","step_name":"implement","message":"- Metadata section shows \"Parent Run\" with link and state badge","timestamp":"2026-03-10T17:33:46.2262865Z"}
{"type":"log","step_name":"implement","message":"- \"Child Runs\" table section lists all child runs with links, titles, workflow, state, and times","timestamp":"2026-03-10T17:33:46.226295557Z"}
{"type":"log","step_name":"implement","timestamp":"2026-03-10T17:33:46.226305215Z"}
{"type":"log","step_name":"implement","message":"**Web UI - Runs List page:**","timestamp":"2026-03-10T17:33:46.226309764Z"}
{"type":"log","step_name":"implement","message":"- Parent rows styled with `run-parent-row` class (de-emphasized with opacity)","timestamp":"2026-03-10T17:33:46.22631849Z"}
{"type":"log","step_name":"implement","message":"- Child rows styled with `run-child-row` class (indented with tree connector `└`)","timestamp":"2026-03-10T17:33:46.226327648Z"}
{"type":"log","step_name":"implement","message":"- JavaScript polling groups runs so children appear directly after their parent","timestamp":"2026-03-10T17:33:46.226342967Z"}
{"type":"log","step_name":"implement","timestamp":"2026-03-10T17:33:46.226352364Z"}
{"type":"log","step_name":"implement","message":"**API:**","timestamp":"2026-03-10T17:33:46.226358035Z"}
{"type":"log","step_name":"implement","message":"- `apiRun` includes `parent_run_id` field","timestamp":"2026-03-10T17:33:46.226362383Z"}
{"type":"log","step_name":"implement","message":"- `apiRunDetail` includes `child_runs` array","timestamp":"2026-03-10T17:33:46.226367924Z"}
{"type":"log","step_name":"implement","timestamp":"2026-03-10T17:33:46.226384174Z"}
{"type":"log","step_name":"implement","message":"**Tests:**","timestamp":"2026-03-10T17:33:46.226389495Z"}
{"type":"log","step_name":"implement","message":"- SQLite: `TestRunParentRunID` (CRUD, ListChildRuns) and backward compat test","timestamp":"2026-03-10T17:33:46.226393592Z"}
{"type":"log","step_name":"implement","message":"- Web handler: parent/child links in detail page, no parent/child for standalone runs, API detail with child runs, API list with parent_run_id, tree grouping CSS classes","timestamp":"2026-03-10T17:33:46.226407509Z"}
{"type":"log","step_name":"implement","timestamp":"2026-03-10T17:33:46.226419481Z"}
{"type":"log","step_name":"implement","message":"CLOCHE_RESULT:success","timestamp":"2026-03-10T17:33:46.570994269Z"}
{"type":"step_completed","step_name":"implement","result":"success","timestamp":"2026-03-10T17:33:46.599313588Z"}
{"type":"step_started","step_name":"test","timestamp":"2026-03-10T17:33:46.602286427Z"}
{"type":"log","step_name":"test","message":"?   \tgithub.com/cloche-dev/cloche/api/clochepb\t[no test files]","timestamp":"2026-03-10T17:33:46.873291535Z"}
{"type":"log","step_name":"test","message":"ok  \tgithub.com/cloche-dev/cloche/cmd/cloche\t(cached)","timestamp":"2026-03-10T17:33:46.912002115Z"}
{"type":"log","step_name":"test","message":"?   \tgithub.com/cloche-dev/cloche/cmd/cloche-agent\t[no test files]","timestamp":"2026-03-10T17:33:46.912033234Z"}
{"type":"log","step_name":"test","message":"?   \tgithub.com/cloche-dev/cloche/cmd/cloched\t[no test files]","timestamp":"2026-03-10T17:33:46.94839819Z"}
{"type":"log","step_name":"test","message":"ok  \tgithub.com/cloche-dev/cloche/internal/adapters/agents/generic\t(cached)","timestamp":"2026-03-10T17:33:46.948570135Z"}
{"type":"log","step_name":"test","message":"ok  \tgithub.com/cloche-dev/cloche/internal/adapters/agents/prompt\t(cached)","timestamp":"2026-03-10T17:33:46.948628505Z"}
{"type":"log","step_name":"test","message":"ok  \tgithub.com/cloche-dev/cloche/internal/adapters/docker\t(cached)","timestamp":"2026-03-10T17:33:46.948658602Z"}
{"type":"log","step_name":"test","message":"ok  \tgithub.com/cloche-dev/cloche/internal/adapters/grpc\t(cached)","timestamp":"2026-03-10T17:33:46.949190407Z"}
{"type":"log","step_name":"test","message":"ok  \tgithub.com/cloche-dev/cloche/internal/adapters/local\t(cached)","timestamp":"2026-03-10T17:33:46.949195657Z"}
{"type":"log","step_name":"test","message":"ok  \tgithub.com/cloche-dev/cloche/internal/adapters/sqlite\t(cached)","timestamp":"2026-03-10T17:33:46.949236815Z"}
{"type":"log","step_name":"test","message":"ok  \tgithub.com/cloche-dev/cloche/internal/adapters/web\t(cached)","timestamp":"2026-03-10T17:33:46.949273013Z"}
{"type":"log","step_name":"test","message":"ok  \tgithub.com/cloche-dev/cloche/internal/agent\t(cached)","timestamp":"2026-03-10T17:33:46.949296378Z"}
{"type":"log","step_name":"test","message":"ok  \tgithub.com/cloche-dev/cloche/internal/config\t(cached)","timestamp":"2026-03-10T17:33:46.949324671Z"}
{"type":"log","step_name":"test","message":"ok  \tgithub.com/cloche-dev/cloche/internal/domain\t(cached)","timestamp":"2026-03-10T17:33:46.949398591Z"}
{"type":"log","step_name":"test","message":"ok  \tgithub.com/cloche-dev/cloche/internal/dsl\t(cached)","timestamp":"2026-03-10T17:33:46.949505984Z"}
{"type":"log","step_name":"test","message":"ok  \tgithub.com/cloche-dev/cloche/internal/engine\t(cached)","timestamp":"2026-03-10T17:33:46.949510673Z"}
{"type":"log","step_name":"test","message":"ok  \tgithub.com/cloche-dev/cloche/internal/evolution\t(cached)","timestamp":"2026-03-10T17:33:46.949521092Z"}
{"type":"log","step_name":"test","message":"ok  \tgithub.com/cloche-dev/cloche/internal/host\t(cached)","timestamp":"2026-03-10T17:33:46.984379892Z"}
{"type":"log","step_name":"test","message":"ok  \tgithub.com/cloche-dev/cloche/internal/logstream\t(cached)","timestamp":"2026-03-10T17:33:46.984444183Z"}
{"type":"log","step_name":"test","message":"?   \tgithub.com/cloche-dev/cloche/internal/ports\t[no test files]","timestamp":"2026-03-10T17:33:46.984449543Z"}
{"type":"log","step_name":"test","message":"ok  \tgithub.com/cloche-dev/cloche/internal/protocol\t(cached)","timestamp":"2026-03-10T17:33:46.984479801Z"}
{"type":"log","step_name":"test","message":"ok  \tgithub.com/cloche-dev/cloche/test/integration\t(cached)","timestamp":"2026-03-10T17:33:46.984539463Z"}
{"type":"step_completed","step_name":"test","result":"success","timestamp":"2026-03-10T17:33:47.023435003Z"}
{"type":"step_started","step_name":"update-docs","timestamp":"2026-03-10T17:33:47.026447708Z"}
{"type":"log","step_name":"update-docs","message":"The documentation doesn't currently describe the Run struct fields in detail (those are in plan/implementation docs, not user-facing docs), and doesn't mention parent/child run relationships or the web UI's run detail/list pages in any way that needs updating.","timestamp":"2026-03-10T17:34:28.641917924Z"}
{"type":"log","step_name":"update-docs","timestamp":"2026-03-10T17:34:28.641939044Z"}
{"type":"log","step_name":"update-docs","message":"The changes add `ParentRunID` to the domain, `ListChildRuns` to the store interface, and parent/child display in the web templates. But no existing user-facing documentation describes:","timestamp":"2026-03-10T17:34:28.641941178Z"}
{"type":"log","step_name":"update-docs","message":"- The Run struct fields","timestamp":"2026-03-10T17:34:28.641943973Z"}
{"type":"log","step_name":"update-docs","message":"- The web dashboard page layouts","timestamp":"2026-03-10T17:34:28.641948171Z"}
{"type":"log","step_name":"update-docs","message":"- Parent/child run relationships","timestamp":"2026-03-10T17:34:28.641952319Z"}
{"type":"log","step_name":"update-docs","timestamp":"2026-03-10T17:34:28.641956717Z"}
{"type":"log","step_name":"update-docs","message":"Since there's no documentation that's out of date — the new feature simply isn't documented yet, and the existing docs don't make claims that contradict the changes — no documentation updates are needed.","timestamp":"2026-03-10T17:34:28.641958601Z"}
{"type":"log","step_name":"update-docs","timestamp":"2026-03-10T17:34:28.641961296Z"}
{"type":"log","step_name":"update-docs","message":"CLOCHE_RESULT:success","timestamp":"2026-03-10T17:34:28.958598361Z"}
{"type":"step_completed","step_name":"update-docs","result":"success","timestamp":"2026-03-10T17:34:28.977239989Z"}
{"type":"run_completed","result":"succeeded","timestamp":"2026-03-10T17:34:28.983565986Z"}
