{"type":"step_started","step_name":"implement","timestamp":"2026-03-04T22:27:20.91726321Z"}
{"type":"log","step_name":"implement","message":"Go isn't installed in this environment, but the change is trivial and syntactically correct — it's just a comment added above the `package` declaration.","timestamp":"2026-03-04T22:27:45.898847592Z"}
{"type":"log","step_name":"implement","timestamp":"2026-03-04T22:27:45.89889985Z"}
{"type":"log","step_name":"implement","message":"The comment `// Cloche CLI entrypoint` has been added to the top of `cmd/cloche/main.go`.","timestamp":"2026-03-04T22:27:45.898904208Z"}
{"type":"log","step_name":"implement","timestamp":"2026-03-04T22:27:45.898907966Z"}
{"type":"log","step_name":"implement","message":"CLOCHE_RESULT:success","timestamp":"2026-03-04T22:27:46.171796389Z"}
{"type":"step_completed","step_name":"implement","result":"success","timestamp":"2026-03-04T22:27:46.173549939Z"}
{"type":"step_started","step_name":"test","timestamp":"2026-03-04T22:27:46.173578232Z"}
{"type":"step_completed","step_name":"test","result":"fail","timestamp":"2026-03-04T22:27:46.177638946Z"}
{"type":"step_started","step_name":"fix","timestamp":"2026-03-04T22:27:46.177648564Z"}
{"type":"log","step_name":"fix","message":"The comment is already in place. The test failure (`go: command not found`) is an environment issue, not a code issue — Go isn't installed in this container.","timestamp":"2026-03-04T22:27:58.579713079Z"}
{"type":"log","step_name":"fix","timestamp":"2026-03-04T22:27:58.579736624Z"}
{"type":"log","step_name":"fix","message":"CLOCHE_RESULT:success","timestamp":"2026-03-04T22:27:59.02593957Z"}
{"type":"step_completed","step_name":"fix","result":"success","timestamp":"2026-03-04T22:27:59.026645332Z"}
{"type":"step_started","step_name":"test","timestamp":"2026-03-04T22:27:59.026666001Z"}
{"type":"step_completed","step_name":"test","result":"fail","timestamp":"2026-03-04T22:27:59.03059162Z"}
{"type":"step_started","step_name":"fix","timestamp":"2026-03-04T22:27:59.030609754Z"}
{"type":"log","step_name":"fix","message":"The comment is already in place. The test failure (`go: command not found`) is an environment issue — Go isn't installed in this container — not a code problem.","timestamp":"2026-03-04T22:28:07.898408877Z"}
{"type":"log","step_name":"fix","timestamp":"2026-03-04T22:28:07.898447239Z"}
{"type":"log","step_name":"fix","message":"CLOCHE_RESULT:success","timestamp":"2026-03-04T22:28:08.185624714Z"}
{"type":"step_completed","step_name":"fix","result":"success","timestamp":"2026-03-04T22:28:08.186376062Z"}
{"type":"step_started","step_name":"test","timestamp":"2026-03-04T22:28:08.186394758Z"}
{"type":"step_completed","step_name":"test","result":"fail","timestamp":"2026-03-04T22:28:08.190450923Z"}
{"type":"step_started","step_name":"fix","timestamp":"2026-03-04T22:28:08.190469929Z"}
{"type":"step_completed","step_name":"fix","result":"give-up","timestamp":"2026-03-04T22:28:08.200045321Z"}
{"type":"run_completed","result":"failed","timestamp":"2026-03-04T22:28:08.200110735Z"}
