[
  {
    "id": "cloche-2nu",
    "title": "Fix cloche self-learning cycle: prompt updates and workflow linking",
    "description": "The cloche self-learning cycle has two issues:\n\n1. When updating prompt/script files, it writes its 'thoughts' or commentary about the changes into the files instead of the actual updated content. The files end up containing meta-commentary rather than usable prompts/scripts.\n\n2. When editing workflows to add new stages, it fails to wire them into the existing workflow graph correctly. New steps are added but not linked via wires to existing steps, causing runs to fail with unlinked node errors.",
    "status": "open",
    "priority": 2,
    "issue_type": "task",
    "owner": "lucas@perfectlunacy.com",
    "created_at": "2026-03-12T08:30:36.728998619-07:00",
    "created_by": "lucas",
    "updated_at": "2026-03-12T08:30:36.728998619-07:00",
    "labels": [
      "evolution",
      "workflow"
    ],
    "dependency_count": 0,
    "dependent_count": 0
  }
]
