{"type":"step_started","step_name":"implement","timestamp":"2026-03-09T23:11:23.16134702Z"}
{"type":"log","step_name":"implement","message":"Here's a summary of all changes:","timestamp":"2026-03-09T23:14:11.65306362Z"}
{"type":"log","step_name":"implement","timestamp":"2026-03-09T23:14:11.65309569Z"}
{"type":"log","step_name":"implement","message":"### `.cloche/host.cloche`","timestamp":"2026-03-09T23:14:11.65310099Z"}
{"type":"log","step_name":"implement","message":"- **`ready-tasks:success -\u003e prepare-prompt`** wire now has output mappings extracting `CLOCHE_TASK_ID`, `CLOCHE_TASK_TITLE`, and `CLOCHE_TASK_BODY` from the first element of the JSON array output","timestamp":"2026-03-09T23:14:11.653109627Z"}
{"type":"log","step_name":"implement","message":"- **`prepare-prompt:success -\u003e develop`** wire now passes `CLOCHE_TASK_ID` through via output mapping on `output.task_id`","timestamp":"2026-03-09T23:14:11.653136718Z"}
{"type":"log","step_name":"implement","timestamp":"2026-03-09T23:14:11.653146196Z"}
{"type":"log","step_name":"implement","message":"### `.cloche/scripts/ready-tasks.sh`","timestamp":"2026-03-09T23:14:11.653150794Z"}
{"type":"log","step_name":"implement","message":"- Now outputs the full JSON array from `bd ready --json` instead of just IDs — needed so output mappings can extract fields like `output[0].title`","timestamp":"2026-03-09T23:14:11.653155443Z"}
{"type":"log","step_name":"implement","timestamp":"2026-03-09T23:14:11.653168919Z"}
{"type":"log","step_name":"implement","message":"### `.cloche/scripts/prepare-prompt.sh`","timestamp":"2026-03-09T23:14:11.653174099Z"}
{"type":"log","step_name":"implement","message":"- Now outputs JSON (`{prompt, task_id}`) instead of plain text, enabling downstream wire mappings","timestamp":"2026-03-09T23:14:11.653179068Z"}
{"type":"log","step_name":"implement","message":"- Added empty var handling with `${VAR:-}` defaults and an error exit if `CLOCHE_TASK_TITLE` is not set","timestamp":"2026-03-09T23:14:11.653188496Z"}
{"type":"log","step_name":"implement","message":"- Uses `jq -n` to produce clean JSON output","timestamp":"2026-03-09T23:14:11.653198034Z"}
{"type":"log","step_name":"implement","timestamp":"2026-03-09T23:14:11.653202783Z"}
{"type":"log","step_name":"implement","message":"All tests pass. No changes to parser, domain types, or executor.","timestamp":"2026-03-09T23:14:11.653206981Z"}
{"type":"log","step_name":"implement","timestamp":"2026-03-09T23:14:11.653211499Z"}
{"type":"log","step_name":"implement","message":"CLOCHE_RESULT:success","timestamp":"2026-03-09T23:14:12.014752384Z"}
{"type":"step_completed","step_name":"implement","result":"success","timestamp":"2026-03-09T23:14:12.016635132Z"}
{"type":"step_started","step_name":"test","timestamp":"2026-03-09T23:14:12.016657444Z"}
{"type":"step_completed","step_name":"test","result":"success","timestamp":"2026-03-09T23:14:12.384601901Z"}
{"type":"step_started","step_name":"update-docs","timestamp":"2026-03-09T23:14:12.384625505Z"}
{"type":"log","step_name":"update-docs","message":"The edit looks correct. The documentation now reflects the actual wire output mapping syntax used in the real `host.cloche` file.","timestamp":"2026-03-09T23:15:34.386891625Z"}
{"type":"log","step_name":"update-docs","timestamp":"2026-03-09T23:15:34.386947471Z"}
{"type":"log","step_name":"update-docs","message":"Summary of changes:","timestamp":"2026-03-09T23:15:34.386951979Z"}
{"type":"log","step_name":"update-docs","message":"- **`docs/workflows.md`**: Updated the Host Workflow Example to show the `ready-tasks` step with wire output mappings (`output[0].id`, `output[0].title`, `output[0].description`) and the `CLOCHE_TASK_ID` passthrough to the develop step. Updated the description paragraph accordingly.","timestamp":"2026-03-09T23:15:34.386955817Z"}
{"type":"log","step_name":"update-docs","timestamp":"2026-03-09T23:15:34.386963511Z"}
{"type":"log","step_name":"update-docs","message":"No other docs needed updating - the design docs and `cloche init` template correctly document the minimal default, while the actual project's `host.cloche` has evolved to use the new wire output mapping feature.","timestamp":"2026-03-09T23:15:34.386966968Z"}
{"type":"log","step_name":"update-docs","timestamp":"2026-03-09T23:15:34.386975464Z"}
{"type":"log","step_name":"update-docs","message":"CLOCHE_RESULT:success","timestamp":"2026-03-09T23:15:34.679611976Z"}
{"type":"step_completed","step_name":"update-docs","result":"success","timestamp":"2026-03-09T23:15:34.681476771Z"}
{"type":"run_completed","result":"succeeded","timestamp":"2026-03-09T23:15:34.681551903Z"}
