{"type":"run_title","message":"Task: Daemon-managed task assignment with dedup timeout","timestamp":"2026-03-11T00:15:03.373191595Z"}
{"type":"step_started","step_name":"implement","timestamp":"2026-03-11T00:15:03.373384039Z"}
{"type":"log","step_name":"implement","message":"All tests pass. Here's a summary of the implementation:","timestamp":"2026-03-11T00:27:31.754946818Z"}
{"type":"log","step_name":"implement","timestamp":"2026-03-11T00:27:31.75501694Z"}
{"type":"log","step_name":"implement","message":"## Changes Made","timestamp":"2026-03-11T00:27:31.75502224Z"}
{"type":"log","step_name":"implement","timestamp":"2026-03-11T00:27:31.755029955Z"}
{"type":"log","step_name":"implement","message":"### New files:","timestamp":"2026-03-11T00:27:31.755033772Z"}
{"type":"log","step_name":"implement","message":"- **`internal/host/task.go`** — `Task` struct (ID, Title, Description), `TaskAssigner` interface, and `ScriptTaskAssigner` that runs a shell command and parses JSON output","timestamp":"2026-03-11T00:27:31.755041948Z"}
{"type":"log","step_name":"implement","message":"- **`internal/host/task_test.go`** — Tests for `ScriptTaskAssigner` (JSON parsing, empty arrays, errors, partial fields)","timestamp":"2026-03-11T00:27:31.755057537Z"}
{"type":"log","step_name":"implement","timestamp":"2026-03-11T00:27:31.755061865Z"}
{"type":"log","step_name":"implement","message":"### Modified files:","timestamp":"2026-03-11T00:27:31.75506951Z"}
{"type":"log","step_name":"implement","message":"- **`internal/host/loop.go`** — `RunFunc` now includes `taskID` parameter. `Loop` gains a `TaskAssigner` field (set via `SetTaskAssigner`) and a `dedup` map tracking task ID → last assignment time. New `pickTask()` method queries the assigner, filters deduped tasks, and returns the first available task. `DedupTimeout` added to `LoopConfig` (defaults to 5 minutes).","timestamp":"2026-03-11T00:27:31.755078216Z"}
{"type":"log","step_name":"implement","message":"- **`internal/host/loop_test.go`** — Updated existing tests for new `RunFunc` signature. Added tests: `TaskAssigner_PassesTaskID`, `DedupPreventsReassignment`, `DedupExpires`, `NoTasks_BacksOff`, `NoTaskAssigner_EmptyTaskID`.","timestamp":"2026-03-11T00:27:31.755087253Z"}
{"type":"log","step_name":"implement","message":"- **`internal/host/runner.go`** — `Runner` gains `TaskID` field, propagated to `Executor`.","timestamp":"2026-03-11T00:27:31.755096731Z"}
{"type":"log","step_name":"implement","message":"- **`internal/host/executor.go`** — `Executor` gains `TaskID` field. When set, `CLOCHE_TASK_ID` env var is injected into script step environments.","timestamp":"2026-03-11T00:27:31.755106189Z"}
{"type":"log","step_name":"implement","message":"- **`internal/config/config.go`** — `OrchestrationConfig` gains `ListTasksCommand` and `DedupSeconds` fields.","timestamp":"2026-03-11T00:27:31.755114695Z"}
{"type":"log","step_name":"implement","message":"- **`internal/adapters/grpc/server.go`** — `EnableLoop` now creates a `ScriptTaskAssigner` when `list_tasks_command` is configured, attaches it to the loop, and passes `DedupTimeout`.","timestamp":"2026-03-11T00:27:31.755125035Z"}
{"type":"log","step_name":"implement","message":"- **`internal/host/executor_test.go`** — Added `TestExecutor_ScriptStep_TaskIDEnvVar`, `TestExecutor_ScriptStep_NoTaskID`, and `TestRunner_WithTaskID`.","timestamp":"2026-03-11T00:27:31.755133671Z"}
{"type":"log","step_name":"implement","timestamp":"2026-03-11T00:27:31.755143119Z"}
{"type":"log","step_name":"implement","message":"### Configuration:","timestamp":"2026-03-11T00:27:31.755147046Z"}
{"type":"log","step_name":"implement","message":"Users enable daemon-managed task assignment in `.cloche/config.toml`:","timestamp":"2026-03-11T00:27:31.755156003Z"}
{"type":"log","step_name":"implement","message":"```toml","timestamp":"2026-03-11T00:27:31.755165732Z"}
{"type":"log","step_name":"implement","message":"[orchestration]","timestamp":"2026-03-11T00:27:31.755169729Z"}
{"type":"log","step_name":"implement","message":"list_tasks_command = \"bash .cloche/scripts/ready-tasks.sh\"","timestamp":"2026-03-11T00:27:31.755173787Z"}
{"type":"log","step_name":"implement","message":"dedup_seconds = 300  # 5 minutes","timestamp":"2026-03-11T00:27:31.755178245Z"}
{"type":"log","step_name":"implement","message":"```","timestamp":"2026-03-11T00:27:31.755182253Z"}
{"type":"log","step_name":"implement","timestamp":"2026-03-11T00:27:31.755187142Z"}
{"type":"log","step_name":"implement","message":"CLOCHE_RESULT:success","timestamp":"2026-03-11T00:27:32.081485437Z"}
{"type":"step_completed","step_name":"implement","result":"success","timestamp":"2026-03-11T00:27:32.105107981Z"}
{"type":"step_started","step_name":"test","timestamp":"2026-03-11T00:27:32.113527898Z"}
{"type":"log","step_name":"test","message":"?   \tgithub.com/cloche-dev/cloche/api/clochepb\t[no test files]","timestamp":"2026-03-11T00:27:32.47353159Z"}
{"type":"log","step_name":"test","message":"ok  \tgithub.com/cloche-dev/cloche/cmd/cloche\t(cached)","timestamp":"2026-03-11T00:27:32.52402365Z"}
{"type":"log","step_name":"test","message":"?   \tgithub.com/cloche-dev/cloche/cmd/cloche-agent\t[no test files]","timestamp":"2026-03-11T00:27:32.524066501Z"}
{"type":"log","step_name":"test","message":"?   \tgithub.com/cloche-dev/cloche/cmd/cloched\t[no test files]","timestamp":"2026-03-11T00:27:32.569432956Z"}
{"type":"log","step_name":"test","message":"ok  \tgithub.com/cloche-dev/cloche/internal/adapters/agents/generic\t(cached)","timestamp":"2026-03-11T00:27:32.569665767Z"}
{"type":"log","step_name":"test","message":"ok  \tgithub.com/cloche-dev/cloche/internal/adapters/agents/prompt\t(cached)","timestamp":"2026-03-11T00:27:32.569676988Z"}
{"type":"log","step_name":"test","message":"ok  \tgithub.com/cloche-dev/cloche/internal/adapters/docker\t(cached)","timestamp":"2026-03-11T00:27:32.569914928Z"}
{"type":"log","step_name":"test","message":"ok  \tgithub.com/cloche-dev/cloche/internal/adapters/grpc\t(cached)","timestamp":"2026-03-11T00:27:32.569935286Z"}
{"type":"log","step_name":"test","message":"ok  \tgithub.com/cloche-dev/cloche/internal/adapters/local\t(cached)","timestamp":"2026-03-11T00:27:32.570262335Z"}
{"type":"log","step_name":"test","message":"ok  \tgithub.com/cloche-dev/cloche/internal/adapters/sqlite\t(cached)","timestamp":"2026-03-11T00:27:32.570269388Z"}
{"type":"log","step_name":"test","message":"ok  \tgithub.com/cloche-dev/cloche/internal/adapters/web\t(cached)","timestamp":"2026-03-11T00:27:32.570272284Z"}
{"type":"log","step_name":"test","message":"ok  \tgithub.com/cloche-dev/cloche/internal/agent\t(cached)","timestamp":"2026-03-11T00:27:32.570276752Z"}
{"type":"log","step_name":"test","message":"ok  \tgithub.com/cloche-dev/cloche/internal/config\t(cached)","timestamp":"2026-03-11T00:27:32.570279708Z"}
{"type":"log","step_name":"test","message":"ok  \tgithub.com/cloche-dev/cloche/internal/domain\t(cached)","timestamp":"2026-03-11T00:27:32.570283896Z"}
{"type":"log","step_name":"test","message":"ok  \tgithub.com/cloche-dev/cloche/internal/dsl\t(cached)","timestamp":"2026-03-11T00:27:32.570286872Z"}
{"type":"log","step_name":"test","message":"ok  \tgithub.com/cloche-dev/cloche/internal/engine\t(cached)","timestamp":"2026-03-11T00:27:32.570290869Z"}
{"type":"log","step_name":"test","message":"ok  \tgithub.com/cloche-dev/cloche/internal/evolution\t(cached)","timestamp":"2026-03-11T00:27:32.570300337Z"}
{"type":"log","step_name":"test","message":"ok  \tgithub.com/cloche-dev/cloche/internal/host\t(cached)","timestamp":"2026-03-11T00:27:32.623124409Z"}
{"type":"log","step_name":"test","message":"ok  \tgithub.com/cloche-dev/cloche/internal/logstream\t(cached)","timestamp":"2026-03-11T00:27:32.623153033Z"}
{"type":"log","step_name":"test","message":"?   \tgithub.com/cloche-dev/cloche/internal/ports\t[no test files]","timestamp":"2026-03-11T00:27:32.62315672Z"}
{"type":"log","step_name":"test","message":"ok  \tgithub.com/cloche-dev/cloche/internal/protocol\t(cached)","timestamp":"2026-03-11T00:27:32.62319392Z"}
{"type":"log","step_name":"test","message":"ok  \tgithub.com/cloche-dev/cloche/test/integration\t(cached)","timestamp":"2026-03-11T00:27:32.623277298Z"}
{"type":"step_completed","step_name":"test","result":"success","timestamp":"2026-03-11T00:27:32.661358392Z"}
{"type":"step_started","step_name":"update-docs","timestamp":"2026-03-11T00:27:32.669894198Z"}
{"type":"log","step_name":"update-docs","message":"Both files look correct. Updated two documentation files:","timestamp":"2026-03-11T00:29:44.87142692Z"}
{"type":"log","step_name":"update-docs","timestamp":"2026-03-11T00:29:44.871509045Z"}
{"type":"log","step_name":"update-docs","message":"1. **`docs/plans/2026-03-06-config-toml-design.md`** — Updated sample `config.toml` to match actual `OrchestrationConfig` struct: replaced stale keys (`enabled`, `workflow`, `tracker`) with current ones (`stagger_seconds`, `list_tasks_command`, `dedup_seconds`). Updated notes to describe each key's purpose and defaults.","timestamp":"2026-03-11T00:29:44.871516068Z"}
{"type":"log","step_name":"update-docs","timestamp":"2026-03-11T00:29:44.871528131Z"}
{"type":"log","step_name":"update-docs","message":"2. **`docs/USAGE.md`** — Added `CLOCHE_TASK_ID` to the Host Step Environment Variables table, describing it as the daemon-assigned task ID present when daemon-managed task assignment is active.","timestamp":"2026-03-11T00:29:44.871533742Z"}
{"type":"log","step_name":"update-docs","timestamp":"2026-03-11T00:29:44.871540595Z"}
{"type":"log","step_name":"update-docs","message":"No other docs needed changes — `workflows.md` already referenced `CLOCHE_TASK_ID` in its execution model prose.","timestamp":"2026-03-11T00:29:44.871545664Z"}
{"type":"log","step_name":"update-docs","timestamp":"2026-03-11T00:29:44.871553409Z"}
{"type":"log","step_name":"update-docs","message":"CLOCHE_RESULT:success","timestamp":"2026-03-11T00:29:45.213477912Z"}
{"type":"step_completed","step_name":"update-docs","result":"success","timestamp":"2026-03-11T00:29:45.237753031Z"}
{"type":"run_completed","result":"succeeded","timestamp":"2026-03-11T00:29:45.244868441Z"}
