Preparing worktree (checking out 'cloche/develop-deft-oak')
HEAD is now at c2fe84c cloche run develop-deft-oak: develop (succeeded)
Current branch cloche/develop-deft-oak is up to date.
Updating dfe7f7e..c2fe84c
Fast-forward
 docs/USAGE.md                               |   3 +-
 docs/plans/2026-03-06-config-toml-design.md |  20 +--
 internal/adapters/grpc/server.go            |  14 +-
 internal/config/config.go                   |   6 +-
 internal/host/executor.go                   |   6 +
 internal/host/executor_test.go              |  89 +++++++++++++
 internal/host/loop.go                       |  89 +++++++++++--
 internal/host/loop_test.go                  | 200 +++++++++++++++++++++++++++-
 internal/host/runner.go                     |   2 +
 internal/host/task.go                       |  50 +++++++
 internal/host/task_test.go                  |  95 +++++++++++++
 11 files changed, 548 insertions(+), 26 deletions(-)
 create mode 100644 internal/host/task.go
 create mode 100644 internal/host/task_test.go
Deleted branch cloche/develop-deft-oak (was c2fe84c).
Merged cloche/develop-deft-oak into main (c2fe84c2eef1c033f3e9dd5646de43ae72225f83)
