{"type":"run_title","message":"Task: Web UI hangs when clicking workflow steps with large/binary content","timestamp":"2026-03-13T17:17:36.206141776Z"}
{"type":"step_started","step_name":"implement","timestamp":"2026-03-13T17:17:36.20635038Z"}
{"type":"log","step_name":"implement","message":"--- Tool: Agent('Find all web UI related code in this project. I need to u...') ---","timestamp":"2026-03-13T17:17:49.047913406Z"}
{"type":"log","step_name":"implement","message":"--- Tool: Bash('find /workspace -type f -name \"*.html\" -o -name \"*.js\" -o...') ---","timestamp":"2026-03-13T17:17:51.080063441Z"}
{"type":"log","step_name":"implement","message":"--- Tool: Bash('find /workspace/internal/adapters/web -type f | sort') ---","timestamp":"2026-03-13T17:17:52.597419903Z"}
{"type":"log","step_name":"implement","message":"--- Tool: Read('/workspace/internal/adapters/web/handler.go') ---","timestamp":"2026-03-13T17:17:54.12135567Z"}
{"type":"log","step_name":"implement","message":"--- Tool: Read('/workspace/internal/adapters/web/templates/layout.html') ---","timestamp":"2026-03-13T17:17:54.370776017Z"}
{"type":"log","step_name":"implement","message":"--- Tool: Read('/workspace/internal/adapters/web/templates/run_detail.html') ---","timestamp":"2026-03-13T17:17:54.563015711Z"}
{"type":"log","step_name":"implement","message":"--- Tool: Read('/workspace/internal/adapters/web/templates/project_detail...') ---","timestamp":"2026-03-13T17:17:54.577781115Z"}
{"type":"log","step_name":"implement","message":"--- Tool: Read('/workspace/internal/adapters/web/static/style.css') ---","timestamp":"2026-03-13T17:17:56.534986346Z"}
{"type":"log","step_name":"implement","message":"--- Tool: Bash('grep -n \"func.*Handler\\|func.*handler\\|ServeHTTP\\|HandleF...') ---","timestamp":"2026-03-13T17:17:57.219837982Z"}
{"type":"log","step_name":"implement","message":"--- Tool: Bash('grep -n \"handleAPIStepContent\\|handleAPIStepOutput\" /work...') ---","timestamp":"2026-03-13T17:17:58.833811035Z"}
{"type":"log","step_name":"implement","message":"--- Tool: Bash('grep -n \"func.*handleAPIStepContent\\|func.*handleAPIWorkf...') ---","timestamp":"2026-03-13T17:18:00.549402192Z"}
{"type":"log","step_name":"implement","message":"--- Tool: Bash('sed -n '1413,1550p' /workspace/internal/adapters/web/hand...') ---","timestamp":"2026-03-13T17:18:02.009802636Z"}
{"type":"log","step_name":"implement","message":"--- Tool: Read('/workspace/internal/adapters/web/templates/runs.html') ---","timestamp":"2026-03-13T17:18:03.642916404Z"}
{"type":"log","step_name":"implement","message":"--- Tool: Read('/workspace/internal/adapters/web/templates/projects.html') ---","timestamp":"2026-03-13T17:18:03.75868015Z"}
{"type":"log","step_name":"implement","message":"--- Tool: Bash('grep -n \"handleAPIStream\" /workspace/internal/adapters/we...') ---","timestamp":"2026-03-13T17:18:05.624266955Z"}
{"type":"log","step_name":"implement","message":"--- Tool: Bash('sed -n '985,1100p' /workspace/internal/adapters/web/handl...') ---","timestamp":"2026-03-13T17:18:07.306830844Z"}
{"type":"log","step_name":"implement","message":"--- Tool: Bash('find /workspace -name \"*.go\" -path \"*/internal/domain/*\" ...') ---","timestamp":"2026-03-13T17:18:09.092944077Z"}
{"type":"log","step_name":"implement","message":"--- Tool: Bash('grep -n \"type Workflow\\|type Step\\|type Run\" /workspace/i...') ---","timestamp":"2026-03-13T17:18:14.815240659Z"}
{"type":"log","step_name":"implement","message":"Now let me read the specific handler and template code that needs to be modified.","timestamp":"2026-03-13T17:18:39.980976544Z"}
{"type":"log","step_name":"implement","message":"--- Tool: Read('/workspace/internal/adapters/web/handler.go') ---","timestamp":"2026-03-13T17:18:41.006410729Z"}
{"type":"log","step_name":"implement","message":"--- Tool: Read('/workspace/internal/adapters/web/templates/project_detail...') ---","timestamp":"2026-03-13T17:18:41.45128236Z"}
{"type":"log","step_name":"implement","message":"Let me also look at the helper functions and understand the `run` config flow better.","timestamp":"2026-03-13T17:18:49.740237873Z"}
{"type":"log","step_name":"implement","message":"--- Tool: Grep('func resolveFileRef') ---","timestamp":"2026-03-13T17:18:51.324335349Z"}
{"type":"log","step_name":"implement","message":"--- Tool: Grep('func readScriptFromCommand') ---","timestamp":"2026-03-13T17:18:51.908410773Z"}
{"type":"log","step_name":"implement","message":"Let me check for existing tests.","timestamp":"2026-03-13T17:21:37.75130849Z"}
{"type":"log","step_name":"implement","message":"--- Tool: Grep('readScriptFromCommand|handleAPIStepContent|isTextContent') ---","timestamp":"2026-03-13T17:21:38.087193345Z"}
{"type":"log","step_name":"implement","message":"--- Tool: Glob('internal/adapters/web/*_test.go') ---","timestamp":"2026-03-13T17:21:38.475477666Z"}
{"type":"log","step_name":"implement","message":"--- Tool: Grep('readScriptFromCommand|StepContent') ---","timestamp":"2026-03-13T17:21:41.542414681Z"}
{"type":"log","step_name":"implement","message":"Let me read those existing tests.","timestamp":"2026-03-13T17:21:43.744208574Z"}
{"type":"log","step_name":"implement","message":"--- Tool: Read('/workspace/internal/adapters/web/handler_test.go') ---","timestamp":"2026-03-13T17:21:44.373541491Z"}
{"type":"log","step_name":"implement","message":"Now I have a clear picture. Let me implement the fix.","timestamp":"2026-03-13T17:22:21.463869018Z"}
{"type":"log","step_name":"implement","timestamp":"2026-03-13T17:22:21.463889236Z"}
{"type":"log","step_name":"implement","message":"**The bug**: `readScriptFromCommand` scans all command arguments for files, so `run = \"go test ./...\"` matches a compiled binary named `test` in the project root and serves 15KB of binary data.","timestamp":"2026-03-13T17:22:21.463894205Z"}
{"type":"log","step_name":"implement","timestamp":"2026-03-13T17:22:21.463906228Z"}
{"type":"log","step_name":"implement","message":"**The fix**:","timestamp":"2026-03-13T17:22:21.463910316Z"}
{"type":"log","step_name":"implement","message":"1. Backend: Restrict file loading to `.cloche/scripts/` and add binary content detection","timestamp":"2026-03-13T17:22:21.463914594Z"}
{"type":"log","step_name":"implement","message":"2. Frontend: Hide content panel when no content is available","timestamp":"2026-03-13T17:22:21.463919312Z"}
{"type":"log","step_name":"implement","message":"--- Tool: Edit('/workspace/internal/adapters/web/handler.go') ---","timestamp":"2026-03-13T17:22:25.751259113Z"}
{"type":"log","step_name":"implement","message":"Now modify `readScriptFromCommand` to only read files under `.cloche/scripts/` and check for binary content:","timestamp":"2026-03-13T17:22:29.19580981Z"}
{"type":"log","step_name":"implement","message":"--- Tool: Edit('/workspace/internal/adapters/web/handler.go') ---","timestamp":"2026-03-13T17:22:35.528336477Z"}
{"type":"log","step_name":"implement","message":"Now update the frontend to hide the content panel when there's no content:","timestamp":"2026-03-13T17:22:37.878087943Z"}
{"type":"log","step_name":"implement","message":"--- Tool: Edit('/workspace/internal/adapters/web/templates/project_detail...') ---","timestamp":"2026-03-13T17:22:42.421078177Z"}
{"type":"log","step_name":"implement","message":"Now update the existing tests that expect changed behavior:","timestamp":"2026-03-13T17:22:44.698097092Z"}
{"type":"log","step_name":"implement","message":"--- Tool: Edit('/workspace/internal/adapters/web/handler_test.go') ---","timestamp":"2026-03-13T17:22:48.175657941Z"}
{"type":"log","step_name":"implement","message":"--- Tool: Edit('/workspace/internal/adapters/web/handler_test.go') ---","timestamp":"2026-03-13T17:22:52.469157748Z"}
{"type":"log","step_name":"implement","message":"Now add tests for the new behavior — binary files not being served, and the `isTextContent` helper:","timestamp":"2026-03-13T17:22:56.446174589Z"}
{"type":"log","step_name":"implement","message":"--- Tool: Read('/workspace/internal/adapters/web/handler_test.go') ---","timestamp":"2026-03-13T17:22:56.885179526Z"}
{"type":"log","step_name":"implement","message":"--- Tool: Edit('/workspace/internal/adapters/web/handler_test.go') ---","timestamp":"2026-03-13T17:23:12.59452636Z"}
{"type":"log","step_name":"implement","message":"Now run the tests:","timestamp":"2026-03-13T17:23:16.754025303Z"}
{"type":"log","step_name":"implement","message":"--- Tool: Bash('go test ./... 2\u003e\u00261') ---","timestamp":"2026-03-13T17:23:17.392369616Z"}
{"type":"log","step_name":"implement","message":"All tests pass. Here's a summary of the changes:","timestamp":"2026-03-13T17:24:09.09845725Z"}
{"type":"log","step_name":"implement","timestamp":"2026-03-13T17:24:09.098498006Z"}
{"type":"log","step_name":"implement","message":"**Backend (`handler.go`)**:","timestamp":"2026-03-13T17:24:09.098502244Z"}
{"type":"log","step_name":"implement","message":"- `readScriptFromCommand`: Now only reads files under `.cloche/scripts/` and checks they're text (not binary)","timestamp":"2026-03-13T17:24:09.098509648Z"}
{"type":"log","step_name":"implement","message":"- `handleAPIStepContent` `run` case: For `file()` refs, only serves content if the path is under `.cloche/scripts/` and is text. For bare commands, only serves content if `readScriptFromCommand` finds a script. No longer returns the raw command text (already shown in drawer metadata).","timestamp":"2026-03-13T17:24:09.098517573Z"}
{"type":"log","step_name":"implement","message":"- Added `isTextContent` helper that detects binary content by checking for null bytes in the first 8KB","timestamp":"2026-03-13T17:24:09.098522042Z"}
{"type":"log","step_name":"implement","timestamp":"2026-03-13T17:24:09.09852616Z"}
{"type":"log","step_name":"implement","message":"**Frontend (`project_detail.html`)**:","timestamp":"2026-03-13T17:24:09.098532882Z"}
{"type":"log","step_name":"implement","message":"- When no content is returned, hides the content panel (`display: none`) instead of showing \"No content available\"","timestamp":"2026-03-13T17:24:09.09853716Z"}
{"type":"log","step_name":"implement","timestamp":"2026-03-13T17:24:09.098541448Z"}
{"type":"log","step_name":"implement","message":"**Tests (`handler_test.go`)**:","timestamp":"2026-03-13T17:24:09.098544604Z"}
{"type":"log","step_name":"implement","message":"- Updated `TestAPIStepContent_HostWorkflow` and `TestAPIStepContent_InlineCommand` to expect empty response for inline commands","timestamp":"2026-03-13T17:24:09.098547961Z"}
{"type":"log","step_name":"implement","message":"- Added `TestAPIStepContent_BinaryFileNotServed`: verifies binary files in the project root aren't served","timestamp":"2026-03-13T17:24:09.098551688Z"}
{"type":"log","step_name":"implement","message":"- Added `TestAPIStepContent_FileRefOutsideScripts`: verifies `file()` refs outside `.cloche/scripts/` aren't served","timestamp":"2026-03-13T17:24:09.098576865Z"}
{"type":"log","step_name":"implement","message":"- Added `TestIsTextContent`: unit tests for the binary detection helper","timestamp":"2026-03-13T17:24:09.098582215Z"}
{"type":"log","step_name":"implement","timestamp":"2026-03-13T17:24:09.098585732Z"}
{"type":"log","step_name":"implement","message":"CLOCHE_RESULT:success","timestamp":"2026-03-13T17:24:09.098588948Z"}
{"type":"log","step_name":"implement","message":"All tests pass. Here's a summary of the changes:","timestamp":"2026-03-13T17:24:09.118035398Z"}
{"type":"log","step_name":"implement","timestamp":"2026-03-13T17:24:09.118054684Z"}
{"type":"log","step_name":"implement","message":"**Backend (`handler.go`)**:","timestamp":"2026-03-13T17:24:09.118075774Z"}
{"type":"log","step_name":"implement","message":"- `readScriptFromCommand`: Now only reads files under `.cloche/scripts/` and checks they're text (not binary)","timestamp":"2026-03-13T17:24:09.118080092Z"}
{"type":"log","step_name":"implement","message":"- `handleAPIStepContent` `run` case: For `file()` refs, only serves content if the path is under `.cloche/scripts/` and is text. For bare commands, only serves content if `readScriptFromCommand` finds a script. No longer returns the raw command text (already shown in drawer metadata).","timestamp":"2026-03-13T17:24:09.118083729Z"}
{"type":"log","step_name":"implement","message":"- Added `isTextContent` helper that detects binary content by checking for null bytes in the first 8KB","timestamp":"2026-03-13T17:24:09.118087917Z"}
{"type":"log","step_name":"implement","timestamp":"2026-03-13T17:24:09.118091534Z"}
{"type":"log","step_name":"implement","message":"**Frontend (`project_detail.html`)**:","timestamp":"2026-03-13T17:24:09.1180947Z"}
{"type":"log","step_name":"implement","message":"- When no content is returned, hides the content panel (`display: none`) instead of showing \"No content available\"","timestamp":"2026-03-13T17:24:09.118098126Z"}
{"type":"log","step_name":"implement","timestamp":"2026-03-13T17:24:09.118102003Z"}
{"type":"log","step_name":"implement","message":"**Tests (`handler_test.go`)**:","timestamp":"2026-03-13T17:24:09.118105059Z"}
{"type":"log","step_name":"implement","message":"- Updated `TestAPIStepContent_HostWorkflow` and `TestAPIStepContent_InlineCommand` to expect empty response for inline commands","timestamp":"2026-03-13T17:24:09.118108425Z"}
{"type":"log","step_name":"implement","message":"- Added `TestAPIStepContent_BinaryFileNotServed`: verifies binary files in the project root aren't served","timestamp":"2026-03-13T17:24:09.118112062Z"}
{"type":"log","step_name":"implement","message":"- Added `TestAPIStepContent_FileRefOutsideScripts`: verifies `file()` refs outside `.cloche/scripts/` aren't served","timestamp":"2026-03-13T17:24:09.118115619Z"}
{"type":"log","step_name":"implement","message":"- Added `TestIsTextContent`: unit tests for the binary detection helper","timestamp":"2026-03-13T17:24:09.118119196Z"}
{"type":"log","step_name":"implement","timestamp":"2026-03-13T17:24:09.118122642Z"}
{"type":"log","step_name":"implement","message":"CLOCHE_RESULT:success","timestamp":"2026-03-13T17:24:09.412610272Z"}
{"type":"step_completed","step_name":"implement","result":"success","timestamp":"2026-03-13T17:24:09.420652661Z"}
{"type":"step_started","step_name":"test","timestamp":"2026-03-13T17:24:09.423805057Z"}
{"type":"log","step_name":"test","message":"?   \tgithub.com/cloche-dev/cloche/api/clochepb\t[no test files]","timestamp":"2026-03-13T17:24:09.698943691Z"}
{"type":"log","step_name":"test","message":"ok  \tgithub.com/cloche-dev/cloche/cmd/cloche\t0.018s","timestamp":"2026-03-13T17:24:09.981015291Z"}
{"type":"log","step_name":"test","message":"?   \tgithub.com/cloche-dev/cloche/cmd/cloche-agent\t[no test files]","timestamp":"2026-03-13T17:24:09.981113226Z"}
{"type":"log","step_name":"test","message":"?   \tgithub.com/cloche-dev/cloche/cmd/cloched\t[no test files]","timestamp":"2026-03-13T17:24:09.98113633Z"}
{"type":"log","step_name":"test","message":"ok  \tgithub.com/cloche-dev/cloche/internal/adapters/agents/generic\t(cached)","timestamp":"2026-03-13T17:24:09.981154925Z"}
{"type":"log","step_name":"test","message":"ok  \tgithub.com/cloche-dev/cloche/internal/adapters/agents/prompt\t(cached)","timestamp":"2026-03-13T17:24:09.981169723Z"}
{"type":"log","step_name":"test","message":"ok  \tgithub.com/cloche-dev/cloche/internal/adapters/docker\t(cached)","timestamp":"2026-03-13T17:24:09.981183899Z"}
{"type":"log","step_name":"test","message":"ok  \tgithub.com/cloche-dev/cloche/internal/adapters/grpc\t(cached)","timestamp":"2026-03-13T17:24:09.981201472Z"}
{"type":"log","step_name":"test","message":"ok  \tgithub.com/cloche-dev/cloche/internal/adapters/local\t(cached)","timestamp":"2026-03-13T17:24:09.981222943Z"}
{"type":"log","step_name":"test","message":"ok  \tgithub.com/cloche-dev/cloche/internal/adapters/sqlite\t(cached)","timestamp":"2026-03-13T17:24:09.98123729Z"}
{"type":"log","step_name":"test","message":"ok  \tgithub.com/cloche-dev/cloche/internal/adapters/web\t(cached)","timestamp":"2026-03-13T17:24:09.981251457Z"}
{"type":"log","step_name":"test","message":"ok  \tgithub.com/cloche-dev/cloche/internal/agent\t(cached)","timestamp":"2026-03-13T17:24:09.981265072Z"}
{"type":"log","step_name":"test","message":"ok  \tgithub.com/cloche-dev/cloche/internal/config\t(cached)","timestamp":"2026-03-13T17:24:09.981286102Z"}
{"type":"log","step_name":"test","message":"ok  \tgithub.com/cloche-dev/cloche/internal/domain\t(cached)","timestamp":"2026-03-13T17:24:09.981300379Z"}
{"type":"log","step_name":"test","message":"ok  \tgithub.com/cloche-dev/cloche/internal/dsl\t(cached)","timestamp":"2026-03-13T17:24:09.981314275Z"}
{"type":"log","step_name":"test","message":"ok  \tgithub.com/cloche-dev/cloche/internal/engine\t(cached)","timestamp":"2026-03-13T17:24:09.981329023Z"}
{"type":"log","step_name":"test","message":"ok  \tgithub.com/cloche-dev/cloche/internal/evolution\t(cached)","timestamp":"2026-03-13T17:24:09.981347398Z"}
{"type":"log","step_name":"test","message":"ok  \tgithub.com/cloche-dev/cloche/internal/host\t(cached)","timestamp":"2026-03-13T17:24:10.000681956Z"}
{"type":"log","step_name":"test","message":"ok  \tgithub.com/cloche-dev/cloche/internal/logstream\t(cached)","timestamp":"2026-03-13T17:24:10.00070523Z"}
{"type":"log","step_name":"test","message":"?   \tgithub.com/cloche-dev/cloche/internal/ports\t[no test files]","timestamp":"2026-03-13T17:24:10.000707595Z"}
{"type":"log","step_name":"test","message":"ok  \tgithub.com/cloche-dev/cloche/internal/protocol\t(cached)","timestamp":"2026-03-13T17:24:10.000769562Z"}
{"type":"log","step_name":"test","message":"ok  \tgithub.com/cloche-dev/cloche/internal/runcontext\t(cached)","timestamp":"2026-03-13T17:24:10.000838231Z"}
{"type":"log","step_name":"test","message":"ok  \tgithub.com/cloche-dev/cloche/test/integration\t(cached)","timestamp":"2026-03-13T17:24:10.00086923Z"}
{"type":"step_completed","step_name":"test","result":"success","timestamp":"2026-03-13T17:24:10.026477362Z"}
{"type":"step_started","step_name":"update-docs","timestamp":"2026-03-13T17:24:10.029391879Z"}
{"type":"log","step_name":"update-docs","message":"--- Tool: Read('/workspace/internal/adapters/web/handler.go') ---","timestamp":"2026-03-13T17:24:24.258603032Z"}
{"type":"log","step_name":"update-docs","message":"--- Tool: Read('/workspace/internal/adapters/web/templates/project_detail...') ---","timestamp":"2026-03-13T17:24:24.7337355Z"}
{"type":"log","step_name":"update-docs","message":"--- Tool: Read('/workspace/internal/adapters/web/handler_test.go') ---","timestamp":"2026-03-13T17:24:24.855617613Z"}
{"type":"log","step_name":"update-docs","message":"Let me find the step content API handler in handler.go.","timestamp":"2026-03-13T17:24:28.129550172Z"}
{"type":"log","step_name":"update-docs","message":"--- Tool: Grep('step.*content|stepContent|/steps/') ---","timestamp":"2026-03-13T17:24:29.4563893Z"}
{"type":"log","step_name":"update-docs","message":"--- Tool: Grep('handleAPIStepContent') ---","timestamp":"2026-03-13T17:24:32.050342484Z"}
{"type":"log","step_name":"update-docs","message":"--- Tool: Read('/workspace/internal/adapters/web/handler.go') ---","timestamp":"2026-03-13T17:24:34.7090001Z"}
{"type":"log","step_name":"update-docs","message":"Now let me find the `resolveFileRef` and `isTextContent` and `readScriptFromCommand` helper functions.","timestamp":"2026-03-13T17:24:37.229649691Z"}
{"type":"log","step_name":"update-docs","message":"--- Tool: Grep('func resolveFileRef|func isTextContent|func readScriptFro...') ---","timestamp":"2026-03-13T17:24:38.021767655Z"}
{"type":"log","step_name":"update-docs","message":"Let me see the current staged changes.","timestamp":"2026-03-13T17:24:59.160210462Z"}
{"type":"log","step_name":"update-docs","message":"--- Tool: Bash('git diff internal/adapters/web/handler.go') ---","timestamp":"2026-03-13T17:24:59.211284992Z"}
{"type":"log","step_name":"update-docs","message":"--- Tool: Bash('git diff internal/adapters/web/handler_test.go') ---","timestamp":"2026-03-13T17:24:59.380413875Z"}
{"type":"log","step_name":"update-docs","message":"--- Tool: Bash('git diff internal/adapters/web/templates/project_detail.html') ---","timestamp":"2026-03-13T17:25:00.042528775Z"}
{"type":"log","step_name":"update-docs","message":"Good. The changes are already implemented. The diff shows:","timestamp":"2026-03-13T17:25:07.151421887Z"}
{"type":"log","step_name":"update-docs","timestamp":"2026-03-13T17:25:07.151443458Z"}
{"type":"log","step_name":"update-docs","message":"1. **Server-side (`handler.go`)**: The `run` config handling now only serves content from `.cloche/scripts/` text files. File refs outside `.cloche/scripts/` are blocked. Binary files (detected via `isTextContent`) are not served. `readScriptFromCommand` also restricts to `.cloche/scripts/` and checks for text content.","timestamp":"2026-03-13T17:25:07.151445933Z"}
{"type":"log","step_name":"update-docs","timestamp":"2026-03-13T17:25:07.151458356Z"}
{"type":"log","step_name":"update-docs","message":"2. **Client-side (`project_detail.html`)**: When no content is returned, the content panel is hidden (`el.style.display = 'none'`) instead of showing \"No content available\".","timestamp":"2026-03-13T17:25:07.15146055Z"}
{"type":"log","step_name":"update-docs","timestamp":"2026-03-13T17:25:07.151463536Z"}
{"type":"log","step_name":"update-docs","message":"3. **Tests (`handler_test.go`)**: New tests for binary file rejection, file refs outside scripts dir, and `isTextContent`. Existing tests updated to expect empty responses for inline commands.","timestamp":"2026-03-13T17:25:07.151465289Z"}
{"type":"log","step_name":"update-docs","timestamp":"2026-03-13T17:25:07.151468094Z"}
{"type":"log","step_name":"update-docs","message":"Let me run the tests to make sure everything passes.","timestamp":"2026-03-13T17:25:07.151469778Z"}
{"type":"log","step_name":"update-docs","message":"--- Tool: Bash('go test ./internal/adapters/web/ -run \"TestAPIStepContent...') ---","timestamp":"2026-03-13T17:25:08.48527825Z"}
{"type":"log","step_name":"update-docs","message":"All 7 tests pass. Now let me check documentation for anything that needs updating.","timestamp":"2026-03-13T17:25:11.708861917Z"}
{"type":"log","step_name":"update-docs","message":"--- Tool: Agent('Search docs/ directory for any documentation that mention...') ---","timestamp":"2026-03-13T17:25:15.130381746Z"}
{"type":"log","step_name":"update-docs","message":"--- Tool: Glob('docs/**/*.md') ---","timestamp":"2026-03-13T17:25:16.401621903Z"}
{"type":"log","step_name":"update-docs","message":"--- Tool: Grep('step content|drawer|web UI|workflow.*content|binary|API e...') ---","timestamp":"2026-03-13T17:25:16.864316704Z"}
{"type":"log","step_name":"update-docs","message":"--- Tool: Read('/workspace/docs/USAGE.md') ---","timestamp":"2026-03-13T17:25:17.949458257Z"}
{"type":"log","step_name":"update-docs","message":"--- Tool: Read('/workspace/docs/plans/2026-03-06-project-pages-design.md') ---","timestamp":"2026-03-13T17:25:18.161461841Z"}
{"type":"log","step_name":"update-docs","message":"--- Tool: Read('/workspace/docs/plans/2026-03-03-next-features-design.md') ---","timestamp":"2026-03-13T17:25:18.395870374Z"}
{"type":"log","step_name":"update-docs","message":"--- Tool: Read('/workspace/docs/SAFETY.md') ---","timestamp":"2026-03-13T17:25:18.556533062Z"}
{"type":"log","step_name":"update-docs","message":"--- Tool: Grep('content.*serve|serve.*content|binary|drawer.*content|scri...') ---","timestamp":"2026-03-13T17:25:20.714537816Z"}
{"type":"log","step_name":"update-docs","message":"--- Tool: Read('/workspace/docs/plans/2026-02-20-cloche-implementation.md') ---","timestamp":"2026-03-13T17:25:21.143202217Z"}
{"type":"log","step_name":"update-docs","message":"--- Tool: Grep('GET.*workflows.*step.*content|/api/projects.*workflows.*c...') ---","timestamp":"2026-03-13T17:25:23.392071492Z"}
{"type":"log","step_name":"update-docs","message":"--- Tool: Read('/workspace/docs/plans/2026-03-06-project-pages-design.md') ---","timestamp":"2026-03-13T17:25:24.740533673Z"}
{"type":"log","step_name":"update-docs","message":"--- Tool: Read('/workspace/docs/plans/2026-03-06-project-pages-design.md') ---","timestamp":"2026-03-13T17:25:25.942114168Z"}
{"type":"log","step_name":"update-docs","message":"--- Tool: Read('/workspace/docs/plans/2026-03-06-project-pages-design.md') ---","timestamp":"2026-03-13T17:25:35.866996696Z"}
{"type":"log","step_name":"update-docs","message":"The documentation needs updating at lines 153-154 and 209-210. Let me update it.","timestamp":"2026-03-13T17:25:38.547775307Z"}
{"type":"log","step_name":"update-docs","message":"--- Tool: Edit('/workspace/docs/plans/2026-03-06-project-pages-design.md') ---","timestamp":"2026-03-13T17:25:41.822660421Z"}
{"type":"log","step_name":"update-docs","message":"--- Tool: Edit('/workspace/docs/plans/2026-03-06-project-pages-design.md') ---","timestamp":"2026-03-13T17:25:46.136757228Z"}
{"type":"log","step_name":"update-docs","message":"Let me verify the edits look correct.","timestamp":"2026-03-13T17:25:48.005489006Z"}
{"type":"log","step_name":"update-docs","message":"--- Tool: Read('/workspace/docs/plans/2026-03-06-project-pages-design.md') ---","timestamp":"2026-03-13T17:25:48.897364104Z"}
{"type":"log","step_name":"update-docs","message":"--- Tool: Read('/workspace/docs/plans/2026-03-06-project-pages-design.md') ---","timestamp":"2026-03-13T17:25:49.453071072Z"}
{"type":"log","step_name":"update-docs","message":"Documentation updated. Both sections now accurately reflect the implementation:","timestamp":"2026-03-13T17:25:55.171178145Z"}
{"type":"log","step_name":"update-docs","timestamp":"2026-03-13T17:25:55.171198673Z"}
{"type":"log","step_name":"update-docs","message":"- **Line 154**: Updated drawer panel description for host script steps to note `.cloche/scripts/` restriction and hidden content panel","timestamp":"2026-03-13T17:25:55.171204114Z"}
{"type":"log","step_name":"update-docs","message":"- **Lines 209-213**: Updated API endpoint description to document that `run` steps only serve text files from `.cloche/scripts/`","timestamp":"2026-03-13T17:25:55.171209484Z"}
{"type":"log","step_name":"update-docs","timestamp":"2026-03-13T17:25:55.171214714Z"}
{"type":"log","step_name":"update-docs","message":"CLOCHE_RESULT:success","timestamp":"2026-03-13T17:25:55.171218651Z"}
{"type":"log","step_name":"update-docs","message":"Documentation updated. Both sections now accurately reflect the implementation:","timestamp":"2026-03-13T17:25:55.195223862Z"}
{"type":"log","step_name":"update-docs","timestamp":"2026-03-13T17:25:55.195245092Z"}
{"type":"log","step_name":"update-docs","message":"- **Line 154**: Updated drawer panel description for host script steps to note `.cloche/scripts/` restriction and hidden content panel","timestamp":"2026-03-13T17:25:55.195250292Z"}
{"type":"log","step_name":"update-docs","message":"- **Lines 209-213**: Updated API endpoint description to document that `run` steps only serve text files from `.cloche/scripts/`","timestamp":"2026-03-13T17:25:55.195268206Z"}
{"type":"log","step_name":"update-docs","timestamp":"2026-03-13T17:25:55.195273576Z"}
{"type":"log","step_name":"update-docs","message":"CLOCHE_RESULT:success","timestamp":"2026-03-13T17:25:55.524266242Z"}
{"type":"step_completed","step_name":"update-docs","result":"success","timestamp":"2026-03-13T17:25:55.544503885Z"}
{"type":"run_completed","result":"succeeded","timestamp":"2026-03-13T17:25:55.550887018Z"}
