{"type":"step_started","step_name":"implement","timestamp":"2026-03-06T20:52:35.518484437Z"}
{"type":"log","step_name":"implement","message":"All done. Here's a summary of the changes:","timestamp":"2026-03-06T20:55:08.1534168Z"}
{"type":"log","step_name":"implement","timestamp":"2026-03-06T20:55:08.153455613Z"}
{"type":"log","step_name":"implement","message":"**`cmd/cloche/init.go`:**","timestamp":"2026-03-06T20:55:08.153461194Z"}
{"type":"log","step_name":"implement","message":"1. Added 4 new templates: `configTomlTemplate`, `versionTemplate`, `hostWorkflowTemplate`, `preparePromptScript`","timestamp":"2026-03-06T20:55:08.153463959Z"}
{"type":"log","step_name":"implement","message":"2. Added `scripts/` to the directory creation loop","timestamp":"2026-03-06T20:55:08.153469459Z"}
{"type":"log","step_name":"implement","message":"3. Added `config.toml`, `version`, and `host.cloche` to the files slice","timestamp":"2026-03-06T20:55:08.153472205Z"}
{"type":"log","step_name":"implement","message":"4. Added separate handling for `prepare-prompt.sh` with `0755` mode","timestamp":"2026-03-06T20:55:08.153477605Z"}
{"type":"log","step_name":"implement","message":"5. Extracted core logic into `doInit(baseDir, workflow, image)` for testability; `cmdInit` calls `doInit(\".\",...)`","timestamp":"2026-03-06T20:55:08.153503935Z"}
{"type":"log","step_name":"implement","message":"6. Replaced `.gitignore` entries with new patterns (`*-*-*/`, `run-*/`, `attempt_count/`)","timestamp":"2026-03-06T20:55:08.153511609Z"}
{"type":"log","step_name":"implement","message":"7. Updated `addGitignoreEntries` to accept a path parameter and remove legacy entries (`.cloche/*/`, `!.cloche/prompts/`, etc.)","timestamp":"2026-03-06T20:55:08.153522229Z"}
{"type":"log","step_name":"implement","message":"8. Updated \"Next steps\" output to include all 7 steps","timestamp":"2026-03-06T20:55:08.153528491Z"}
{"type":"log","step_name":"implement","timestamp":"2026-03-06T20:55:08.153531106Z"}
{"type":"log","step_name":"implement","message":"**`cmd/cloche/init_test.go`:** Rewrote with 8 tests covering fresh init, custom flags, skip-existing, executable permissions, new gitignore patterns, legacy entry removal, workflow template paths, and `doInit` with a base directory.","timestamp":"2026-03-06T20:55:08.15353352Z"}
{"type":"log","step_name":"implement","timestamp":"2026-03-06T20:55:08.153551374Z"}
{"type":"log","step_name":"implement","message":"CLOCHE_RESULT:success","timestamp":"2026-03-06T20:55:08.678522232Z"}
{"type":"step_completed","step_name":"implement","result":"success","timestamp":"2026-03-06T20:55:08.703438272Z"}
{"type":"step_started","step_name":"test","timestamp":"2026-03-06T20:55:08.703473168Z"}
{"type":"step_completed","step_name":"test","result":"success","timestamp":"2026-03-06T20:55:38.072577492Z"}
{"type":"step_started","step_name":"update-docs","timestamp":"2026-03-06T20:55:38.07260833Z"}
{"type":"log","step_name":"update-docs","message":"Prompt is too long","timestamp":"2026-03-06T20:55:41.299618903Z"}
{"type":"step_completed","step_name":"update-docs","result":"fail","timestamp":"2026-03-06T20:55:41.300187628Z"}
{"type":"run_completed","result":"succeeded","timestamp":"2026-03-06T20:55:41.30026272Z"}
