[
  {
    "id": "cloche-lj1",
    "title": "UI: SSE log scroll position should be stable",
    "description": "SSE log events reset the scroll position in the web site logs. The scroll position should be stable so that users can continue to read the logs even as new logs come in. Special case: if the scroll position is at the bottom, just autoscroll with the new input at the bottom so we can tail the log easily.",
    "status": "open",
    "priority": 2,
    "issue_type": "bug",
    "owner": "lucas@perfectlunacy.com",
    "created_at": "2026-03-10T14:10:06.423904373-07:00",
    "created_by": "lucas",
    "updated_at": "2026-03-10T14:10:06.423904373-07:00",
    "labels": [
      "logs",
      "ui"
    ],
    "dependency_count": 0,
    "dependent_count": 0
  }
]
