{"type":"run_title","message":"Task: V2: Database schema — tasks, attempts, attempt_logs tables","timestamp":"2026-03-18T19:00:19.293996806Z"}
{"type":"step_started","step_name":"implement","timestamp":"2026-03-18T19:00:19.29423693Z"}
{"type":"log","step_name":"implement","message":"--- Tool: Agent('I need to understand the current database schema and RunS...') ---","timestamp":"2026-03-18T19:00:41.806507812Z"}
{"type":"log","step_name":"implement","message":"--- Tool: Glob('**/*store*.go') ---","timestamp":"2026-03-18T19:00:43.438717095Z"}
{"type":"log","step_name":"implement","message":"--- Tool: Glob('**/domain/**/*.go') ---","timestamp":"2026-03-18T19:00:43.676253172Z"}
{"type":"log","step_name":"implement","message":"--- Tool: Glob('**/ports/**/*.go') ---","timestamp":"2026-03-18T19:00:43.910846896Z"}
{"type":"log","step_name":"implement","message":"--- Tool: Glob('**/adapters/sqlite/**/*.go') ---","timestamp":"2026-03-18T19:00:44.146138529Z"}
{"type":"log","step_name":"implement","message":"--- Tool: Glob('**/*migration*.go') ---","timestamp":"2026-03-18T19:00:44.160604939Z"}
{"type":"log","step_name":"implement","message":"--- Tool: Glob('**/*.sql') ---","timestamp":"2026-03-18T19:00:44.277354791Z"}
{"type":"log","step_name":"implement","message":"--- Tool: Grep('RunStore') ---","timestamp":"2026-03-18T19:00:47.479987681Z"}
{"type":"log","step_name":"implement","message":"--- Tool: Glob('internal/adapters/sqlite/**/*.go') ---","timestamp":"2026-03-18T19:00:47.973451569Z"}
{"type":"log","step_name":"implement","message":"--- Tool: Glob('internal/ports/*.go') ---","timestamp":"2026-03-18T19:00:48.31366853Z"}
{"type":"log","step_name":"implement","message":"--- Tool: Glob('internal/domain/*.go') ---","timestamp":"2026-03-18T19:00:48.341782831Z"}
{"type":"log","step_name":"implement","message":"--- Tool: Read('/workspace/internal/ports/store.go') ---","timestamp":"2026-03-18T19:00:50.84267638Z"}
{"type":"log","step_name":"implement","message":"--- Tool: Read('/workspace/internal/adapters/sqlite/store.go') ---","timestamp":"2026-03-18T19:00:51.314265067Z"}
{"type":"log","step_name":"implement","message":"--- Tool: Read('/workspace/internal/domain/run.go') ---","timestamp":"2026-03-18T19:00:51.736596616Z"}
{"type":"log","step_name":"implement","message":"--- Tool: Read('/workspace/internal/domain/task.go') ---","timestamp":"2026-03-18T19:00:52.183477705Z"}
{"type":"log","step_name":"implement","message":"--- Tool: Read('/workspace/internal/domain/attempt.go') ---","timestamp":"2026-03-18T19:00:52.18908526Z"}
{"type":"log","step_name":"implement","message":"--- Tool: Read('/workspace/internal/adapters/sqlite/store_test.go') ---","timestamp":"2026-03-18T19:00:52.483095464Z"}
{"type":"step_completed","step_name":"implement","result":"success","timestamp":"2026-03-18T19:00:58.245132554Z"}
{"type":"step_started","step_name":"test","timestamp":"2026-03-18T19:00:58.248622905Z"}
{"type":"log","step_name":"test","message":"go: downloading google.golang.org/grpc v1.79.1","timestamp":"2026-03-18T19:00:58.389663657Z"}
{"type":"log","step_name":"test","message":"go: downloading google.golang.org/protobuf v1.36.11","timestamp":"2026-03-18T19:00:58.389811737Z"}
{"type":"log","step_name":"test","message":"go: downloading github.com/stretchr/testify v1.11.1","timestamp":"2026-03-18T19:00:58.391608435Z"}
{"type":"log","step_name":"test","message":"go: downloading github.com/BurntSushi/toml v1.6.0","timestamp":"2026-03-18T19:00:58.398063483Z"}
{"type":"log","step_name":"test","message":"go: downloading modernc.org/sqlite v1.46.1","timestamp":"2026-03-18T19:00:58.407588828Z"}
{"type":"log","step_name":"test","message":"go: downloading gopkg.in/yaml.v3 v3.0.1","timestamp":"2026-03-18T19:01:03.638970394Z"}
{"type":"log","step_name":"test","message":"go: downloading github.com/davecgh/go-spew v1.1.1","timestamp":"2026-03-18T19:01:03.638991935Z"}
{"type":"log","step_name":"test","message":"go: downloading github.com/pmezard/go-difflib v1.0.0","timestamp":"2026-03-18T19:01:03.63906865Z"}
{"type":"log","step_name":"test","message":"go: downloading golang.org/x/sys v0.39.0","timestamp":"2026-03-18T19:01:04.150910273Z"}
{"type":"log","step_name":"test","message":"go: downloading golang.org/x/net v0.48.0","timestamp":"2026-03-18T19:01:04.150934649Z"}
{"type":"log","step_name":"test","message":"go: downloading google.golang.org/genproto/googleapis/rpc v0.0.0-20251202230838-ff82c1b0f217","timestamp":"2026-03-18T19:01:04.15114655Z"}
{"type":"log","step_name":"test","message":"go: downloading golang.org/x/text v0.32.0","timestamp":"2026-03-18T19:01:04.491358039Z"}
{"type":"log","step_name":"test","message":"go: downloading modernc.org/libc v1.67.6","timestamp":"2026-03-18T19:01:11.318650476Z"}
{"type":"log","step_name":"test","message":"go: downloading modernc.org/memory v1.11.0","timestamp":"2026-03-18T19:01:13.476385916Z"}
{"type":"log","step_name":"test","message":"go: downloading golang.org/x/exp v0.0.0-20251023183803-a4bb9ffd2546","timestamp":"2026-03-18T19:01:13.476427735Z"}
{"type":"log","step_name":"test","message":"go: downloading github.com/dustin/go-humanize v1.0.1","timestamp":"2026-03-18T19:01:13.476435079Z"}
{"type":"log","step_name":"test","message":"go: downloading github.com/google/uuid v1.6.0","timestamp":"2026-03-18T19:01:13.476438826Z"}
{"type":"log","step_name":"test","message":"go: downloading modernc.org/mathutil v1.7.1","timestamp":"2026-03-18T19:01:13.476499992Z"}
{"type":"log","step_name":"test","message":"go: downloading github.com/remyoudompheng/bigfft v0.0.0-20230129092748-24d4a6f8daec","timestamp":"2026-03-18T19:01:13.529683394Z"}
{"type":"log","step_name":"test","message":"?   \tgithub.com/cloche-dev/cloche/api/clochepb\t[no test files]","timestamp":"2026-03-18T19:01:23.976555539Z"}
{"type":"log","step_name":"test","message":"ok  \tgithub.com/cloche-dev/cloche/cmd/cloche\t10.036s","timestamp":"2026-03-18T19:01:34.707019727Z"}
{"type":"log","step_name":"test","message":"?   \tgithub.com/cloche-dev/cloche/cmd/cloche-agent\t[no test files]","timestamp":"2026-03-18T19:01:34.707055514Z"}
{"type":"log","step_name":"test","message":"?   \tgithub.com/cloche-dev/cloche/cmd/cloched\t[no test files]","timestamp":"2026-03-18T19:01:34.70705843Z"}
{"type":"log","step_name":"test","message":"ok  \tgithub.com/cloche-dev/cloche/internal/adapters/agents/generic\t0.019s","timestamp":"2026-03-18T19:01:34.707060935Z"}
{"type":"log","step_name":"test","message":"ok  \tgithub.com/cloche-dev/cloche/internal/adapters/agents/prompt\t0.036s","timestamp":"2026-03-18T19:01:34.707063449Z"}
{"type":"log","step_name":"test","message":"ok  \tgithub.com/cloche-dev/cloche/internal/adapters/docker\t0.005s","timestamp":"2026-03-18T19:01:34.707065864Z"}
{"type":"log","step_name":"test","message":"ok  \tgithub.com/cloche-dev/cloche/internal/adapters/grpc\t4.927s","timestamp":"2026-03-18T19:01:37.408911403Z"}
{"type":"log","step_name":"test","message":"ok  \tgithub.com/cloche-dev/cloche/internal/adapters/local\t0.006s","timestamp":"2026-03-18T19:01:37.408951509Z"}
{"type":"log","step_name":"test","message":"ok  \tgithub.com/cloche-dev/cloche/internal/adapters/sqlite\t0.928s","timestamp":"2026-03-18T19:01:37.408956268Z"}
{"type":"log","step_name":"test","message":"ok  \tgithub.com/cloche-dev/cloche/internal/adapters/web\t0.856s","timestamp":"2026-03-18T19:01:37.408960055Z"}
{"type":"log","step_name":"test","message":"ok  \tgithub.com/cloche-dev/cloche/internal/agent\t0.896s","timestamp":"2026-03-18T19:01:37.408963552Z"}
{"type":"log","step_name":"test","message":"ok  \tgithub.com/cloche-dev/cloche/internal/config\t0.010s","timestamp":"2026-03-18T19:01:37.408966547Z"}
{"type":"log","step_name":"test","message":"ok  \tgithub.com/cloche-dev/cloche/internal/domain\t0.005s","timestamp":"2026-03-18T19:01:37.408969443Z"}
{"type":"log","step_name":"test","message":"ok  \tgithub.com/cloche-dev/cloche/internal/dsl\t0.005s","timestamp":"2026-03-18T19:01:37.408972098Z"}
{"type":"log","step_name":"test","message":"ok  \tgithub.com/cloche-dev/cloche/internal/engine\t0.204s","timestamp":"2026-03-18T19:01:37.408975003Z"}
{"type":"log","step_name":"test","message":"ok  \tgithub.com/cloche-dev/cloche/internal/evolution\t9.109s","timestamp":"2026-03-18T19:01:41.664182806Z"}
{"type":"log","step_name":"test","message":"ok  \tgithub.com/cloche-dev/cloche/internal/host\t17.485s","timestamp":"2026-03-18T19:01:50.067368781Z"}
{"type":"log","step_name":"test","message":"ok  \tgithub.com/cloche-dev/cloche/internal/logstream\t0.056s","timestamp":"2026-03-18T19:01:50.067395391Z"}
{"type":"log","step_name":"test","message":"?   \tgithub.com/cloche-dev/cloche/internal/ports\t[no test files]","timestamp":"2026-03-18T19:01:50.067398487Z"}
{"type":"log","step_name":"test","message":"ok  \tgithub.com/cloche-dev/cloche/internal/protocol\t0.003s","timestamp":"2026-03-18T19:01:50.067401042Z"}
{"type":"log","step_name":"test","message":"ok  \tgithub.com/cloche-dev/cloche/internal/runcontext\t0.005s","timestamp":"2026-03-18T19:01:50.067403537Z"}
{"type":"log","step_name":"test","message":"ok  \tgithub.com/cloche-dev/cloche/internal/version\t0.002s","timestamp":"2026-03-18T19:01:50.067407815Z"}
{"type":"log","step_name":"test","message":"ok  \tgithub.com/cloche-dev/cloche/test/integration\t0.332s","timestamp":"2026-03-18T19:01:50.06741038Z"}
{"type":"step_completed","step_name":"test","result":"success","timestamp":"2026-03-18T19:01:50.290976833Z"}
{"type":"step_started","step_name":"update-docs","timestamp":"2026-03-18T19:01:50.294950759Z"}
{"type":"log","step_name":"update-docs","timestamp":"2026-03-18T19:02:07.068671938Z"}
{"type":"log","step_name":"update-docs","timestamp":"2026-03-18T19:02:07.06869941Z"}
{"type":"log","step_name":"update-docs","message":"I'll start by examining the current source code to understand what changes have been made, then compare against documentation.","timestamp":"2026-03-18T19:02:07.068702726Z"}
{"type":"log","step_name":"update-docs","message":"--- Tool: Agent('Explore the codebase to find:","timestamp":"2026-03-18T19:02:10.809062135Z"}
{"type":"log","step_name":"update-docs","message":"1. SQLite schema definition...') ---","timestamp":"2026-03-18T19:02:10.809089086Z"}
{"type":"log","step_name":"update-docs","message":"--- Tool: Glob('docs/**/*.md') ---","timestamp":"2026-03-18T19:02:10.828187365Z"}
{"type":"log","step_name":"update-docs","message":"--- Tool: Glob('internal/ports/**/*.go') ---","timestamp":"2026-03-18T19:02:11.933855141Z"}
{"type":"log","step_name":"update-docs","message":"--- Tool: Glob('internal/adapters/**/*.go') ---","timestamp":"2026-03-18T19:02:12.1809814Z"}
{"type":"log","step_name":"update-docs","message":"--- Tool: Glob('**/*schema*') ---","timestamp":"2026-03-18T19:02:12.385384691Z"}
{"type":"log","step_name":"update-docs","message":"--- Tool: Glob('**/*migration*') ---","timestamp":"2026-03-18T19:02:12.545627144Z"}
{"type":"log","step_name":"update-docs","message":"--- Tool: Glob('**/*.sql') ---","timestamp":"2026-03-18T19:02:12.565008838Z"}
{"type":"log","step_name":"update-docs","message":"--- Tool: Agent('Find and read the following to understand the current sta...') ---","timestamp":"2026-03-18T19:02:21.680172301Z"}
{"type":"log","step_name":"update-docs","message":"--- Tool: Read('/workspace/docs/plans/2026-03-18-task-oriented-apis-desig...') ---","timestamp":"2026-03-18T19:02:22.053556341Z"}
{"type":"log","step_name":"update-docs","message":"--- Tool: Read('/workspace/docs/plans/2026-02-20-cloche-system-design.md') ---","timestamp":"2026-03-18T19:02:22.266684752Z"}
{"type":"log","step_name":"update-docs","message":"--- Tool: Grep('CREATE TABLE') ---","timestamp":"2026-03-18T19:02:23.82989779Z"}
{"type":"log","step_name":"update-docs","message":"--- Tool: Glob('internal/ports/*.go') ---","timestamp":"2026-03-18T19:02:23.98030377Z"}
{"type":"log","step_name":"update-docs","message":"--- Tool: Glob('internal/adapters/sqlite/*.go') ---","timestamp":"2026-03-18T19:02:24.098269088Z"}
{"type":"log","step_name":"update-docs","message":"--- Tool: Glob('**/*migration* **/*migrate*') ---","timestamp":"2026-03-18T19:02:24.190989973Z"}
{"type":"log","step_name":"update-docs","message":"--- Tool: Grep('CREATE TABLE') ---","timestamp":"2026-03-18T19:02:27.851800921Z"}
{"type":"log","step_name":"update-docs","message":"--- Tool: Grep('TaskStore|AttemptStore|RunStore') ---","timestamp":"2026-03-18T19:02:28.809110516Z"}
{"type":"log","step_name":"update-docs","message":"--- Tool: Grep('type Task struct|type Attempt struct|TaskStore|AttemptStore') ---","timestamp":"2026-03-18T19:02:35.302472207Z"}
{"type":"log","step_name":"update-docs","message":"--- Tool: Read('/workspace/internal/ports/store.go') ---","timestamp":"2026-03-18T19:02:35.31828934Z"}
{"type":"step_completed","step_name":"update-docs","result":"success","timestamp":"2026-03-18T19:02:35.878205088Z"}
{"type":"run_completed","result":"succeeded","timestamp":"2026-03-18T19:02:35.885238039Z"}
