{"type":"run_title","message":"Task: Host workflow scripts must execute from main branch","timestamp":"2026-03-10T21:52:47.004471559Z"}
{"type":"step_started","step_name":"implement","timestamp":"2026-03-10T21:52:47.004727364Z"}
{"type":"log","step_name":"implement","message":"## Summary","timestamp":"2026-03-10T21:58:17.564276424Z"}
{"type":"log","step_name":"implement","timestamp":"2026-03-10T21:58:17.564314286Z"}
{"type":"log","step_name":"implement","message":"Implemented host workflow script execution from the main branch worktree. Changes:","timestamp":"2026-03-10T21:58:17.564326479Z"}
{"type":"log","step_name":"implement","timestamp":"2026-03-10T21:58:17.564345795Z"}
{"type":"log","step_name":"implement","message":"**`internal/host/executor.go`:**","timestamp":"2026-03-10T21:58:17.564349492Z"}
{"type":"log","step_name":"implement","message":"- Added `MainDir` field to `Executor` — the main worktree directory from which scripts execute","timestamp":"2026-03-10T21:58:17.564357207Z"}
{"type":"log","step_name":"implement","message":"- Added `scriptDir()` helper that returns `MainDir` if set, falling back to `ProjectDir`","timestamp":"2026-03-10T21:58:17.564362577Z"}
{"type":"log","step_name":"implement","message":"- Changed `executeScript` to use `scriptDir()` as `cmd.Dir` instead of `ProjectDir` directly","timestamp":"2026-03-10T21:58:17.564371574Z"}
{"type":"log","step_name":"implement","message":"- `CLOCHE_PROJECT_DIR` env var still points to `ProjectDir` (the actual worktree), so scripts can still access worktree-specific files","timestamp":"2026-03-10T21:58:17.564376403Z"}
{"type":"log","step_name":"implement","message":"- Added `MainWorktreeDir()` function that uses `git worktree list --porcelain` to find the main (non-linked) worktree path, falling back to `projectDir` if not a git repo","timestamp":"2026-03-10T21:58:17.564385951Z"}
{"type":"log","step_name":"implement","timestamp":"2026-03-10T21:58:17.564405318Z"}
{"type":"log","step_name":"implement","message":"**`internal/host/runner.go`:**","timestamp":"2026-03-10T21:58:17.564409756Z"}
{"type":"log","step_name":"implement","message":"- `RunWithID` now calls `MainWorktreeDir(projectDir)` and passes the result as `MainDir` to the `Executor`","timestamp":"2026-03-10T21:58:17.564418152Z"}
{"type":"log","step_name":"implement","timestamp":"2026-03-10T21:58:17.564428031Z"}
{"type":"log","step_name":"implement","message":"**`internal/host/executor_test.go`** — 6 new tests:","timestamp":"2026-03-10T21:58:17.564432409Z"}
{"type":"log","step_name":"implement","message":"- `TestExecutor_ScriptStep_UsesMainDir` — scripts resolve from MainDir","timestamp":"2026-03-10T21:58:17.564441186Z"}
{"type":"log","step_name":"implement","message":"- `TestExecutor_ScriptStep_MainDirOverridesProjectDir` — MainDir's script wins over ProjectDir's","timestamp":"2026-03-10T21:58:17.564451014Z"}
{"type":"log","step_name":"implement","message":"- `TestExecutor_ScriptStep_FallsBackToProjectDir` — empty MainDir falls back to ProjectDir","timestamp":"2026-03-10T21:58:17.564460061Z"}
{"type":"log","step_name":"implement","message":"- `TestExecutor_ScriptStep_ProjectDirEnvVar` — `CLOCHE_PROJECT_DIR` always points to ProjectDir","timestamp":"2026-03-10T21:58:17.56447Z"}
{"type":"log","step_name":"implement","message":"- `TestMainWorktreeDir_NonGitDir` — non-git directory falls back","timestamp":"2026-03-10T21:58:17.564483035Z"}
{"type":"log","step_name":"implement","message":"- `TestMainWorktreeDir_WithWorktree` — real git worktree resolves to main worktree","timestamp":"2026-03-10T21:58:17.564493274Z"}
{"type":"log","step_name":"implement","timestamp":"2026-03-10T21:58:17.564508393Z"}
{"type":"log","step_name":"implement","message":"CLOCHE_RESULT:success","timestamp":"2026-03-10T21:58:17.906014841Z"}
{"type":"step_completed","step_name":"implement","result":"success","timestamp":"2026-03-10T21:58:17.934646429Z"}
{"type":"step_started","step_name":"test","timestamp":"2026-03-10T21:58:17.939055582Z"}
{"type":"log","step_name":"test","message":"?   \tgithub.com/cloche-dev/cloche/api/clochepb\t[no test files]","timestamp":"2026-03-10T21:58:18.261832229Z"}
{"type":"log","step_name":"test","message":"ok  \tgithub.com/cloche-dev/cloche/cmd/cloche\t(cached)","timestamp":"2026-03-10T21:58:18.306175757Z"}
{"type":"log","step_name":"test","message":"?   \tgithub.com/cloche-dev/cloche/cmd/cloche-agent\t[no test files]","timestamp":"2026-03-10T21:58:18.306207467Z"}
{"type":"log","step_name":"test","message":"?   \tgithub.com/cloche-dev/cloche/cmd/cloched\t[no test files]","timestamp":"2026-03-10T21:58:18.344648837Z"}
{"type":"log","step_name":"test","message":"ok  \tgithub.com/cloche-dev/cloche/internal/adapters/agents/generic\t(cached)","timestamp":"2026-03-10T21:58:18.344884763Z"}
{"type":"log","step_name":"test","message":"ok  \tgithub.com/cloche-dev/cloche/internal/adapters/agents/prompt\t(cached)","timestamp":"2026-03-10T21:58:18.344907967Z"}
{"type":"log","step_name":"test","message":"ok  \tgithub.com/cloche-dev/cloche/internal/adapters/docker\t(cached)","timestamp":"2026-03-10T21:58:18.344943905Z"}
{"type":"log","step_name":"test","message":"ok  \tgithub.com/cloche-dev/cloche/internal/adapters/grpc\t(cached)","timestamp":"2026-03-10T21:58:18.345041871Z"}
{"type":"log","step_name":"test","message":"ok  \tgithub.com/cloche-dev/cloche/internal/adapters/local\t(cached)","timestamp":"2026-03-10T21:58:18.345061808Z"}
{"type":"log","step_name":"test","message":"ok  \tgithub.com/cloche-dev/cloche/internal/adapters/sqlite\t(cached)","timestamp":"2026-03-10T21:58:18.345128154Z"}
{"type":"log","step_name":"test","message":"ok  \tgithub.com/cloche-dev/cloche/internal/adapters/web\t(cached)","timestamp":"2026-03-10T21:58:18.345186064Z"}
{"type":"log","step_name":"test","message":"ok  \tgithub.com/cloche-dev/cloche/internal/agent\t(cached)","timestamp":"2026-03-10T21:58:18.345274741Z"}
{"type":"log","step_name":"test","message":"ok  \tgithub.com/cloche-dev/cloche/internal/config\t(cached)","timestamp":"2026-03-10T21:58:18.345284891Z"}
{"type":"log","step_name":"test","message":"ok  \tgithub.com/cloche-dev/cloche/internal/domain\t(cached)","timestamp":"2026-03-10T21:58:18.345382445Z"}
{"type":"log","step_name":"test","message":"ok  \tgithub.com/cloche-dev/cloche/internal/dsl\t(cached)","timestamp":"2026-03-10T21:58:18.345386683Z"}
{"type":"log","step_name":"test","message":"ok  \tgithub.com/cloche-dev/cloche/internal/engine\t(cached)","timestamp":"2026-03-10T21:58:18.345389499Z"}
{"type":"log","step_name":"test","message":"ok  \tgithub.com/cloche-dev/cloche/internal/evolution\t(cached)","timestamp":"2026-03-10T21:58:18.345402162Z"}
{"type":"log","step_name":"test","message":"ok  \tgithub.com/cloche-dev/cloche/internal/host\t(cached)","timestamp":"2026-03-10T21:58:18.382622923Z"}
{"type":"log","step_name":"test","message":"ok  \tgithub.com/cloche-dev/cloche/internal/logstream\t(cached)","timestamp":"2026-03-10T21:58:18.382644243Z"}
{"type":"log","step_name":"test","message":"?   \tgithub.com/cloche-dev/cloche/internal/ports\t[no test files]","timestamp":"2026-03-10T21:58:18.382647058Z"}
{"type":"log","step_name":"test","message":"ok  \tgithub.com/cloche-dev/cloche/internal/protocol\t(cached)","timestamp":"2026-03-10T21:58:18.382649513Z"}
{"type":"log","step_name":"test","message":"ok  \tgithub.com/cloche-dev/cloche/test/integration\t(cached)","timestamp":"2026-03-10T21:58:18.382721439Z"}
{"type":"step_completed","step_name":"test","result":"success","timestamp":"2026-03-10T21:58:18.436115703Z"}
{"type":"step_started","step_name":"update-docs","timestamp":"2026-03-10T21:58:18.439877772Z"}
{"type":"log","step_name":"update-docs","message":"Both edits look correct. The documentation now accurately reflects the source code change:","timestamp":"2026-03-10T21:59:24.24239912Z"}
{"type":"log","step_name":"update-docs","timestamp":"2026-03-10T21:59:24.242419939Z"}
{"type":"log","step_name":"update-docs","message":"- `docs/workflows.md`: Updated the Execution Model section to note that host script steps run from the main git worktree.","timestamp":"2026-03-10T21:59:24.242423405Z"}
{"type":"log","step_name":"update-docs","message":"- `docs/USAGE.md`: Updated the Workflow Locations section to document the same behavior.","timestamp":"2026-03-10T21:59:24.242426401Z"}
{"type":"log","step_name":"update-docs","timestamp":"2026-03-10T21:59:24.242429537Z"}
{"type":"log","step_name":"update-docs","message":"The changes are minimal and match what the code does: `scriptDir()` returns `MainDir` (from `MainWorktreeDir()`) when set, while `CLOCHE_PROJECT_DIR` still points to the actual project directory.","timestamp":"2026-03-10T21:59:24.242431731Z"}
{"type":"log","step_name":"update-docs","timestamp":"2026-03-10T21:59:24.242435178Z"}
{"type":"log","step_name":"update-docs","message":"CLOCHE_RESULT:success","timestamp":"2026-03-10T21:59:24.538589437Z"}
{"type":"step_completed","step_name":"update-docs","result":"success","timestamp":"2026-03-10T21:59:24.561410749Z"}
{"type":"run_completed","result":"succeeded","timestamp":"2026-03-10T21:59:24.567786864Z"}
