{"type":"step_started","step_name":"implement","timestamp":"2026-03-08T03:56:46.357698479Z"}
{"type":"log","step_name":"implement","message":"All clean. Here's a summary of the fix:","timestamp":"2026-03-08T03:58:50.280145126Z"}
{"type":"log","step_name":"implement","timestamp":"2026-03-08T03:58:50.280197144Z"}
{"type":"log","step_name":"implement","message":"**Root cause**: The Prompts section `\u003cdetails\u003e` expansion was populated with git commit history entries (sha, date, message) from `handleAPIProjectInfo`. Clicking the expansion arrow showed commits, not file contents.","timestamp":"2026-03-08T03:58:50.280205039Z"}
{"type":"log","step_name":"implement","timestamp":"2026-03-08T03:58:50.280238783Z"}
{"type":"log","step_name":"implement","message":"**Changes:**","timestamp":"2026-03-08T03:58:50.280242701Z"}
{"type":"log","step_name":"implement","timestamp":"2026-03-08T03:58:50.280246197Z"}
{"type":"log","step_name":"implement","message":"1. **`handler.go:977`** — Added `Content string` field to the `promptFile` struct and read file contents via `os.ReadFile` before appending to the response.","timestamp":"2026-03-08T03:58:50.280249614Z"}
{"type":"log","step_name":"implement","timestamp":"2026-03-08T03:58:50.280257499Z"}
{"type":"log","step_name":"implement","message":"2. **`project_detail.html:100-116`** — The `\u003cdetails\u003e` expansion now shows the actual file contents in a `\u003cpre\u003e` block. Git commit history is moved into a nested `\u003cdetails\u003e` labeled \"History (N commits)\" so it's still accessible but not the primary view.","timestamp":"2026-03-08T03:58:50.280262187Z"}
{"type":"log","step_name":"implement","timestamp":"2026-03-08T03:58:50.280267878Z"}
{"type":"log","step_name":"implement","message":"3. **`project_detail.html:123`** — Added `escapeHtml` helper to safely render file contents.","timestamp":"2026-03-08T03:58:50.280272016Z"}
{"type":"log","step_name":"implement","timestamp":"2026-03-08T03:58:50.280280923Z"}
{"type":"log","step_name":"implement","message":"CLOCHE_RESULT:success","timestamp":"2026-03-08T03:58:50.561878058Z"}
{"type":"step_completed","step_name":"implement","result":"success","timestamp":"2026-03-08T03:58:50.565553083Z"}
{"type":"step_started","step_name":"test","timestamp":"2026-03-08T03:58:50.565573282Z"}
{"type":"step_completed","step_name":"test","result":"success","timestamp":"2026-03-08T03:59:04.956307289Z"}
{"type":"step_started","step_name":"update-docs","timestamp":"2026-03-08T03:59:04.956330302Z"}
{"type":"log","step_name":"update-docs","message":"The fix compiles cleanly. Let me verify the fix is complete by reviewing the logic once more:","timestamp":"2026-03-08T04:00:57.018997831Z"}
{"type":"log","step_name":"update-docs","timestamp":"2026-03-08T04:00:57.019033939Z"}
{"type":"log","step_name":"update-docs","message":"**Root cause**: `handleAPIProjectInfo` only returned git log history for each prompt file — the `promptFile` struct had no `Content` field. The template then displayed those git commits directly when expanding a prompt file, with no nested `\u003cdetails\u003e` wrapper.","timestamp":"2026-03-08T04:00:57.019038458Z"}
{"type":"log","step_name":"update-docs","timestamp":"2026-03-08T04:00:57.019044019Z"}
{"type":"log","step_name":"update-docs","message":"**Fix applied** (already in working tree):","timestamp":"2026-03-08T04:00:57.019047665Z"}
{"type":"log","step_name":"update-docs","message":"1. **`handler.go`**: Added `Content string` field to the `promptFile` struct, and reads the actual file content via `os.ReadFile`","timestamp":"2026-03-08T04:00:57.019056021Z"}
{"type":"log","step_name":"update-docs","message":"2. **`project_detail.html`**: ","timestamp":"2026-03-08T04:00:57.019064878Z"}
{"type":"log","step_name":"update-docs","message":"   - Shows file content in a `\u003cpre\u003e` block when expanded (or \"No content\" if empty)","timestamp":"2026-03-08T04:00:57.019072593Z"}
{"type":"log","step_name":"update-docs","message":"   - Wraps git history in a nested `\u003cdetails\u003e` so it requires a second click to view","timestamp":"2026-03-08T04:00:57.019083293Z"}
{"type":"log","step_name":"update-docs","message":"   - Added `escapeHtml()` helper for safe content display","timestamp":"2026-03-08T04:00:57.01909257Z"}
{"type":"log","step_name":"update-docs","timestamp":"2026-03-08T04:00:57.019098512Z"}
{"type":"log","step_name":"update-docs","message":"The fix is correct and complete.","timestamp":"2026-03-08T04:00:57.019105555Z"}
{"type":"log","step_name":"update-docs","timestamp":"2026-03-08T04:00:57.019110224Z"}
{"type":"log","step_name":"update-docs","message":"CLOCHE_RESULT:success","timestamp":"2026-03-08T04:00:57.445820065Z"}
{"type":"step_completed","step_name":"update-docs","result":"success","timestamp":"2026-03-08T04:00:57.447555435Z"}
{"type":"run_completed","result":"succeeded","timestamp":"2026-03-08T04:00:57.447622772Z"}
